
 Performance counter stats for './mandelbrot_omp 0.175 0.375 -0.1 0.1 16 1' (10 runs):

              1.44 msec task-clock                #    0.750 CPUs utilized            ( +-  4.08% )
                 0      context-switches          #    0.070 K/sec                    ( +-100.00% )
                 0      cpu-migrations            #    0.000 K/sec                  
                76      page-faults               #    0.053 M/sec                    ( +-  0.44% )
         2,489,348      cycles                    #    1.735 GHz                      ( +-  1.66% )  (83.21%)
         1,709,277      stalled-cycles-frontend   #   68.66% frontend cycles idle     ( +-  0.95% )
           908,998      stalled-cycles-backend    #   36.52% backend cycles idle      ( +-  1.66% )
         2,059,522      instructions              #    0.83  insn per cycle         
                                                  #    0.83  stalled cycles per insn  ( +-  0.21% )
           334,727      branches                  #  233.237 M/sec                    ( +-  0.26% )
     <not counted>      branch-misses                                                 ( +- 33.58% )  (16.79%)

         0.0019136 +- 0.0000737 seconds time elapsed  ( +-  3.85% )

Some events weren't counted. Try disabling the NMI watchdog:
	echo 0 > /proc/sys/kernel/nmi_watchdog
	perf stat ...
	echo 1 > /proc/sys/kernel/nmi_watchdog

 Performance counter stats for './mandelbrot_omp 0.175 0.375 -0.1 0.1 16 2' (10 runs):

              1.49 msec task-clock                #    0.924 CPUs utilized            ( +-  7.58% )
                 0      context-switches          #    0.067 K/sec                    ( +-100.00% )
                 0      cpu-migrations            #    0.000 K/sec                  
                79      page-faults               #    0.053 M/sec                    ( +-  0.44% )
         2,841,179      cycles                    #    1.904 GHz                      ( +-  0.68% )  (92.78%)
         1,953,045      stalled-cycles-frontend   #   68.74% frontend cycles idle     ( +-  1.08% )
         1,098,244      stalled-cycles-backend    #   38.65% backend cycles idle      ( +-  1.75% )
         2,186,299      instructions              #    0.77  insn per cycle         
                                                  #    0.89  stalled cycles per insn  ( +-  0.26% )
           364,282      branches                  #  244.163 M/sec                    ( +-  0.34% )
     <not counted>      branch-misses                                                 ( +- 66.76% )  (7.22%)

          0.001614 +- 0.000103 seconds time elapsed  ( +-  6.40% )

Some events weren't counted. Try disabling the NMI watchdog:
	echo 0 > /proc/sys/kernel/nmi_watchdog
	perf stat ...
	echo 1 > /proc/sys/kernel/nmi_watchdog

 Performance counter stats for './mandelbrot_omp 0.175 0.375 -0.1 0.1 16 4' (10 runs):

              2.72 msec task-clock                #    1.277 CPUs utilized            ( +-  2.31% )
                 0      context-switches          #    0.110 K/sec                    ( +- 50.92% )
                 0      cpu-migrations            #    0.000 K/sec                  
                84      page-faults               #    0.031 M/sec                    ( +-  0.35% )
         3,990,716      cycles                    #    1.466 GHz                      ( +-  2.08% )  (63.91%)
         2,774,688      stalled-cycles-frontend   #   69.53% frontend cycles idle     ( +-  1.05% )
         1,728,173      stalled-cycles-backend    #   43.30% backend cycles idle      ( +-  1.32% )
         2,666,864      instructions              #    0.67  insn per cycle         
                                                  #    1.04  stalled cycles per insn  ( +-  0.75% )
           492,079      branches                  #  180.828 M/sec                    ( +-  1.15% )
     <not counted>      branch-misses                                                 ( +- 38.34% )  (36.09%)

         0.0021304 +- 0.0000715 seconds time elapsed  ( +-  3.36% )

Some events weren't counted. Try disabling the NMI watchdog:
	echo 0 > /proc/sys/kernel/nmi_watchdog
	perf stat ...
	echo 1 > /proc/sys/kernel/nmi_watchdog

 Performance counter stats for './mandelbrot_omp 0.175 0.375 -0.1 0.1 16 8' (10 runs):

              3.78 msec task-clock                #    2.085 CPUs utilized            ( +-  1.90% )
                 0      context-switches          #    0.026 K/sec                    ( +-100.00% )
                 0      cpu-migrations            #    0.000 K/sec                  
                92      page-faults               #    0.024 M/sec                    ( +-  0.43% )
         6,786,107      cycles                    #    1.797 GHz                      ( +-  1.68% )  (88.13%)
         4,653,175      stalled-cycles-frontend   #   68.57% frontend cycles idle     ( +-  1.60% )
         3,161,722      stalled-cycles-backend    #   46.59% backend cycles idle      ( +-  1.92% )
         3,764,178      instructions              #    0.55  insn per cycle         
                                                  #    1.24  stalled cycles per insn  ( +-  0.85% )
           785,963      branches                  #  208.138 M/sec                    ( +-  1.17% )
     <not counted>      branch-misses                                                 ( +- 66.81% )  (11.87%)

         0.0018112 +- 0.0000581 seconds time elapsed  ( +-  3.21% )

Some events weren't counted. Try disabling the NMI watchdog:
	echo 0 > /proc/sys/kernel/nmi_watchdog
	perf stat ...
	echo 1 > /proc/sys/kernel/nmi_watchdog

 Performance counter stats for './mandelbrot_omp 0.175 0.375 -0.1 0.1 16 16' (10 runs):

             11.12 msec task-clock                #    4.355 CPUs utilized            ( +-  7.45% )
                 0      context-switches          #    0.000 K/sec                  
                 0      cpu-migrations            #    0.000 K/sec                  
               108      page-faults               #    0.010 M/sec                    ( +-  0.38% )
        17,272,179      cycles                    #    1.554 GHz                      ( +-  6.88% )  (87.95%)
        12,053,775      stalled-cycles-frontend   #   69.79% frontend cycles idle     ( +-  7.05% )
         8,706,614      stalled-cycles-backend    #   50.41% backend cycles idle      ( +-  7.39% )
         8,093,127      instructions              #    0.47  insn per cycle         
                                                  #    1.49  stalled cycles per insn  ( +-  5.58% )
         1,979,634      branches                  #  178.087 M/sec                    ( +-  6.51% )
     <not counted>      branch-misses                                                 ( +- 91.43% )  (12.05%)

          0.002553 +- 0.000131 seconds time elapsed  ( +-  5.14% )

Some events weren't counted. Try disabling the NMI watchdog:
	echo 0 > /proc/sys/kernel/nmi_watchdog
	perf stat ...
	echo 1 > /proc/sys/kernel/nmi_watchdog

 Performance counter stats for './mandelbrot_omp 0.175 0.375 -0.1 0.1 16 32' (10 runs):

            112.74 msec task-clock                #   20.804 CPUs utilized            ( +-  5.92% )
                21      context-switches          #    0.184 K/sec                    ( +- 19.35% )
                 3      cpu-migrations            #    0.027 K/sec                    ( +- 12.17% )
               143      page-faults               #    0.001 M/sec                    ( +-  0.34% )
       290,980,880      cycles                    #    2.581 GHz                      ( +-  8.01% )  (35.22%)
       221,101,410      stalled-cycles-frontend   #   75.98% frontend cycles idle     ( +-  6.44% )  (98.47%)
       169,989,042      stalled-cycles-backend    #   58.42% backend cycles idle      ( +-  6.39% )
       107,838,231      instructions              #    0.37  insn per cycle         
                                                  #    2.05  stalled cycles per insn  ( +-  6.42% )
        30,538,296      branches                  #  270.862 M/sec                    ( +-  6.47% )
            11,228      branch-misses             #    0.04% of all branches          ( +- 15.01% )  (66.31%)

          0.005419 +- 0.000301 seconds time elapsed  ( +-  5.55% )


 Performance counter stats for './mandelbrot_omp 0.175 0.375 -0.1 0.1 32 1' (10 runs):

              3.60 msec task-clock                #    0.871 CPUs utilized            ( +-  4.55% )
                 0      context-switches          #    0.028 K/sec                    ( +-100.00% )
                 0      cpu-migrations            #    0.000 K/sec                  
                77      page-faults               #    0.021 M/sec                    ( +-  0.51% )
         5,635,600      cycles                    #    1.566 GHz                      ( +-  1.90% )  (59.15%)
         3,996,910      stalled-cycles-frontend   #   70.92% frontend cycles idle     ( +-  0.56% )
         1,429,769      stalled-cycles-backend    #   25.37% backend cycles idle      ( +-  1.42% )
         5,150,662      instructions              #    0.91  insn per cycle         
                                                  #    0.78  stalled cycles per insn  ( +-  0.06% )
           692,299      branches                  #  192.393 M/sec                    ( +-  0.09% )
             5,368      branch-misses             #    0.78% of all branches          ( +- 35.42% )  (40.85%)

          0.004129 +- 0.000172 seconds time elapsed  ( +-  4.15% )


 Performance counter stats for './mandelbrot_omp 0.175 0.375 -0.1 0.1 32 2' (10 runs):

              2.93 msec task-clock                #    1.258 CPUs utilized            ( +-  3.27% )
                 0      context-switches          #    0.034 K/sec                    ( +-100.00% )
                 0      cpu-migrations            #    0.000 K/sec                  
                79      page-faults               #    0.027 M/sec                    ( +-  0.57% )
         5,851,975      cycles                    #    1.999 GHz                      ( +-  1.91% )  (76.11%)
         4,263,334      stalled-cycles-frontend   #   72.85% frontend cycles idle     ( +-  0.53% )
         1,637,349      stalled-cycles-backend    #   27.98% backend cycles idle      ( +-  1.28% )
         5,295,857      instructions              #    0.90  insn per cycle         
                                                  #    0.81  stalled cycles per insn  ( +-  0.07% )
           726,599      branches                  #  248.236 M/sec                    ( +-  0.09% )
     <not counted>      branch-misses                                                 ( +- 45.19% )  (23.89%)

          0.002326 +- 0.000106 seconds time elapsed  ( +-  4.56% )

Some events weren't counted. Try disabling the NMI watchdog:
	echo 0 > /proc/sys/kernel/nmi_watchdog
	perf stat ...
	echo 1 > /proc/sys/kernel/nmi_watchdog

 Performance counter stats for './mandelbrot_omp 0.175 0.375 -0.1 0.1 32 4' (10 runs):

              5.36 msec task-clock                #    2.163 CPUs utilized            ( +-  0.53% )
                 0      context-switches          #    0.037 K/sec                    ( +- 66.67% )
                 0      cpu-migrations            #    0.000 K/sec                  
                84      page-faults               #    0.016 M/sec                    ( +-  0.55% )
        10,091,247      cycles                    #    1.884 GHz                      ( +-  0.91% )  (62.02%)
         6,899,374      stalled-cycles-frontend   #   68.37% frontend cycles idle     ( +-  1.01% )
         3,660,006      stalled-cycles-backend    #   36.27% backend cycles idle      ( +-  1.64% )
         6,937,898      instructions              #    0.69  insn per cycle         
                                                  #    0.99  stalled cycles per insn  ( +-  0.36% )
         1,186,886      branches                  #  221.570 M/sec                    ( +-  0.61% )
             3,731      branch-misses             #    0.31% of all branches          ( +- 34.70% )  (37.98%)

         0.0024765 +- 0.0000274 seconds time elapsed  ( +-  1.11% )


 Performance counter stats for './mandelbrot_omp 0.175 0.375 -0.1 0.1 32 8' (10 runs):

              7.17 msec task-clock                #    3.054 CPUs utilized            ( +-  2.29% )
                 0      context-switches          #    0.028 K/sec                    ( +- 66.67% )
                 0      cpu-migrations            #    0.000 K/sec                  
                92      page-faults               #    0.013 M/sec                    ( +-  0.49% )
        11,913,703      cycles                    #    1.662 GHz                      ( +-  2.27% )  (60.96%)
         7,992,964      stalled-cycles-frontend   #   67.09% frontend cycles idle     ( +-  2.20% )
         4,480,408      stalled-cycles-backend    #   37.61% backend cycles idle      ( +-  3.05% )
         7,556,058      instructions              #    0.63  insn per cycle         
                                                  #    1.06  stalled cycles per insn  ( +-  1.40% )
         1,343,588      branches                  #  187.473 M/sec                    ( +-  2.26% )
     <not counted>      branch-misses                                                 ( +- 34.17% )  (39.04%)

         0.0023471 +- 0.0000952 seconds time elapsed  ( +-  4.06% )

Some events weren't counted. Try disabling the NMI watchdog:
	echo 0 > /proc/sys/kernel/nmi_watchdog
	perf stat ...
	echo 1 > /proc/sys/kernel/nmi_watchdog

 Performance counter stats for './mandelbrot_omp 0.175 0.375 -0.1 0.1 32 16' (10 runs):

             12.75 msec task-clock                #    5.277 CPUs utilized            ( +-  1.41% )
                 0      context-switches          #    0.000 K/sec                  
                 0      cpu-migrations            #    0.000 K/sec                  
               108      page-faults               #    0.008 M/sec                    ( +-  0.30% )
        21,852,394      cycles                    #    1.714 GHz                      ( +-  5.62% )  (49.82%)
        14,825,144      stalled-cycles-frontend   #   67.84% frontend cycles idle     ( +-  0.95% )
         9,602,779      stalled-cycles-backend    #   43.94% backend cycles idle      ( +-  1.19% )
        11,525,264      instructions              #    0.53  insn per cycle         
                                                  #    1.29  stalled cycles per insn  ( +-  0.53% )
         2,434,631      branches                  #  190.967 M/sec                    ( +-  0.71% )
             7,311      branch-misses             #    0.30% of all branches          ( +- 30.73% )  (50.18%)

         0.0024159 +- 0.0000622 seconds time elapsed  ( +-  2.57% )


 Performance counter stats for './mandelbrot_omp 0.175 0.375 -0.1 0.1 32 32' (10 runs):

            105.09 msec task-clock                #   20.336 CPUs utilized            ( +- 10.35% )
                22      context-switches          #    0.208 K/sec                    ( +- 23.53% )
                 4      cpu-migrations            #    0.034 K/sec                    ( +- 16.67% )
               143      page-faults               #    0.001 M/sec                    ( +-  0.26% )
       272,397,998      cycles                    #    2.592 GHz                      ( +- 10.21% )  (41.66%)
       203,402,844      stalled-cycles-frontend   #   74.67% frontend cycles idle     ( +- 10.05% )  (96.85%)
       155,014,309      stalled-cycles-backend    #   56.91% backend cycles idle      ( +- 10.07% )
       101,535,483      instructions              #    0.37  insn per cycle         
                                                  #    2.00  stalled cycles per insn  ( +-  9.71% )
        28,031,787      branches                  #  266.730 M/sec                    ( +- 10.04% )
            59,735      branch-misses             #    0.21% of all branches          ( +- 54.10% )  (61.49%)

          0.005168 +- 0.000425 seconds time elapsed  ( +-  8.22% )


 Performance counter stats for './mandelbrot_omp 0.175 0.375 -0.1 0.1 64 1' (10 runs):

              7.20 msec task-clock                #    0.955 CPUs utilized            ( +-  6.33% )
                 0      context-switches          #    0.014 K/sec                    ( +-100.00% )
                 0      cpu-migrations            #    0.000 K/sec                  
                76      page-faults               #    0.011 M/sec                    ( +-  0.51% )
        17,713,347      cycles                    #    2.461 GHz                      ( +-  2.97% )  (48.04%)
        13,272,258      stalled-cycles-frontend   #   74.93% frontend cycles idle     ( +-  1.67% )  (80.17%)
         3,419,923      stalled-cycles-backend    #   19.31% backend cycles idle      ( +-  0.41% )  (98.73%)
        17,392,621      instructions              #    0.98  insn per cycle         
                                                  #    0.76  stalled cycles per insn  ( +-  0.03% )
         2,105,765      branches                  #  292.600 M/sec                    ( +-  0.04% )
             6,959      branch-misses             #    0.33% of all branches          ( +- 14.27% )  (73.05%)

          0.007537 +- 0.000464 seconds time elapsed  ( +-  6.16% )


 Performance counter stats for './mandelbrot_omp 0.175 0.375 -0.1 0.1 64 2' (10 runs):

              6.74 msec task-clock                #    1.691 CPUs utilized            ( +-  8.53% )
                 0      context-switches          #    0.030 K/sec                    ( +- 66.67% )
                 0      cpu-migrations            #    0.000 K/sec                  
                78      page-faults               #    0.012 M/sec                    ( +-  0.66% )
        18,003,520      cycles                    #    2.672 GHz                      ( +-  2.17% )  (50.94%)
        13,330,042      stalled-cycles-frontend   #   74.04% frontend cycles idle     ( +-  0.33% )  (99.32%)
         3,716,125      stalled-cycles-backend    #   20.64% backend cycles idle      ( +-  1.03% )
        17,573,915      instructions              #    0.98  insn per cycle         
                                                  #    0.76  stalled cycles per insn  ( +-  0.03% )
         2,151,123      branches                  #  319.279 M/sec                    ( +-  0.05% )
             8,275      branch-misses             #    0.38% of all branches          ( +- 19.45% )  (49.74%)

          0.003985 +- 0.000297 seconds time elapsed  ( +-  7.45% )


 Performance counter stats for './mandelbrot_omp 0.175 0.375 -0.1 0.1 64 4' (10 runs):

             16.44 msec task-clock                #    3.049 CPUs utilized            ( +-  1.65% )
                 2      context-switches          #    0.091 K/sec                    ( +- 26.76% )
                 0      cpu-migrations            #    0.000 K/sec                  
                84      page-faults               #    0.005 M/sec                    ( +-  0.41% )
        30,503,514      cycles                    #    1.856 GHz                      ( +-  4.72% )  (40.86%)
        22,457,768      stalled-cycles-frontend   #   73.62% frontend cycles idle     ( +-  2.01% )  (99.48%)
        10,608,561      stalled-cycles-backend    #   34.78% backend cycles idle      ( +-  3.12% )
        23,518,071      instructions              #    0.77  insn per cycle         
                                                  #    0.95  stalled cycles per insn  ( +-  1.18% )
         3,838,405      branches                  #  233.491 M/sec                    ( +-  2.07% )
             7,263      branch-misses             #    0.19% of all branches          ( +- 13.78% )  (59.66%)

         0.0053910 +- 0.0000555 seconds time elapsed  ( +-  1.03% )


 Performance counter stats for './mandelbrot_omp 0.175 0.375 -0.1 0.1 64 8' (10 runs):

             19.03 msec task-clock                #    5.038 CPUs utilized            ( +-  0.61% )
                 0      context-switches          #    0.000 K/sec                  
                 0      cpu-migrations            #    0.000 K/sec                  
                92      page-faults               #    0.005 M/sec                    ( +-  0.30% )
        34,633,369      cycles                    #    1.820 GHz                      ( +-  3.32% )  (44.66%)
        23,015,138      stalled-cycles-frontend   #   66.45% frontend cycles idle     ( +-  2.23% )
        11,078,076      stalled-cycles-backend    #   31.99% backend cycles idle      ( +-  3.52% )
        23,788,879      instructions              #    0.69  insn per cycle         
                                                  #    0.97  stalled cycles per insn  ( +-  1.44% )
         3,896,278      branches                  #  204.711 M/sec                    ( +-  2.52% )
     <not counted>      branch-misses                                                 ( +- 24.08% )  (55.34%)

         0.0037777 +- 0.0000835 seconds time elapsed  ( +-  2.21% )

Some events weren't counted. Try disabling the NMI watchdog:
	echo 0 > /proc/sys/kernel/nmi_watchdog
	perf stat ...
	echo 1 > /proc/sys/kernel/nmi_watchdog

 Performance counter stats for './mandelbrot_omp 0.175 0.375 -0.1 0.1 64 16' (10 runs):

             24.11 msec task-clock                #    8.107 CPUs utilized            ( +-  1.64% )
                 0      context-switches          #    0.000 K/sec                  
                 0      cpu-migrations            #    0.000 K/sec                  
               108      page-faults               #    0.004 M/sec                    ( +-  0.32% )
        45,239,258      cycles                    #    1.876 GHz                      ( +-  6.50% )  (32.48%)
        30,531,891      stalled-cycles-frontend   #   67.49% frontend cycles idle     ( +-  1.10% )
        16,717,780      stalled-cycles-backend    #   36.95% backend cycles idle      ( +-  1.55% )
        27,861,303      instructions              #    0.62  insn per cycle         
                                                  #    1.10  stalled cycles per insn  ( +-  0.71% )
         5,018,470      branches                  #  208.107 M/sec                    ( +-  1.12% )
            11,139      branch-misses             #    0.22% of all branches          ( +- 24.60% )  (67.52%)

         0.0029744 +- 0.0000720 seconds time elapsed  ( +-  2.42% )


 Performance counter stats for './mandelbrot_omp 0.175 0.375 -0.1 0.1 64 32' (10 runs):

            112.42 msec task-clock                #   21.343 CPUs utilized            ( +- 13.41% )
                15      context-switches          #    0.132 K/sec                    ( +- 27.67% )
                 4      cpu-migrations            #    0.036 K/sec                    ( +- 15.19% )
               142      page-faults               #    0.001 M/sec                    ( +-  0.21% )
       306,107,021      cycles                    #    2.723 GHz                      ( +- 13.60% )  (34.58%)
       219,580,158      stalled-cycles-frontend   #   71.73% frontend cycles idle     ( +- 12.02% )  (89.37%)
       164,340,794      stalled-cycles-backend    #   53.69% backend cycles idle      ( +- 12.98% )
       117,241,481      instructions              #    0.38  insn per cycle         
                                                  #    1.87  stalled cycles per insn  ( +- 11.14% )
        30,436,728      branches                  #  270.747 M/sec                    ( +- 12.25% )
            13,054      branch-misses             #    0.04% of all branches          ( +- 15.02% )  (76.05%)

          0.005267 +- 0.000550 seconds time elapsed  ( +- 10.43% )


 Performance counter stats for './mandelbrot_omp 0.175 0.375 -0.1 0.1 128 1' (10 runs):

             25.17 msec task-clock                #    0.985 CPUs utilized            ( +-  2.43% )
                 0      context-switches          #    0.000 K/sec                  
                 0      cpu-migrations            #    0.000 K/sec                  
                76      page-faults               #    0.003 M/sec                    ( +-  0.65% )
        67,449,110      cycles                    #    2.680 GHz                      ( +-  1.09% )  (83.28%)
        51,128,271      stalled-cycles-frontend   #   75.80% frontend cycles idle     ( +-  0.77% )  (84.11%)
        11,729,503      stalled-cycles-backend    #   17.39% backend cycles idle      ( +-  1.78% )  (68.23%)
        64,876,096      instructions              #    0.96  insn per cycle         
                                                  #    0.79  stalled cycles per insn  ( +-  0.85% )  (84.11%)
         7,478,478      branches                  #  297.130 M/sec                    ( +-  0.51% )  (84.15%)
            15,891      branch-misses             #    0.21% of all branches          ( +-  0.91% )  (80.22%)

          0.025545 +- 0.000635 seconds time elapsed  ( +-  2.49% )


 Performance counter stats for './mandelbrot_omp 0.175 0.375 -0.1 0.1 128 2' (10 runs):

             28.14 msec task-clock                #    1.900 CPUs utilized            ( +-  4.71% )
                 0      context-switches          #    0.007 K/sec                    ( +- 66.67% )
                 0      cpu-migrations            #    0.000 K/sec                  
                79      page-faults               #    0.003 M/sec                    ( +-  0.44% )
        65,587,608      cycles                    #    2.331 GHz                      ( +-  2.04% )  (72.13%)
        51,861,490      stalled-cycles-frontend   #   79.07% frontend cycles idle     ( +-  1.01% )  (71.60%)
        11,654,791      stalled-cycles-backend    #   17.77% backend cycles idle      ( +-  2.39% )  (66.38%)
        63,437,384      instructions              #    0.97  insn per cycle         
                                                  #    0.82  stalled cycles per insn  ( +-  2.86% )  (89.52%)
         7,778,262      branches                  #  276.384 M/sec                    ( +-  0.63% )  (98.94%)
            19,956      branch-misses             #    0.26% of all branches          ( +-  5.69% )  (90.96%)

          0.014812 +- 0.000740 seconds time elapsed  ( +-  4.99% )


 Performance counter stats for './mandelbrot_omp 0.175 0.375 -0.1 0.1 128 4' (10 runs):

             33.75 msec task-clock                #    3.362 CPUs utilized            ( +-  5.75% )
                 2      context-switches          #    0.071 K/sec                    ( +- 17.79% )
                 0      cpu-migrations            #    0.000 K/sec                  
                83      page-faults               #    0.002 M/sec                    ( +-  0.35% )
        76,493,852      cycles                    #    2.267 GHz                      ( +-  2.96% )  (53.33%)
        62,687,242      stalled-cycles-frontend   #   81.95% frontend cycles idle     ( +-  1.97% )  (70.66%)
        17,978,417      stalled-cycles-backend    #   23.50% backend cycles idle      ( +-  2.61% )  (95.07%)
        72,061,556      instructions              #    0.94  insn per cycle         
                                                  #    0.87  stalled cycles per insn  ( +-  0.43% )  (99.41%)
         9,431,570      branches                  #  279.476 M/sec                    ( +-  0.96% )
            17,729      branch-misses             #    0.19% of all branches          ( +-  3.76% )  (80.94%)

          0.010038 +- 0.000630 seconds time elapsed  ( +-  6.27% )


 Performance counter stats for './mandelbrot_omp 0.175 0.375 -0.1 0.1 128 8' (10 runs):

             45.77 msec task-clock                #    6.505 CPUs utilized            ( +-  5.79% )
                 2      context-switches          #    0.035 K/sec                    ( +- 40.82% )
                 0      cpu-migrations            #    0.000 K/sec                  
                92      page-faults               #    0.002 M/sec                    ( +-  0.36% )
        90,404,411      cycles                    #    1.975 GHz                      ( +-  3.70% )  (36.80%)
        64,705,989      stalled-cycles-frontend   #   71.57% frontend cycles idle     ( +-  2.13% )  (82.39%)
        22,707,470      stalled-cycles-backend    #   25.12% backend cycles idle      ( +-  3.73% )
        75,829,051      instructions              #    0.84  insn per cycle         
                                                  #    0.85  stalled cycles per insn  ( +-  0.95% )
        10,429,979      branches                  #  227.855 M/sec                    ( +-  1.96% )
            19,276      branch-misses             #    0.18% of all branches          ( +-  4.77% )  (80.82%)

          0.007037 +- 0.000397 seconds time elapsed  ( +-  5.64% )


 Performance counter stats for './mandelbrot_omp 0.175 0.375 -0.1 0.1 128 16' (10 runs):

             54.10 msec task-clock                #   11.199 CPUs utilized            ( +-  8.52% )
                 0      context-switches          #    0.004 K/sec                    ( +- 66.67% )
                 0      cpu-migrations            #    0.000 K/sec                  
               108      page-faults               #    0.002 M/sec                    ( +-  0.37% )
       112,889,583      cycles                    #    2.087 GHz                      ( +-  2.37% )  (34.52%)
        76,995,084      stalled-cycles-frontend   #   68.20% frontend cycles idle     ( +-  2.16% )  (98.56%)
        32,866,393      stalled-cycles-backend    #   29.11% backend cycles idle      ( +-  3.50% )
        83,277,036      instructions              #    0.74  insn per cycle         
                                                  #    0.92  stalled cycles per insn  ( +-  1.12% )
        12,513,444      branches                  #  231.296 M/sec                    ( +-  2.13% )
            19,359      branch-misses             #    0.15% of all branches          ( +-  8.77% )  (66.92%)

          0.004831 +- 0.000412 seconds time elapsed  ( +-  8.52% )


 Performance counter stats for './mandelbrot_omp 0.175 0.375 -0.1 0.1 128 32' (10 runs):

            157.12 msec task-clock                #   21.002 CPUs utilized            ( +-  4.90% )
                39      context-switches          #    0.250 K/sec                    ( +-  7.06% )
                 6      cpu-migrations            #    0.039 K/sec                    ( +- 14.13% )
               142      page-faults               #    0.907 K/sec                    ( +-  0.32% )
       415,399,969      cycles                    #    2.644 GHz                      ( +-  4.64% )  (40.86%)
       306,238,680      stalled-cycles-frontend   #   73.72% frontend cycles idle     ( +-  3.79% )  (90.10%)
       208,692,535      stalled-cycles-backend    #   50.24% backend cycles idle      ( +-  4.46% )
       186,917,162      instructions              #    0.45  insn per cycle         
                                                  #    1.64  stalled cycles per insn  ( +-  3.18% )
        42,002,038      branches                  #  267.317 M/sec                    ( +-  4.03% )
            27,918      branch-misses             #    0.07% of all branches          ( +-  5.80% )  (69.04%)

          0.007481 +- 0.000294 seconds time elapsed  ( +-  3.93% )


 Performance counter stats for './mandelbrot_omp 0.175 0.375 -0.1 0.1 256 1' (10 runs):

             87.89 msec task-clock                #    0.996 CPUs utilized            ( +-  4.73% )
                 0      context-switches          #    0.001 K/sec                    ( +-100.00% )
                 0      cpu-migrations            #    0.000 K/sec                  
                77      page-faults               #    0.872 K/sec                    ( +-  0.35% )
       260,733,399      cycles                    #    2.967 GHz                      ( +-  0.31% )  (81.07%)
       193,312,908      stalled-cycles-frontend   #   74.14% frontend cycles idle     ( +-  0.25% )  (81.51%)
        43,594,100      stalled-cycles-backend    #   16.72% backend cycles idle      ( +-  0.49% )  (68.71%)
       262,054,415      instructions              #    1.01  insn per cycle         
                                                  #    0.74  stalled cycles per insn  ( +-  0.20% )  (85.28%)
        30,207,801      branches                  #  343.716 M/sec                    ( +-  0.19% )  (85.44%)
            59,907      branch-misses             #    0.20% of all branches          ( +-  0.56% )  (83.28%)

           0.08827 +- 0.00416 seconds time elapsed  ( +-  4.71% )


 Performance counter stats for './mandelbrot_omp 0.175 0.375 -0.1 0.1 256 2' (10 runs):

             97.23 msec task-clock                #    1.947 CPUs utilized            ( +-  6.63% )
                 0      context-switches          #    0.005 K/sec                    ( +- 44.72% )
                 0      cpu-migrations            #    0.001 K/sec                    ( +-100.00% )
                78      page-faults               #    0.801 K/sec                    ( +-  0.49% )
       263,412,125      cycles                    #    2.709 GHz                      ( +-  0.65% )  (81.88%)
       195,179,898      stalled-cycles-frontend   #   74.10% frontend cycles idle     ( +-  0.51% )  (82.57%)
        44,945,330      stalled-cycles-backend    #   17.06% backend cycles idle      ( +-  1.26% )  (65.54%)
       261,268,055      instructions              #    0.99  insn per cycle         
                                                  #    0.75  stalled cycles per insn  ( +-  0.84% )  (82.82%)
        30,062,954      branches                  #  309.196 M/sec                    ( +-  0.70% )  (85.95%)
            61,457      branch-misses             #    0.20% of all branches          ( +-  2.16% )  (84.05%)

           0.04993 +- 0.00326 seconds time elapsed  ( +-  6.52% )


 Performance counter stats for './mandelbrot_omp 0.175 0.375 -0.1 0.1 256 4' (10 runs):

            104.65 msec task-clock                #    3.408 CPUs utilized            ( +-  2.02% )
                 4      context-switches          #    0.034 K/sec                    ( +-  8.49% )
                 0      cpu-migrations            #    0.001 K/sec                    ( +-100.00% )
                83      page-faults               #    0.796 K/sec                    ( +-  0.40% )
       279,700,184      cycles                    #    2.673 GHz                      ( +-  1.04% )  (78.96%)
       211,432,887      stalled-cycles-frontend   #   75.59% frontend cycles idle     ( +-  0.53% )  (83.25%)
        53,519,894      stalled-cycles-backend    #   19.13% backend cycles idle      ( +-  1.11% )  (69.37%)
       260,483,486      instructions              #    0.93  insn per cycle         
                                                  #    0.81  stalled cycles per insn  ( +-  0.43% )  (84.72%)
        31,057,830      branches                  #  296.772 M/sec                    ( +-  0.52% )  (85.45%)
            61,664      branch-misses             #    0.20% of all branches          ( +-  1.64% )  (82.98%)

          0.030712 +- 0.000800 seconds time elapsed  ( +-  2.60% )


 Performance counter stats for './mandelbrot_omp 0.175 0.375 -0.1 0.1 256 8' (10 runs):

            117.40 msec task-clock                #    6.679 CPUs utilized            ( +-  5.62% )
                 6      context-switches          #    0.055 K/sec                    ( +-  9.66% )
                 0      cpu-migrations            #    0.000 K/sec                  
                91      page-faults               #    0.774 K/sec                    ( +-  0.26% )
       300,813,658      cycles                    #    2.562 GHz                      ( +-  1.66% )  (72.77%)
       221,992,640      stalled-cycles-frontend   #   73.80% frontend cycles idle     ( +-  1.29% )  (72.87%)
        53,351,928      stalled-cycles-backend    #   17.74% backend cycles idle      ( +-  4.00% )  (69.17%)
       273,831,097      instructions              #    0.91  insn per cycle         
                                                  #    0.81  stalled cycles per insn  ( +-  0.88% )  (91.37%)
        33,928,219      branches                  #  288.990 M/sec                    ( +-  1.34% )  (97.25%)
            62,960      branch-misses             #    0.19% of all branches          ( +-  0.64% )  (87.94%)

           0.01758 +- 0.00116 seconds time elapsed  ( +-  6.61% )


 Performance counter stats for './mandelbrot_omp 0.175 0.375 -0.1 0.1 256 16' (10 runs):

            130.95 msec task-clock                #   12.992 CPUs utilized            ( +-  6.79% )
                 9      context-switches          #    0.068 K/sec                    ( +-  5.15% )
                 0      cpu-migrations            #    0.000 K/sec                  
               109      page-faults               #    0.829 K/sec                    ( +-  0.25% )
       335,078,732      cycles                    #    2.559 GHz                      ( +-  1.55% )  (52.06%)
       261,587,305      stalled-cycles-frontend   #   78.07% frontend cycles idle     ( +-  1.21% )  (69.47%)
        81,815,058      stalled-cycles-backend    #   24.42% backend cycles idle      ( +-  3.63% )  (94.46%)
       294,604,403      instructions              #    0.88  insn per cycle         
                                                  #    0.89  stalled cycles per insn  ( +-  0.29% )  (99.33%)
        39,671,702      branches                  #  302.950 M/sec                    ( +-  0.62% )
            65,785      branch-misses             #    0.17% of all branches          ( +-  2.70% )  (84.02%)

          0.010080 +- 0.000770 seconds time elapsed  ( +-  7.64% )


 Performance counter stats for './mandelbrot_omp 0.175 0.375 -0.1 0.1 256 32' (10 runs):

            192.23 msec task-clock                #   22.905 CPUs utilized            ( +-  5.18% )
                15      context-switches          #    0.080 K/sec                    ( +- 34.09% )
                 4      cpu-migrations            #    0.019 K/sec                    ( +- 16.14% )
               142      page-faults               #    0.741 K/sec                    ( +-  0.26% )
       544,033,492      cycles                    #    2.830 GHz                      ( +-  2.91% )  (46.36%)
       413,886,668      stalled-cycles-frontend   #   76.08% frontend cycles idle     ( +-  2.80% )  (76.22%)
       206,704,938      stalled-cycles-backend    #   37.99% backend cycles idle      ( +-  4.37% )  (97.06%)
       348,680,756      instructions              #    0.64  insn per cycle         
                                                  #    1.19  stalled cycles per insn  ( +-  1.74% )
        54,923,817      branches                  #  285.724 M/sec                    ( +-  3.16% )
            79,404      branch-misses             #    0.14% of all branches          ( +-  2.28% )  (80.36%)

          0.008392 +- 0.000661 seconds time elapsed  ( +-  7.87% )


 Performance counter stats for './mandelbrot_omp 0.175 0.375 -0.1 0.1 512 1' (10 runs):

            474.84 msec task-clock                #    0.999 CPUs utilized            ( +- 10.87% )
                 1      context-switches          #    0.002 K/sec                    ( +- 16.67% )
                 0      cpu-migrations            #    0.000 K/sec                  
                76      page-faults               #    0.160 K/sec                    ( +-  0.47% )
     1,039,542,467      cycles                    #    2.189 GHz                      ( +-  0.11% )  (82.91%)
       766,130,410      stalled-cycles-frontend   #   73.70% frontend cycles idle     ( +-  0.11% )  (83.07%)
       170,065,193      stalled-cycles-backend    #   16.36% backend cycles idle      ( +-  0.17% )  (66.98%)
     1,042,747,688      instructions              #    1.00  insn per cycle         
                                                  #    0.73  stalled cycles per insn  ( +-  0.10% )  (83.60%)
       120,607,574      branches                  #  253.997 M/sec                    ( +-  0.11% )  (83.74%)
           228,118      branch-misses             #    0.19% of all branches          ( +-  0.17% )  (83.30%)

            0.4752 +- 0.0516 seconds time elapsed  ( +- 10.86% )


 Performance counter stats for './mandelbrot_omp 0.175 0.375 -0.1 0.1 512 2' (10 runs):

            476.07 msec task-clock                #    1.896 CPUs utilized            ( +- 10.43% )
                 2      context-switches          #    0.004 K/sec                    ( +- 24.57% )
                 0      cpu-migrations            #    0.001 K/sec                    ( +- 33.33% )
                78      page-faults               #    0.164 K/sec                    ( +-  0.52% )
     1,048,169,615      cycles                    #    2.202 GHz                      ( +-  0.15% )  (83.07%)
       773,420,287      stalled-cycles-frontend   #   73.79% frontend cycles idle     ( +-  0.14% )  (83.28%)
       173,383,618      stalled-cycles-backend    #   16.54% backend cycles idle      ( +-  0.80% )  (66.66%)
     1,040,279,965      instructions              #    0.99  insn per cycle         
                                                  #    0.74  stalled cycles per insn  ( +-  0.14% )  (83.37%)
       120,094,694      branches                  #  252.261 M/sec                    ( +-  0.14% )  (83.44%)
           231,683      branch-misses             #    0.19% of all branches          ( +-  0.50% )  (83.55%)

            0.2511 +- 0.0281 seconds time elapsed  ( +- 11.18% )


 Performance counter stats for './mandelbrot_omp 0.175 0.375 -0.1 0.1 512 4' (10 runs):

            415.86 msec task-clock                #    3.429 CPUs utilized            ( +-  8.07% )
                 4      context-switches          #    0.010 K/sec                    ( +- 12.99% )
                 0      cpu-migrations            #    0.000 K/sec                    ( +- 66.67% )
                83      page-faults               #    0.200 K/sec                    ( +-  0.51% )
     1,062,395,250      cycles                    #    2.555 GHz                      ( +-  0.33% )  (81.71%)
       786,585,748      stalled-cycles-frontend   #   74.04% frontend cycles idle     ( +-  0.16% )  (83.31%)
       179,764,318      stalled-cycles-backend    #   16.92% backend cycles idle      ( +-  0.65% )  (67.91%)
     1,038,948,422      instructions              #    0.98  insn per cycle         
                                                  #    0.76  stalled cycles per insn  ( +-  0.15% )  (84.10%)
       120,814,355      branches                  #  290.516 M/sec                    ( +-  0.11% )  (84.23%)
           232,943      branch-misses             #    0.19% of all branches          ( +-  0.46% )  (82.84%)

            0.1213 +- 0.0108 seconds time elapsed  ( +-  8.89% )


 Performance counter stats for './mandelbrot_omp 0.175 0.375 -0.1 0.1 512 8' (10 runs):

            411.70 msec task-clock                #    6.691 CPUs utilized            ( +-  9.49% )
                 9      context-switches          #    0.021 K/sec                    ( +-  7.19% )
                 0      cpu-migrations            #    0.000 K/sec                  
                92      page-faults               #    0.224 K/sec                    ( +-  0.59% )
     1,088,438,444      cycles                    #    2.644 GHz                      ( +-  0.40% )  (81.09%)
       803,070,913      stalled-cycles-frontend   #   73.78% frontend cycles idle     ( +-  0.28% )  (82.37%)
       190,200,305      stalled-cycles-backend    #   17.47% backend cycles idle      ( +-  0.83% )  (67.95%)
     1,052,662,432      instructions              #    0.97  insn per cycle         
                                                  #    0.76  stalled cycles per insn  ( +-  0.40% )  (84.41%)
       123,730,178      branches                  #  300.534 M/sec                    ( +-  0.50% )  (85.65%)
           233,530      branch-misses             #    0.19% of all branches          ( +-  0.76% )  (82.94%)

           0.06154 +- 0.00610 seconds time elapsed  ( +-  9.91% )


 Performance counter stats for './mandelbrot_omp 0.175 0.375 -0.1 0.1 512 16' (10 runs):

            402.97 msec task-clock                #   12.871 CPUs utilized            ( +-  1.58% )
                16      context-switches          #    0.040 K/sec                    ( +-  4.39% )
                 0      cpu-migrations            #    0.001 K/sec                    ( +- 71.15% )
               108      page-faults               #    0.268 K/sec                    ( +-  0.22% )
     1,149,587,250      cycles                    #    2.853 GHz                      ( +-  0.48% )  (80.45%)
       851,300,547      stalled-cycles-frontend   #   74.05% frontend cycles idle     ( +-  0.34% )  (83.28%)
       232,850,684      stalled-cycles-backend    #   20.26% backend cycles idle      ( +-  0.91% )  (68.73%)
     1,065,914,501      instructions              #    0.93  insn per cycle         
                                                  #    0.80  stalled cycles per insn  ( +-  0.24% )  (84.61%)
       129,539,012      branches                  #  321.465 M/sec                    ( +-  0.20% )  (86.68%)
           240,854      branch-misses             #    0.19% of all branches          ( +-  0.93% )  (80.87%)

          0.031308 +- 0.000538 seconds time elapsed  ( +-  1.72% )


 Performance counter stats for './mandelbrot_omp 0.175 0.375 -0.1 0.1 512 32' (10 runs):

            510.51 msec task-clock                #   25.532 CPUs utilized            ( +-  1.30% )
                28      context-switches          #    0.055 K/sec                    ( +-  6.59% )
                 2      cpu-migrations            #    0.004 K/sec                    ( +-  9.45% )
               143      page-faults               #    0.279 K/sec                    ( +-  0.16% )
     1,503,496,861      cycles                    #    2.945 GHz                      ( +-  0.57% )  (76.85%)
     1,141,460,788      stalled-cycles-frontend   #   75.92% frontend cycles idle     ( +-  0.43% )  (74.86%)
       427,496,935      stalled-cycles-backend    #   28.43% backend cycles idle      ( +-  2.46% )  (57.72%)
     1,156,892,516      instructions              #    0.77  insn per cycle         
                                                  #    0.99  stalled cycles per insn  ( +-  0.57% )  (82.12%)
       149,593,452      branches                  #  293.025 M/sec                    ( +-  0.58% )  (95.95%)
           252,994      branch-misses             #    0.17% of all branches          ( +-  0.71% )  (94.62%)

          0.019995 +- 0.000667 seconds time elapsed  ( +-  3.33% )


 Performance counter stats for './mandelbrot_omp 0.175 0.375 -0.1 0.1 1024 1' (10 runs):

          1,469.58 msec task-clock                #    1.000 CPUs utilized            ( +-  3.19% )
                 2      context-switches          #    0.001 K/sec                    ( +- 12.56% )
                 0      cpu-migrations            #    0.000 K/sec                  
                76      page-faults               #    0.052 K/sec                    ( +-  0.34% )
     4,148,554,138      cycles                    #    2.823 GHz                      ( +-  0.01% )  (83.29%)
     3,056,828,972      stalled-cycles-frontend   #   73.68% frontend cycles idle     ( +-  0.03% )  (83.32%)
       674,136,939      stalled-cycles-backend    #   16.25% backend cycles idle      ( +-  0.11% )  (66.63%)
     4,168,664,122      instructions              #    1.00  insn per cycle         
                                                  #    0.73  stalled cycles per insn  ( +-  0.02% )  (83.32%)
       481,246,007      branches                  #  327.472 M/sec                    ( +-  0.02% )  (83.38%)
           884,280      branch-misses             #    0.18% of all branches          ( +-  0.10% )  (83.37%)

            1.4700 +- 0.0469 seconds time elapsed  ( +-  3.19% )


 Performance counter stats for './mandelbrot_omp 0.175 0.375 -0.1 0.1 1024 2' (10 runs):

          1,671.62 msec task-clock                #    1.791 CPUs utilized            ( +-  3.54% )
                 4      context-switches          #    0.003 K/sec                    ( +-  9.09% )
                 1      cpu-migrations            #    0.001 K/sec                  
                78      page-faults               #    0.047 K/sec                    ( +-  0.35% )
     4,162,476,376      cycles                    #    2.490 GHz                      ( +-  0.06% )  (83.18%)
     3,067,233,160      stalled-cycles-frontend   #   73.69% frontend cycles idle     ( +-  0.05% )  (83.28%)
       679,437,420      stalled-cycles-backend    #   16.32% backend cycles idle      ( +-  0.10% )  (66.72%)
     4,169,314,413      instructions              #    1.00  insn per cycle         
                                                  #    0.74  stalled cycles per insn  ( +-  0.04% )  (83.40%)
       481,756,439      branches                  #  288.197 M/sec                    ( +-  0.06% )  (83.44%)
           887,160      branch-misses             #    0.18% of all branches          ( +-  0.14% )  (83.38%)

            0.9334 +- 0.0290 seconds time elapsed  ( +-  3.11% )


 Performance counter stats for './mandelbrot_omp 0.175 0.375 -0.1 0.1 1024 4' (10 runs):

          1,662.17 msec task-clock                #    3.271 CPUs utilized            ( +-  7.63% )
                 7      context-switches          #    0.004 K/sec                    ( +- 10.90% )
                 2      cpu-migrations            #    0.001 K/sec                    ( +- 20.49% )
                84      page-faults               #    0.050 K/sec                    ( +-  0.44% )
     4,178,184,602      cycles                    #    2.514 GHz                      ( +-  0.06% )  (82.97%)
     3,080,703,929      stalled-cycles-frontend   #   73.73% frontend cycles idle     ( +-  0.04% )  (83.03%)
       686,501,023      stalled-cycles-backend    #   16.43% backend cycles idle      ( +-  0.11% )  (66.76%)
     4,169,255,461      instructions              #    1.00  insn per cycle         
                                                  #    0.74  stalled cycles per insn  ( +-  0.07% )  (83.50%)
       482,512,315      branches                  #  290.290 M/sec                    ( +-  0.08% )  (83.65%)
           890,151      branch-misses             #    0.18% of all branches          ( +-  0.20% )  (83.59%)

            0.5081 +- 0.0460 seconds time elapsed  ( +-  9.05% )


 Performance counter stats for './mandelbrot_omp 0.175 0.375 -0.1 0.1 1024 8' (10 runs):

          1,649.07 msec task-clock                #    6.171 CPUs utilized            ( +-  8.75% )
                11      context-switches          #    0.007 K/sec                    ( +-  7.42% )
                 1      cpu-migrations            #    0.000 K/sec                    ( +- 50.92% )
                91      page-faults               #    0.055 K/sec                    ( +-  0.37% )
     4,201,287,900      cycles                    #    2.548 GHz                      ( +-  0.14% )  (82.71%)
     3,101,339,130      stalled-cycles-frontend   #   73.82% frontend cycles idle     ( +-  0.09% )  (82.91%)
       697,587,985      stalled-cycles-backend    #   16.60% backend cycles idle      ( +-  0.21% )  (66.71%)
     4,175,032,276      instructions              #    0.99  insn per cycle         
                                                  #    0.74  stalled cycles per insn  ( +-  0.22% )  (83.55%)
       484,193,768      branches                  #  293.616 M/sec                    ( +-  0.18% )  (83.82%)
           892,224      branch-misses             #    0.18% of all branches          ( +-  0.24% )  (83.85%)

            0.2672 +- 0.0309 seconds time elapsed  ( +- 11.55% )


 Performance counter stats for './mandelbrot_omp 0.175 0.375 -0.1 0.1 1024 16' (10 runs):

          1,474.26 msec task-clock                #   12.190 CPUs utilized            ( +-  0.71% )
                17      context-switches          #    0.012 K/sec                    ( +-  3.20% )
                 1      cpu-migrations            #    0.001 K/sec                    ( +- 44.88% )
               109      page-faults               #    0.074 K/sec                    ( +-  0.32% )
     4,346,213,282      cycles                    #    2.948 GHz                      ( +-  0.35% )  (81.82%)
     3,230,259,304      stalled-cycles-frontend   #   74.32% frontend cycles idle     ( +-  0.49% )  (82.48%)
       774,956,721      stalled-cycles-backend    #   17.83% backend cycles idle      ( +-  1.01% )  (67.10%)
     4,192,472,178      instructions              #    0.96  insn per cycle         
                                                  #    0.77  stalled cycles per insn  ( +-  0.14% )  (83.91%)
       489,567,603      branches                  #  332.076 M/sec                    ( +-  0.15% )  (84.71%)
           897,503      branch-misses             #    0.18% of all branches          ( +-  0.20% )  (83.90%)

           0.12094 +- 0.00159 seconds time elapsed  ( +-  1.31% )


 Performance counter stats for './mandelbrot_omp 0.175 0.375 -0.1 0.1 1024 32' (10 runs):

          1,724.22 msec task-clock                #   24.969 CPUs utilized            ( +-  0.29% )
                42      context-switches          #    0.025 K/sec                    ( +-  3.30% )
                 3      cpu-migrations            #    0.002 K/sec                    ( +- 26.44% )
               143      page-faults               #    0.083 K/sec                    ( +-  0.32% )
     5,112,187,608      cycles                    #    2.965 GHz                      ( +-  0.15% )  (80.83%)
     3,938,219,611      stalled-cycles-frontend   #   77.04% frontend cycles idle     ( +-  0.18% )  (81.09%)
     1,219,575,021      stalled-cycles-backend    #   23.86% backend cycles idle      ( +-  0.56% )  (67.35%)
     4,281,566,571      instructions              #    0.84  insn per cycle         
                                                  #    0.92  stalled cycles per insn  ( +-  0.30% )  (84.81%)
       512,241,704      branches                  #  297.087 M/sec                    ( +-  0.16% )  (86.01%)
           921,364      branch-misses             #    0.18% of all branches          ( +-  0.21% )  (84.72%)

           0.06905 +- 0.00153 seconds time elapsed  ( +-  2.21% )


 Performance counter stats for './mandelbrot_omp 0.175 0.375 -0.1 0.1 2048 1' (10 runs):

          5,194.36 msec task-clock                #    1.000 CPUs utilized            ( +-  0.87% )
                 3      context-switches          #    0.001 K/sec                    ( +-  4.80% )
                 0      cpu-migrations            #    0.000 K/sec                  
                76      page-faults               #    0.015 K/sec                    ( +-  0.49% )
    16,577,472,840      cycles                    #    3.191 GHz                      ( +-  0.00% )  (83.31%)
    12,213,816,907      stalled-cycles-frontend   #   73.68% frontend cycles idle     ( +-  0.01% )  (83.33%)
     2,686,368,630      stalled-cycles-backend    #   16.20% backend cycles idle      ( +-  0.09% )  (66.68%)
    16,667,549,109      instructions              #    1.01  insn per cycle         
                                                  #    0.73  stalled cycles per insn  ( +-  0.00% )  (83.34%)
     1,924,929,239      branches                  #  370.581 M/sec                    ( +-  0.01% )  (83.36%)
         3,463,117      branch-misses             #    0.18% of all branches          ( +-  0.03% )  (83.33%)

            5.1949 +- 0.0452 seconds time elapsed  ( +-  0.87% )


 Performance counter stats for './mandelbrot_omp 0.175 0.375 -0.1 0.1 2048 2' (10 runs):

          5,475.67 msec task-clock                #    1.946 CPUs utilized            ( +-  1.24% )
                 9      context-switches          #    0.002 K/sec                    ( +-  4.08% )
                 1      cpu-migrations            #    0.000 K/sec                    ( +- 16.67% )
                97      page-faults               #    0.018 K/sec                    ( +-  0.48% )
    16,604,292,683      cycles                    #    3.032 GHz                      ( +-  0.01% )  (83.28%)
    12,242,359,556      stalled-cycles-frontend   #   73.73% frontend cycles idle     ( +-  0.01% )  (83.30%)
     2,710,500,436      stalled-cycles-backend    #   16.32% backend cycles idle      ( +-  0.06% )  (66.68%)
    16,672,951,706      instructions              #    1.00  insn per cycle         
                                                  #    0.73  stalled cycles per insn  ( +-  0.01% )  (83.36%)
     1,925,736,625      branches                  #  351.690 M/sec                    ( +-  0.01% )  (83.37%)
         3,467,528      branch-misses             #    0.18% of all branches          ( +-  0.04% )  (83.36%)

            2.8131 +- 0.0336 seconds time elapsed  ( +-  1.19% )


 Performance counter stats for './mandelbrot_omp 0.175 0.375 -0.1 0.1 2048 4' (10 runs):

          5,611.18 msec task-clock                #    3.550 CPUs utilized            ( +-  2.57% )
                13      context-switches          #    0.002 K/sec                    ( +-  6.41% )
                 2      cpu-migrations            #    0.000 K/sec                    ( +- 14.97% )
               109      page-faults               #    0.019 K/sec                    ( +-  0.49% )
    16,629,164,707      cycles                    #    2.964 GHz                      ( +-  0.02% )  (83.25%)
    12,263,874,504      stalled-cycles-frontend   #   73.75% frontend cycles idle     ( +-  0.02% )  (83.27%)
     2,720,151,509      stalled-cycles-backend    #   16.36% backend cycles idle      ( +-  0.07% )  (66.66%)
    16,670,975,962      instructions              #    1.00  insn per cycle         
                                                  #    0.74  stalled cycles per insn  ( +-  0.01% )  (83.37%)
     1,926,305,765      branches                  #  343.298 M/sec                    ( +-  0.02% )  (83.45%)
         3,473,344      branch-misses             #    0.18% of all branches          ( +-  0.03% )  (83.38%)

            1.5804 +- 0.0448 seconds time elapsed  ( +-  2.83% )


 Performance counter stats for './mandelbrot_omp 0.175 0.375 -0.1 0.1 2048 8' (10 runs):

          6,465.22 msec task-clock                #    6.776 CPUs utilized            ( +-  4.85% )
                18      context-switches          #    0.003 K/sec                    ( +-  7.05% )
                 3      cpu-migrations            #    0.000 K/sec                    ( +- 22.80% )
               107      page-faults               #    0.017 K/sec                    ( +-  5.05% )
    16,642,442,423      cycles                    #    2.574 GHz                      ( +-  0.03% )  (83.13%)
    12,277,249,752      stalled-cycles-frontend   #   73.77% frontend cycles idle     ( +-  0.06% )  (83.22%)
     2,736,319,546      stalled-cycles-backend    #   16.44% backend cycles idle      ( +-  0.09% )  (66.72%)
    16,688,232,195      instructions              #    1.00  insn per cycle         
                                                  #    0.74  stalled cycles per insn  ( +-  0.04% )  (83.40%)
     1,929,184,475      branches                  #  298.394 M/sec                    ( +-  0.04% )  (83.49%)
         3,485,315      branch-misses             #    0.18% of all branches          ( +-  0.09% )  (83.44%)

            0.9542 +- 0.0413 seconds time elapsed  ( +-  4.33% )


 Performance counter stats for './mandelbrot_omp 0.175 0.375 -0.1 0.1 2048 16' (10 runs):

          5,803.70 msec task-clock                #   12.294 CPUs utilized            ( +-  2.29% )
                29      context-switches          #    0.005 K/sec                    ( +-  6.38% )
                 2      cpu-migrations            #    0.000 K/sec                    ( +-  9.28% )
               109      page-faults               #    0.019 K/sec                    ( +-  0.46% )
    16,852,071,318      cycles                    #    2.904 GHz                      ( +-  0.10% )  (82.95%)
    12,467,376,152      stalled-cycles-frontend   #   73.98% frontend cycles idle     ( +-  0.12% )  (83.06%)
     2,840,158,865      stalled-cycles-backend    #   16.85% backend cycles idle      ( +-  0.18% )  (66.88%)
    16,696,082,961      instructions              #    0.99  insn per cycle         
                                                  #    0.75  stalled cycles per insn  ( +-  0.05% )  (83.57%)
     1,933,326,006      branches                  #  333.119 M/sec                    ( +-  0.04% )  (83.70%)
         3,488,338      branch-misses             #    0.18% of all branches          ( +-  0.11% )  (83.42%)

            0.4721 +- 0.0228 seconds time elapsed  ( +-  4.83% )


 Performance counter stats for './mandelbrot_omp 0.175 0.375 -0.1 0.1 2048 32' (10 runs):

          7,230.13 msec task-clock                #   25.431 CPUs utilized            ( +-  5.23% )
                65      context-switches          #    0.009 K/sec                    ( +-  4.65% )
                 4      cpu-migrations            #    0.001 K/sec                    ( +- 20.03% )
               142      page-faults               #    0.020 K/sec                    ( +-  0.24% )
    19,540,754,097      cycles                    #    2.703 GHz                      ( +-  0.18% )  (82.90%)
    15,096,292,461      stalled-cycles-frontend   #   77.26% frontend cycles idle     ( +-  0.19% )  (82.95%)
     4,357,720,272      stalled-cycles-backend    #   22.30% backend cycles idle      ( +-  0.43% )  (66.63%)
    16,753,447,163      instructions              #    0.86  insn per cycle         
                                                  #    0.90  stalled cycles per insn  ( +-  0.04% )  (83.45%)
     1,954,876,018      branches                  #  270.379 M/sec                    ( +-  0.05% )  (83.78%)
         3,521,065      branch-misses             #    0.18% of all branches          ( +-  0.09% )  (83.75%)

            0.2843 +- 0.0172 seconds time elapsed  ( +-  6.05% )


 Performance counter stats for './mandelbrot_omp 0.175 0.375 -0.1 0.1 4096 1' (10 runs):

         20,409.61 msec task-clock                #    1.000 CPUs utilized            ( +-  0.17% )
                50      context-switches          #    0.002 K/sec                    ( +- 33.90% )
                 0      cpu-migrations            #    0.000 K/sec                  
                76      page-faults               #    0.004 K/sec                    ( +-  0.36% )
    66,291,757,991      cycles                    #    3.248 GHz                      ( +-  0.01% )  (83.32%)
    48,838,753,592      stalled-cycles-frontend   #   73.67% frontend cycles idle     ( +-  0.01% )  (83.33%)
    10,744,325,907      stalled-cycles-backend    #   16.21% backend cycles idle      ( +-  0.08% )  (66.67%)
    66,653,685,504      instructions              #    1.01  insn per cycle         
                                                  #    0.73  stalled cycles per insn  ( +-  0.00% )  (83.34%)
     7,698,291,493      branches                  #  377.190 M/sec                    ( +-  0.00% )  (83.34%)
        13,652,081      branch-misses             #    0.18% of all branches          ( +-  0.02% )  (83.33%)

           20.4118 +- 0.0341 seconds time elapsed  ( +-  0.17% )


 Performance counter stats for './mandelbrot_omp 0.175 0.375 -0.1 0.1 4096 2' (10 runs):

         20,765.62 msec task-clock                #    1.980 CPUs utilized            ( +-  0.44% )
                14      context-switches          #    0.001 K/sec                    ( +-  7.04% )
                 1      cpu-migrations            #    0.000 K/sec                  
               108      page-faults               #    0.005 K/sec                    ( +-  0.34% )
    66,385,938,464      cycles                    #    3.197 GHz                      ( +-  0.00% )  (83.32%)
    48,930,062,912      stalled-cycles-frontend   #   73.71% frontend cycles idle     ( +-  0.00% )  (83.32%)
    10,825,345,884      stalled-cycles-backend    #   16.31% backend cycles idle      ( +-  0.05% )  (66.67%)
    66,655,269,830      instructions              #    1.00  insn per cycle         
                                                  #    0.73  stalled cycles per insn  ( +-  0.00% )  (83.34%)
     7,699,018,771      branches                  #  370.758 M/sec                    ( +-  0.00% )  (83.35%)
        13,652,842      branch-misses             #    0.18% of all branches          ( +-  0.02% )  (83.34%)

           10.4866 +- 0.0594 seconds time elapsed  ( +-  0.57% )


 Performance counter stats for './mandelbrot_omp 0.175 0.375 -0.1 0.1 4096 4' (10 runs):

         20,876.17 msec task-clock                #    3.462 CPUs utilized            ( +-  0.92% )
                35      context-switches          #    0.002 K/sec                    ( +-  7.38% )
                 4      cpu-migrations            #    0.000 K/sec                    ( +- 20.74% )
               122      page-faults               #    0.006 K/sec                    ( +-  1.14% )
    66,430,403,403      cycles                    #    3.182 GHz                      ( +-  0.01% )  (83.31%)
    48,975,957,894      stalled-cycles-frontend   #   73.73% frontend cycles idle     ( +-  0.02% )  (83.32%)
    10,843,413,239      stalled-cycles-backend    #   16.32% backend cycles idle      ( +-  0.06% )  (66.67%)
    66,659,903,825      instructions              #    1.00  insn per cycle         
                                                  #    0.73  stalled cycles per insn  ( +-  0.00% )  (83.34%)
     7,700,331,252      branches                  #  368.857 M/sec                    ( +-  0.01% )  (83.35%)
        13,664,605      branch-misses             #    0.18% of all branches          ( +-  0.01% )  (83.35%)

            6.0305 +- 0.0782 seconds time elapsed  ( +-  1.30% )


 Performance counter stats for './mandelbrot_omp 0.175 0.375 -0.1 0.1 4096 8' (10 runs):

         22,133.85 msec task-clock                #    6.774 CPUs utilized            ( +-  1.37% )
                49      context-switches          #    0.002 K/sec                    ( +-  5.40% )
                 8      cpu-migrations            #    0.000 K/sec                    ( +- 11.80% )
               154      page-faults               #    0.007 K/sec                    ( +-  0.58% )
    66,471,743,519      cycles                    #    3.003 GHz                      ( +-  0.02% )  (83.28%)
    49,015,663,904      stalled-cycles-frontend   #   73.74% frontend cycles idle     ( +-  0.04% )  (83.31%)
    10,878,000,870      stalled-cycles-backend    #   16.36% backend cycles idle      ( +-  0.09% )  (66.67%)
    66,674,392,050      instructions              #    1.00  insn per cycle         
                                                  #    0.74  stalled cycles per insn  ( +-  0.01% )  (83.35%)
     7,703,367,189      branches                  #  348.036 M/sec                    ( +-  0.01% )  (83.37%)
        13,683,373      branch-misses             #    0.18% of all branches          ( +-  0.02% )  (83.36%)

            3.2675 +- 0.0418 seconds time elapsed  ( +-  1.28% )


 Performance counter stats for './mandelbrot_omp 0.175 0.375 -0.1 0.1 4096 16' (10 runs):

         22,953.83 msec task-clock                #   12.923 CPUs utilized            ( +-  1.76% )
                52      context-switches          #    0.002 K/sec                    ( +-  5.73% )
                 7      cpu-migrations            #    0.000 K/sec                    ( +- 16.47% )
               169      page-faults               #    0.007 K/sec                    ( +-  0.49% )
    66,693,958,754      cycles                    #    2.906 GHz                      ( +-  0.05% )  (83.22%)
    49,212,058,921      stalled-cycles-frontend   #   73.79% frontend cycles idle     ( +-  0.06% )  (83.28%)
    10,995,797,199      stalled-cycles-backend    #   16.49% backend cycles idle      ( +-  0.16% )  (66.72%)
    66,688,665,623      instructions              #    1.00  insn per cycle         
                                                  #    0.74  stalled cycles per insn  ( +-  0.01% )  (83.38%)
     7,710,661,598      branches                  #  335.920 M/sec                    ( +-  0.01% )  (83.42%)
        13,700,933      branch-misses             #    0.18% of all branches          ( +-  0.04% )  (83.36%)

            1.7762 +- 0.0360 seconds time elapsed  ( +-  2.03% )


 Performance counter stats for './mandelbrot_omp 0.175 0.375 -0.1 0.1 4096 32' (10 runs):

         28,735.83 msec task-clock                #   26.051 CPUs utilized            ( +-  2.98% )
               130      context-switches          #    0.005 K/sec                    ( +-  5.99% )
                17      cpu-migrations            #    0.001 K/sec                    ( +- 10.68% )
               232      page-faults               #    0.008 K/sec                    ( +-  0.74% )
    77,229,435,587      cycles                    #    2.688 GHz                      ( +-  0.13% )  (83.18%)
    59,695,812,855      stalled-cycles-frontend   #   77.30% frontend cycles idle     ( +-  0.17% )  (83.24%)
    16,896,036,131      stalled-cycles-backend    #   21.88% backend cycles idle      ( +-  0.31% )  (66.71%)
    66,754,111,236      instructions              #    0.86  insn per cycle         
                                                  #    0.89  stalled cycles per insn  ( +-  0.02% )  (83.39%)
     7,735,806,681      branches                  #  269.204 M/sec                    ( +-  0.03% )  (83.46%)
        13,792,008      branch-misses             #    0.18% of all branches          ( +-  0.04% )  (83.41%)

            1.1031 +- 0.0258 seconds time elapsed  ( +-  2.34% )


 Performance counter stats for './mandelbrot_omp 0.175 0.375 -0.1 0.1 8192 1' (10 runs):

         80,646.72 msec task-clock                #    1.000 CPUs utilized            ( +-  0.06% )
                38      context-switches          #    0.000 K/sec                    ( +-  4.79% )
                 0      cpu-migrations            #    0.000 K/sec                  
                76      page-faults               #    0.001 K/sec                    ( +-  0.55% )
   265,102,531,508      cycles                    #    3.287 GHz                      ( +-  0.00% )  (83.33%)
   195,293,385,090      stalled-cycles-frontend   #   73.67% frontend cycles idle     ( +-  0.00% )  (83.33%)
    42,955,084,361      stalled-cycles-backend    #   16.20% backend cycles idle      ( +-  0.10% )  (66.67%)
   266,600,861,660      instructions              #    1.01  insn per cycle         
                                                  #    0.73  stalled cycles per insn  ( +-  0.00% )  (83.33%)
    30,790,213,425      branches                  #  381.791 M/sec                    ( +-  0.00% )  (83.34%)
        54,044,507      branch-misses             #    0.18% of all branches          ( +-  0.01% )  (83.33%)

           80.6508 +- 0.0466 seconds time elapsed  ( +-  0.06% )


 Performance counter stats for './mandelbrot_omp 0.175 0.375 -0.1 0.1 8192 2' (10 runs):

         81,183.45 msec task-clock                #    1.996 CPUs utilized            ( +-  0.10% )
                38      context-switches          #    0.000 K/sec                    ( +-  6.68% )
                 1      cpu-migrations            #    0.000 K/sec                  
               139      page-faults               #    0.002 K/sec                    ( +-  2.31% )
   265,477,377,972      cycles                    #    3.270 GHz                      ( +-  0.00% )  (83.33%)
   195,661,348,287      stalled-cycles-frontend   #   73.70% frontend cycles idle     ( +-  0.00% )  (83.33%)
    43,222,339,124      stalled-cycles-backend    #   16.28% backend cycles idle      ( +-  0.01% )  (66.67%)
   266,602,308,878      instructions              #    1.00  insn per cycle         
                                                  #    0.73  stalled cycles per insn  ( +-  0.00% )  (83.34%)
    30,792,144,557      branches                  #  379.291 M/sec                    ( +-  0.00% )  (83.34%)
        54,042,456      branch-misses             #    0.18% of all branches          ( +-  0.01% )  (83.33%)

           40.6629 +- 0.0393 seconds time elapsed  ( +-  0.10% )


 Performance counter stats for './mandelbrot_omp 0.175 0.375 -0.1 0.1 8192 4' (10 runs):

         81,800.74 msec task-clock                #    3.481 CPUs utilized            ( +-  0.17% )
                78      context-switches          #    0.001 K/sec                    ( +- 13.86% )
                 5      cpu-migrations            #    0.000 K/sec                    ( +- 26.17% )
               150      page-faults               #    0.002 K/sec                    ( +-  1.49% )
   265,513,326,747      cycles                    #    3.246 GHz                      ( +-  0.01% )  (83.33%)
   195,717,255,399      stalled-cycles-frontend   #   73.71% frontend cycles idle     ( +-  0.01% )  (83.33%)
    43,284,293,375      stalled-cycles-backend    #   16.30% backend cycles idle      ( +-  0.05% )  (66.67%)
   266,595,227,232      instructions              #    1.00  insn per cycle         
                                                  #    0.73  stalled cycles per insn  ( +-  0.00% )  (83.34%)
    30,792,368,844      branches                  #  376.431 M/sec                    ( +-  0.00% )  (83.34%)
        54,044,495      branch-misses             #    0.18% of all branches          ( +-  0.01% )  (83.33%)

           23.4992 +- 0.0674 seconds time elapsed  ( +-  0.29% )


 Performance counter stats for './mandelbrot_omp 0.175 0.375 -0.1 0.1 8192 8' (10 runs):

         84,129.09 msec task-clock                #    6.718 CPUs utilized            ( +-  0.40% )
                92      context-switches          #    0.001 K/sec                    ( +-  8.44% )
                 9      cpu-migrations            #    0.000 K/sec                    ( +-  8.75% )
               197      page-faults               #    0.002 K/sec                    ( +-  1.59% )
   265,495,668,538      cycles                    #    3.156 GHz                      ( +-  0.01% )  (83.32%)
   195,682,042,254      stalled-cycles-frontend   #   73.70% frontend cycles idle     ( +-  0.01% )  (83.33%)
    43,238,670,088      stalled-cycles-backend    #   16.29% backend cycles idle      ( +-  0.02% )  (66.67%)
   266,613,041,378      instructions              #    1.00  insn per cycle         
                                                  #    0.73  stalled cycles per insn  ( +-  0.00% )  (83.34%)
    30,791,818,357      branches                  #  366.007 M/sec                    ( +-  0.00% )  (83.34%)
        54,059,856      branch-misses             #    0.18% of all branches          ( +-  0.02% )  (83.34%)

           12.5230 +- 0.0656 seconds time elapsed  ( +-  0.52% )


 Performance counter stats for './mandelbrot_omp 0.175 0.375 -0.1 0.1 8192 16' (10 runs):

         89,854.55 msec task-clock                #   13.248 CPUs utilized            ( +-  0.49% )
               102      context-switches          #    0.001 K/sec                    ( +-  4.25% )
                10      cpu-migrations            #    0.000 K/sec                    ( +- 20.91% )
               236      page-faults               #    0.003 K/sec                    ( +-  3.42% )
   266,015,276,659      cycles                    #    2.961 GHz                      ( +-  0.04% )  (83.31%)
   196,167,079,716      stalled-cycles-frontend   #   73.74% frontend cycles idle     ( +-  0.05% )  (83.32%)
    43,538,182,002      stalled-cycles-backend    #   16.37% backend cycles idle      ( +-  0.10% )  (66.67%)
   266,635,113,510      instructions              #    1.00  insn per cycle         
                                                  #    0.74  stalled cycles per insn  ( +-  0.01% )  (83.34%)
    30,801,982,730      branches                  #  342.798 M/sec                    ( +-  0.00% )  (83.35%)
        54,163,983      branch-misses             #    0.18% of all branches          ( +-  0.02% )  (83.35%)

            6.7825 +- 0.0176 seconds time elapsed  ( +-  0.26% )


 Performance counter stats for './mandelbrot_omp 0.175 0.375 -0.1 0.1 8192 32' (10 runs):

        104,008.17 msec task-clock                #   25.891 CPUs utilized            ( +-  0.43% )
               356      context-switches          #    0.003 K/sec                    ( +-  2.42% )
                27      cpu-migrations            #    0.000 K/sec                    ( +- 16.01% )
               317      page-faults               #    0.003 K/sec                    ( +-  2.58% )
   306,622,959,418      cycles                    #    2.948 GHz                      ( +-  0.04% )  (83.29%)
   236,902,968,157      stalled-cycles-frontend   #   77.26% frontend cycles idle     ( +-  0.05% )  (83.31%)
    66,423,451,898      stalled-cycles-backend    #   21.66% backend cycles idle      ( +-  0.10% )  (66.67%)
   266,721,993,891      instructions              #    0.87  insn per cycle         
                                                  #    0.89  stalled cycles per insn  ( +-  0.01% )  (83.35%)
    30,835,069,228      branches                  #  296.468 M/sec                    ( +-  0.01% )  (83.37%)
        54,396,304      branch-misses             #    0.18% of all branches          ( +-  0.01% )  (83.36%)

            4.0171 +- 0.0148 seconds time elapsed  ( +-  0.37% )

