
 Performance counter stats for './mandelbrot_omp -0.188 -0.012 0.554 0.754 16 1' (10 runs):

              1.41 msec task-clock                #    0.753 CPUs utilized            ( +-  8.09% )
                 0      context-switches          #    0.000 K/sec                  
                 0      cpu-migrations            #    0.000 K/sec                  
                77      page-faults               #    0.055 M/sec                    ( +-  0.27% )
         2,714,985      cycles                    #    1.932 GHz                      ( +-  0.88% )  (92.34%)
         1,839,814      stalled-cycles-frontend   #   67.77% frontend cycles idle     ( +-  0.83% )
           935,285      stalled-cycles-backend    #   34.45% backend cycles idle      ( +-  1.57% )
         2,244,543      instructions              #    0.83  insn per cycle         
                                                  #    0.82  stalled cycles per insn  ( +-  0.16% )
           356,197      branches                  #  253.512 M/sec                    ( +-  0.19% )
     <not counted>      branch-misses                                                 ( +- 57.72% )  (7.66%)

          0.001866 +- 0.000147 seconds time elapsed  ( +-  7.86% )

Some events weren't counted. Try disabling the NMI watchdog:
	echo 0 > /proc/sys/kernel/nmi_watchdog
	perf stat ...
	echo 1 > /proc/sys/kernel/nmi_watchdog

 Performance counter stats for './mandelbrot_omp -0.188 -0.012 0.554 0.754 16 2' (10 runs):

              1.56 msec task-clock                #    0.961 CPUs utilized            ( +-  2.65% )
                 0      context-switches          #    0.000 K/sec                  
                 0      cpu-migrations            #    0.000 K/sec                  
                78      page-faults               #    0.050 M/sec                    ( +-  0.57% )
         3,155,638      cycles                    #    2.020 GHz                      ( +-  2.65% )  (79.51%)
         2,153,908      stalled-cycles-frontend   #   68.26% frontend cycles idle     ( +-  1.10% )
         1,184,981      stalled-cycles-backend    #   37.55% backend cycles idle      ( +-  1.77% )
         2,390,117      instructions              #    0.76  insn per cycle         
                                                  #    0.90  stalled cycles per insn  ( +-  0.27% )
           391,554      branches                  #  250.650 M/sec                    ( +-  0.38% )
     <not counted>      branch-misses                                                 ( +- 52.96% )  (20.49%)

         0.0016247 +- 0.0000408 seconds time elapsed  ( +-  2.51% )

Some events weren't counted. Try disabling the NMI watchdog:
	echo 0 > /proc/sys/kernel/nmi_watchdog
	perf stat ...
	echo 1 > /proc/sys/kernel/nmi_watchdog

 Performance counter stats for './mandelbrot_omp -0.188 -0.012 0.554 0.754 16 4' (10 runs):

              1.88 msec task-clock                #    1.395 CPUs utilized            ( +-  0.91% )
                 0      context-switches          #    0.000 K/sec                  
                 0      cpu-migrations            #    0.000 K/sec                  
                84      page-faults               #    0.045 M/sec                    ( +-  0.56% )
         4,958,639      cycles                    #    2.640 GHz                      ( +-  2.43% )  (82.51%)
         3,347,630      stalled-cycles-frontend   #   67.51% frontend cycles idle     ( +-  1.99% )
         2,134,597      stalled-cycles-backend    #   43.05% backend cycles idle      ( +-  2.73% )
         3,018,184      instructions              #    0.61  insn per cycle         
                                                  #    1.11  stalled cycles per insn  ( +-  0.64% )
           563,108      branches                  #  299.798 M/sec                    ( +-  1.00% )
     <not counted>      branch-misses                                                 ( +- 57.64% )  (17.49%)

         0.0013460 +- 0.0000173 seconds time elapsed  ( +-  1.29% )

Some events weren't counted. Try disabling the NMI watchdog:
	echo 0 > /proc/sys/kernel/nmi_watchdog
	perf stat ...
	echo 1 > /proc/sys/kernel/nmi_watchdog

 Performance counter stats for './mandelbrot_omp -0.188 -0.012 0.554 0.754 16 8' (10 runs):

              4.92 msec task-clock                #    1.906 CPUs utilized            ( +-  0.88% )
                 0      context-switches          #    0.000 K/sec                  
                 0      cpu-migrations            #    0.000 K/sec                  
                92      page-faults               #    0.019 M/sec                    ( +-  0.52% )
         6,402,025      cycles                    #    1.302 GHz                      ( +-  1.66% )  (27.65%)
         4,403,604      stalled-cycles-frontend   #   68.78% frontend cycles idle     ( +-  1.00% )
         2,891,230      stalled-cycles-backend    #   45.16% backend cycles idle      ( +-  1.29% )
         3,718,117      instructions              #    0.58  insn per cycle         
                                                  #    1.18  stalled cycles per insn  ( +-  0.45% )
           741,287      branches                  #  150.721 M/sec                    ( +-  0.57% )
            10,067      branch-misses             #    1.36% of all branches          ( +- 18.65% )  (72.35%)

         0.0025803 +- 0.0000281 seconds time elapsed  ( +-  1.09% )


 Performance counter stats for './mandelbrot_omp -0.188 -0.012 0.554 0.754 16 16' (10 runs):

              8.00 msec task-clock                #    4.982 CPUs utilized            ( +-  7.05% )
                 0      context-switches          #    0.000 K/sec                  
                 0      cpu-migrations            #    0.000 K/sec                  
               108      page-faults               #    0.013 M/sec                    ( +-  0.37% )
        18,971,230      cycles                    #    2.373 GHz                      ( +-  6.60% )  (78.78%)
        12,677,170      stalled-cycles-frontend   #   66.82% frontend cycles idle     ( +-  6.90% )
         9,210,080      stalled-cycles-backend    #   48.55% backend cycles idle      ( +-  7.12% )
         8,299,518      instructions              #    0.44  insn per cycle         
                                                  #    1.53  stalled cycles per insn  ( +-  5.86% )
         2,007,637      branches                  #  251.094 M/sec                    ( +-  6.91% )
     <not counted>      branch-misses                                                 ( +- 58.71% )  (21.22%)

         0.0016050 +- 0.0000435 seconds time elapsed  ( +-  2.71% )

Some events weren't counted. Try disabling the NMI watchdog:
	echo 0 > /proc/sys/kernel/nmi_watchdog
	perf stat ...
	echo 1 > /proc/sys/kernel/nmi_watchdog

 Performance counter stats for './mandelbrot_omp -0.188 -0.012 0.554 0.754 16 32' (10 runs):

            111.76 msec task-clock                #   20.121 CPUs utilized            ( +-  8.30% )
                18      context-switches          #    0.157 K/sec                    ( +- 10.37% )
                 3      cpu-migrations            #    0.029 K/sec                    ( +- 14.58% )
               142      page-faults               #    0.001 M/sec                    ( +-  0.22% )
       279,072,362      cycles                    #    2.497 GHz                      ( +-  9.66% )  (32.50%)
       202,685,977      stalled-cycles-frontend   #   72.63% frontend cycles idle     ( +- 10.43% )  (94.00%)
       157,109,914      stalled-cycles-backend    #   56.30% backend cycles idle      ( +- 10.25% )
        99,286,274      instructions              #    0.36  insn per cycle         
                                                  #    2.04  stalled cycles per insn  ( +- 10.14% )
        28,093,024      branches                  #  251.375 M/sec                    ( +- 10.23% )
            13,128      branch-misses             #    0.05% of all branches          ( +- 17.95% )  (73.50%)

          0.005554 +- 0.000377 seconds time elapsed  ( +-  6.80% )


 Performance counter stats for './mandelbrot_omp -0.188 -0.012 0.554 0.754 32 1' (10 runs):

              3.52 msec task-clock                #    0.880 CPUs utilized            ( +-  4.51% )
                 0      context-switches          #    0.000 K/sec                  
                 0      cpu-migrations            #    0.000 K/sec                  
                76      page-faults               #    0.022 M/sec                    ( +-  0.26% )
         6,351,634      cycles                    #    1.805 GHz                      ( +-  0.82% )  (56.66%)
         4,543,573      stalled-cycles-frontend   #   71.53% frontend cycles idle     ( +-  0.27% )
         1,530,722      stalled-cycles-backend    #   24.10% backend cycles idle      ( +-  0.77% )
         5,932,132      instructions              #    0.93  insn per cycle         
                                                  #    0.77  stalled cycles per insn  ( +-  0.05% )
           782,034      branches                  #  222.280 M/sec                    ( +-  0.08% )
             5,862      branch-misses             #    0.75% of all branches          ( +- 37.39% )  (43.34%)

          0.003998 +- 0.000181 seconds time elapsed  ( +-  4.53% )


 Performance counter stats for './mandelbrot_omp -0.188 -0.012 0.554 0.754 32 2' (10 runs):

              3.84 msec task-clock                #    1.353 CPUs utilized            ( +-  2.81% )
                 0      context-switches          #    0.000 K/sec                  
                 0      cpu-migrations            #    0.000 K/sec                  
                79      page-faults               #    0.021 M/sec                    ( +-  0.56% )
         7,040,337      cycles                    #    1.832 GHz                      ( +-  0.45% )  (94.31%)
         5,010,996      stalled-cycles-frontend   #   71.18% frontend cycles idle     ( +-  0.44% )
         1,893,687      stalled-cycles-backend    #   26.90% backend cycles idle      ( +-  1.06% )
         6,196,259      instructions              #    0.88  insn per cycle         
                                                  #    0.81  stalled cycles per insn  ( +-  0.09% )
           851,261      branches                  #  221.524 M/sec                    ( +-  0.13% )
             3,403      branch-misses             #    0.40% of all branches          ( +- 68.85% )  (5.69%)

         0.0028402 +- 0.0000754 seconds time elapsed  ( +-  2.66% )


 Performance counter stats for './mandelbrot_omp -0.188 -0.012 0.554 0.754 32 4' (10 runs):

              6.03 msec task-clock                #    2.093 CPUs utilized            ( +-  0.53% )
                 0      context-switches          #    0.033 K/sec                    ( +- 66.67% )
                 0      cpu-migrations            #    0.000 K/sec                  
                83      page-faults               #    0.014 M/sec                    ( +-  0.50% )
         9,153,955      cycles                    #    1.519 GHz                      ( +-  1.11% )  (58.01%)
         6,402,003      stalled-cycles-frontend   #   69.94% frontend cycles idle     ( +-  0.98% )
         2,969,553      stalled-cycles-backend    #   32.44% backend cycles idle      ( +-  1.62% )
         7,010,095      instructions              #    0.77  insn per cycle         
                                                  #    0.91  stalled cycles per insn  ( +-  0.61% )
         1,073,042      branches                  #  178.066 M/sec                    ( +-  1.14% )
             4,595      branch-misses             #    0.43% of all branches          ( +- 10.89% )  (41.99%)

         0.0028788 +- 0.0000370 seconds time elapsed  ( +-  1.28% )


 Performance counter stats for './mandelbrot_omp -0.188 -0.012 0.554 0.754 32 8' (10 runs):

              6.98 msec task-clock                #    2.711 CPUs utilized            ( +-  4.71% )
                 0      context-switches          #    0.014 K/sec                    ( +-100.00% )
                 0      cpu-migrations            #    0.000 K/sec                  
                91      page-faults               #    0.013 M/sec                    ( +-  0.38% )
         9,359,737      cycles                    #    1.340 GHz                      ( +- 10.00% )  (48.98%)
         7,414,452      stalled-cycles-frontend   #   79.22% frontend cycles idle     ( +-  1.67% )
         3,720,421      stalled-cycles-backend    #   39.75% backend cycles idle      ( +-  2.53% )
         7,623,575      instructions              #    0.81  insn per cycle         
                                                  #    0.97  stalled cycles per insn  ( +-  1.14% )
         1,229,666      branches                  #  176.077 M/sec                    ( +-  2.02% )
             6,353      branch-misses             #    0.52% of all branches          ( +- 32.10% )  (51.02%)

          0.002576 +- 0.000148 seconds time elapsed  ( +-  5.76% )


 Performance counter stats for './mandelbrot_omp -0.188 -0.012 0.554 0.754 32 16' (10 runs):

             13.63 msec task-clock                #    5.010 CPUs utilized            ( +-  2.27% )
                 0      context-switches          #    0.000 K/sec                  
                 0      cpu-migrations            #    0.000 K/sec                  
               109      page-faults               #    0.008 M/sec                    ( +-  0.33% )
        20,955,125      cycles                    #    1.537 GHz                      ( +-  5.76% )  (37.34%)
        15,268,481      stalled-cycles-frontend   #   72.86% frontend cycles idle     ( +-  1.20% )
         9,646,892      stalled-cycles-backend    #   46.04% backend cycles idle      ( +-  1.48% )
        12,188,972      instructions              #    0.58  insn per cycle         
                                                  #    1.25  stalled cycles per insn  ( +-  0.72% )
         2,492,677      branches                  #  182.878 M/sec                    ( +-  1.00% )
             7,784      branch-misses             #    0.31% of all branches          ( +- 26.16% )  (62.66%)

          0.002721 +- 0.000109 seconds time elapsed  ( +-  4.01% )


 Performance counter stats for './mandelbrot_omp -0.188 -0.012 0.554 0.754 32 32' (10 runs):

            124.74 msec task-clock                #   21.769 CPUs utilized            ( +-  6.44% )
                18      context-switches          #    0.142 K/sec                    ( +- 26.18% )
                 4      cpu-migrations            #    0.036 K/sec                    ( +- 14.53% )
               142      page-faults               #    0.001 M/sec                    ( +-  0.19% )
       317,228,371      cycles                    #    2.543 GHz                      ( +-  8.87% )  (39.85%)
       235,600,582      stalled-cycles-frontend   #   74.27% frontend cycles idle     ( +-  8.65% )  (95.52%)
       180,147,738      stalled-cycles-backend    #   56.79% backend cycles idle      ( +-  8.59% )
       116,945,884      instructions              #    0.37  insn per cycle         
                                                  #    2.01  stalled cycles per insn  ( +-  8.53% )
        32,295,688      branches                  #  258.899 M/sec                    ( +-  8.81% )
            15,437      branch-misses             #    0.05% of all branches          ( +- 14.95% )  (64.63%)

          0.005730 +- 0.000304 seconds time elapsed  ( +-  5.31% )


 Performance counter stats for './mandelbrot_omp -0.188 -0.012 0.554 0.754 64 1' (10 runs):

             10.90 msec task-clock                #    0.959 CPUs utilized            ( +-  8.76% )
                 0      context-switches          #    0.009 K/sec                    ( +-100.00% )
                 0      cpu-migrations            #    0.000 K/sec                  
                76      page-faults               #    0.007 M/sec                    ( +-  0.61% )
        20,843,402      cycles                    #    1.913 GHz                      ( +-  3.53% )  (63.36%)
        16,305,692      stalled-cycles-frontend   #   78.23% frontend cycles idle     ( +-  2.17% )  (70.11%)
         3,960,351      stalled-cycles-backend    #   19.00% backend cycles idle      ( +-  1.11% )  (80.65%)
        20,222,563      instructions              #    0.97  insn per cycle         
                                                  #    0.81  stalled cycles per insn  ( +-  1.78% )  (95.88%)
         2,489,300      branches                  #  228.433 M/sec                    ( +-  0.03% )
             7,857      branch-misses             #    0.32% of all branches          ( +-  9.94% )  (85.88%)

           0.01136 +- 0.00100 seconds time elapsed  ( +-  8.84% )


 Performance counter stats for './mandelbrot_omp -0.188 -0.012 0.554 0.754 64 2' (10 runs):

              9.73 msec task-clock                #    1.721 CPUs utilized            ( +-  8.32% )
                 0      context-switches          #    0.051 K/sec                    ( +- 44.72% )
                 0      cpu-migrations            #    0.000 K/sec                  
                79      page-faults               #    0.008 M/sec                    ( +-  0.50% )
        21,454,004      cycles                    #    2.204 GHz                      ( +-  3.93% )  (41.13%)
        16,582,159      stalled-cycles-frontend   #   77.29% frontend cycles idle     ( +-  0.28% )  (91.32%)
         4,821,783      stalled-cycles-backend    #   22.47% backend cycles idle      ( +-  0.45% )
        21,392,316      instructions              #    1.00  insn per cycle         
                                                  #    0.78  stalled cycles per insn  ( +-  0.02% )
         2,676,967      branches                  #  275.038 M/sec                    ( +-  0.05% )
             7,201      branch-misses             #    0.27% of all branches          ( +-  6.38% )  (67.55%)

          0.005654 +- 0.000479 seconds time elapsed  ( +-  8.47% )


 Performance counter stats for './mandelbrot_omp -0.188 -0.012 0.554 0.754 64 4' (10 runs):

             17.79 msec task-clock                #    3.174 CPUs utilized            ( +-  1.86% )
                 1      context-switches          #    0.034 K/sec                    ( +- 66.67% )
                 0      cpu-migrations            #    0.000 K/sec                  
                84      page-faults               #    0.005 M/sec                    ( +-  0.44% )
        34,557,667      cycles                    #    1.942 GHz                      ( +-  2.09% )  (35.75%)
        24,233,230      stalled-cycles-frontend   #   70.12% frontend cycles idle     ( +-  1.58% )  (96.61%)
        10,570,908      stalled-cycles-backend    #   30.59% backend cycles idle      ( +-  2.62% )
        26,300,026      instructions              #    0.76  insn per cycle         
                                                  #    0.92  stalled cycles per insn  ( +-  0.88% )
         4,069,508      branches                  #  228.693 M/sec                    ( +-  1.63% )
             6,692      branch-misses             #    0.16% of all branches          ( +- 12.49% )  (67.64%)

         0.0056071 +- 0.0000438 seconds time elapsed  ( +-  0.78% )


 Performance counter stats for './mandelbrot_omp -0.188 -0.012 0.554 0.754 64 8' (10 runs):

             19.76 msec task-clock                #    5.339 CPUs utilized            ( +-  0.43% )
                 0      context-switches          #    0.000 K/sec                  
                 0      cpu-migrations            #    0.000 K/sec                  
                92      page-faults               #    0.005 M/sec                    ( +-  0.40% )
        36,776,632      cycles                    #    1.861 GHz                      ( +-  4.31% )  (36.29%)
        25,059,835      stalled-cycles-frontend   #   68.14% frontend cycles idle     ( +-  1.04% )
        11,308,322      stalled-cycles-backend    #   30.75% backend cycles idle      ( +-  1.74% )
        26,846,759      instructions              #    0.73  insn per cycle         
                                                  #    0.93  stalled cycles per insn  ( +-  0.66% )
         4,205,839      branches                  #  212.832 M/sec                    ( +-  1.21% )
             8,785      branch-misses             #    0.21% of all branches          ( +- 19.19% )  (63.71%)

         0.0037013 +- 0.0000512 seconds time elapsed  ( +-  1.38% )


 Performance counter stats for './mandelbrot_omp -0.188 -0.012 0.554 0.754 64 16' (10 runs):

             23.87 msec task-clock                #    7.883 CPUs utilized            ( +-  3.87% )
                 0      context-switches          #    0.000 K/sec                  
                 0      cpu-migrations            #    0.000 K/sec                  
               109      page-faults               #    0.005 M/sec                    ( +-  0.27% )
        48,285,346      cycles                    #    2.023 GHz                      ( +-  4.71% )  (5.24%)
        30,948,313      stalled-cycles-frontend   #   64.09% frontend cycles idle     ( +-  2.13% )
        15,670,774      stalled-cycles-backend    #   32.45% backend cycles idle      ( +-  3.28% )
        29,896,721      instructions              #    0.62  insn per cycle         
                                                  #    1.04  stalled cycles per insn  ( +-  1.31% )
         5,036,437      branches                  #  210.981 M/sec                    ( +-  2.22% )
            15,249      branch-misses             #    0.30% of all branches          ( +-  5.52% )  (94.76%)

          0.003028 +- 0.000120 seconds time elapsed  ( +-  3.97% )


 Performance counter stats for './mandelbrot_omp -0.188 -0.012 0.554 0.754 64 32' (10 runs):

            105.66 msec task-clock                #   19.778 CPUs utilized            ( +- 11.42% )
                20      context-switches          #    0.194 K/sec                    ( +- 22.31% )
                 4      cpu-migrations            #    0.043 K/sec                    ( +- 12.94% )
               142      page-faults               #    0.001 M/sec                    ( +-  0.18% )
       257,356,526      cycles                    #    2.436 GHz                      ( +-  9.42% )  (46.08%)
       197,823,651      stalled-cycles-frontend   #   76.87% frontend cycles idle     ( +-  9.61% )  (99.26%)
       144,281,797      stalled-cycles-backend    #   56.06% backend cycles idle      ( +- 10.13% )
       107,659,000      instructions              #    0.42  insn per cycle         
                                                  #    1.84  stalled cycles per insn  ( +-  8.47% )
        27,129,763      branches                  #  256.766 M/sec                    ( +-  9.59% )
            86,872      branch-misses             #    0.32% of all branches          ( +- 52.75% )  (54.67%)

          0.005342 +- 0.000528 seconds time elapsed  ( +-  9.88% )


 Performance counter stats for './mandelbrot_omp -0.188 -0.012 0.554 0.754 128 1' (10 runs):

             32.63 msec task-clock                #    0.987 CPUs utilized            ( +-  8.70% )
                 0      context-switches          #    0.003 K/sec                    ( +-100.00% )
                 0      cpu-migrations            #    0.000 K/sec                  
                77      page-faults               #    0.002 M/sec                    ( +-  0.59% )
        78,793,682      cycles                    #    2.415 GHz                      ( +-  0.90% )  (76.34%)
        60,486,775      stalled-cycles-frontend   #   76.77% frontend cycles idle     ( +-  0.63% )  (84.07%)
        14,086,111      stalled-cycles-backend    #   17.88% backend cycles idle      ( +-  0.97% )  (73.04%)
        78,826,214      instructions              #    1.00  insn per cycle         
                                                  #    0.77  stalled cycles per insn  ( +-  0.76% )  (86.52%)
         9,092,874      branches                  #  278.637 M/sec                    ( +-  0.60% )  (86.52%)
            18,013      branch-misses             #    0.20% of all branches          ( +-  0.72% )  (80.03%)

           0.03305 +- 0.00286 seconds time elapsed  ( +-  8.64% )


 Performance counter stats for './mandelbrot_omp -0.188 -0.012 0.554 0.754 128 2' (10 runs):

             34.36 msec task-clock                #    1.913 CPUs utilized            ( +-  4.41% )
                 1      context-switches          #    0.032 K/sec                    ( +-  9.09% )
                 0      cpu-migrations            #    0.000 K/sec                  
                78      page-faults               #    0.002 M/sec                    ( +-  0.59% )
        85,727,054      cycles                    #    2.495 GHz                      ( +-  1.71% )  (76.75%)
        64,728,211      stalled-cycles-frontend   #   75.50% frontend cycles idle     ( +-  1.50% )  (76.75%)
        15,439,942      stalled-cycles-backend    #   18.01% backend cycles idle      ( +-  2.76% )  (60.71%)
        79,222,228      instructions              #    0.92  insn per cycle         
                                                  #    0.82  stalled cycles per insn  ( +-  2.41% )  (83.98%)
         9,591,695      branches                  #  279.185 M/sec                    ( +-  1.79% )  (93.96%)
            18,494      branch-misses             #    0.19% of all branches          ( +-  1.24% )  (91.83%)

          0.017961 +- 0.000821 seconds time elapsed  ( +-  4.57% )


 Performance counter stats for './mandelbrot_omp -0.188 -0.012 0.554 0.754 128 4' (10 runs):

             34.04 msec task-clock                #    3.619 CPUs utilized            ( +-  5.27% )
                 0      context-switches          #    0.009 K/sec                    ( +- 50.92% )
                 0      cpu-migrations            #    0.000 K/sec                  
                83      page-faults               #    0.002 M/sec                    ( +-  0.51% )
        86,296,373      cycles                    #    2.535 GHz                      ( +-  2.81% )  (53.03%)
        66,491,347      stalled-cycles-frontend   #   77.05% frontend cycles idle     ( +-  2.30% )  (68.54%)
        17,047,227      stalled-cycles-backend    #   19.75% backend cycles idle      ( +-  1.72% )  (96.46%)
        82,933,135      instructions              #    0.96  insn per cycle         
                                                  #    0.80  stalled cycles per insn  ( +-  0.01% )
        10,222,312      branches                  #  300.339 M/sec                    ( +-  0.02% )
            18,375      branch-misses             #    0.18% of all branches          ( +-  1.69% )  (81.97%)

          0.009405 +- 0.000540 seconds time elapsed  ( +-  5.75% )


 Performance counter stats for './mandelbrot_omp -0.188 -0.012 0.554 0.754 128 8' (10 runs):

             46.69 msec task-clock                #    6.472 CPUs utilized            ( +-  6.11% )
                 3      context-switches          #    0.056 K/sec                    ( +- 34.50% )
                 0      cpu-migrations            #    0.000 K/sec                  
                91      page-faults               #    0.002 M/sec                    ( +-  0.29% )
        98,554,692      cycles                    #    2.111 GHz                      ( +-  4.14% )  (34.49%)
        75,474,141      stalled-cycles-frontend   #   76.58% frontend cycles idle     ( +-  2.39% )  (81.99%)
        24,760,868      stalled-cycles-backend    #   25.12% backend cycles idle      ( +-  5.48% )
        89,002,504      instructions              #    0.90  insn per cycle         
                                                  #    0.85  stalled cycles per insn  ( +-  1.31% )
        11,933,281      branches                  #  255.585 M/sec                    ( +-  2.80% )
            20,453      branch-misses             #    0.17% of all branches          ( +-  3.41% )  (83.52%)

          0.007215 +- 0.000415 seconds time elapsed  ( +-  5.75% )


 Performance counter stats for './mandelbrot_omp -0.188 -0.012 0.554 0.754 128 16' (10 runs):

             44.94 msec task-clock                #   10.715 CPUs utilized            ( +-  3.28% )
                 0      context-switches          #    0.009 K/sec                    ( +- 40.82% )
                 0      cpu-migrations            #    0.000 K/sec                  
               109      page-faults               #    0.002 M/sec                    ( +-  0.41% )
       121,796,746      cycles                    #    2.710 GHz                      ( +-  2.63% )  (59.91%)
        86,862,698      stalled-cycles-frontend   #   71.32% frontend cycles idle     ( +-  1.28% )
        34,428,534      stalled-cycles-backend    #   28.27% backend cycles idle      ( +-  2.48% )
        95,378,241      instructions              #    0.78  insn per cycle         
                                                  #    0.91  stalled cycles per insn  ( +-  0.75% )
        13,706,842      branches                  #  305.028 M/sec                    ( +-  1.49% )
            23,104      branch-misses             #    0.17% of all branches          ( +- 23.05% )  (40.09%)

          0.004194 +- 0.000177 seconds time elapsed  ( +-  4.23% )


 Performance counter stats for './mandelbrot_omp -0.188 -0.012 0.554 0.754 128 32' (10 runs):

            131.31 msec task-clock                #   21.014 CPUs utilized            ( +-  7.25% )
                29      context-switches          #    0.219 K/sec                    ( +- 16.17% )
                 5      cpu-migrations            #    0.036 K/sec                    ( +- 16.19% )
               142      page-faults               #    0.001 M/sec                    ( +-  0.24% )
       365,495,199      cycles                    #    2.784 GHz                      ( +-  6.55% )  (47.10%)
       270,458,388      stalled-cycles-frontend   #   74.00% frontend cycles idle     ( +-  6.50% )  (97.52%)
       174,461,410      stalled-cycles-backend    #   47.73% backend cycles idle      ( +-  7.75% )
       176,417,243      instructions              #    0.48  insn per cycle         
                                                  #    1.53  stalled cycles per insn  ( +-  4.81% )
        36,748,439      branches                  #  279.869 M/sec                    ( +-  6.59% )
            23,793      branch-misses             #    0.06% of all branches          ( +- 15.38% )  (55.37%)

          0.006249 +- 0.000434 seconds time elapsed  ( +-  6.94% )


 Performance counter stats for './mandelbrot_omp -0.188 -0.012 0.554 0.754 256 1' (10 runs):

            110.13 msec task-clock                #    0.996 CPUs utilized            ( +-  6.93% )
                 0      context-switches          #    0.000 K/sec                  
                 0      cpu-migrations            #    0.000 K/sec                  
                76      page-faults               #    0.695 K/sec                    ( +-  0.56% )
       314,525,630      cycles                    #    2.856 GHz                      ( +-  0.27% )  (81.18%)
       233,613,484      stalled-cycles-frontend   #   74.27% frontend cycles idle     ( +-  0.21% )  (83.23%)
        52,396,976      stalled-cycles-backend    #   16.66% backend cycles idle      ( +-  0.85% )  (68.01%)
       314,132,836      instructions              #    1.00  insn per cycle         
                                                  #    0.74  stalled cycles per insn  ( +-  0.16% )  (84.07%)
        36,260,399      branches                  #  329.237 M/sec                    ( +-  0.14% )  (84.38%)
            69,438      branch-misses             #    0.19% of all branches          ( +-  1.39% )  (83.19%)

           0.11057 +- 0.00763 seconds time elapsed  ( +-  6.90% )


 Performance counter stats for './mandelbrot_omp -0.188 -0.012 0.554 0.754 256 2' (10 runs):

            113.86 msec task-clock                #    1.879 CPUs utilized            ( +-  4.54% )
                 1      context-switches          #    0.009 K/sec                  
                 0      cpu-migrations            #    0.000 K/sec                  
                78      page-faults               #    0.688 K/sec                    ( +-  0.47% )
       322,328,635      cycles                    #    2.831 GHz                      ( +-  0.35% )  (80.26%)
       238,462,657      stalled-cycles-frontend   #   73.98% frontend cycles idle     ( +-  0.30% )  (82.63%)
        55,649,777      stalled-cycles-backend    #   17.26% backend cycles idle      ( +-  0.74% )  (69.66%)
       314,532,435      instructions              #    0.98  insn per cycle         
                                                  #    0.76  stalled cycles per insn  ( +-  0.49% )  (85.25%)
        36,621,951      branches                  #  321.631 M/sec                    ( +-  0.34% )  (85.25%)
            69,216      branch-misses             #    0.19% of all branches          ( +-  1.69% )  (82.20%)

           0.06060 +- 0.00299 seconds time elapsed  ( +-  4.93% )


 Performance counter stats for './mandelbrot_omp -0.188 -0.012 0.554 0.754 256 4' (10 runs):

            129.17 msec task-clock                #    3.665 CPUs utilized            ( +-  5.39% )
                 2      context-switches          #    0.017 K/sec                    ( +- 14.85% )
                 0      cpu-migrations            #    0.000 K/sec                  
                84      page-faults               #    0.649 K/sec                    ( +-  0.43% )
       331,251,204      cycles                    #    2.564 GHz                      ( +-  0.61% )  (77.46%)
       247,074,908      stalled-cycles-frontend   #   74.59% frontend cycles idle     ( +-  0.50% )  (82.10%)
        60,832,710      stalled-cycles-backend    #   18.36% backend cycles idle      ( +-  0.85% )  (72.42%)
       313,185,083      instructions              #    0.95  insn per cycle         
                                                  #    0.79  stalled cycles per insn  ( +-  0.45% )  (86.63%)
        37,323,027      branches                  #  288.947 M/sec                    ( +-  0.42% )  (86.69%)
            69,980      branch-misses             #    0.19% of all branches          ( +-  1.80% )  (81.33%)

           0.03524 +- 0.00191 seconds time elapsed  ( +-  5.41% )


 Performance counter stats for './mandelbrot_omp -0.188 -0.012 0.554 0.754 256 8' (10 runs):

            132.13 msec task-clock                #    7.114 CPUs utilized            ( +-  4.31% )
                 3      context-switches          #    0.024 K/sec                    ( +- 18.52% )
                 0      cpu-migrations            #    0.000 K/sec                  
                92      page-faults               #    0.694 K/sec                    ( +-  0.37% )
       342,118,110      cycles                    #    2.589 GHz                      ( +-  1.78% )  (75.96%)
       259,959,703      stalled-cycles-frontend   #   75.99% frontend cycles idle     ( +-  0.94% )  (75.80%)
        60,351,476      stalled-cycles-backend    #   17.64% backend cycles idle      ( +-  3.29% )  (64.32%)
       320,711,968      instructions              #    0.94  insn per cycle         
                                                  #    0.81  stalled cycles per insn  ( +-  1.31% )  (87.56%)
        39,209,265      branches                  #  296.750 M/sec                    ( +-  0.72% )  (96.80%)
            70,686      branch-misses             #    0.18% of all branches          ( +-  1.23% )  (87.13%)

          0.018574 +- 0.000899 seconds time elapsed  ( +-  4.84% )


 Performance counter stats for './mandelbrot_omp -0.188 -0.012 0.554 0.754 256 16' (10 runs):

            138.04 msec task-clock                #   13.725 CPUs utilized            ( +-  7.17% )
                 6      context-switches          #    0.041 K/sec                    ( +- 16.88% )
                 0      cpu-migrations            #    0.000 K/sec                  
               108      page-faults               #    0.785 K/sec                    ( +-  0.37% )
       380,871,494      cycles                    #    2.759 GHz                      ( +-  0.24% )  (54.20%)
       282,269,151      stalled-cycles-frontend   #   74.11% frontend cycles idle     ( +-  0.60% )  (69.93%)
        84,401,499      stalled-cycles-backend    #   22.16% backend cycles idle      ( +-  1.26% )  (92.99%)
       343,454,364      instructions              #    0.90  insn per cycle         
                                                  #    0.82  stalled cycles per insn  ( +-  0.58% )  (98.02%)
        44,072,375      branches                  #  319.278 M/sec                    ( +-  0.38% )
            72,435      branch-misses             #    0.16% of all branches          ( +-  2.01% )  (82.88%)

          0.010058 +- 0.000806 seconds time elapsed  ( +-  8.02% )


 Performance counter stats for './mandelbrot_omp -0.188 -0.012 0.554 0.754 256 32' (10 runs):

            226.75 msec task-clock                #   22.424 CPUs utilized            ( +-  8.83% )
                21      context-switches          #    0.093 K/sec                    ( +- 25.09% )
                 5      cpu-migrations            #    0.022 K/sec                    ( +- 23.85% )
               142      page-faults               #    0.628 K/sec                    ( +-  0.30% )
       616,753,028      cycles                    #    2.720 GHz                      ( +-  3.45% )  (53.90%)
       466,970,341      stalled-cycles-frontend   #   75.71% frontend cycles idle     ( +-  3.32% )  (69.75%)
       218,627,520      stalled-cycles-backend    #   35.45% backend cycles idle      ( +-  5.38% )  (92.65%)
       404,482,920      instructions              #    0.66  insn per cycle         
                                                  #    1.15  stalled cycles per insn  ( +-  1.93% )  (98.92%)
        61,883,402      branches                  #  272.913 M/sec                    ( +-  3.61% )
            83,936      branch-misses             #    0.14% of all branches          ( +-  2.62% )  (83.70%)

          0.010112 +- 0.000925 seconds time elapsed  ( +-  9.14% )


 Performance counter stats for './mandelbrot_omp -0.188 -0.012 0.554 0.754 512 1' (10 runs):

            472.03 msec task-clock                #    0.999 CPUs utilized            ( +-  8.41% )
                 0      context-switches          #    0.001 K/sec                    ( +- 33.33% )
                 0      cpu-migrations            #    0.000 K/sec                  
                76      page-faults               #    0.162 K/sec                    ( +-  0.44% )
     1,251,322,342      cycles                    #    2.651 GHz                      ( +-  0.05% )  (83.05%)
       923,773,937      stalled-cycles-frontend   #   73.82% frontend cycles idle     ( +-  0.06% )  (83.08%)
       204,269,100      stalled-cycles-backend    #   16.32% backend cycles idle      ( +-  0.15% )  (66.86%)
     1,256,240,939      instructions              #    1.00  insn per cycle         
                                                  #    0.74  stalled cycles per insn  ( +-  0.08% )  (83.51%)
       145,012,461      branches                  #  307.209 M/sec                    ( +-  0.07% )  (83.62%)
           265,984      branch-misses             #    0.18% of all branches          ( +-  0.60% )  (83.38%)

            0.4725 +- 0.0397 seconds time elapsed  ( +-  8.41% )


 Performance counter stats for './mandelbrot_omp -0.188 -0.012 0.554 0.754 512 2' (10 runs):

            447.74 msec task-clock                #    1.792 CPUs utilized            ( +-  6.33% )
                 2      context-switches          #    0.005 K/sec                    ( +- 11.34% )
                 1      cpu-migrations            #    0.001 K/sec                    ( +- 27.22% )
                79      page-faults               #    0.176 K/sec                    ( +-  0.44% )
     1,261,820,130      cycles                    #    2.818 GHz                      ( +-  0.14% )  (82.88%)
       930,345,201      stalled-cycles-frontend   #   73.73% frontend cycles idle     ( +-  0.10% )  (82.94%)
       207,162,882      stalled-cycles-backend    #   16.42% backend cycles idle      ( +-  0.40% )  (66.62%)
     1,258,169,434      instructions              #    1.00  insn per cycle         
                                                  #    0.74  stalled cycles per insn  ( +-  0.16% )  (83.60%)
       145,235,164      branches                  #  324.373 M/sec                    ( +-  0.16% )  (84.03%)
           266,916      branch-misses             #    0.18% of all branches          ( +-  0.41% )  (83.53%)

            0.2498 +- 0.0200 seconds time elapsed  ( +-  8.00% )


 Performance counter stats for './mandelbrot_omp -0.188 -0.012 0.554 0.754 512 4' (10 runs):

            501.32 msec task-clock                #    3.535 CPUs utilized            ( +-  9.11% )
                 5      context-switches          #    0.009 K/sec                    ( +-  6.64% )
                 0      cpu-migrations            #    0.000 K/sec                    ( +- 66.67% )
                84      page-faults               #    0.167 K/sec                    ( +-  0.57% )
     1,270,598,962      cycles                    #    2.535 GHz                      ( +-  0.34% )  (82.09%)
       942,535,935      stalled-cycles-frontend   #   74.18% frontend cycles idle     ( +-  0.23% )  (82.20%)
       212,031,775      stalled-cycles-backend    #   16.69% backend cycles idle      ( +-  0.84% )  (67.05%)
     1,259,421,695      instructions              #    0.99  insn per cycle         
                                                  #    0.75  stalled cycles per insn  ( +-  0.29% )  (83.97%)
       146,412,922      branches                  #  292.058 M/sec                    ( +-  0.22% )  (84.81%)
           269,818      branch-misses             #    0.18% of all branches          ( +-  0.64% )  (83.85%)

            0.1418 +- 0.0152 seconds time elapsed  ( +- 10.70% )


 Performance counter stats for './mandelbrot_omp -0.188 -0.012 0.554 0.754 512 8' (10 runs):

            467.04 msec task-clock                #    7.256 CPUs utilized            ( +-  6.95% )
                 7      context-switches          #    0.014 K/sec                    ( +- 11.56% )
                 0      cpu-migrations            #    0.000 K/sec                    ( +- 66.67% )
                92      page-faults               #    0.196 K/sec                    ( +-  0.24% )
     1,284,191,376      cycles                    #    2.750 GHz                      ( +-  0.28% )  (79.94%)
       958,549,414      stalled-cycles-frontend   #   74.64% frontend cycles idle     ( +-  0.36% )  (82.16%)
       221,826,513      stalled-cycles-backend    #   17.27% backend cycles idle      ( +-  0.61% )  (69.34%)
     1,257,764,768      instructions              #    0.98  insn per cycle         
                                                  #    0.76  stalled cycles per insn  ( +-  0.26% )  (85.20%)
       147,334,905      branches                  #  315.463 M/sec                    ( +-  0.20% )  (85.80%)
           267,311      branch-misses             #    0.18% of all branches          ( +-  0.20% )  (82.76%)

           0.06437 +- 0.00532 seconds time elapsed  ( +-  8.26% )


 Performance counter stats for './mandelbrot_omp -0.188 -0.012 0.554 0.754 512 16' (10 runs):

            472.26 msec task-clock                #   14.138 CPUs utilized            ( +-  2.02% )
                15      context-switches          #    0.032 K/sec                    ( +-  4.25% )
                 0      cpu-migrations            #    0.001 K/sec                    ( +- 68.31% )
               110      page-faults               #    0.232 K/sec                    ( +-  0.37% )
     1,351,868,608      cycles                    #    2.863 GHz                      ( +-  0.34% )  (76.66%)
     1,006,997,234      stalled-cycles-frontend   #   74.49% frontend cycles idle     ( +-  0.31% )  (83.12%)
       266,485,360      stalled-cycles-backend    #   19.71% backend cycles idle      ( +-  0.67% )  (72.56%)
     1,276,850,657      instructions              #    0.94  insn per cycle         
                                                  #    0.79  stalled cycles per insn  ( +-  0.28% )  (86.46%)
       155,359,125      branches                  #  328.972 M/sec                    ( +-  0.64% )  (86.83%)
           272,156      branch-misses             #    0.18% of all branches          ( +-  0.21% )  (80.83%)

          0.033404 +- 0.000626 seconds time elapsed  ( +-  1.87% )


 Performance counter stats for './mandelbrot_omp -0.188 -0.012 0.554 0.754 512 32' (10 runs):

            602.89 msec task-clock                #   22.924 CPUs utilized            ( +-  1.62% )
                30      context-switches          #    0.049 K/sec                    ( +- 11.59% )
                 5      cpu-migrations            #    0.008 K/sec                    ( +- 21.82% )
               142      page-faults               #    0.236 K/sec                    ( +-  0.31% )
     1,751,000,173      cycles                    #    2.904 GHz                      ( +-  0.72% )  (80.65%)
     1,349,343,739      stalled-cycles-frontend   #   77.06% frontend cycles idle     ( +-  0.61% )  (79.16%)
       523,235,572      stalled-cycles-backend    #   29.88% backend cycles idle      ( +-  1.79% )  (59.32%)
     1,340,005,258      instructions              #    0.77  insn per cycle         
                                                  #    1.01  stalled cycles per insn  ( +-  0.44% )  (80.11%)
       173,369,023      branches                  #  287.565 M/sec                    ( +-  0.73% )  (86.94%)
           291,592      branch-misses             #    0.17% of all branches          ( +-  0.64% )  (93.93%)

           0.02630 +- 0.00128 seconds time elapsed  ( +-  4.88% )


 Performance counter stats for './mandelbrot_omp -0.188 -0.012 0.554 0.754 1024 1' (10 runs):

          1,666.65 msec task-clock                #    1.000 CPUs utilized            ( +-  2.88% )
                 2      context-switches          #    0.001 K/sec                    ( +-  9.09% )
                 0      cpu-migrations            #    0.000 K/sec                  
                76      page-faults               #    0.046 K/sec                    ( +-  0.44% )
     5,000,679,902      cycles                    #    3.000 GHz                      ( +-  0.01% )  (83.27%)
     3,686,650,769      stalled-cycles-frontend   #   73.72% frontend cycles idle     ( +-  0.02% )  (83.29%)
       812,572,578      stalled-cycles-backend    #   16.25% backend cycles idle      ( +-  0.11% )  (66.67%)
     5,023,105,815      instructions              #    1.00  insn per cycle         
                                                  #    0.73  stalled cycles per insn  ( +-  0.01% )  (83.36%)
       580,114,464      branches                  #  348.073 M/sec                    ( +-  0.01% )  (83.41%)
         1,043,329      branch-misses             #    0.18% of all branches          ( +-  0.09% )  (83.36%)

            1.6670 +- 0.0481 seconds time elapsed  ( +-  2.88% )


 Performance counter stats for './mandelbrot_omp -0.188 -0.012 0.554 0.754 1024 2' (10 runs):

          1,991.11 msec task-clock                #    1.747 CPUs utilized            ( +-  2.73% )
                 6      context-switches          #    0.003 K/sec                    ( +-  4.57% )
                 1      cpu-migrations            #    0.001 K/sec                  
                96      page-faults               #    0.048 K/sec                    ( +-  0.61% )
     5,011,381,641      cycles                    #    2.517 GHz                      ( +-  0.03% )  (83.18%)
     3,695,359,093      stalled-cycles-frontend   #   73.74% frontend cycles idle     ( +-  0.05% )  (83.23%)
       819,025,133      stalled-cycles-backend    #   16.34% backend cycles idle      ( +-  0.07% )  (66.66%)
     5,024,888,771      instructions              #    1.00  insn per cycle         
                                                  #    0.74  stalled cycles per insn  ( +-  0.04% )  (83.37%)
       581,175,648      branches                  #  291.886 M/sec                    ( +-  0.04% )  (83.49%)
         1,052,495      branch-misses             #    0.18% of all branches          ( +-  0.19% )  (83.45%)

            1.1395 +- 0.0224 seconds time elapsed  ( +-  1.96% )


 Performance counter stats for './mandelbrot_omp -0.188 -0.012 0.554 0.754 1024 4' (10 runs):

          1,871.91 msec task-clock                #    3.491 CPUs utilized            ( +-  5.98% )
                 7      context-switches          #    0.004 K/sec                    ( +-  7.04% )
                 1      cpu-migrations            #    0.001 K/sec                    ( +-  9.09% )
                83      page-faults               #    0.044 K/sec                    ( +-  0.36% )
     5,033,583,106      cycles                    #    2.689 GHz                      ( +-  0.06% )  (83.09%)
     3,709,009,419      stalled-cycles-frontend   #   73.69% frontend cycles idle     ( +-  0.04% )  (83.21%)
       826,494,226      stalled-cycles-backend    #   16.42% backend cycles idle      ( +-  0.11% )  (66.71%)
     5,026,823,247      instructions              #    1.00  insn per cycle         
                                                  #    0.74  stalled cycles per insn  ( +-  0.08% )  (83.40%)
       581,217,534      branches                  #  310.494 M/sec                    ( +-  0.06% )  (83.59%)
         1,048,117      branch-misses             #    0.18% of all branches          ( +-  0.14% )  (83.40%)

            0.5362 +- 0.0420 seconds time elapsed  ( +-  7.84% )


 Performance counter stats for './mandelbrot_omp -0.188 -0.012 0.554 0.754 1024 8' (10 runs):

          2,071.23 msec task-clock                #    6.388 CPUs utilized            ( +-  8.44% )
                11      context-switches          #    0.006 K/sec                    ( +-  8.19% )
                 1      cpu-migrations            #    0.001 K/sec                    ( +- 34.42% )
                92      page-faults               #    0.044 K/sec                    ( +-  0.29% )
     5,057,586,271      cycles                    #    2.442 GHz                      ( +-  0.11% )  (82.76%)
     3,736,847,249      stalled-cycles-frontend   #   73.89% frontend cycles idle     ( +-  0.20% )  (83.02%)
       838,576,887      stalled-cycles-backend    #   16.58% backend cycles idle      ( +-  0.45% )  (66.88%)
     5,029,779,032      instructions              #    0.99  insn per cycle         
                                                  #    0.74  stalled cycles per insn  ( +-  0.10% )  (83.56%)
       581,519,048      branches                  #  280.760 M/sec                    ( +-  0.08% )  (83.78%)
         1,051,596      branch-misses             #    0.18% of all branches          ( +-  0.13% )  (83.56%)

            0.3242 +- 0.0382 seconds time elapsed  ( +- 11.77% )


 Performance counter stats for './mandelbrot_omp -0.188 -0.012 0.554 0.754 1024 16' (10 runs):

          1,950.05 msec task-clock                #   13.440 CPUs utilized            ( +-  7.29% )
                19      context-switches          #    0.010 K/sec                    ( +-  6.20% )
                 1      cpu-migrations            #    0.001 K/sec                    ( +- 36.99% )
               109      page-faults               #    0.056 K/sec                    ( +-  0.39% )
     5,181,186,636      cycles                    #    2.657 GHz                      ( +-  0.28% )  (82.57%)
     3,832,441,682      stalled-cycles-frontend   #   73.97% frontend cycles idle     ( +-  0.29% )  (82.93%)
       912,975,810      stalled-cycles-backend    #   17.62% backend cycles idle      ( +-  0.68% )  (66.99%)
     5,042,388,464      instructions              #    0.97  insn per cycle         
                                                  #    0.76  stalled cycles per insn  ( +-  0.11% )  (83.64%)
       589,262,903      branches                  #  302.179 M/sec                    ( +-  0.21% )  (84.19%)
         1,059,540      branch-misses             #    0.18% of all branches          ( +-  0.18% )  (83.33%)

            0.1451 +- 0.0117 seconds time elapsed  ( +-  8.07% )


 Performance counter stats for './mandelbrot_omp -0.188 -0.012 0.554 0.754 1024 32' (10 runs):

          2,151.80 msec task-clock                #   26.597 CPUs utilized            ( +-  3.26% )
                39      context-switches          #    0.018 K/sec                    ( +-  4.89% )
                 3      cpu-migrations            #    0.001 K/sec                    ( +- 17.50% )
               143      page-faults               #    0.067 K/sec                    ( +-  0.30% )
     6,144,246,709      cycles                    #    2.855 GHz                      ( +-  0.31% )  (82.09%)
     4,764,939,445      stalled-cycles-frontend   #   77.55% frontend cycles idle     ( +-  0.18% )  (82.36%)
     1,476,630,689      stalled-cycles-backend    #   24.03% backend cycles idle      ( +-  0.49% )  (65.98%)
     5,111,114,892      instructions              #    0.83  insn per cycle         
                                                  #    0.93  stalled cycles per insn  ( +-  0.09% )  (83.30%)
       608,386,784      branches                  #  282.734 M/sec                    ( +-  0.12% )  (84.78%)
         1,080,473      branch-misses             #    0.18% of all branches          ( +-  0.42% )  (84.79%)

           0.08090 +- 0.00481 seconds time elapsed  ( +-  5.95% )


 Performance counter stats for './mandelbrot_omp -0.188 -0.012 0.554 0.754 2048 1' (10 runs):

          6,282.53 msec task-clock                #    1.000 CPUs utilized            ( +-  0.74% )
                 5      context-switches          #    0.001 K/sec                    ( +- 10.05% )
                 0      cpu-migrations            #    0.000 K/sec                  
                76      page-faults               #    0.012 K/sec                    ( +-  0.41% )
    19,993,183,031      cycles                    #    3.182 GHz                      ( +-  0.00% )  (83.30%)
    14,733,296,227      stalled-cycles-frontend   #   73.69% frontend cycles idle     ( +-  0.01% )  (83.31%)
     3,238,807,018      stalled-cycles-backend    #   16.20% backend cycles idle      ( +-  0.08% )  (66.69%)
    20,091,909,347      instructions              #    1.00  insn per cycle         
                                                  #    0.73  stalled cycles per insn  ( +-  0.00% )  (83.36%)
     2,320,006,952      branches                  #  369.279 M/sec                    ( +-  0.00% )  (83.36%)
         4,132,730      branch-misses             #    0.18% of all branches          ( +-  0.03% )  (83.34%)

            6.2831 +- 0.0464 seconds time elapsed  ( +-  0.74% )


 Performance counter stats for './mandelbrot_omp -0.188 -0.012 0.554 0.754 2048 2' (10 runs):

          6,547.34 msec task-clock                #    1.874 CPUs utilized            ( +-  1.35% )
                10      context-switches          #    0.001 K/sec                    ( +-  2.83% )
                 1      cpu-migrations            #    0.000 K/sec                  
               103      page-faults               #    0.016 K/sec                    ( +-  0.52% )
    20,029,063,656      cycles                    #    3.059 GHz                      ( +-  0.01% )  (83.29%)
    14,763,294,336      stalled-cycles-frontend   #   73.71% frontend cycles idle     ( +-  0.01% )  (83.32%)
     3,264,542,281      stalled-cycles-backend    #   16.30% backend cycles idle      ( +-  0.04% )  (66.67%)
    20,089,658,509      instructions              #    1.00  insn per cycle         
                                                  #    0.73  stalled cycles per insn  ( +-  0.01% )  (83.34%)
     2,320,354,969      branches                  #  354.397 M/sec                    ( +-  0.01% )  (83.36%)
         4,136,264      branch-misses             #    0.18% of all branches          ( +-  0.03% )  (83.35%)

            3.4947 +- 0.0571 seconds time elapsed  ( +-  1.63% )


 Performance counter stats for './mandelbrot_omp -0.188 -0.012 0.554 0.754 2048 4' (10 runs):

          7,174.19 msec task-clock                #    3.695 CPUs utilized            ( +-  1.76% )
                15      context-switches          #    0.002 K/sec                    ( +-  6.20% )
                 2      cpu-migrations            #    0.000 K/sec                    ( +- 16.57% )
               110      page-faults               #    0.015 K/sec                    ( +-  0.81% )
    20,053,836,870      cycles                    #    2.795 GHz                      ( +-  0.03% )  (83.27%)
    14,789,741,309      stalled-cycles-frontend   #   73.75% frontend cycles idle     ( +-  0.02% )  (83.29%)
     3,282,432,644      stalled-cycles-backend    #   16.37% backend cycles idle      ( +-  0.05% )  (66.66%)
    20,092,549,753      instructions              #    1.00  insn per cycle         
                                                  #    0.74  stalled cycles per insn  ( +-  0.03% )  (83.35%)
     2,321,605,699      branches                  #  323.605 M/sec                    ( +-  0.01% )  (83.42%)
         4,142,998      branch-misses             #    0.18% of all branches          ( +-  0.02% )  (83.37%)

            1.9417 +- 0.0318 seconds time elapsed  ( +-  1.64% )


 Performance counter stats for './mandelbrot_omp -0.188 -0.012 0.554 0.754 2048 8' (10 runs):

          7,015.38 msec task-clock                #    6.980 CPUs utilized            ( +-  3.12% )
                15      context-switches          #    0.002 K/sec                    ( +-  7.38% )
                 2      cpu-migrations            #    0.000 K/sec                    ( +- 25.97% )
               103      page-faults               #    0.015 K/sec                    ( +-  4.91% )
    20,069,697,026      cycles                    #    2.861 GHz                      ( +-  0.03% )  (83.18%)
    14,804,550,461      stalled-cycles-frontend   #   73.77% frontend cycles idle     ( +-  0.02% )  (83.26%)
     3,294,378,692      stalled-cycles-backend    #   16.41% backend cycles idle      ( +-  0.10% )  (66.74%)
    20,100,999,445      instructions              #    1.00  insn per cycle         
                                                  #    0.74  stalled cycles per insn  ( +-  0.02% )  (83.39%)
     2,323,215,299      branches                  #  331.160 M/sec                    ( +-  0.03% )  (83.45%)
         4,145,358      branch-misses             #    0.18% of all branches          ( +-  0.08% )  (83.37%)

            1.0050 +- 0.0470 seconds time elapsed  ( +-  4.68% )


 Performance counter stats for './mandelbrot_omp -0.188 -0.012 0.554 0.754 2048 16' (10 runs):

          6,773.21 msec task-clock                #   13.997 CPUs utilized            ( +-  0.14% )
                28      context-switches          #    0.004 K/sec                    ( +-  5.86% )
                 2      cpu-migrations            #    0.000 K/sec                    ( +- 17.13% )
               108      page-faults               #    0.016 K/sec                    ( +-  0.34% )
    20,322,094,397      cycles                    #    3.000 GHz                      ( +-  0.20% )  (83.18%)
    15,029,348,737      stalled-cycles-frontend   #   73.96% frontend cycles idle     ( +-  0.27% )  (83.24%)
     3,430,407,067      stalled-cycles-backend    #   16.88% backend cycles idle      ( +-  0.64% )  (66.71%)
    20,118,495,362      instructions              #    0.99  insn per cycle         
                                                  #    0.75  stalled cycles per insn  ( +-  0.02% )  (83.42%)
     2,330,117,434      branches                  #  344.020 M/sec                    ( +-  0.02% )  (83.55%)
         4,154,221      branch-misses             #    0.18% of all branches          ( +-  0.02% )  (83.32%)

           0.48389 +- 0.00433 seconds time elapsed  ( +-  0.89% )


 Performance counter stats for './mandelbrot_omp -0.188 -0.012 0.554 0.754 2048 32' (10 runs):

          8,154.88 msec task-clock                #   27.302 CPUs utilized            ( +-  1.25% )
                74      context-switches          #    0.009 K/sec                    ( +-  4.80% )
                 5      cpu-migrations            #    0.001 K/sec                    ( +- 19.77% )
               143      page-faults               #    0.018 K/sec                    ( +-  0.32% )
    23,617,569,514      cycles                    #    2.896 GHz                      ( +-  0.11% )  (82.74%)
    18,290,273,993      stalled-cycles-frontend   #   77.44% frontend cycles idle     ( +-  0.15% )  (82.99%)
     5,288,454,238      stalled-cycles-backend    #   22.39% backend cycles idle      ( +-  0.34% )  (66.80%)
    20,184,833,383      instructions              #    0.85  insn per cycle         
                                                  #    0.91  stalled cycles per insn  ( +-  0.04% )  (83.54%)
     2,350,062,185      branches                  #  288.179 M/sec                    ( +-  0.05% )  (83.84%)
         4,188,697      branch-misses             #    0.18% of all branches          ( +-  0.09% )  (83.64%)

           0.29870 +- 0.00978 seconds time elapsed  ( +-  3.27% )


 Performance counter stats for './mandelbrot_omp -0.188 -0.012 0.554 0.754 4096 1' (10 runs):

         24,465.91 msec task-clock                #    1.000 CPUs utilized            ( +-  0.17% )
                20      context-switches          #    0.001 K/sec                    ( +- 29.42% )
                 0      cpu-migrations            #    0.000 K/sec                  
                77      page-faults               #    0.003 K/sec                    ( +-  0.34% )
    79,961,835,180      cycles                    #    3.268 GHz                      ( +-  0.00% )  (83.33%)
    58,917,922,616      stalled-cycles-frontend   #   73.68% frontend cycles idle     ( +-  0.00% )  (83.33%)
    12,965,314,756      stalled-cycles-backend    #   16.21% backend cycles idle      ( +-  0.10% )  (66.67%)
    80,359,739,383      instructions              #    1.00  insn per cycle         
                                                  #    0.73  stalled cycles per insn  ( +-  0.00% )  (83.34%)
     9,278,954,096      branches                  #  379.261 M/sec                    ( +-  0.00% )  (83.34%)
        16,412,987      branch-misses             #    0.18% of all branches          ( +-  0.02% )  (83.34%)

           24.4674 +- 0.0427 seconds time elapsed  ( +-  0.17% )


 Performance counter stats for './mandelbrot_omp -0.188 -0.012 0.554 0.754 4096 2' (10 runs):

         24,791.22 msec task-clock                #    1.872 CPUs utilized            ( +-  0.26% )
                15      context-switches          #    0.001 K/sec                    ( +-  4.22% )
                 1      cpu-migrations            #    0.000 K/sec                  
               113      page-faults               #    0.005 K/sec                    ( +-  0.41% )
    80,095,051,721      cycles                    #    3.231 GHz                      ( +-  0.01% )  (83.32%)
    59,040,612,928      stalled-cycles-frontend   #   73.71% frontend cycles idle     ( +-  0.01% )  (83.33%)
    13,099,932,930      stalled-cycles-backend    #   16.36% backend cycles idle      ( +-  0.37% )  (66.66%)
    80,353,298,299      instructions              #    1.00  insn per cycle         
                                                  #    0.73  stalled cycles per insn  ( +-  0.00% )  (83.34%)
     9,278,905,884      branches                  #  374.282 M/sec                    ( +-  0.00% )  (83.34%)
        16,416,722      branch-misses             #    0.18% of all branches          ( +-  0.01% )  (83.34%)

           13.2413 +- 0.0535 seconds time elapsed  ( +-  0.40% )


 Performance counter stats for './mandelbrot_omp -0.188 -0.012 0.554 0.754 4096 4' (10 runs):

         25,435.12 msec task-clock                #    3.693 CPUs utilized            ( +-  0.61% )
                22      context-switches          #    0.001 K/sec                    ( +-  6.40% )
                 2      cpu-migrations            #    0.000 K/sec                    ( +- 30.77% )
               124      page-faults               #    0.005 K/sec                    ( +-  1.28% )
    80,142,887,496      cycles                    #    3.151 GHz                      ( +-  0.01% )  (83.31%)
    59,091,319,488      stalled-cycles-frontend   #   73.73% frontend cycles idle     ( +-  0.01% )  (83.33%)
    13,121,040,616      stalled-cycles-backend    #   16.37% backend cycles idle      ( +-  0.19% )  (66.68%)
    80,358,741,988      instructions              #    1.00  insn per cycle         
                                                  #    0.74  stalled cycles per insn  ( +-  0.00% )  (83.34%)
     9,280,515,796      branches                  #  364.870 M/sec                    ( +-  0.00% )  (83.35%)
        16,424,668      branch-misses             #    0.18% of all branches          ( +-  0.02% )  (83.33%)

            6.8878 +- 0.0444 seconds time elapsed  ( +-  0.64% )


 Performance counter stats for './mandelbrot_omp -0.188 -0.012 0.554 0.754 4096 8' (10 runs):

         25,837.89 msec task-clock                #    7.247 CPUs utilized            ( +-  0.92% )
                39      context-switches          #    0.002 K/sec                    ( +-  5.71% )
                 5      cpu-migrations            #    0.000 K/sec                    ( +- 11.03% )
               154      page-faults               #    0.006 K/sec                    ( +-  0.78% )
    80,180,531,433      cycles                    #    3.103 GHz                      ( +-  0.01% )  (83.30%)
    59,109,836,566      stalled-cycles-frontend   #   73.72% frontend cycles idle     ( +-  0.02% )  (83.31%)
    13,112,816,440      stalled-cycles-backend    #   16.35% backend cycles idle      ( +-  0.06% )  (66.68%)
    80,382,689,407      instructions              #    1.00  insn per cycle         
                                                  #    0.74  stalled cycles per insn  ( +-  0.01% )  (83.35%)
     9,284,849,960      branches                  #  359.350 M/sec                    ( +-  0.01% )  (83.37%)
        16,442,656      branch-misses             #    0.18% of all branches          ( +-  0.02% )  (83.34%)

            3.5653 +- 0.0468 seconds time elapsed  ( +-  1.31% )


 Performance counter stats for './mandelbrot_omp -0.188 -0.012 0.554 0.754 4096 16' (10 runs):

         27,695.67 msec task-clock                #   14.479 CPUs utilized            ( +-  2.05% )
                64      context-switches          #    0.002 K/sec                    ( +-  5.49% )
                 8      cpu-migrations            #    0.000 K/sec                    ( +- 12.79% )
               177      page-faults               #    0.006 K/sec                    ( +-  1.44% )
    80,533,773,121      cycles                    #    2.908 GHz                      ( +-  0.09% )  (83.25%)
    59,442,357,975      stalled-cycles-frontend   #   73.81% frontend cycles idle     ( +-  0.12% )  (83.28%)
    13,283,263,351      stalled-cycles-backend    #   16.49% backend cycles idle      ( +-  0.31% )  (66.68%)
    80,407,623,992      instructions              #    1.00  insn per cycle         
                                                  #    0.74  stalled cycles per insn  ( +-  0.01% )  (83.37%)
     9,290,853,916      branches                  #  335.462 M/sec                    ( +-  0.01% )  (83.42%)
        16,471,992      branch-misses             #    0.18% of all branches          ( +-  0.03% )  (83.36%)

            1.9128 +- 0.0401 seconds time elapsed  ( +-  2.10% )


 Performance counter stats for './mandelbrot_omp -0.188 -0.012 0.554 0.754 4096 32' (10 runs):

         32,896.99 msec task-clock                #   28.237 CPUs utilized            ( +-  1.07% )
               148      context-switches          #    0.004 K/sec                    ( +-  6.03% )
                20      cpu-migrations            #    0.001 K/sec                    ( +-  5.10% )
               244      page-faults               #    0.007 K/sec                    ( +-  0.98% )
    93,591,715,752      cycles                    #    2.845 GHz                      ( +-  0.09% )  (83.21%)
    72,511,190,976      stalled-cycles-frontend   #   77.48% frontend cycles idle     ( +-  0.12% )  (83.26%)
    20,660,590,176      stalled-cycles-backend    #   22.08% backend cycles idle      ( +-  0.24% )  (66.70%)
    80,453,361,399      instructions              #    0.86  insn per cycle         
                                                  #    0.90  stalled cycles per insn  ( +-  0.01% )  (83.38%)
     9,313,171,752      branches                  #  283.101 M/sec                    ( +-  0.01% )  (83.46%)
        16,580,432      branch-misses             #    0.18% of all branches          ( +-  0.04% )  (83.38%)

            1.1650 +- 0.0193 seconds time elapsed  ( +-  1.65% )


 Performance counter stats for './mandelbrot_omp -0.188 -0.012 0.554 0.754 8192 1' (10 runs):

         97,381.97 msec task-clock                #    1.000 CPUs utilized            ( +-  0.06% )
                47      context-switches          #    0.000 K/sec                    ( +-  5.57% )
                 0      cpu-migrations            #    0.000 K/sec                  
                76      page-faults               #    0.001 K/sec                    ( +-  0.59% )
   319,812,282,802      cycles                    #    3.284 GHz                      ( +-  0.00% )  (83.33%)
   235,635,105,857      stalled-cycles-frontend   #   73.68% frontend cycles idle     ( +-  0.00% )  (83.33%)
    51,807,463,905      stalled-cycles-backend    #   16.20% backend cycles idle      ( +-  0.10% )  (66.67%)
   321,425,109,971      instructions              #    1.01  insn per cycle         
                                                  #    0.73  stalled cycles per insn  ( +-  0.00% )  (83.33%)
    37,114,710,915      branches                  #  381.125 M/sec                    ( +-  0.00% )  (83.33%)
        65,401,183      branch-misses             #    0.18% of all branches          ( +-  0.03% )  (83.33%)

           97.3875 +- 0.0586 seconds time elapsed  ( +-  0.06% )


 Performance counter stats for './mandelbrot_omp -0.188 -0.012 0.554 0.754 8192 2' (10 runs):

         97,920.64 msec task-clock                #    1.879 CPUs utilized            ( +-  0.09% )
                46      context-switches          #    0.000 K/sec                    ( +-  4.75% )
                 1      cpu-migrations            #    0.000 K/sec                    ( +-  9.09% )
               144      page-faults               #    0.001 K/sec                    ( +-  0.21% )
   320,251,743,385      cycles                    #    3.271 GHz                      ( +-  0.00% )  (83.33%)
   236,062,234,871      stalled-cycles-frontend   #   73.71% frontend cycles idle     ( +-  0.00% )  (83.33%)
    52,159,803,742      stalled-cycles-backend    #   16.29% backend cycles idle      ( +-  0.05% )  (66.67%)
   321,413,490,305      instructions              #    1.00  insn per cycle         
                                                  #    0.73  stalled cycles per insn  ( +-  0.00% )  (83.33%)
    37,116,572,478      branches                  #  379.047 M/sec                    ( +-  0.00% )  (83.33%)
        65,356,623      branch-misses             #    0.18% of all branches          ( +-  0.01% )  (83.33%)

           52.1188 +- 0.0748 seconds time elapsed  ( +-  0.14% )


 Performance counter stats for './mandelbrot_omp -0.188 -0.012 0.554 0.754 8192 4' (10 runs):

         98,431.26 msec task-clock                #    3.670 CPUs utilized            ( +-  0.12% )
                71      context-switches          #    0.001 K/sec                    ( +- 12.11% )
                 4      cpu-migrations            #    0.000 K/sec                    ( +- 22.01% )
               156      page-faults               #    0.002 K/sec                    ( +-  1.67% )
   320,321,136,392      cycles                    #    3.254 GHz                      ( +-  0.01% )  (83.33%)
   236,158,345,794      stalled-cycles-frontend   #   73.73% frontend cycles idle     ( +-  0.01% )  (83.33%)
    52,219,131,036      stalled-cycles-backend    #   16.30% backend cycles idle      ( +-  0.07% )  (66.67%)
   321,419,278,554      instructions              #    1.00  insn per cycle         
                                                  #    0.73  stalled cycles per insn  ( +-  0.00% )  (83.34%)
    37,113,701,184      branches                  #  377.052 M/sec                    ( +-  0.00% )  (83.34%)
        65,377,710      branch-misses             #    0.18% of all branches          ( +-  0.02% )  (83.33%)

           26.8179 +- 0.0549 seconds time elapsed  ( +-  0.20% )


 Performance counter stats for './mandelbrot_omp -0.188 -0.012 0.554 0.754 8192 8' (10 runs):

        101,610.62 msec task-clock                #    7.337 CPUs utilized            ( +-  0.30% )
                86      context-switches          #    0.001 K/sec                    ( +- 10.01% )
                 9      cpu-migrations            #    0.000 K/sec                    ( +- 12.09% )
               203      page-faults               #    0.002 K/sec                    ( +-  1.14% )
   320,317,825,472      cycles                    #    3.152 GHz                      ( +-  0.01% )  (83.32%)
   236,135,874,778      stalled-cycles-frontend   #   73.72% frontend cycles idle     ( +-  0.01% )  (83.33%)
    52,160,734,535      stalled-cycles-backend    #   16.28% backend cycles idle      ( +-  0.04% )  (66.67%)
   321,431,304,440      instructions              #    1.00  insn per cycle         
                                                  #    0.73  stalled cycles per insn  ( +-  0.00% )  (83.34%)
    37,117,371,327      branches                  #  365.290 M/sec                    ( +-  0.00% )  (83.34%)
        65,407,285      branch-misses             #    0.18% of all branches          ( +-  0.02% )  (83.34%)

           13.8489 +- 0.0469 seconds time elapsed  ( +-  0.34% )


 Performance counter stats for './mandelbrot_omp -0.188 -0.012 0.554 0.754 8192 16' (10 runs):

        107,067.91 msec task-clock                #   14.635 CPUs utilized            ( +-  0.23% )
               131      context-switches          #    0.001 K/sec                    ( +-  5.34% )
                16      cpu-migrations            #    0.000 K/sec                    ( +- 12.69% )
               265      page-faults               #    0.002 K/sec                    ( +-  1.19% )
   321,138,570,796      cycles                    #    2.999 GHz                      ( +-  0.03% )  (83.31%)
   236,892,999,218      stalled-cycles-frontend   #   73.77% frontend cycles idle     ( +-  0.05% )  (83.32%)
    52,648,051,637      stalled-cycles-backend    #   16.39% backend cycles idle      ( +-  0.12% )  (66.68%)
   321,463,775,473      instructions              #    1.00  insn per cycle         
                                                  #    0.74  stalled cycles per insn  ( +-  0.00% )  (83.34%)
    37,135,483,823      branches                  #  346.840 M/sec                    ( +-  0.01% )  (83.35%)
        65,514,242      branch-misses             #    0.18% of all branches          ( +-  0.02% )  (83.34%)

            7.3158 +- 0.0214 seconds time elapsed  ( +-  0.29% )


 Performance counter stats for './mandelbrot_omp -0.188 -0.012 0.554 0.754 8192 32' (10 runs):

        128,098.09 msec task-clock                #   28.676 CPUs utilized            ( +-  0.43% )
               464      context-switches          #    0.004 K/sec                    ( +-  6.53% )
                29      cpu-migrations            #    0.000 K/sec                    ( +-  9.83% )
               349      page-faults               #    0.003 K/sec                    ( +-  2.99% )
   373,082,899,621      cycles                    #    2.912 GHz                      ( +-  0.05% )  (83.30%)
   289,021,242,855      stalled-cycles-frontend   #   77.47% frontend cycles idle     ( +-  0.07% )  (83.31%)
    81,956,528,068      stalled-cycles-backend    #   21.97% backend cycles idle      ( +-  0.13% )  (66.67%)
   321,535,434,905      instructions              #    0.86  insn per cycle         
                                                  #    0.90  stalled cycles per insn  ( +-  0.00% )  (83.34%)
    37,159,988,838      branches                  #  290.090 M/sec                    ( +-  0.00% )  (83.37%)
        65,916,753      branch-misses             #    0.18% of all branches          ( +-  0.01% )  (83.35%)

            4.4671 +- 0.0241 seconds time elapsed  ( +-  0.54% )

