
 Performance counter stats for './mandelbrot_pth 0.175 0.375 -0.1 0.1 16 1' (10 runs):

              1.24 msec task-clock                #    0.737 CPUs utilized            ( +-  4.26% )
                 1      context-switches          #    0.887 K/sec                    ( +-  9.09% )
                 0      cpu-migrations            #    0.000 K/sec                  
                66      page-faults               #    0.053 M/sec                    ( +-  0.48% )
         2,397,113      cycles                    #    1.933 GHz                      ( +-  1.09% )  (78.98%)
         1,655,834      stalled-cycles-frontend   #   69.08% frontend cycles idle     ( +-  0.86% )
           883,215      stalled-cycles-backend    #   36.84% backend cycles idle      ( +-  1.54% )
         1,943,309      instructions              #    0.81  insn per cycle         
                                                  #    0.85  stalled cycles per insn  ( +-  0.20% )
           259,771      branches                  #  209.498 M/sec                    ( +-  0.30% )
             1,893      branch-misses             #    0.73% of all branches          ( +- 56.26% )  (21.02%)

         0.0016825 +- 0.0000707 seconds time elapsed  ( +-  4.20% )


 Performance counter stats for './mandelbrot_pth 0.175 0.375 -0.1 0.1 16 2' (10 runs):

              1.01 msec task-clock                #    0.890 CPUs utilized            ( +-  5.61% )
                 1      context-switches          #    0.001 M/sec                    ( +- 11.11% )
                 0      cpu-migrations            #    0.000 K/sec                  
                69      page-faults               #    0.069 M/sec                    ( +-  0.51% )
         2,508,369      cycles                    #    2.496 GHz                      ( +-  1.44% )  (77.98%)
         1,787,403      stalled-cycles-frontend   #   71.26% frontend cycles idle     ( +-  1.70% )
           990,758      stalled-cycles-backend    #   39.50% backend cycles idle      ( +-  2.94% )
         2,013,157      instructions              #    0.80  insn per cycle         
                                                  #    0.89  stalled cycles per insn  ( +-  0.26% )
           274,433      branches                  #  273.058 M/sec                    ( +-  0.34% )
     <not counted>      branch-misses                                                 ( +- 55.04% )  (22.02%)

         0.0011294 +- 0.0000722 seconds time elapsed  ( +-  6.39% )

Some events weren't counted. Try disabling the NMI watchdog:
	echo 0 > /proc/sys/kernel/nmi_watchdog
	perf stat ...
	echo 1 > /proc/sys/kernel/nmi_watchdog

 Performance counter stats for './mandelbrot_pth 0.175 0.375 -0.1 0.1 16 4' (10 runs):

              2.03 msec task-clock                #    1.088 CPUs utilized            ( +-  3.61% )
                 2      context-switches          #    0.001 M/sec                    ( +-  6.67% )
                 0      cpu-migrations            #    0.000 K/sec                  
                72      page-faults               #    0.035 M/sec                    ( +-  0.54% )
         2,900,486      cycles                    #    1.428 GHz                      ( +-  1.67% )  (70.27%)
         2,000,532      stalled-cycles-frontend   #   68.97% frontend cycles idle     ( +-  1.00% )
         1,154,364      stalled-cycles-backend    #   39.80% backend cycles idle      ( +-  1.64% )
         2,136,279      instructions              #    0.74  insn per cycle         
                                                  #    0.94  stalled cycles per insn  ( +-  0.24% )
           300,505      branches                  #  147.947 M/sec                    ( +-  0.29% )
     <not counted>      branch-misses                                                 ( +- 37.85% )  (29.73%)

         0.0018662 +- 0.0000721 seconds time elapsed  ( +-  3.86% )

Some events weren't counted. Try disabling the NMI watchdog:
	echo 0 > /proc/sys/kernel/nmi_watchdog
	perf stat ...
	echo 1 > /proc/sys/kernel/nmi_watchdog

 Performance counter stats for './mandelbrot_pth 0.175 0.375 -0.1 0.1 16 8' (10 runs):

              1.50 msec task-clock                #    1.263 CPUs utilized            ( +-  1.04% )
                 7      context-switches          #    0.005 M/sec                    ( +- 15.93% )
                 0      cpu-migrations            #    0.000 K/sec                  
                80      page-faults               #    0.054 M/sec                    ( +-  0.62% )
         3,880,004      cycles                    #    2.587 GHz                      ( +-  2.00% )  (78.48%)
         2,653,709      stalled-cycles-frontend   #   68.39% frontend cycles idle     ( +-  1.02% )
         1,689,819      stalled-cycles-backend    #   43.55% backend cycles idle      ( +-  1.47% )
         2,459,635      instructions              #    0.63  insn per cycle         
                                                  #    1.08  stalled cycles per insn  ( +-  0.35% )
           369,305      branches                  #  246.214 M/sec                    ( +-  0.53% )
     <not counted>      branch-misses                                                 ( +- 41.41% )  (21.52%)

         0.0011876 +- 0.0000185 seconds time elapsed  ( +-  1.55% )

Some events weren't counted. Try disabling the NMI watchdog:
	echo 0 > /proc/sys/kernel/nmi_watchdog
	perf stat ...
	echo 1 > /proc/sys/kernel/nmi_watchdog

 Performance counter stats for './mandelbrot_pth 0.175 0.375 -0.1 0.1 16 16' (10 runs):

              2.70 msec task-clock                #    1.203 CPUs utilized            ( +-  1.84% )
                15      context-switches          #    0.005 M/sec                    ( +-  5.86% )
                 0      cpu-migrations            #    0.000 K/sec                  
                97      page-faults               #    0.036 M/sec                    ( +-  0.31% )
         4,924,186      cycles                    #    1.820 GHz                      ( +-  3.69% )  (70.00%)
         3,270,136      stalled-cycles-frontend   #   66.41% frontend cycles idle     ( +-  0.91% )
         2,116,795      stalled-cycles-backend    #   42.99% backend cycles idle      ( +-  1.30% )
         3,041,491      instructions              #    0.62  insn per cycle         
                                                  #    1.08  stalled cycles per insn  ( +-  0.29% )
           492,280      branches                  #  181.996 M/sec                    ( +-  0.37% )
             6,878      branch-misses             #    1.40% of all branches          ( +- 29.23% )  (30.00%)

         0.0022475 +- 0.0000372 seconds time elapsed  ( +-  1.65% )


 Performance counter stats for './mandelbrot_pth 0.175 0.375 -0.1 0.1 16 32' (10 runs):

              3.09 msec task-clock                #    1.043 CPUs utilized            ( +-  5.29% )
                 4      context-switches          #    0.001 M/sec                    ( +- 18.04% )
                 0      cpu-migrations            #    0.000 K/sec                  
               131      page-faults               #    0.042 M/sec                    ( +-  0.37% )
         5,612,271      cycles                    #    1.816 GHz                      ( +-  4.82% )  (91.28%)
         3,888,587      stalled-cycles-frontend   #   69.29% frontend cycles idle     ( +-  5.44% )
         2,957,542      stalled-cycles-backend    #   52.70% backend cycles idle      ( +-  6.09% )
         3,037,818      instructions              #    0.54  insn per cycle         
                                                  #    1.28  stalled cycles per insn  ( +-  1.44% )
           639,385      branches                  #  206.839 M/sec                    ( +-  1.28% )
             3,439      branch-misses             #    0.54% of all branches          ( +- 73.45% )  (8.72%)

          0.002963 +- 0.000152 seconds time elapsed  ( +-  5.14% )


 Performance counter stats for './mandelbrot_pth 0.175 0.375 -0.1 0.1 32 1' (10 runs):

              2.69 msec task-clock                #    0.856 CPUs utilized            ( +-  3.89% )
                 1      context-switches          #    0.372 K/sec                  
                 0      cpu-migrations            #    0.000 K/sec                  
                67      page-faults               #    0.025 M/sec                    ( +-  0.69% )
         5,596,560      cycles                    #    2.082 GHz                      ( +-  2.16% )  (69.78%)
         3,888,887      stalled-cycles-frontend   #   69.49% frontend cycles idle     ( +-  0.33% )
         1,371,849      stalled-cycles-backend    #   24.51% backend cycles idle      ( +-  0.94% )
         5,153,992      instructions              #    0.92  insn per cycle         
                                                  #    0.75  stalled cycles per insn  ( +-  0.07% )
           499,735      branches                  #  185.904 M/sec                    ( +-  0.15% )
     <not counted>      branch-misses                                                 ( +- 38.66% )  (30.22%)

          0.003141 +- 0.000112 seconds time elapsed  ( +-  3.58% )

Some events weren't counted. Try disabling the NMI watchdog:
	echo 0 > /proc/sys/kernel/nmi_watchdog
	perf stat ...
	echo 1 > /proc/sys/kernel/nmi_watchdog

 Performance counter stats for './mandelbrot_pth 0.175 0.375 -0.1 0.1 32 2' (10 runs):

              3.16 msec task-clock                #    1.276 CPUs utilized            ( +-  1.76% )
                 1      context-switches          #    0.380 K/sec                    ( +- 16.67% )
                 0      cpu-migrations            #    0.000 K/sec                  
                69      page-faults               #    0.022 M/sec                    ( +-  0.85% )
         5,404,953      cycles                    #    1.712 GHz                      ( +-  3.95% )  (86.49%)
         3,998,610      stalled-cycles-frontend   #   73.98% frontend cycles idle     ( +-  0.51% )
         1,455,548      stalled-cycles-backend    #   26.93% backend cycles idle      ( +-  1.34% )
         5,218,049      instructions              #    0.97  insn per cycle         
                                                  #    0.77  stalled cycles per insn  ( +-  0.09% )
           513,499      branches                  #  162.693 M/sec                    ( +-  0.17% )
     <not counted>      branch-misses                                                 ( +- 61.22% )  (13.51%)

         0.0024745 +- 0.0000339 seconds time elapsed  ( +-  1.37% )

Some events weren't counted. Try disabling the NMI watchdog:
	echo 0 > /proc/sys/kernel/nmi_watchdog
	perf stat ...
	echo 1 > /proc/sys/kernel/nmi_watchdog

 Performance counter stats for './mandelbrot_pth 0.175 0.375 -0.1 0.1 32 4' (10 runs):

              3.19 msec task-clock                #    1.553 CPUs utilized            ( +-  4.97% )
                 1      context-switches          #    0.407 K/sec                    ( +- 11.75% )
                 0      cpu-migrations            #    0.000 K/sec                  
                72      page-faults               #    0.023 M/sec                    ( +-  0.58% )
         5,662,951      cycles                    #    1.773 GHz                      ( +-  1.54% )  (69.22%)
         4,234,143      stalled-cycles-frontend   #   74.77% frontend cycles idle     ( +-  0.87% )
         1,649,816      stalled-cycles-backend    #   29.13% backend cycles idle      ( +-  2.13% )
         5,339,692      instructions              #    0.94  insn per cycle         
                                                  #    0.79  stalled cycles per insn  ( +-  0.11% )
           539,276      branches                  #  168.879 M/sec                    ( +-  0.20% )
             2,629      branch-misses             #    0.49% of all branches          ( +- 36.71% )  (30.78%)

          0.002056 +- 0.000115 seconds time elapsed  ( +-  5.58% )


 Performance counter stats for './mandelbrot_pth 0.175 0.375 -0.1 0.1 32 8' (10 runs):

              4.19 msec task-clock                #    1.976 CPUs utilized            ( +-  1.84% )
                 3      context-switches          #    0.740 K/sec                    ( +-  3.23% )
                 0      cpu-migrations            #    0.000 K/sec                  
                81      page-faults               #    0.019 M/sec                    ( +-  0.71% )
         6,687,960      cycles                    #    1.597 GHz                      ( +-  3.16% )  (72.91%)
         4,667,742      stalled-cycles-frontend   #   69.79% frontend cycles idle     ( +-  0.64% )
         1,978,450      stalled-cycles-backend    #   29.58% backend cycles idle      ( +-  1.45% )
         5,638,115      instructions              #    0.84  insn per cycle         
                                                  #    0.83  stalled cycles per insn  ( +-  0.09% )
           601,995      branches                  #  143.790 M/sec                    ( +-  0.18% )
     <not counted>      branch-misses                                                 ( +- 50.35% )  (27.09%)

         0.0021187 +- 0.0000807 seconds time elapsed  ( +-  3.81% )

Some events weren't counted. Try disabling the NMI watchdog:
	echo 0 > /proc/sys/kernel/nmi_watchdog
	perf stat ...
	echo 1 > /proc/sys/kernel/nmi_watchdog

 Performance counter stats for './mandelbrot_pth 0.175 0.375 -0.1 0.1 32 16' (10 runs):

              3.86 msec task-clock                #    2.184 CPUs utilized            ( +-  2.57% )
                13      context-switches          #    0.003 M/sec                    ( +-  9.55% )
                 0      cpu-migrations            #    0.000 K/sec                  
                97      page-faults               #    0.025 M/sec                    ( +-  0.30% )
         8,550,461      cycles                    #    2.218 GHz                      ( +-  1.68% )  (87.86%)
         6,107,652      stalled-cycles-frontend   #   71.43% frontend cycles idle     ( +-  0.99% )
         3,172,165      stalled-cycles-backend    #   37.10% backend cycles idle      ( +-  1.84% )
         6,284,939      instructions              #    0.74  insn per cycle         
                                                  #    0.97  stalled cycles per insn  ( +-  0.13% )
           740,279      branches                  #  192.025 M/sec                    ( +-  0.25% )
     <not counted>      branch-misses                                                 ( +- 51.46% )  (12.14%)

         0.0017652 +- 0.0000410 seconds time elapsed  ( +-  2.32% )

Some events weren't counted. Try disabling the NMI watchdog:
	echo 0 > /proc/sys/kernel/nmi_watchdog
	perf stat ...
	echo 1 > /proc/sys/kernel/nmi_watchdog

 Performance counter stats for './mandelbrot_pth 0.175 0.375 -0.1 0.1 32 32' (10 runs):

              6.84 msec task-clock                #    1.776 CPUs utilized            ( +-  3.67% )
                18      context-switches          #    0.003 M/sec                    ( +-  6.46% )
                 0      cpu-migrations            #    0.000 K/sec                  
               130      page-faults               #    0.019 M/sec                    ( +-  0.34% )
        10,662,507      cycles                    #    1.559 GHz                      ( +-  2.45% )  (60.57%)
         7,557,151      stalled-cycles-frontend   #   70.88% frontend cycles idle     ( +-  2.52% )  (99.65%)
         4,208,150      stalled-cycles-backend    #   39.47% backend cycles idle      ( +-  3.59% )
         7,446,294      instructions              #    0.70  insn per cycle         
                                                  #    1.01  stalled cycles per insn  ( +-  0.64% )
           984,074      branches                  #  143.894 M/sec                    ( +-  0.89% )
     <not counted>      branch-misses                                                 ( +- 23.74% )  (39.78%)

          0.003851 +- 0.000190 seconds time elapsed  ( +-  4.92% )

Some events weren't counted. Try disabling the NMI watchdog:
	echo 0 > /proc/sys/kernel/nmi_watchdog
	perf stat ...
	echo 1 > /proc/sys/kernel/nmi_watchdog

 Performance counter stats for './mandelbrot_pth 0.175 0.375 -0.1 0.1 64 1' (10 runs):

              6.16 msec task-clock                #    0.945 CPUs utilized            ( +-  3.51% )
                 1      context-switches          #    0.195 K/sec                    ( +- 11.11% )
                 0      cpu-migrations            #    0.000 K/sec                  
                67      page-faults               #    0.011 M/sec                    ( +-  0.65% )
        17,886,131      cycles                    #    2.902 GHz                      ( +-  1.68% )  (40.64%)
        12,634,680      stalled-cycles-frontend   #   70.64% frontend cycles idle     ( +-  0.53% )  (94.37%)
         3,274,707      stalled-cycles-backend    #   18.31% backend cycles idle      ( +-  0.76% )
        17,867,740      instructions              #    1.00  insn per cycle         
                                                  #    0.71  stalled cycles per insn  ( +-  0.02% )
         1,446,919      branches                  #  234.786 M/sec                    ( +-  0.05% )
             4,868      branch-misses             #    0.34% of all branches          ( +-  1.73% )  (64.99%)

          0.006522 +- 0.000223 seconds time elapsed  ( +-  3.41% )


 Performance counter stats for './mandelbrot_pth 0.175 0.375 -0.1 0.1 64 2' (10 runs):

             10.83 msec task-clock                #    1.687 CPUs utilized            ( +-  4.45% )
                 1      context-switches          #    0.092 K/sec                  
                 0      cpu-migrations            #    0.000 K/sec                  
                68      page-faults               #    0.006 M/sec                    ( +-  0.85% )
        17,559,430      cycles                    #    1.622 GHz                      ( +-  2.04% )  (42.70%)
        12,758,366      stalled-cycles-frontend   #   72.66% frontend cycles idle     ( +-  0.17% )  (98.07%)
         3,305,331      stalled-cycles-backend    #   18.82% backend cycles idle      ( +-  0.64% )
        17,919,687      instructions              #    1.02  insn per cycle         
                                                  #    0.71  stalled cycles per insn  ( +-  0.03% )
         1,457,981      branches                  #  134.647 M/sec                    ( +-  0.08% )
             4,918      branch-misses             #    0.34% of all branches          ( +-  3.35% )  (59.23%)

          0.006419 +- 0.000277 seconds time elapsed  ( +-  4.32% )


 Performance counter stats for './mandelbrot_pth 0.175 0.375 -0.1 0.1 64 4' (10 runs):

             12.55 msec task-clock                #    2.613 CPUs utilized            ( +-  3.16% )
                 2      context-switches          #    0.191 K/sec                    ( +-  6.80% )
                 0      cpu-migrations            #    0.000 K/sec                  
                73      page-faults               #    0.006 M/sec                    ( +-  0.63% )
        18,051,206      cycles                    #    1.438 GHz                      ( +-  2.67% )  (42.53%)
        13,062,946      stalled-cycles-frontend   #   72.37% frontend cycles idle     ( +-  0.16% )  (99.88%)
         3,553,121      stalled-cycles-backend    #   19.68% backend cycles idle      ( +-  0.61% )
        18,074,256      instructions              #    1.00  insn per cycle         
                                                  #    0.72  stalled cycles per insn  ( +-  0.02% )
         1,490,260      branches                  #  118.755 M/sec                    ( +-  0.06% )
             6,543      branch-misses             #    0.44% of all branches          ( +- 17.11% )  (57.59%)

          0.004802 +- 0.000158 seconds time elapsed  ( +-  3.28% )


 Performance counter stats for './mandelbrot_pth 0.175 0.375 -0.1 0.1 64 8' (10 runs):

             14.42 msec task-clock                #    3.456 CPUs utilized            ( +-  1.78% )
                 4      context-switches          #    0.243 K/sec                    ( +- 11.47% )
                 0      cpu-migrations            #    0.000 K/sec                  
                80      page-faults               #    0.006 M/sec                    ( +-  0.57% )
        18,873,473      cycles                    #    1.309 GHz                      ( +-  0.67% )  (63.19%)
        13,707,747      stalled-cycles-frontend   #   72.63% frontend cycles idle     ( +-  1.38% )  (99.79%)
         4,061,528      stalled-cycles-backend    #   21.52% backend cycles idle      ( +-  3.72% )
        18,405,418      instructions              #    0.98  insn per cycle         
                                                  #    0.74  stalled cycles per insn  ( +-  0.26% )
         1,558,953      branches                  #  108.105 M/sec                    ( +-  0.57% )
     <not counted>      branch-misses                                                 ( +- 51.24% )  (37.03%)

          0.004173 +- 0.000152 seconds time elapsed  ( +-  3.65% )

Some events weren't counted. Try disabling the NMI watchdog:
	echo 0 > /proc/sys/kernel/nmi_watchdog
	perf stat ...
	echo 1 > /proc/sys/kernel/nmi_watchdog

 Performance counter stats for './mandelbrot_pth 0.175 0.375 -0.1 0.1 64 16' (10 runs):

             14.23 msec task-clock                #    4.361 CPUs utilized            ( +-  2.09% )
                11      context-switches          #    0.801 K/sec                    ( +- 14.51% )
                 0      cpu-migrations            #    0.000 K/sec                  
                98      page-faults               #    0.007 M/sec                    ( +-  0.57% )
        21,290,499      cycles                    #    1.496 GHz                      ( +-  2.15% )  (57.22%)
        15,145,008      stalled-cycles-frontend   #   71.14% frontend cycles idle     ( +-  0.73% )
         5,212,640      stalled-cycles-backend    #   24.48% backend cycles idle      ( +-  1.82% )
        19,050,418      instructions              #    0.89  insn per cycle         
                                                  #    0.79  stalled cycles per insn  ( +-  0.10% )
         1,696,738      branches                  #  119.215 M/sec                    ( +-  0.24% )
            11,065      branch-misses             #    0.65% of all branches          ( +- 19.67% )  (42.78%)

         0.0032639 +- 0.0000750 seconds time elapsed  ( +-  2.30% )


 Performance counter stats for './mandelbrot_pth 0.175 0.375 -0.1 0.1 64 32' (10 runs):

             15.64 msec task-clock                #    3.627 CPUs utilized            ( +-  4.57% )
                31      context-switches          #    0.002 M/sec                    ( +-  4.80% )
                 0      cpu-migrations            #    0.000 K/sec                  
               130      page-faults               #    0.008 M/sec                    ( +-  0.26% )
        24,067,744      cycles                    #    1.539 GHz                      ( +-  2.36% )  (69.88%)
        17,003,741      stalled-cycles-frontend   #   70.65% frontend cycles idle     ( +-  1.54% )
         6,678,110      stalled-cycles-backend    #   27.75% backend cycles idle      ( +-  3.42% )
        20,285,184      instructions              #    0.84  insn per cycle         
                                                  #    0.84  stalled cycles per insn  ( +-  0.23% )
         1,958,903      branches                  #  125.287 M/sec                    ( +-  0.45% )
     <not counted>      branch-misses                                                 ( +- 19.48% )  (30.12%)

          0.004311 +- 0.000221 seconds time elapsed  ( +-  5.13% )

Some events weren't counted. Try disabling the NMI watchdog:
	echo 0 > /proc/sys/kernel/nmi_watchdog
	perf stat ...
	echo 1 > /proc/sys/kernel/nmi_watchdog

 Performance counter stats for './mandelbrot_pth 0.175 0.375 -0.1 0.1 128 1' (10 runs):

             28.04 msec task-clock                #    0.982 CPUs utilized            ( +-  4.46% )
                 1      context-switches          #    0.039 K/sec                    ( +-  9.09% )
                 0      cpu-migrations            #    0.000 K/sec                  
                66      page-faults               #    0.002 M/sec                    ( +-  0.62% )
        66,731,211      cycles                    #    2.380 GHz                      ( +-  1.34% )  (80.46%)
        50,046,818      stalled-cycles-frontend   #   75.00% frontend cycles idle     ( +-  0.44% )  (84.32%)
        11,494,545      stalled-cycles-backend    #   17.23% backend cycles idle      ( +-  1.64% )  (70.43%)
        67,767,869      instructions              #    1.02  insn per cycle         
                                                  #    0.74  stalled cycles per insn  ( +-  1.52% )  (85.75%)
         4,980,293      branches                  #  177.640 M/sec                    ( +-  0.42% )  (85.75%)
            17,623      branch-misses             #    0.35% of all branches          ( +-  7.61% )  (79.04%)

           0.02854 +- 0.00128 seconds time elapsed  ( +-  4.50% )


 Performance counter stats for './mandelbrot_pth 0.175 0.375 -0.1 0.1 128 2' (10 runs):

             26.66 msec task-clock                #    1.903 CPUs utilized            ( +-  4.78% )
                 1      context-switches          #    0.038 K/sec                  
                 0      cpu-migrations            #    0.000 K/sec                  
                69      page-faults               #    0.003 M/sec                    ( +-  0.66% )
        65,874,838      cycles                    #    2.471 GHz                      ( +-  2.01% )  (70.04%)
        48,826,486      stalled-cycles-frontend   #   74.12% frontend cycles idle     ( +-  1.11% )  (70.03%)
        11,123,252      stalled-cycles-backend    #   16.89% backend cycles idle      ( +-  1.69% )  (73.89%)
        67,594,854      instructions              #    1.03  insn per cycle         
                                                  #    0.72  stalled cycles per insn  ( +-  1.46% )  (96.63%)
         5,244,034      branches                  #  196.704 M/sec                    ( +-  0.04% )
            17,099      branch-misses             #    0.33% of all branches          ( +-  3.97% )  (86.04%)

          0.014006 +- 0.000666 seconds time elapsed  ( +-  4.76% )


 Performance counter stats for './mandelbrot_pth 0.175 0.375 -0.1 0.1 128 4' (10 runs):

             30.80 msec task-clock                #    3.149 CPUs utilized            ( +-  9.51% )
                 2      context-switches          #    0.078 K/sec                    ( +-  6.80% )
                 0      cpu-migrations            #    0.000 K/sec                  
                73      page-faults               #    0.002 M/sec                    ( +-  0.98% )
        65,993,833      cycles                    #    2.142 GHz                      ( +-  1.01% )  (51.06%)
        48,996,531      stalled-cycles-frontend   #   74.24% frontend cycles idle     ( +-  0.83% )  (78.69%)
        11,206,251      stalled-cycles-backend    #   16.98% backend cycles idle      ( +-  0.46% )  (93.82%)
        68,862,290      instructions              #    1.04  insn per cycle         
                                                  #    0.71  stalled cycles per insn  ( +-  0.03% )  (97.62%)
         5,274,627      branches                  #  171.230 M/sec                    ( +-  0.03% )
            17,868      branch-misses             #    0.34% of all branches          ( +-  3.38% )  (76.42%)

          0.009783 +- 0.000942 seconds time elapsed  ( +-  9.63% )


 Performance counter stats for './mandelbrot_pth 0.175 0.375 -0.1 0.1 128 8' (10 runs):

             31.30 msec task-clock                #    4.750 CPUs utilized            ( +-  4.83% )
                 4      context-switches          #    0.125 K/sec                    ( +-  8.92% )
                 0      cpu-migrations            #    0.000 K/sec                  
                80      page-faults               #    0.003 M/sec                    ( +-  0.62% )
        66,703,243      cycles                    #    2.131 GHz                      ( +-  2.04% )  (38.50%)
        49,310,890      stalled-cycles-frontend   #   73.93% frontend cycles idle     ( +-  0.71% )  (93.34%)
        11,554,044      stalled-cycles-backend    #   17.32% backend cycles idle      ( +-  0.52% )
        69,165,278      instructions              #    1.04  insn per cycle         
                                                  #    0.71  stalled cycles per insn  ( +-  0.01% )
         5,334,613      branches                  #  170.436 M/sec                    ( +-  0.02% )
            19,832      branch-misses             #    0.37% of all branches          ( +-  3.52% )  (68.16%)

          0.006590 +- 0.000447 seconds time elapsed  ( +-  6.78% )


 Performance counter stats for './mandelbrot_pth 0.175 0.375 -0.1 0.1 128 16' (10 runs):

             45.02 msec task-clock                #    7.784 CPUs utilized            ( +-  4.15% )
                 5      context-switches          #    0.115 K/sec                    ( +- 15.38% )
                 0      cpu-migrations            #    0.000 K/sec                  
                97      page-faults               #    0.002 M/sec                    ( +-  0.53% )
        73,026,834      cycles                    #    1.622 GHz                      ( +-  1.17% )  (50.59%)
        51,856,112      stalled-cycles-frontend   #   71.01% frontend cycles idle     ( +-  0.39% )  (99.94%)
        13,689,634      stalled-cycles-backend    #   18.75% backend cycles idle      ( +-  1.22% )
        69,829,434      instructions              #    0.96  insn per cycle         
                                                  #    0.74  stalled cycles per insn  ( +-  0.08% )
         5,473,375      branches                  #  121.567 M/sec                    ( +-  0.19% )
            22,237      branch-misses             #    0.41% of all branches          ( +-  3.81% )  (49.47%)

          0.005784 +- 0.000261 seconds time elapsed  ( +-  4.51% )


 Performance counter stats for './mandelbrot_pth 0.175 0.375 -0.1 0.1 128 32' (10 runs):

             47.54 msec task-clock                #    8.932 CPUs utilized            ( +-  3.91% )
                38      context-switches          #    0.791 K/sec                    ( +-  8.45% )
                 0      cpu-migrations            #    0.000 K/sec                  
               131      page-faults               #    0.003 M/sec                    ( +-  0.25% )
        83,298,999      cycles                    #    1.752 GHz                      ( +-  3.24% )  (32.42%)
        58,490,141      stalled-cycles-frontend   #   70.22% frontend cycles idle     ( +-  0.71% )  (97.39%)
        18,428,790      stalled-cycles-backend    #   22.12% backend cycles idle      ( +-  1.40% )
        71,297,728      instructions              #    0.86  insn per cycle         
                                                  #    0.82  stalled cycles per insn  ( +-  0.08% )
         5,785,479      branches                  #  121.694 M/sec                    ( +-  0.19% )
            34,279      branch-misses             #    0.59% of all branches          ( +-  4.78% )  (70.19%)

          0.005322 +- 0.000415 seconds time elapsed  ( +-  7.80% )


 Performance counter stats for './mandelbrot_pth 0.175 0.375 -0.1 0.1 256 1' (10 runs):

            100.60 msec task-clock                #    0.995 CPUs utilized            ( +- 11.09% )
                 1      context-switches          #    0.012 K/sec                    ( +- 11.11% )
                 0      cpu-migrations            #    0.000 K/sec                  
                66      page-faults               #    0.657 K/sec                    ( +-  0.53% )
       260,920,176      cycles                    #    2.594 GHz                      ( +-  0.29% )  (81.47%)
       189,318,689      stalled-cycles-frontend   #   72.56% frontend cycles idle     ( +-  0.29% )  (82.12%)
        41,476,991      stalled-cycles-backend    #   15.90% backend cycles idle      ( +-  0.47% )  (67.51%)
       270,380,591      instructions              #    1.04  insn per cycle         
                                                  #    0.70  stalled cycles per insn  ( +-  0.33% )  (84.64%)
        20,146,195      branches                  #  200.251 M/sec                    ( +-  0.23% )  (85.27%)
            60,289      branch-misses             #    0.30% of all branches          ( +-  2.58% )  (83.63%)

            0.1011 +- 0.0112 seconds time elapsed  ( +- 11.05% )


 Performance counter stats for './mandelbrot_pth 0.175 0.375 -0.1 0.1 256 2' (10 runs):

             98.17 msec task-clock                #    1.944 CPUs utilized            ( +-  6.76% )
                 1      context-switches          #    0.014 K/sec                    ( +- 21.82% )
                 0      cpu-migrations            #    0.001 K/sec                    ( +-100.00% )
                68      page-faults               #    0.690 K/sec                    ( +-  0.49% )
       264,660,921      cycles                    #    2.696 GHz                      ( +-  0.49% )  (82.32%)
       191,977,233      stalled-cycles-frontend   #   72.54% frontend cycles idle     ( +-  0.36% )  (82.90%)
        41,379,039      stalled-cycles-backend    #   15.63% backend cycles idle      ( +-  0.55% )  (66.07%)
       264,754,216      instructions              #    1.00  insn per cycle         
                                                  #    0.73  stalled cycles per insn  ( +-  0.43% )  (83.18%)
        19,900,661      branches                  #  202.717 M/sec                    ( +-  0.44% )  (85.85%)
            58,968      branch-misses             #    0.30% of all branches          ( +-  0.35% )  (82.86%)

           0.05050 +- 0.00336 seconds time elapsed  ( +-  6.65% )


 Performance counter stats for './mandelbrot_pth 0.175 0.375 -0.1 0.1 256 4' (10 runs):

            101.21 msec task-clock                #    3.527 CPUs utilized            ( +-  3.08% )
                 2      context-switches          #    0.017 K/sec                    ( +- 12.56% )
                 0      cpu-migrations            #    0.000 K/sec                  
                73      page-faults               #    0.720 K/sec                    ( +-  0.63% )
       265,954,939      cycles                    #    2.628 GHz                      ( +-  0.70% )  (80.27%)
       196,601,514      stalled-cycles-frontend   #   73.92% frontend cycles idle     ( +-  0.45% )  (83.08%)
        41,936,603      stalled-cycles-backend    #   15.77% backend cycles idle      ( +-  1.69% )  (68.29%)
       265,849,016      instructions              #    1.00  insn per cycle         
                                                  #    0.74  stalled cycles per insn  ( +-  1.17% )  (84.28%)
        19,602,419      branches                  #  193.673 M/sec                    ( +-  0.63% )  (85.60%)
            60,686      branch-misses             #    0.31% of all branches          ( +-  1.62% )  (82.75%)

           0.02870 +- 0.00105 seconds time elapsed  ( +-  3.65% )


 Performance counter stats for './mandelbrot_pth 0.175 0.375 -0.1 0.1 256 8' (10 runs):

            109.97 msec task-clock                #    5.886 CPUs utilized            ( +-  5.08% )
                 3      context-switches          #    0.026 K/sec                    ( +-  8.05% )
                 0      cpu-migrations            #    0.000 K/sec                  
                81      page-faults               #    0.737 K/sec                    ( +-  0.64% )
       261,319,802      cycles                    #    2.376 GHz                      ( +-  1.20% )  (70.94%)
       196,108,650      stalled-cycles-frontend   #   75.05% frontend cycles idle     ( +-  0.97% )  (72.59%)
        41,315,100      stalled-cycles-backend    #   15.81% backend cycles idle      ( +-  2.33% )  (72.03%)
       265,121,289      instructions              #    1.01  insn per cycle         
                                                  #    0.74  stalled cycles per insn  ( +-  2.09% )  (91.40%)
        20,240,809      branches                  #  184.053 M/sec                    ( +-  0.54% )  (97.87%)
            62,741      branch-misses             #    0.31% of all branches          ( +-  0.74% )  (86.57%)

          0.018685 +- 0.000949 seconds time elapsed  ( +-  5.08% )


 Performance counter stats for './mandelbrot_pth 0.175 0.375 -0.1 0.1 256 16' (10 runs):

            112.53 msec task-clock                #    9.855 CPUs utilized            ( +-  8.95% )
                 4      context-switches          #    0.033 K/sec                    ( +- 21.72% )
                 0      cpu-migrations            #    0.000 K/sec                  
                98      page-faults               #    0.867 K/sec                    ( +-  0.44% )
       266,607,346      cycles                    #    2.369 GHz                      ( +-  1.50% )  (48.74%)
       203,668,330      stalled-cycles-frontend   #   76.39% frontend cycles idle     ( +-  0.72% )  (77.98%)
        48,611,688      stalled-cycles-backend    #   18.23% backend cycles idle      ( +-  0.94% )  (92.80%)
       271,532,606      instructions              #    1.02  insn per cycle         
                                                  #    0.75  stalled cycles per insn  ( +-  0.49% )  (99.01%)
        20,582,369      branches                  #  182.908 M/sec                    ( +-  0.01% )
            65,026      branch-misses             #    0.32% of all branches          ( +-  1.54% )  (80.47%)

          0.011419 +- 0.000885 seconds time elapsed  ( +-  7.75% )


 Performance counter stats for './mandelbrot_pth 0.175 0.375 -0.1 0.1 256 32' (10 runs):

            123.92 msec task-clock                #   15.292 CPUs utilized            ( +-  6.60% )
                14      context-switches          #    0.115 K/sec                    ( +- 11.42% )
                 2      cpu-migrations            #    0.015 K/sec                    ( +-  7.41% )
               130      page-faults               #    0.001 M/sec                    ( +-  0.24% )
       305,238,966      cycles                    #    2.463 GHz                      ( +-  2.63% )  (31.53%)
       246,420,323      stalled-cycles-frontend   #   80.73% frontend cycles idle     ( +-  0.66% )  (95.00%)
        76,272,824      stalled-cycles-backend    #   24.99% backend cycles idle      ( +-  0.74% )  (99.99%)
       274,204,674      instructions              #    0.90  insn per cycle         
                                                  #    0.90  stalled cycles per insn  ( +-  0.02% )
        20,876,658      branches                  #  168.474 M/sec                    ( +-  0.07% )
            70,785      branch-misses             #    0.34% of all branches          ( +-  3.47% )  (73.49%)

          0.008103 +- 0.000511 seconds time elapsed  ( +-  6.31% )


 Performance counter stats for './mandelbrot_pth 0.175 0.375 -0.1 0.1 512 1' (10 runs):

            397.42 msec task-clock                #    0.999 CPUs utilized            ( +-  7.96% )
                 2      context-switches          #    0.004 K/sec                    ( +- 12.56% )
                 0      cpu-migrations            #    0.000 K/sec                  
                67      page-faults               #    0.169 K/sec                    ( +-  0.63% )
     1,033,142,668      cycles                    #    2.600 GHz                      ( +-  0.09% )  (82.91%)
       750,542,093      stalled-cycles-frontend   #   72.65% frontend cycles idle     ( +-  0.06% )  (83.12%)
       160,999,933      stalled-cycles-backend    #   15.58% backend cycles idle      ( +-  0.12% )  (67.04%)
     1,081,058,275      instructions              #    1.05  insn per cycle         
                                                  #    0.69  stalled cycles per insn  ( +-  0.09% )  (83.59%)
        80,539,346      branches                  #  202.655 M/sec                    ( +-  0.07% )  (83.80%)
           224,827      branch-misses             #    0.28% of all branches          ( +-  0.17% )  (83.12%)

            0.3980 +- 0.0316 seconds time elapsed  ( +-  7.95% )


 Performance counter stats for './mandelbrot_pth 0.175 0.375 -0.1 0.1 512 2' (10 runs):

            433.45 msec task-clock                #    1.897 CPUs utilized            ( +- 10.25% )
                 2      context-switches          #    0.006 K/sec                    ( +- 16.06% )
                 1      cpu-migrations            #    0.001 K/sec                    ( +- 27.22% )
                69      page-faults               #    0.159 K/sec                    ( +-  0.89% )
     1,035,327,743      cycles                    #    2.389 GHz                      ( +-  0.15% )  (82.84%)
       752,927,021      stalled-cycles-frontend   #   72.72% frontend cycles idle     ( +-  0.12% )  (83.19%)
       162,071,297      stalled-cycles-backend    #   15.65% backend cycles idle      ( +-  0.44% )  (66.66%)
     1,079,197,634      instructions              #    1.04  insn per cycle         
                                                  #    0.70  stalled cycles per insn  ( +-  0.19% )  (83.41%)
        80,257,415      branches                  #  185.161 M/sec                    ( +-  0.06% )  (83.84%)
           228,352      branch-misses             #    0.28% of all branches          ( +-  0.51% )  (83.47%)

            0.2284 +- 0.0267 seconds time elapsed  ( +- 11.67% )


 Performance counter stats for './mandelbrot_pth 0.175 0.375 -0.1 0.1 512 4' (10 runs):

            397.24 msec task-clock                #    3.333 CPUs utilized            ( +- 10.96% )
                 2      context-switches          #    0.006 K/sec                    ( +- 18.92% )
                 0      cpu-migrations            #    0.001 K/sec                    ( +- 66.67% )
                73      page-faults               #    0.185 K/sec                    ( +-  0.71% )
     1,042,888,108      cycles                    #    2.625 GHz                      ( +-  0.19% )  (82.58%)
       756,373,266      stalled-cycles-frontend   #   72.53% frontend cycles idle     ( +-  0.19% )  (83.54%)
       162,514,926      stalled-cycles-backend    #   15.58% backend cycles idle      ( +-  0.25% )  (67.41%)
     1,073,950,570      instructions              #    1.03  insn per cycle         
                                                  #    0.70  stalled cycles per insn  ( +-  0.26% )  (83.74%)
        80,014,876      branches                  #  201.427 M/sec                    ( +-  0.34% )  (83.86%)
           227,608      branch-misses             #    0.28% of all branches          ( +-  0.32% )  (82.60%)

            0.1192 +- 0.0143 seconds time elapsed  ( +- 11.97% )


 Performance counter stats for './mandelbrot_pth 0.175 0.375 -0.1 0.1 512 8' (10 runs):

            391.19 msec task-clock                #    6.574 CPUs utilized            ( +-  6.64% )
                 3      context-switches          #    0.008 K/sec                    ( +- 13.59% )
                 0      cpu-migrations            #    0.000 K/sec                  
                81      page-faults               #    0.207 K/sec                    ( +-  0.60% )
     1,041,273,584      cycles                    #    2.662 GHz                      ( +-  0.26% )  (81.16%)
       760,825,878      stalled-cycles-frontend   #   73.07% frontend cycles idle     ( +-  0.27% )  (82.19%)
       165,104,078      stalled-cycles-backend    #   15.86% backend cycles idle      ( +-  0.76% )  (67.58%)
     1,077,449,602      instructions              #    1.03  insn per cycle         
                                                  #    0.71  stalled cycles per insn  ( +-  0.56% )  (84.17%)
        79,382,237      branches                  #  202.924 M/sec                    ( +-  0.31% )  (85.50%)
           232,016      branch-misses             #    0.29% of all branches          ( +-  0.72% )  (83.56%)

           0.05950 +- 0.00453 seconds time elapsed  ( +-  7.61% )


 Performance counter stats for './mandelbrot_pth 0.175 0.375 -0.1 0.1 512 16' (10 runs):

            389.67 msec task-clock                #   10.968 CPUs utilized            ( +-  2.40% )
                 3      context-switches          #    0.009 K/sec                    ( +- 10.92% )
                 0      cpu-migrations            #    0.001 K/sec                    ( +- 66.67% )
                98      page-faults               #    0.251 K/sec                    ( +-  0.63% )
     1,093,309,472      cycles                    #    2.806 GHz                      ( +-  0.48% )  (80.36%)
       804,418,336      stalled-cycles-frontend   #   73.58% frontend cycles idle     ( +-  0.42% )  (82.25%)
       187,819,834      stalled-cycles-backend    #   17.18% backend cycles idle      ( +-  1.22% )  (67.73%)
     1,067,276,310      instructions              #    0.98  insn per cycle         
                                                  #    0.75  stalled cycles per insn  ( +-  0.47% )  (84.50%)
        79,871,235      branches                  #  204.972 M/sec                    ( +-  0.40% )  (87.48%)
           230,945      branch-misses             #    0.29% of all branches          ( +-  0.34% )  (82.18%)

           0.03553 +- 0.00116 seconds time elapsed  ( +-  3.27% )


 Performance counter stats for './mandelbrot_pth 0.175 0.375 -0.1 0.1 512 32' (10 runs):

            445.42 msec task-clock                #   18.645 CPUs utilized            ( +-  2.11% )
                10      context-switches          #    0.022 K/sec                    ( +- 11.64% )
                 2      cpu-migrations            #    0.004 K/sec                    ( +- 13.86% )
               131      page-faults               #    0.294 K/sec                    ( +-  0.34% )
     1,265,967,199      cycles                    #    2.842 GHz                      ( +-  0.45% )  (72.86%)
       993,133,148      stalled-cycles-frontend   #   78.45% frontend cycles idle     ( +-  0.45% )  (71.80%)
       309,295,748      stalled-cycles-backend    #   24.43% backend cycles idle      ( +-  0.50% )  (67.81%)
     1,069,872,542      instructions              #    0.85  insn per cycle         
                                                  #    0.93  stalled cycles per insn  ( +-  0.34% )  (90.44%)
        81,029,784      branches                  #  181.918 M/sec                    ( +-  0.19% )  (99.04%)
           240,447      branch-misses             #    0.30% of all branches          ( +-  1.24% )  (88.49%)

          0.023889 +- 0.000478 seconds time elapsed  ( +-  2.00% )


 Performance counter stats for './mandelbrot_pth 0.175 0.375 -0.1 0.1 1024 1' (10 runs):

          1,487.01 msec task-clock                #    1.000 CPUs utilized            ( +-  3.06% )
                 3      context-switches          #    0.002 K/sec                    ( +-  9.94% )
                 0      cpu-migrations            #    0.000 K/sec                  
                83      page-faults               #    0.056 K/sec                    ( +-  0.67% )
     4,123,138,528      cycles                    #    2.773 GHz                      ( +-  0.02% )  (83.24%)
     2,989,584,853      stalled-cycles-frontend   #   72.51% frontend cycles idle     ( +-  0.03% )  (83.24%)
       636,635,186      stalled-cycles-backend    #   15.44% backend cycles idle      ( +-  0.05% )  (66.64%)
     4,328,265,884      instructions              #    1.05  insn per cycle         
                                                  #    0.69  stalled cycles per insn  ( +-  0.02% )  (83.36%)
       322,399,390      branches                  #  216.811 M/sec                    ( +-  0.02% )  (83.49%)
           881,932      branch-misses             #    0.27% of all branches          ( +-  0.14% )  (83.39%)

            1.4875 +- 0.0455 seconds time elapsed  ( +-  3.06% )


 Performance counter stats for './mandelbrot_pth 0.175 0.375 -0.1 0.1 1024 2' (10 runs):

          1,600.10 msec task-clock                #    1.735 CPUs utilized            ( +-  4.36% )
                 5      context-switches          #    0.003 K/sec                    ( +-  9.35% )
                 1      cpu-migrations            #    0.001 K/sec                  
                70      page-faults               #    0.044 K/sec                    ( +-  2.29% )
     4,131,583,990      cycles                    #    2.582 GHz                      ( +-  0.04% )  (83.19%)
     2,998,395,407      stalled-cycles-frontend   #   72.57% frontend cycles idle     ( +-  0.03% )  (83.22%)
       640,995,891      stalled-cycles-backend    #   15.51% backend cycles idle      ( +-  0.08% )  (66.76%)
     4,320,708,852      instructions              #    1.05  insn per cycle         
                                                  #    0.69  stalled cycles per insn  ( +-  0.05% )  (83.43%)
       321,734,020      branches                  #  201.072 M/sec                    ( +-  0.05% )  (83.52%)
           885,019      branch-misses             #    0.28% of all branches          ( +-  0.19% )  (83.32%)

            0.9220 +- 0.0460 seconds time elapsed  ( +-  4.99% )


 Performance counter stats for './mandelbrot_pth 0.175 0.375 -0.1 0.1 1024 4' (10 runs):

          1,560.50 msec task-clock                #    3.328 CPUs utilized            ( +-  7.20% )
                 5      context-switches          #    0.003 K/sec                    ( +-  8.94% )
                 1      cpu-migrations            #    0.001 K/sec                    ( +- 14.91% )
                73      page-faults               #    0.047 K/sec                    ( +-  0.54% )
     4,130,746,594      cycles                    #    2.647 GHz                      ( +-  0.07% )  (82.92%)
     3,000,649,941      stalled-cycles-frontend   #   72.64% frontend cycles idle     ( +-  0.04% )  (83.09%)
       643,626,927      stalled-cycles-backend    #   15.58% backend cycles idle      ( +-  0.18% )  (66.73%)
     4,328,113,270      instructions              #    1.05  insn per cycle         
                                                  #    0.69  stalled cycles per insn  ( +-  0.09% )  (83.48%)
       321,883,860      branches                  #  206.270 M/sec                    ( +-  0.11% )  (83.68%)
           889,573      branch-misses             #    0.28% of all branches          ( +-  0.21% )  (83.58%)

            0.4690 +- 0.0430 seconds time elapsed  ( +-  9.17% )


 Performance counter stats for './mandelbrot_pth 0.175 0.375 -0.1 0.1 1024 8' (10 runs):

          1,491.76 msec task-clock                #    6.099 CPUs utilized            ( +-  5.35% )
                 7      context-switches          #    0.004 K/sec                    ( +- 10.88% )
                 1      cpu-migrations            #    0.000 K/sec                    ( +- 21.82% )
                81      page-faults               #    0.054 K/sec                    ( +-  0.57% )
     4,150,216,211      cycles                    #    2.782 GHz                      ( +-  0.18% )  (82.57%)
     3,014,955,424      stalled-cycles-frontend   #   72.65% frontend cycles idle     ( +-  0.19% )  (82.88%)
       644,957,803      stalled-cycles-backend    #   15.54% backend cycles idle      ( +-  0.57% )  (67.05%)
     4,309,041,506      instructions              #    1.04  insn per cycle         
                                                  #    0.70  stalled cycles per insn  ( +-  0.14% )  (83.74%)
       320,865,919      branches                  #  215.092 M/sec                    ( +-  0.06% )  (84.16%)
           889,812      branch-misses             #    0.28% of all branches          ( +-  0.17% )  (83.33%)

            0.2446 +- 0.0212 seconds time elapsed  ( +-  8.67% )


 Performance counter stats for './mandelbrot_pth 0.175 0.375 -0.1 0.1 1024 16' (10 runs):

          1,474.57 msec task-clock                #   11.387 CPUs utilized            ( +-  0.57% )
                 6      context-switches          #    0.004 K/sec                    ( +- 20.06% )
                 1      cpu-migrations            #    0.001 K/sec                    ( +- 30.77% )
                97      page-faults               #    0.066 K/sec                    ( +-  0.27% )
     4,281,045,320      cycles                    #    2.903 GHz                      ( +-  0.24% )  (81.85%)
     3,155,336,418      stalled-cycles-frontend   #   73.70% frontend cycles idle     ( +-  0.34% )  (82.57%)
       730,527,510      stalled-cycles-backend    #   17.06% backend cycles idle      ( +-  0.81% )  (67.51%)
     4,313,460,167      instructions              #    1.01  insn per cycle         
                                                  #    0.73  stalled cycles per insn  ( +-  0.20% )  (84.05%)
       320,345,777      branches                  #  217.246 M/sec                    ( +-  0.12% )  (84.59%)
           897,476      branch-misses             #    0.28% of all branches          ( +-  0.14% )  (83.48%)

           0.12950 +- 0.00152 seconds time elapsed  ( +-  1.18% )


 Performance counter stats for './mandelbrot_pth 0.175 0.375 -0.1 0.1 1024 32' (10 runs):

          1,747.26 msec task-clock                #   22.008 CPUs utilized            ( +-  0.97% )
                15      context-switches          #    0.009 K/sec                    ( +- 18.69% )
                 1      cpu-migrations            #    0.001 K/sec                  
               131      page-faults               #    0.075 K/sec                    ( +-  0.38% )
     5,097,752,673      cycles                    #    2.918 GHz                      ( +-  0.34% )  (80.64%)
     3,952,853,365      stalled-cycles-frontend   #   77.54% frontend cycles idle     ( +-  0.27% )  (81.44%)
     1,204,875,614      stalled-cycles-backend    #   23.64% backend cycles idle      ( +-  0.64% )  (68.14%)
     4,320,352,251      instructions              #    0.85  insn per cycle         
                                                  #    0.91  stalled cycles per insn  ( +-  0.20% )  (85.02%)
       322,009,281      branches                  #  184.294 M/sec                    ( +-  0.18% )  (86.11%)
           896,335      branch-misses             #    0.28% of all branches          ( +-  0.17% )  (83.67%)

           0.07939 +- 0.00201 seconds time elapsed  ( +-  2.53% )


 Performance counter stats for './mandelbrot_pth 0.175 0.375 -0.1 0.1 2048 1' (10 runs):

          5,047.59 msec task-clock                #    1.000 CPUs utilized            ( +-  0.63% )
                 5      context-switches          #    0.001 K/sec                    ( +- 14.20% )
                 0      cpu-migrations            #    0.000 K/sec                  
                85      page-faults               #    0.017 K/sec                    ( +-  0.65% )
    16,481,336,730      cycles                    #    3.265 GHz                      ( +-  0.01% )  (83.31%)
    11,949,064,145      stalled-cycles-frontend   #   72.50% frontend cycles idle     ( +-  0.01% )  (83.32%)
     2,531,179,567      stalled-cycles-backend    #   15.36% backend cycles idle      ( +-  0.03% )  (66.66%)
    17,299,858,935      instructions              #    1.05  insn per cycle         
                                                  #    0.69  stalled cycles per insn  ( +-  0.00% )  (83.34%)
     1,288,322,862      branches                  #  255.235 M/sec                    ( +-  0.00% )  (83.38%)
         3,467,267      branch-misses             #    0.27% of all branches          ( +-  0.12% )  (83.34%)

            5.0482 +- 0.0321 seconds time elapsed  ( +-  0.64% )


 Performance counter stats for './mandelbrot_pth 0.175 0.375 -0.1 0.1 2048 2' (10 runs):

          5,509.25 msec task-clock                #    1.930 CPUs utilized            ( +-  1.15% )
                 9      context-switches          #    0.002 K/sec                    ( +-  7.19% )
                 1      cpu-migrations            #    0.000 K/sec                    ( +-  9.09% )
                89      page-faults               #    0.016 K/sec                    ( +-  1.41% )
    16,504,268,690      cycles                    #    2.996 GHz                      ( +-  0.02% )  (83.30%)
    11,972,560,136      stalled-cycles-frontend   #   72.54% frontend cycles idle     ( +-  0.01% )  (83.31%)
     2,554,598,667      stalled-cycles-backend    #   15.48% backend cycles idle      ( +-  0.04% )  (66.69%)
    17,302,028,918      instructions              #    1.05  insn per cycle         
                                                  #    0.69  stalled cycles per insn  ( +-  0.01% )  (83.36%)
     1,288,494,823      branches                  #  233.879 M/sec                    ( +-  0.02% )  (83.37%)
         3,474,530      branch-misses             #    0.27% of all branches          ( +-  0.07% )  (83.34%)

            2.8552 +- 0.0314 seconds time elapsed  ( +-  1.10% )


 Performance counter stats for './mandelbrot_pth 0.175 0.375 -0.1 0.1 2048 4' (10 runs):

          5,430.20 msec task-clock                #    3.468 CPUs utilized            ( +-  2.93% )
                13      context-switches          #    0.002 K/sec                    ( +-  5.38% )
                 4      cpu-migrations            #    0.001 K/sec                    ( +-  5.97% )
                97      page-faults               #    0.018 K/sec                    ( +-  0.74% )
    16,510,087,159      cycles                    #    3.040 GHz                      ( +-  0.02% )  (83.22%)
    11,984,204,342      stalled-cycles-frontend   #   72.59% frontend cycles idle     ( +-  0.01% )  (83.28%)
     2,562,405,955      stalled-cycles-backend    #   15.52% backend cycles idle      ( +-  0.06% )  (66.70%)
    17,296,928,741      instructions              #    1.05  insn per cycle         
                                                  #    0.69  stalled cycles per insn  ( +-  0.04% )  (83.37%)
     1,288,397,718      branches                  #  237.265 M/sec                    ( +-  0.01% )  (83.45%)
         3,474,065      branch-misses             #    0.27% of all branches          ( +-  0.08% )  (83.36%)

            1.5657 +- 0.0452 seconds time elapsed  ( +-  2.89% )


 Performance counter stats for './mandelbrot_pth 0.175 0.375 -0.1 0.1 2048 8' (10 runs):

          6,408.80 msec task-clock                #    6.578 CPUs utilized            ( +-  4.70% )
                11      context-switches          #    0.002 K/sec                    ( +-  7.41% )
                 2      cpu-migrations            #    0.000 K/sec                    ( +- 19.09% )
                96      page-faults               #    0.015 K/sec                    ( +-  4.55% )
    16,516,964,611      cycles                    #    2.577 GHz                      ( +-  0.05% )  (83.15%)
    11,993,944,058      stalled-cycles-frontend   #   72.62% frontend cycles idle     ( +-  0.04% )  (83.25%)
     2,561,271,771      stalled-cycles-backend    #   15.51% backend cycles idle      ( +-  0.07% )  (66.76%)
    17,282,165,305      instructions              #    1.05  insn per cycle         
                                                  #    0.69  stalled cycles per insn  ( +-  0.03% )  (83.42%)
     1,288,585,109      branches                  #  201.065 M/sec                    ( +-  0.04% )  (83.50%)
         3,489,302      branch-misses             #    0.27% of all branches          ( +-  0.17% )  (83.35%)

            0.9743 +- 0.0468 seconds time elapsed  ( +-  4.80% )


 Performance counter stats for './mandelbrot_pth 0.175 0.375 -0.1 0.1 2048 16' (10 runs):

          6,105.37 msec task-clock                #   11.506 CPUs utilized            ( +-  4.15% )
                15      context-switches          #    0.002 K/sec                    ( +- 14.19% )
                 2      cpu-migrations            #    0.000 K/sec                    ( +- 16.57% )
                97      page-faults               #    0.016 K/sec                    ( +-  0.37% )
    16,796,624,849      cycles                    #    2.751 GHz                      ( +-  0.24% )  (82.90%)
    12,266,900,460      stalled-cycles-frontend   #   73.03% frontend cycles idle     ( +-  0.30% )  (83.20%)
     2,719,886,121      stalled-cycles-backend    #   16.19% backend cycles idle      ( +-  0.90% )  (66.87%)
    17,273,883,981      instructions              #    1.03  insn per cycle         
                                                  #    0.71  stalled cycles per insn  ( +-  0.05% )  (83.50%)
     1,286,432,565      branches                  #  210.705 M/sec                    ( +-  0.05% )  (83.64%)
         3,496,731      branch-misses             #    0.27% of all branches          ( +-  0.17% )  (83.39%)

            0.5306 +- 0.0340 seconds time elapsed  ( +-  6.42% )


 Performance counter stats for './mandelbrot_pth 0.175 0.375 -0.1 0.1 2048 32' (10 runs):

          6,971.22 msec task-clock                #   24.484 CPUs utilized            ( +-  0.67% )
                35      context-switches          #    0.005 K/sec                    ( +-  7.64% )
                 2      cpu-migrations            #    0.000 K/sec                    ( +- 10.75% )
               131      page-faults               #    0.019 K/sec                    ( +-  0.43% )
    20,436,388,772      cycles                    #    2.932 GHz                      ( +-  0.09% )  (82.85%)
    15,924,699,197      stalled-cycles-frontend   #   77.92% frontend cycles idle     ( +-  0.11% )  (82.89%)
     4,937,353,799      stalled-cycles-backend    #   24.16% backend cycles idle      ( +-  0.19% )  (66.67%)
    17,273,238,205      instructions              #    0.85  insn per cycle         
                                                  #    0.92  stalled cycles per insn  ( +-  0.03% )  (83.50%)
     1,286,460,467      branches                  #  184.539 M/sec                    ( +-  0.02% )  (83.87%)
         3,480,870      branch-misses             #    0.27% of all branches          ( +-  0.06% )  (83.72%)

           0.28473 +- 0.00532 seconds time elapsed  ( +-  1.87% )


 Performance counter stats for './mandelbrot_pth 0.175 0.375 -0.1 0.1 4096 1' (10 runs):

         20,203.63 msec task-clock                #    1.000 CPUs utilized            ( +-  0.24% )
                32      context-switches          #    0.002 K/sec                    ( +- 37.62% )
                 0      cpu-migrations            #    0.000 K/sec                  
                93      page-faults               #    0.005 K/sec                    ( +-  0.60% )
    65,910,266,946      cycles                    #    3.262 GHz                      ( +-  0.00% )  (83.32%)
    47,790,754,307      stalled-cycles-frontend   #   72.51% frontend cycles idle     ( +-  0.01% )  (83.33%)
    10,075,267,641      stalled-cycles-backend    #   15.29% backend cycles idle      ( +-  0.03% )  (66.67%)
    69,184,510,103      instructions              #    1.05  insn per cycle         
                                                  #    0.69  stalled cycles per insn  ( +-  0.00% )  (83.34%)
     5,152,293,906      branches                  #  255.018 M/sec                    ( +-  0.00% )  (83.34%)
        13,668,897      branch-misses             #    0.27% of all branches          ( +-  0.06% )  (83.33%)

           20.2052 +- 0.0486 seconds time elapsed  ( +-  0.24% )


 Performance counter stats for './mandelbrot_pth 0.175 0.375 -0.1 0.1 4096 2' (10 runs):

         20,462.15 msec task-clock                #    1.988 CPUs utilized            ( +-  0.37% )
                17      context-switches          #    0.001 K/sec                    ( +-  4.79% )
                 2      cpu-migrations            #    0.000 K/sec                    ( +- 19.71% )
                96      page-faults               #    0.005 K/sec                    ( +-  0.81% )
    66,019,792,658      cycles                    #    3.226 GHz                      ( +-  0.00% )  (83.32%)
    47,891,967,740      stalled-cycles-frontend   #   72.54% frontend cycles idle     ( +-  0.00% )  (83.33%)
    10,175,376,452      stalled-cycles-backend    #   15.41% backend cycles idle      ( +-  0.02% )  (66.68%)
    69,180,934,787      instructions              #    1.05  insn per cycle         
                                                  #    0.69  stalled cycles per insn  ( +-  0.00% )  (83.34%)
     5,152,760,233      branches                  #  251.819 M/sec                    ( +-  0.01% )  (83.34%)
        13,689,679      branch-misses             #    0.27% of all branches          ( +-  0.05% )  (83.33%)

           10.2938 +- 0.0439 seconds time elapsed  ( +-  0.43% )


 Performance counter stats for './mandelbrot_pth 0.175 0.375 -0.1 0.1 4096 4' (10 runs):

         20,556.92 msec task-clock                #    3.479 CPUs utilized            ( +-  0.71% )
                20      context-switches          #    0.001 K/sec                    ( +-  6.81% )
                 3      cpu-migrations            #    0.000 K/sec                    ( +- 18.65% )
               107      page-faults               #    0.005 K/sec                    ( +-  1.51% )
    66,040,021,668      cycles                    #    3.213 GHz                      ( +-  0.01% )  (83.31%)
    47,922,221,861      stalled-cycles-frontend   #   72.57% frontend cycles idle     ( +-  0.02% )  (83.32%)
    10,199,644,129      stalled-cycles-backend    #   15.44% backend cycles idle      ( +-  0.05% )  (66.68%)
    69,180,616,537      instructions              #    1.05  insn per cycle         
                                                  #    0.69  stalled cycles per insn  ( +-  0.00% )  (83.34%)
     5,152,582,438      branches                  #  250.650 M/sec                    ( +-  0.00% )  (83.36%)
        13,685,829      branch-misses             #    0.27% of all branches          ( +-  0.03% )  (83.34%)

            5.9080 +- 0.0433 seconds time elapsed  ( +-  0.73% )


 Performance counter stats for './mandelbrot_pth 0.175 0.375 -0.1 0.1 4096 8' (10 runs):

         21,692.10 msec task-clock                #    6.684 CPUs utilized            ( +-  1.58% )
                33      context-switches          #    0.002 K/sec                    ( +-  5.42% )
                 8      cpu-migrations            #    0.000 K/sec                    ( +-  7.60% )
               119      page-faults               #    0.005 K/sec                    ( +-  0.82% )
    66,083,006,502      cycles                    #    3.046 GHz                      ( +-  0.03% )  (83.28%)
    47,952,962,864      stalled-cycles-frontend   #   72.56% frontend cycles idle     ( +-  0.03% )  (83.30%)
    10,218,736,614      stalled-cycles-backend    #   15.46% backend cycles idle      ( +-  0.11% )  (66.69%)
    69,179,077,539      instructions              #    1.05  insn per cycle         
                                                  #    0.69  stalled cycles per insn  ( +-  0.01% )  (83.35%)
     5,153,088,633      branches                  #  237.556 M/sec                    ( +-  0.01% )  (83.38%)
        13,714,258      branch-misses             #    0.27% of all branches          ( +-  0.06% )  (83.35%)

            3.2454 +- 0.0560 seconds time elapsed  ( +-  1.73% )


 Performance counter stats for './mandelbrot_pth 0.175 0.375 -0.1 0.1 4096 16' (10 runs):

         23,101.87 msec task-clock                #   12.707 CPUs utilized            ( +-  1.65% )
                40      context-switches          #    0.002 K/sec                    ( +-  7.07% )
                10      cpu-migrations            #    0.000 K/sec                    ( +-  9.21% )
               160      page-faults               #    0.007 K/sec                    ( +-  1.41% )
    66,498,196,284      cycles                    #    2.878 GHz                      ( +-  0.11% )  (83.25%)
    48,380,786,265      stalled-cycles-frontend   #   72.76% frontend cycles idle     ( +-  0.16% )  (83.28%)
    10,484,742,143      stalled-cycles-backend    #   15.77% backend cycles idle      ( +-  0.45% )  (66.70%)
    69,190,202,662      instructions              #    1.04  insn per cycle         
                                                  #    0.70  stalled cycles per insn  ( +-  0.01% )  (83.38%)
     5,152,871,046      branches                  #  223.050 M/sec                    ( +-  0.01% )  (83.42%)
        13,753,302      branch-misses             #    0.27% of all branches          ( +-  0.07% )  (83.35%)

            1.8181 +- 0.0350 seconds time elapsed  ( +-  1.92% )


 Performance counter stats for './mandelbrot_pth 0.175 0.375 -0.1 0.1 4096 32' (10 runs):

         29,465.48 msec task-clock                #   26.097 CPUs utilized            ( +-  2.45% )
                87      context-switches          #    0.003 K/sec                    ( +- 11.53% )
                 4      cpu-migrations            #    0.000 K/sec                    ( +- 12.03% )
               183      page-faults               #    0.006 K/sec                    ( +-  2.33% )
    81,164,607,583      cycles                    #    2.755 GHz                      ( +-  0.08% )  (83.18%)
    63,144,753,943      stalled-cycles-frontend   #   77.80% frontend cycles idle     ( +-  0.09% )  (83.25%)
    19,522,712,239      stalled-cycles-backend    #   24.05% backend cycles idle      ( +-  0.18% )  (66.72%)
    69,169,034,399      instructions              #    0.85  insn per cycle         
                                                  #    0.91  stalled cycles per insn  ( +-  0.01% )  (83.39%)
     5,152,917,589      branches                  #  174.880 M/sec                    ( +-  0.01% )  (83.47%)
        13,671,001      branch-misses             #    0.27% of all branches          ( +-  0.05% )  (83.38%)

            1.1291 +- 0.0322 seconds time elapsed  ( +-  2.86% )


 Performance counter stats for './mandelbrot_pth 0.175 0.375 -0.1 0.1 8192 1' (10 runs):

         80,578.03 msec task-clock                #    1.000 CPUs utilized            ( +-  0.13% )
                26      context-switches          #    0.000 K/sec                    ( +-  5.52% )
                 0      cpu-migrations            #    0.000 K/sec                  
               101      page-faults               #    0.001 K/sec                    ( +-  0.62% )
   263,775,390,529      cycles                    #    3.274 GHz                      ( +-  0.02% )  (83.33%)
   191,313,812,316      stalled-cycles-frontend   #   72.53% frontend cycles idle     ( +-  0.02% )  (83.33%)
    40,345,701,160      stalled-cycles-backend    #   15.30% backend cycles idle      ( +-  0.10% )  (66.67%)
   276,712,997,294      instructions              #    1.05  insn per cycle         
                                                  #    0.69  stalled cycles per insn  ( +-  0.00% )  (83.33%)
    20,607,034,211      branches                  #  255.740 M/sec                    ( +-  0.00% )  (83.33%)
        54,048,032      branch-misses             #    0.26% of all branches          ( +-  0.03% )  (83.33%)

            80.582 +- 0.104 seconds time elapsed  ( +-  0.13% )


 Performance counter stats for './mandelbrot_pth 0.175 0.375 -0.1 0.1 8192 2' (10 runs):

         80,882.12 msec task-clock                #    1.995 CPUs utilized            ( +-  0.10% )
                39      context-switches          #    0.000 K/sec                    ( +-  4.93% )
                 3      cpu-migrations            #    0.000 K/sec                    ( +- 26.44% )
               104      page-faults               #    0.001 K/sec                    ( +-  0.85% )
   264,061,009,222      cycles                    #    3.265 GHz                      ( +-  0.00% )  (83.33%)
   191,583,937,141      stalled-cycles-frontend   #   72.55% frontend cycles idle     ( +-  0.00% )  (83.33%)
    40,608,163,269      stalled-cycles-backend    #   15.38% backend cycles idle      ( +-  0.01% )  (66.67%)
   276,719,378,675      instructions              #    1.05  insn per cycle         
                                                  #    0.69  stalled cycles per insn  ( +-  0.00% )  (83.34%)
    20,610,938,930      branches                  #  254.827 M/sec                    ( +-  0.00% )  (83.34%)
        54,061,695      branch-misses             #    0.26% of all branches          ( +-  0.04% )  (83.33%)

           40.5425 +- 0.0470 seconds time elapsed  ( +-  0.12% )


 Performance counter stats for './mandelbrot_pth 0.175 0.375 -0.1 0.1 8192 4' (10 runs):

         81,081.90 msec task-clock                #    3.480 CPUs utilized            ( +-  0.22% )
                67      context-switches          #    0.001 K/sec                    ( +-  8.84% )
                 6      cpu-migrations            #    0.000 K/sec                    ( +- 15.60% )
               134      page-faults               #    0.002 K/sec                    ( +-  2.05% )
   263,998,155,062      cycles                    #    3.256 GHz                      ( +-  0.01% )  (83.33%)
   191,537,655,581      stalled-cycles-frontend   #   72.55% frontend cycles idle     ( +-  0.01% )  (83.33%)
    40,560,564,475      stalled-cycles-backend    #   15.36% backend cycles idle      ( +-  0.04% )  (66.67%)
   276,707,634,408      instructions              #    1.05  insn per cycle         
                                                  #    0.69  stalled cycles per insn  ( +-  0.00% )  (83.34%)
    20,606,620,769      branches                  #  254.146 M/sec                    ( +-  0.00% )  (83.34%)
        54,104,962      branch-misses             #    0.26% of all branches          ( +-  0.03% )  (83.33%)

           23.2997 +- 0.0643 seconds time elapsed  ( +-  0.28% )


 Performance counter stats for './mandelbrot_pth 0.175 0.375 -0.1 0.1 8192 8' (10 runs):

         84,079.90 msec task-clock                #    6.707 CPUs utilized            ( +-  0.32% )
                68      context-switches          #    0.001 K/sec                    ( +-  8.24% )
                 6      cpu-migrations            #    0.000 K/sec                    ( +- 18.76% )
               175      page-faults               #    0.002 K/sec                    ( +-  1.53% )
   264,209,448,215      cycles                    #    3.142 GHz                      ( +-  0.01% )  (83.32%)
   191,728,613,886      stalled-cycles-frontend   #   72.57% frontend cycles idle     ( +-  0.01% )  (83.33%)
    40,743,154,080      stalled-cycles-backend    #   15.42% backend cycles idle      ( +-  0.04% )  (66.67%)
   276,705,781,846      instructions              #    1.05  insn per cycle         
                                                  #    0.69  stalled cycles per insn  ( +-  0.00% )  (83.34%)
    20,610,689,642      branches                  #  245.132 M/sec                    ( +-  0.00% )  (83.35%)
        54,151,108      branch-misses             #    0.26% of all branches          ( +-  0.05% )  (83.34%)

           12.5353 +- 0.0650 seconds time elapsed  ( +-  0.52% )


 Performance counter stats for './mandelbrot_pth 0.175 0.375 -0.1 0.1 8192 16' (10 runs):

         89,004.49 msec task-clock                #   13.000 CPUs utilized            ( +-  0.54% )
                81      context-switches          #    0.001 K/sec                    ( +-  2.36% )
                15      cpu-migrations            #    0.000 K/sec                    ( +-  4.47% )
               212      page-faults               #    0.002 K/sec                    ( +-  2.69% )
   264,796,945,234      cycles                    #    2.975 GHz                      ( +-  0.02% )  (83.31%)
   192,331,252,765      stalled-cycles-frontend   #   72.63% frontend cycles idle     ( +-  0.03% )  (83.32%)
    41,075,632,602      stalled-cycles-backend    #   15.51% backend cycles idle      ( +-  0.10% )  (66.68%)
   276,715,505,217      instructions              #    1.05  insn per cycle         
                                                  #    0.70  stalled cycles per insn  ( +-  0.01% )  (83.35%)
    20,612,642,722      branches                  #  231.591 M/sec                    ( +-  0.01% )  (83.36%)
        54,213,025      branch-misses             #    0.26% of all branches          ( +-  0.04% )  (83.34%)

            6.8466 +- 0.0452 seconds time elapsed  ( +-  0.66% )


 Performance counter stats for './mandelbrot_pth 0.175 0.375 -0.1 0.1 8192 32' (10 runs):

        111,635.11 msec task-clock                #   26.487 CPUs utilized            ( +-  0.72% )
               362      context-switches          #    0.003 K/sec                    ( +-  6.87% )
                12      cpu-migrations            #    0.000 K/sec                    ( +-  8.69% )
               247      page-faults               #    0.002 K/sec                    ( +-  2.27% )
   323,415,276,106      cycles                    #    2.897 GHz                      ( +-  0.02% )  (83.29%)
   251,227,877,481      stalled-cycles-frontend   #   77.68% frontend cycles idle     ( +-  0.02% )  (83.31%)
    77,379,828,219      stalled-cycles-backend    #   23.93% backend cycles idle      ( +-  0.05% )  (66.68%)
   276,736,337,732      instructions              #    0.86  insn per cycle         
                                                  #    0.91  stalled cycles per insn  ( +-  0.00% )  (83.35%)
    20,616,795,242      branches                  #  184.680 M/sec                    ( +-  0.00% )  (83.37%)
        53,998,427      branch-misses             #    0.26% of all branches          ( +-  0.02% )  (83.34%)

            4.2148 +- 0.0336 seconds time elapsed  ( +-  0.80% )

