
 Performance counter stats for './mandelbrot_pth 0.175 0.375 -0.1 0.1 16 1' (10 runs):

              0.84 msec task-clock                #    0.748 CPUs utilized            ( +-  1.15% )
                 1      context-switches          #    0.001 M/sec                  
                 0      cpu-migrations            #    0.000 K/sec                  
                68      page-faults               #    0.081 M/sec                    ( +-  0.54% )
         2,494,035      cycles                    #    2.959 GHz                      ( +-  1.15% )  (80.96%)
         1,709,100      stalled-cycles-frontend   #   68.53% frontend cycles idle     ( +-  1.44% )
           935,985      stalled-cycles-backend    #   37.53% backend cycles idle      ( +-  2.51% )
         2,040,200      instructions              #    0.82  insn per cycle         
                                                  #    0.84  stalled cycles per insn  ( +-  0.17% )
           274,269      branches                  #  325.373 M/sec                    ( +-  0.22% )
             2,557      branch-misses             #    0.93% of all branches          ( +- 47.62% )  (19.04%)

         0.0011272 +- 0.0000186 seconds time elapsed  ( +-  1.65% )


 Performance counter stats for './mandelbrot_pth 0.175 0.375 -0.1 0.1 16 2' (10 runs):

              1.38 msec task-clock                #    0.910 CPUs utilized            ( +-  4.33% )
                 1      context-switches          #    0.724 K/sec                  
                 0      cpu-migrations            #    0.000 K/sec                  
                70      page-faults               #    0.051 M/sec                    ( +-  0.73% )
         2,501,247      cycles                    #    1.810 GHz                      ( +-  1.11% )  (75.53%)
         1,752,180      stalled-cycles-frontend   #   70.05% frontend cycles idle     ( +-  1.01% )
           962,306      stalled-cycles-backend    #   38.47% backend cycles idle      ( +-  1.71% )
         2,087,502      instructions              #    0.83  insn per cycle         
                                                  #    0.84  stalled cycles per insn  ( +-  0.25% )
           284,151      branches                  #  205.601 M/sec                    ( +-  0.33% )
     <not counted>      branch-misses                                                 ( +- 52.40% )  (24.47%)

         0.0015185 +- 0.0000861 seconds time elapsed  ( +-  5.67% )

Some events weren't counted. Try disabling the NMI watchdog:
	echo 0 > /proc/sys/kernel/nmi_watchdog
	perf stat ...
	echo 1 > /proc/sys/kernel/nmi_watchdog

 Performance counter stats for './mandelbrot_pth 0.175 0.375 -0.1 0.1 16 4' (10 runs):

              1.70 msec task-clock                #    1.058 CPUs utilized            ( +-  4.60% )
                 2      context-switches          #    0.001 M/sec                    ( +-  6.06% )
                 0      cpu-migrations            #    0.000 K/sec                  
                75      page-faults               #    0.044 M/sec                    ( +-  0.66% )
         2,963,232      cycles                    #    1.741 GHz                      ( +-  1.46% )  (94.05%)
         2,047,946      stalled-cycles-frontend   #   69.11% frontend cycles idle     ( +-  1.46% )
         1,203,875      stalled-cycles-backend    #   40.63% backend cycles idle      ( +-  2.33% )
         2,240,215      instructions              #    0.76  insn per cycle         
                                                  #    0.91  stalled cycles per insn  ( +-  0.15% )
           316,133      branches                  #  185.774 M/sec                    ( +-  0.23% )
             1,272      branch-misses             #    0.40% of all branches          ( +- 52.61% )  (5.95%)

         0.0016086 +- 0.0000872 seconds time elapsed  ( +-  5.42% )


 Performance counter stats for './mandelbrot_pth 0.175 0.375 -0.1 0.1 16 8' (10 runs):

              1.94 msec task-clock                #    1.203 CPUs utilized            ( +-  1.14% )
                 5      context-switches          #    0.002 M/sec                    ( +- 16.37% )
                 0      cpu-migrations            #    0.000 K/sec                  
                84      page-faults               #    0.043 M/sec                    ( +-  0.31% )
         3,673,701      cycles                    #    1.894 GHz                      ( +-  2.35% )  (90.36%)
         2,528,386      stalled-cycles-frontend   #   68.82% frontend cycles idle     ( +-  0.89% )
         1,576,181      stalled-cycles-backend    #   42.90% backend cycles idle      ( +-  1.36% )
         2,547,908      instructions              #    0.69  insn per cycle         
                                                  #    0.99  stalled cycles per insn  ( +-  0.15% )
           380,669      branches                  #  196.249 M/sec                    ( +-  0.22% )
     <not counted>      branch-misses                                                 ( +- 53.30% )  (9.64%)

         0.0016124 +- 0.0000158 seconds time elapsed  ( +-  0.98% )

Some events weren't counted. Try disabling the NMI watchdog:
	echo 0 > /proc/sys/kernel/nmi_watchdog
	perf stat ...
	echo 1 > /proc/sys/kernel/nmi_watchdog

 Performance counter stats for './mandelbrot_pth 0.175 0.375 -0.1 0.1 16 16' (10 runs):

              2.93 msec task-clock                #    1.206 CPUs utilized            ( +-  4.96% )
                14      context-switches          #    0.005 M/sec                    ( +-  8.22% )
                 0      cpu-migrations            #    0.000 K/sec                  
               100      page-faults               #    0.034 M/sec                    ( +-  0.50% )
         5,018,450      cycles                    #    1.712 GHz                      ( +-  8.38% )  (66.27%)
         3,650,335      stalled-cycles-frontend   #   72.74% frontend cycles idle     ( +-  7.34% )
         2,432,978      stalled-cycles-backend    #   48.48% backend cycles idle      ( +-  9.11% )
         3,232,922      instructions              #    0.64  insn per cycle         
                                                  #    1.13  stalled cycles per insn  ( +-  2.17% )
           524,179      branches                  #  178.835 M/sec                    ( +-  2.56% )
             5,992      branch-misses             #    1.14% of all branches          ( +- 34.62% )  (33.73%)

          0.002431 +- 0.000122 seconds time elapsed  ( +-  5.01% )


 Performance counter stats for './mandelbrot_pth 0.175 0.375 -0.1 0.1 16 32' (10 runs):

              3.07 msec task-clock                #    1.050 CPUs utilized            ( +-  3.90% )
                 3      context-switches          #    0.977 K/sec                    ( +- 17.21% )
                 0      cpu-migrations            #    0.000 K/sec                  
               132      page-faults               #    0.043 M/sec                    ( +-  0.32% )
         5,693,383      cycles                    #    1.853 GHz                      ( +-  4.91% )  (78.42%)
         3,934,964      stalled-cycles-frontend   #   69.11% frontend cycles idle     ( +-  5.92% )
         3,005,481      stalled-cycles-backend    #   52.79% backend cycles idle      ( +-  6.66% )
         3,102,509      instructions              #    0.54  insn per cycle         
                                                  #    1.27  stalled cycles per insn  ( +-  1.58% )
           649,034      branches                  #  211.294 M/sec                    ( +-  1.42% )
             9,296      branch-misses             #    1.43% of all branches          ( +- 19.99% )  (21.58%)

          0.002926 +- 0.000109 seconds time elapsed  ( +-  3.71% )


 Performance counter stats for './mandelbrot_pth 0.175 0.375 -0.1 0.1 32 1' (10 runs):

              3.08 msec task-clock                #    0.868 CPUs utilized            ( +-  4.37% )
                 1      context-switches          #    0.325 K/sec                  
                 0      cpu-migrations            #    0.000 K/sec                  
                77      page-faults               #    0.025 M/sec                    ( +-  0.48% )
         5,268,740      cycles                    #    1.713 GHz                      ( +-  3.74% )  (38.07%)
         3,917,865      stalled-cycles-frontend   #   74.36% frontend cycles idle     ( +-  0.41% )
         1,421,897      stalled-cycles-backend    #   26.99% backend cycles idle      ( +-  1.00% )
         5,527,548      instructions              #    1.05  insn per cycle         
                                                  #    0.71  stalled cycles per insn  ( +-  0.11% )
           553,932      branches                  #  180.076 M/sec                    ( +-  0.22% )
             5,579      branch-misses             #    1.01% of all branches          ( +- 24.48% )  (61.93%)

          0.003542 +- 0.000149 seconds time elapsed  ( +-  4.21% )


 Performance counter stats for './mandelbrot_pth 0.175 0.375 -0.1 0.1 32 2' (10 runs):

              2.87 msec task-clock                #    1.287 CPUs utilized            ( +-  2.28% )
                 1      context-switches          #    0.349 K/sec                  
                 0      cpu-migrations            #    0.000 K/sec                  
                79      page-faults               #    0.028 M/sec                    ( +-  0.66% )
         5,758,838      cycles                    #    2.007 GHz                      ( +-  0.70% )  (66.42%)
         4,045,202      stalled-cycles-frontend   #   70.24% frontend cycles idle     ( +-  0.49% )
         1,524,388      stalled-cycles-backend    #   26.47% backend cycles idle      ( +-  1.21% )
         5,584,145      instructions              #    0.97  insn per cycle         
                                                  #    0.72  stalled cycles per insn  ( +-  0.08% )
           566,082      branches                  #  197.289 M/sec                    ( +-  0.14% )
             2,612      branch-misses             #    0.46% of all branches          ( +- 31.81% )  (33.58%)

         0.0022294 +- 0.0000465 seconds time elapsed  ( +-  2.09% )


 Performance counter stats for './mandelbrot_pth 0.175 0.375 -0.1 0.1 32 4' (10 runs):

              3.46 msec task-clock                #    1.645 CPUs utilized            ( +-  4.49% )
                 3      context-switches          #    0.839 K/sec                    ( +-  8.05% )
                 0      cpu-migrations            #    0.000 K/sec                  
                83      page-faults               #    0.024 M/sec                    ( +-  0.53% )
         6,456,639      cycles                    #    1.868 GHz                      ( +-  3.39% )  (75.27%)
         4,380,155      stalled-cycles-frontend   #   67.84% frontend cycles idle     ( +-  0.99% )
         1,805,432      stalled-cycles-backend    #   27.96% backend cycles idle      ( +-  2.16% )
         5,721,949      instructions              #    0.89  insn per cycle         
                                                  #    0.77  stalled cycles per insn  ( +-  0.14% )
           595,648      branches                  #  172.291 M/sec                    ( +-  0.30% )
     <not counted>      branch-misses                                                 ( +- 59.94% )  (24.73%)

         0.0021019 +- 0.0000762 seconds time elapsed  ( +-  3.62% )

Some events weren't counted. Try disabling the NMI watchdog:
	echo 0 > /proc/sys/kernel/nmi_watchdog
	perf stat ...
	echo 1 > /proc/sys/kernel/nmi_watchdog

 Performance counter stats for './mandelbrot_pth 0.175 0.375 -0.1 0.1 32 8' (10 runs):

              3.18 msec task-clock                #    1.781 CPUs utilized            ( +-  1.40% )
                 4      context-switches          #    0.001 M/sec                    ( +-  9.84% )
                 0      cpu-migrations            #    0.000 K/sec                  
                91      page-faults               #    0.029 M/sec                    ( +-  0.65% )
         6,726,520      cycles                    #    2.115 GHz                      ( +-  3.20% )  (88.04%)
         4,926,770      stalled-cycles-frontend   #   73.24% frontend cycles idle     ( +-  0.81% )
         2,244,491      stalled-cycles-backend    #   33.37% backend cycles idle      ( +-  1.62% )
         6,031,268      instructions              #    0.90  insn per cycle         
                                                  #    0.82  stalled cycles per insn  ( +-  0.14% )
           660,177      branches                  #  207.622 M/sec                    ( +-  0.26% )
     <not counted>      branch-misses                                                 ( +- 46.05% )  (11.96%)

         0.0017858 +- 0.0000342 seconds time elapsed  ( +-  1.91% )

Some events weren't counted. Try disabling the NMI watchdog:
	echo 0 > /proc/sys/kernel/nmi_watchdog
	perf stat ...
	echo 1 > /proc/sys/kernel/nmi_watchdog

 Performance counter stats for './mandelbrot_pth 0.175 0.375 -0.1 0.1 32 16' (10 runs):

              4.85 msec task-clock                #    2.032 CPUs utilized            ( +-  2.58% )
                13      context-switches          #    0.003 M/sec                    ( +- 12.38% )
                 0      cpu-migrations            #    0.000 K/sec                  
               107      page-faults               #    0.022 M/sec                    ( +-  0.46% )
         8,456,377      cycles                    #    1.744 GHz                      ( +-  1.82% )  (90.47%)
         5,976,831      stalled-cycles-frontend   #   70.68% frontend cycles idle     ( +-  1.74% )
         3,054,043      stalled-cycles-backend    #   36.12% backend cycles idle      ( +-  2.84% )
         6,678,594      instructions              #    0.79  insn per cycle         
                                                  #    0.89  stalled cycles per insn  ( +-  0.42% )
           797,071      branches                  #  164.423 M/sec                    ( +-  0.70% )
     <not counted>      branch-misses                                                 ( +- 70.84% )  (9.53%)

         0.0023858 +- 0.0000927 seconds time elapsed  ( +-  3.89% )

Some events weren't counted. Try disabling the NMI watchdog:
	echo 0 > /proc/sys/kernel/nmi_watchdog
	perf stat ...
	echo 1 > /proc/sys/kernel/nmi_watchdog

 Performance counter stats for './mandelbrot_pth 0.175 0.375 -0.1 0.1 32 32' (10 runs):

              5.84 msec task-clock                #    1.683 CPUs utilized            ( +-  1.72% )
                13      context-switches          #    0.002 M/sec                    ( +-  9.71% )
                 0      cpu-migrations            #    0.000 K/sec                  
               140      page-faults               #    0.024 M/sec                    ( +-  0.36% )
        10,468,611      cycles                    #    1.792 GHz                      ( +-  1.53% )  (71.92%)
         7,380,518      stalled-cycles-frontend   #   70.50% frontend cycles idle     ( +-  0.87% )
         4,117,302      stalled-cycles-backend    #   39.33% backend cycles idle      ( +-  1.49% )
         7,739,408      instructions              #    0.74  insn per cycle         
                                                  #    0.95  stalled cycles per insn  ( +-  0.12% )
         1,021,016      branches                  #  174.818 M/sec                    ( +-  0.19% )
            14,777      branch-misses             #    1.45% of all branches          ( +- 16.80% )  (28.08%)

         0.0034705 +- 0.0000629 seconds time elapsed  ( +-  1.81% )


 Performance counter stats for './mandelbrot_pth 0.175 0.375 -0.1 0.1 64 1' (10 runs):

             10.22 msec task-clock                #    0.952 CPUs utilized            ( +-  6.55% )
                 1      context-switches          #    0.117 K/sec                    ( +- 16.67% )
                 0      cpu-migrations            #    0.000 K/sec                  
               106      page-faults               #    0.010 M/sec                    ( +-  0.38% )
        17,810,303      cycles                    #    1.743 GHz                      ( +-  2.52% )  (62.22%)
        13,004,849      stalled-cycles-frontend   #   73.02% frontend cycles idle     ( +-  2.28% )  (66.53%)
         3,684,322      stalled-cycles-backend    #   20.69% backend cycles idle      ( +-  1.24% )  (90.57%)
        19,301,937      instructions              #    1.08  insn per cycle         
                                                  #    0.67  stalled cycles per insn  ( +-  0.28% )  (99.71%)
         1,661,161      branches                  #  162.586 M/sec                    ( +-  0.17% )
             6,349      branch-misses             #    0.38% of all branches          ( +- 12.30% )  (80.68%)

          0.010727 +- 0.000697 seconds time elapsed  ( +-  6.50% )


 Performance counter stats for './mandelbrot_pth 0.175 0.375 -0.1 0.1 64 2' (10 runs):

              9.96 msec task-clock                #    1.636 CPUs utilized            ( +- 10.11% )
                 1      context-switches          #    0.120 K/sec                    ( +- 11.11% )
                 0      cpu-migrations            #    0.000 K/sec                  
               109      page-faults               #    0.011 M/sec                    ( +-  0.39% )
        16,767,728      cycles                    #    1.683 GHz                      ( +-  7.49% )  (51.23%)
        12,955,506      stalled-cycles-frontend   #   77.26% frontend cycles idle     ( +-  0.29% )  (92.34%)
         3,590,767      stalled-cycles-backend    #   21.41% backend cycles idle      ( +-  0.60% )
        19,387,091      instructions              #    1.16  insn per cycle         
                                                  #    0.67  stalled cycles per insn  ( +-  0.03% )
         1,668,762      branches                  #  167.490 M/sec                    ( +-  0.07% )
     <not counted>      branch-misses                                                 ( +- 18.35% )  (56.43%)

          0.006091 +- 0.000589 seconds time elapsed  ( +-  9.68% )

Some events weren't counted. Try disabling the NMI watchdog:
	echo 0 > /proc/sys/kernel/nmi_watchdog
	perf stat ...
	echo 1 > /proc/sys/kernel/nmi_watchdog

 Performance counter stats for './mandelbrot_pth 0.175 0.375 -0.1 0.1 64 4' (10 runs):

             12.87 msec task-clock                #    2.472 CPUs utilized            ( +-  3.67% )
                 2      context-switches          #    0.171 K/sec                    ( +-  6.06% )
                 0      cpu-migrations            #    0.000 K/sec                  
               112      page-faults               #    0.009 M/sec                    ( +-  0.26% )
        19,255,416      cycles                    #    1.496 GHz                      ( +-  1.41% )  (45.92%)
        13,241,034      stalled-cycles-frontend   #   68.77% frontend cycles idle     ( +-  0.12% )
         3,835,457      stalled-cycles-backend    #   19.92% backend cycles idle      ( +-  0.38% )
        19,547,175      instructions              #    1.02  insn per cycle         
                                                  #    0.68  stalled cycles per insn  ( +-  0.05% )
         1,702,056      branches                  #  132.259 M/sec                    ( +-  0.10% )
             7,232      branch-misses             #    0.42% of all branches          ( +-  7.66% )  (54.08%)

          0.005205 +- 0.000193 seconds time elapsed  ( +-  3.70% )


 Performance counter stats for './mandelbrot_pth 0.175 0.375 -0.1 0.1 64 8' (10 runs):

             12.10 msec task-clock                #    3.275 CPUs utilized            ( +-  0.82% )
                 4      context-switches          #    0.289 K/sec                    ( +-  8.78% )
                 0      cpu-migrations            #    0.000 K/sec                  
               121      page-faults               #    0.010 M/sec                    ( +-  0.39% )
        20,228,694      cycles                    #    1.671 GHz                      ( +-  1.92% )  (58.12%)
        13,709,502      stalled-cycles-frontend   #   67.77% frontend cycles idle     ( +-  0.28% )
         4,199,561      stalled-cycles-backend    #   20.76% backend cycles idle      ( +-  0.81% )
        19,845,878      instructions              #    0.98  insn per cycle         
                                                  #    0.69  stalled cycles per insn  ( +-  0.04% )
         1,764,613      branches                  #  145.776 M/sec                    ( +-  0.10% )
            15,599      branch-misses             #    0.88% of all branches          ( +- 52.56% )  (41.88%)

         0.0036961 +- 0.0000704 seconds time elapsed  ( +-  1.90% )


 Performance counter stats for './mandelbrot_pth 0.175 0.375 -0.1 0.1 64 16' (10 runs):

             10.53 msec task-clock                #    4.310 CPUs utilized            ( +-  2.07% )
                 7      context-switches          #    0.684 K/sec                    ( +- 18.26% )
                 0      cpu-migrations            #    0.000 K/sec                  
               138      page-faults               #    0.013 M/sec                    ( +-  0.50% )
        23,696,631      cycles                    #    2.251 GHz                      ( +-  3.55% )  (59.96%)
        15,179,684      stalled-cycles-frontend   #   64.06% frontend cycles idle     ( +-  0.46% )
         5,396,988      stalled-cycles-backend    #   22.78% backend cycles idle      ( +-  1.11% )
        20,424,055      instructions              #    0.86  insn per cycle         
                                                  #    0.74  stalled cycles per insn  ( +-  0.07% )
         1,888,214      branches                  #  179.338 M/sec                    ( +-  0.17% )
             7,577      branch-misses             #    0.40% of all branches          ( +- 31.90% )  (40.04%)

         0.0024431 +- 0.0000308 seconds time elapsed  ( +-  1.26% )


 Performance counter stats for './mandelbrot_pth 0.175 0.375 -0.1 0.1 64 32' (10 runs):

             15.69 msec task-clock                #    3.571 CPUs utilized            ( +-  4.31% )
                33      context-switches          #    0.002 M/sec                    ( +-  4.44% )
                 0      cpu-migrations            #    0.000 K/sec                  
               171      page-faults               #    0.011 M/sec                    ( +-  0.29% )
        24,479,682      cycles                    #    1.560 GHz                      ( +-  1.45% )  (50.87%)
        17,027,504      stalled-cycles-frontend   #   69.56% frontend cycles idle     ( +-  0.40% )  (99.82%)
         6,812,366      stalled-cycles-backend    #   27.83% backend cycles idle      ( +-  0.89% )
        21,758,209      instructions              #    0.89  insn per cycle         
                                                  #    0.78  stalled cycles per insn  ( +-  0.06% )
         2,170,732      branches                  #  138.315 M/sec                    ( +-  0.12% )
            20,884      branch-misses             #    0.96% of all branches          ( +-  7.52% )  (49.32%)

          0.004395 +- 0.000244 seconds time elapsed  ( +-  5.55% )


 Performance counter stats for './mandelbrot_pth 0.175 0.375 -0.1 0.1 128 1' (10 runs):

             24.42 msec task-clock                #    0.983 CPUs utilized            ( +-  3.86% )
                 1      context-switches          #    0.045 K/sec                    ( +-  9.09% )
                 0      cpu-migrations            #    0.000 K/sec                  
               227      page-faults               #    0.009 M/sec                    ( +-  0.19% )
        68,124,281      cycles                    #    2.789 GHz                      ( +-  0.50% )  (80.24%)
        49,100,889      stalled-cycles-frontend   #   72.08% frontend cycles idle     ( +-  1.15% )  (83.56%)
        12,204,758      stalled-cycles-backend    #   17.92% backend cycles idle      ( +-  1.33% )  (67.28%)
        74,541,531      instructions              #    1.09  insn per cycle         
                                                  #    0.66  stalled cycles per insn  ( +-  0.81% )  (83.64%)
         6,105,151      branches                  #  249.974 M/sec                    ( +-  0.96% )  (86.56%)
            17,109      branch-misses             #    0.28% of all branches          ( +-  4.23% )  (82.35%)

          0.024848 +- 0.000981 seconds time elapsed  ( +-  3.95% )


 Performance counter stats for './mandelbrot_pth 0.175 0.375 -0.1 0.1 128 2' (10 runs):

             31.75 msec task-clock                #    1.657 CPUs utilized            ( +-  5.13% )
                 2      context-switches          #    0.063 K/sec                    ( +- 10.54% )
                 0      cpu-migrations            #    0.000 K/sec                  
               229      page-faults               #    0.007 M/sec                    ( +-  0.22% )
        68,798,832      cycles                    #    2.167 GHz                      ( +-  1.50% )  (76.07%)
        49,192,737      stalled-cycles-frontend   #   71.50% frontend cycles idle     ( +-  1.60% )  (74.88%)
        12,791,354      stalled-cycles-backend    #   18.59% backend cycles idle      ( +-  2.40% )  (64.21%)
        73,456,628      instructions              #    1.07  insn per cycle         
                                                  #    0.67  stalled cycles per insn  ( +-  2.05% )  (85.70%)
         5,974,294      branches                  #  188.147 M/sec                    ( +-  0.96% )  (94.12%)
            18,964      branch-misses             #    0.32% of all branches          ( +-  5.72% )  (90.72%)

          0.019159 +- 0.000910 seconds time elapsed  ( +-  4.75% )


 Performance counter stats for './mandelbrot_pth 0.175 0.375 -0.1 0.1 128 4' (10 runs):

             30.77 msec task-clock                #    2.962 CPUs utilized            ( +-  5.51% )
                 2      context-switches          #    0.065 K/sec                    ( +-  7.45% )
                 0      cpu-migrations            #    0.000 K/sec                  
               234      page-faults               #    0.008 M/sec                    ( +-  0.18% )
        65,987,368      cycles                    #    2.145 GHz                      ( +-  2.05% )  (51.06%)
        50,458,540      stalled-cycles-frontend   #   76.47% frontend cycles idle     ( +-  1.43% )  (68.39%)
        12,151,434      stalled-cycles-backend    #   18.41% backend cycles idle      ( +-  0.59% )  (94.32%)
        74,736,262      instructions              #    1.13  insn per cycle         
                                                  #    0.68  stalled cycles per insn  ( +-  0.05% )  (99.76%)
         6,107,527      branches                  #  198.492 M/sec                    ( +-  0.02% )
            18,311      branch-misses             #    0.30% of all branches          ( +-  2.97% )  (86.23%)

          0.010388 +- 0.000622 seconds time elapsed  ( +-  5.99% )


 Performance counter stats for './mandelbrot_pth 0.175 0.375 -0.1 0.1 128 8' (10 runs):

             41.73 msec task-clock                #    4.462 CPUs utilized            ( +-  6.86% )
                 3      context-switches          #    0.062 K/sec                    ( +-  6.28% )
                 0      cpu-migrations            #    0.000 K/sec                  
               241      page-faults               #    0.006 M/sec                    ( +-  0.18% )
        67,245,882      cycles                    #    1.612 GHz                      ( +-  2.45% )  (39.71%)
        50,348,145      stalled-cycles-frontend   #   74.87% frontend cycles idle     ( +-  1.02% )  (74.97%)
        12,771,842      stalled-cycles-backend    #   18.99% backend cycles idle      ( +-  1.35% )  (99.52%)
        75,048,859      instructions              #    1.12  insn per cycle         
                                                  #    0.67  stalled cycles per insn  ( +-  0.06% )
         6,179,087      branches                  #  148.085 M/sec                    ( +-  0.13% )
            22,178      branch-misses             #    0.36% of all branches          ( +-  5.99% )  (85.79%)

          0.009351 +- 0.000627 seconds time elapsed  ( +-  6.70% )


 Performance counter stats for './mandelbrot_pth 0.175 0.375 -0.1 0.1 128 16' (10 runs):

             38.53 msec task-clock                #    6.500 CPUs utilized            ( +-  4.31% )
                 5      context-switches          #    0.135 K/sec                    ( +- 13.39% )
                 0      cpu-migrations            #    0.000 K/sec                  
               258      page-faults               #    0.007 M/sec                    ( +-  0.17% )
        74,520,953      cycles                    #    1.934 GHz                      ( +-  2.34% )  (26.30%)
        52,591,523      stalled-cycles-frontend   #   70.57% frontend cycles idle     ( +-  0.39% )  (99.29%)
        14,775,349      stalled-cycles-backend    #   19.83% backend cycles idle      ( +-  0.88% )
        75,585,730      instructions              #    1.01  insn per cycle         
                                                  #    0.70  stalled cycles per insn  ( +-  0.01% )
         6,294,231      branches                  #  163.351 M/sec                    ( +-  0.03% )
            23,398      branch-misses             #    0.37% of all branches          ( +-  4.90% )  (74.41%)

          0.005928 +- 0.000217 seconds time elapsed  ( +-  3.66% )


 Performance counter stats for './mandelbrot_pth 0.175 0.375 -0.1 0.1 128 32' (10 runs):

             46.02 msec task-clock                #    7.784 CPUs utilized            ( +-  6.15% )
                37      context-switches          #    0.798 K/sec                    ( +- 14.81% )
                 0      cpu-migrations            #    0.002 K/sec                    ( +-100.00% )
               291      page-faults               #    0.006 M/sec                    ( +-  0.13% )
        84,924,161      cycles                    #    1.846 GHz                      ( +-  4.20% )  (38.06%)
        59,580,159      stalled-cycles-frontend   #   70.16% frontend cycles idle     ( +-  0.91% )  (96.14%)
        19,749,583      stalled-cycles-backend    #   23.26% backend cycles idle      ( +-  1.80% )
        77,136,490      instructions              #    0.91  insn per cycle         
                                                  #    0.77  stalled cycles per insn  ( +-  0.09% )
         6,623,717      branches                  #  143.942 M/sec                    ( +-  0.23% )
            35,460      branch-misses             #    0.54% of all branches          ( +-  7.29% )  (65.80%)

          0.005911 +- 0.000428 seconds time elapsed  ( +-  7.24% )


 Performance counter stats for './mandelbrot_pth 0.175 0.375 -0.1 0.1 256 1' (10 runs):

             99.55 msec task-clock                #    0.995 CPUs utilized            ( +- 10.39% )
                 1      context-switches          #    0.013 K/sec                    ( +- 16.42% )
                 0      cpu-migrations            #    0.000 K/sec                  
               707      page-faults               #    0.007 M/sec                    ( +-  0.08% )
       268,402,793      cycles                    #    2.696 GHz                      ( +-  0.25% )  (82.14%)
       190,176,965      stalled-cycles-frontend   #   70.86% frontend cycles idle     ( +-  0.30% )  (82.33%)
        46,065,532      stalled-cycles-backend    #   17.16% backend cycles idle      ( +-  0.38% )  (66.28%)
       298,519,906      instructions              #    1.11  insn per cycle         
                                                  #    0.64  stalled cycles per insn  ( +-  0.27% )  (83.83%)
        24,001,279      branches                  #  241.096 M/sec                    ( +-  0.22% )  (85.48%)
            62,854      branch-misses             #    0.26% of all branches          ( +-  0.43% )  (83.77%)

            0.1000 +- 0.0103 seconds time elapsed  ( +- 10.34% )


 Performance counter stats for './mandelbrot_pth 0.175 0.375 -0.1 0.1 256 2' (10 runs):

             90.90 msec task-clock                #    1.894 CPUs utilized            ( +-  1.24% )
                 2      context-switches          #    0.019 K/sec                    ( +- 15.31% )
                 0      cpu-migrations            #    0.000 K/sec                  
               710      page-faults               #    0.008 M/sec                    ( +-  0.06% )
       269,863,874      cycles                    #    2.969 GHz                      ( +-  0.32% )  (83.46%)
       192,627,520      stalled-cycles-frontend   #   71.38% frontend cycles idle     ( +-  0.39% )  (82.52%)
        46,853,703      stalled-cycles-backend    #   17.36% backend cycles idle      ( +-  0.55% )  (64.81%)
       297,176,842      instructions              #    1.10  insn per cycle         
                                                  #    0.65  stalled cycles per insn  ( +-  0.41% )  (82.40%)
        24,026,780      branches                  #  264.323 M/sec                    ( +-  0.23% )  (83.31%)
            65,404      branch-misses             #    0.27% of all branches          ( +-  1.13% )  (85.90%)

          0.048002 +- 0.000726 seconds time elapsed  ( +-  1.51% )


 Performance counter stats for './mandelbrot_pth 0.175 0.375 -0.1 0.1 256 4' (10 runs):

            111.75 msec task-clock                #    3.094 CPUs utilized            ( +-  2.24% )
                 2      context-switches          #    0.018 K/sec                    ( +- 19.72% )
                 0      cpu-migrations            #    0.000 K/sec                  
               713      page-faults               #    0.006 M/sec                    ( +-  0.08% )
       261,350,800      cycles                    #    2.339 GHz                      ( +-  0.35% )  (82.04%)
       191,998,786      stalled-cycles-frontend   #   73.46% frontend cycles idle     ( +-  0.81% )  (80.36%)
        50,776,358      stalled-cycles-backend    #   19.43% backend cycles idle      ( +-  0.91% )  (67.70%)
       307,998,996      instructions              #    1.18  insn per cycle         
                                                  #    0.62  stalled cycles per insn  ( +-  0.46% )  (84.88%)
        24,093,780      branches                  #  215.613 M/sec                    ( +-  1.06% )  (85.58%)
            67,293      branch-misses             #    0.28% of all branches          ( +-  2.12% )  (84.31%)

           0.03611 +- 0.00131 seconds time elapsed  ( +-  3.63% )


 Performance counter stats for './mandelbrot_pth 0.175 0.375 -0.1 0.1 256 8' (10 runs):

            111.29 msec task-clock                #    5.127 CPUs utilized            ( +-  2.93% )
                 3      context-switches          #    0.027 K/sec                    ( +- 11.11% )
                 0      cpu-migrations            #    0.000 K/sec                  
               721      page-faults               #    0.006 M/sec                    ( +-  0.06% )
       266,221,579      cycles                    #    2.392 GHz                      ( +-  0.89% )  (82.84%)
       193,183,464      stalled-cycles-frontend   #   72.56% frontend cycles idle     ( +-  1.33% )  (71.80%)
        50,973,428      stalled-cycles-backend    #   19.15% backend cycles idle      ( +-  1.56% )  (56.98%)
       301,482,263      instructions              #    1.13  insn per cycle         
                                                  #    0.64  stalled cycles per insn  ( +-  0.74% )  (83.04%)
        23,517,750      branches                  #  211.311 M/sec                    ( +-  0.54% )  (92.34%)
            69,441      branch-misses             #    0.30% of all branches          ( +-  1.25% )  (96.04%)

          0.021708 +- 0.000797 seconds time elapsed  ( +-  3.67% )


 Performance counter stats for './mandelbrot_pth 0.175 0.375 -0.1 0.1 256 16' (10 runs):

            111.65 msec task-clock                #    7.455 CPUs utilized            ( +-  5.70% )
                 2      context-switches          #    0.020 K/sec                    ( +- 11.34% )
                 0      cpu-migrations            #    0.000 K/sec                  
               738      page-faults               #    0.007 M/sec                    ( +-  0.06% )
       277,738,749      cycles                    #    2.487 GHz                      ( +-  0.84% )  (64.86%)
       197,639,224      stalled-cycles-frontend   #   71.16% frontend cycles idle     ( +-  1.44% )  (54.68%)
        52,952,424      stalled-cycles-backend    #   19.07% backend cycles idle      ( +-  0.43% )  (83.21%)
       297,541,601      instructions              #    1.07  insn per cycle         
                                                  #    0.66  stalled cycles per insn  ( +-  0.30% )  (98.21%)
        23,942,248      branches                  #  214.432 M/sec                    ( +-  0.02% )  (99.99%)
            75,436      branch-misses             #    0.32% of all branches          ( +-  1.12% )  (97.25%)

          0.014976 +- 0.000770 seconds time elapsed  ( +-  5.14% )


 Performance counter stats for './mandelbrot_pth 0.175 0.375 -0.1 0.1 256 32' (10 runs):

            150.94 msec task-clock                #   11.588 CPUs utilized            ( +-  6.30% )
                11      context-switches          #    0.074 K/sec                    ( +- 10.78% )
                 2      cpu-migrations            #    0.010 K/sec                    ( +- 11.11% )
               772      page-faults               #    0.005 M/sec                    ( +-  0.08% )
       321,195,251      cycles                    #    2.128 GHz                      ( +-  1.00% )  (63.73%)
       251,896,205      stalled-cycles-frontend   #   78.42% frontend cycles idle     ( +-  1.97% )  (51.48%)
        81,064,555      stalled-cycles-backend    #   25.24% backend cycles idle      ( +-  1.11% )  (86.52%)
       296,330,567      instructions              #    0.92  insn per cycle         
                                                  #    0.85  stalled cycles per insn  ( +-  0.48% )  (97.58%)
        24,256,741      branches                  #  160.705 M/sec                    ( +-  0.02% )  (99.94%)
            83,456      branch-misses             #    0.34% of all branches          ( +-  1.28% )  (98.33%)

          0.013026 +- 0.000849 seconds time elapsed  ( +-  6.51% )


 Performance counter stats for './mandelbrot_pth 0.175 0.375 -0.1 0.1 512 1' (10 runs):

            461.93 msec task-clock                #    0.999 CPUs utilized            ( +-  9.18% )
                 2      context-switches          #    0.005 K/sec                    ( +- 15.47% )
                 0      cpu-migrations            #    0.000 K/sec                    ( +-100.00% )
             2,628      page-faults               #    0.006 M/sec                    ( +-  0.02% )
     1,074,890,686      cycles                    #    2.327 GHz                      ( +-  0.16% )  (82.95%)
       764,285,594      stalled-cycles-frontend   #   71.10% frontend cycles idle     ( +-  0.19% )  (83.24%)
       179,325,912      stalled-cycles-backend    #   16.68% backend cycles idle      ( +-  0.92% )  (66.95%)
     1,177,449,167      instructions              #    1.10  insn per cycle         
                                                  #    0.65  stalled cycles per insn  ( +-  0.30% )  (83.51%)
        95,691,888      branches                  #  207.155 M/sec                    ( +-  0.29% )  (83.59%)
           237,514      branch-misses             #    0.25% of all branches          ( +-  0.21% )  (83.27%)

            0.4625 +- 0.0424 seconds time elapsed  ( +-  9.17% )


 Performance counter stats for './mandelbrot_pth 0.175 0.375 -0.1 0.1 512 2' (10 runs):

            404.02 msec task-clock                #    1.804 CPUs utilized            ( +-  6.96% )
                 3      context-switches          #    0.008 K/sec                    ( +- 23.20% )
                 0      cpu-migrations            #    0.001 K/sec                    ( +- 50.92% )
             2,629      page-faults               #    0.007 M/sec                    ( +-  0.02% )
     1,081,533,139      cycles                    #    2.677 GHz                      ( +-  0.20% )  (82.87%)
       763,890,999      stalled-cycles-frontend   #   70.63% frontend cycles idle     ( +-  0.21% )  (83.40%)
       176,164,049      stalled-cycles-backend    #   16.29% backend cycles idle      ( +-  0.92% )  (67.11%)
     1,166,556,168      instructions              #    1.08  insn per cycle         
                                                  #    0.65  stalled cycles per insn  ( +-  0.31% )  (83.50%)
        95,423,430      branches                  #  236.186 M/sec                    ( +-  0.32% )  (83.48%)
           240,693      branch-misses             #    0.25% of all branches          ( +-  0.30% )  (83.14%)

            0.2239 +- 0.0202 seconds time elapsed  ( +-  9.01% )


 Performance counter stats for './mandelbrot_pth 0.175 0.375 -0.1 0.1 512 4' (10 runs):

            415.63 msec task-clock                #    3.036 CPUs utilized            ( +-  9.40% )
                 3      context-switches          #    0.007 K/sec                    ( +- 14.05% )
                 0      cpu-migrations            #    0.001 K/sec                    ( +- 50.92% )
             2,634      page-faults               #    0.006 M/sec                    ( +-  0.01% )
     1,082,871,991      cycles                    #    2.605 GHz                      ( +-  0.26% )  (83.27%)
       759,158,201      stalled-cycles-frontend   #   70.11% frontend cycles idle     ( +-  0.28% )  (83.40%)
       176,026,602      stalled-cycles-backend    #   16.26% backend cycles idle      ( +-  0.92% )  (66.79%)
     1,170,539,139      instructions              #    1.08  insn per cycle         
                                                  #    0.65  stalled cycles per insn  ( +-  0.43% )  (83.14%)
        96,433,432      branches                  #  232.020 M/sec                    ( +-  0.39% )  (83.03%)
           245,836      branch-misses             #    0.25% of all branches          ( +-  0.83% )  (83.51%)

            0.1369 +- 0.0144 seconds time elapsed  ( +- 10.51% )


 Performance counter stats for './mandelbrot_pth 0.175 0.375 -0.1 0.1 512 8' (10 runs):

            381.12 msec task-clock                #    5.427 CPUs utilized            ( +-  0.93% )
                 3      context-switches          #    0.007 K/sec                    ( +- 15.66% )
                 0      cpu-migrations            #    0.000 K/sec                    ( +-100.00% )
             2,642      page-faults               #    0.007 M/sec                    ( +-  0.02% )
     1,082,022,517      cycles                    #    2.839 GHz                      ( +-  0.49% )  (83.34%)
       760,931,300      stalled-cycles-frontend   #   70.32% frontend cycles idle     ( +-  0.47% )  (84.45%)
       177,877,350      stalled-cycles-backend    #   16.44% backend cycles idle      ( +-  1.55% )  (67.30%)
     1,179,059,577      instructions              #    1.09  insn per cycle         
                                                  #    0.65  stalled cycles per insn  ( +-  0.79% )  (82.77%)
        96,898,540      branches                  #  254.246 M/sec                    ( +-  0.62% )  (82.01%)
           248,473      branch-misses             #    0.26% of all branches          ( +-  0.57% )  (82.90%)

          0.070222 +- 0.000938 seconds time elapsed  ( +-  1.34% )


 Performance counter stats for './mandelbrot_pth 0.175 0.375 -0.1 0.1 512 16' (10 runs):

            431.86 msec task-clock                #    8.542 CPUs utilized            ( +-  1.01% )
                 4      context-switches          #    0.008 K/sec                    ( +- 28.97% )
                 0      cpu-migrations            #    0.000 K/sec                  
             2,658      page-faults               #    0.006 M/sec                    ( +-  0.02% )
     1,093,446,760      cycles                    #    2.532 GHz                      ( +-  0.57% )  (84.27%)
       792,227,269      stalled-cycles-frontend   #   72.45% frontend cycles idle     ( +-  0.55% )  (86.01%)
       207,837,993      stalled-cycles-backend    #   19.01% backend cycles idle      ( +-  1.19% )  (63.85%)
     1,219,590,199      instructions              #    1.12  insn per cycle         
                                                  #    0.65  stalled cycles per insn  ( +-  0.98% )  (81.59%)
        99,231,835      branches                  #  229.778 M/sec                    ( +-  0.55% )  (82.37%)
           255,467      branch-misses             #    0.26% of all branches          ( +-  1.18% )  (83.50%)

          0.050557 +- 0.000582 seconds time elapsed  ( +-  1.15% )


 Performance counter stats for './mandelbrot_pth 0.175 0.375 -0.1 0.1 512 32' (10 runs):

            464.62 msec task-clock                #   12.252 CPUs utilized            ( +-  1.75% )
               117      context-switches          #    0.253 K/sec                    ( +- 10.90% )
                 2      cpu-migrations            #    0.003 K/sec                    ( +- 16.67% )
             2,692      page-faults               #    0.006 M/sec                    ( +-  0.01% )
     1,304,823,956      cycles                    #    2.808 GHz                      ( +-  0.38% )  (88.58%)
     1,001,354,649      stalled-cycles-frontend   #   76.74% frontend cycles idle     ( +-  0.44% )  (94.67%)
       315,794,710      stalled-cycles-backend    #   24.20% backend cycles idle      ( +-  0.97% )  (65.19%)
     1,208,927,908      instructions              #    0.93  insn per cycle         
                                                  #    0.83  stalled cycles per insn  ( +-  0.64% )  (77.61%)
        99,858,894      branches                  #  214.928 M/sec                    ( +-  0.42% )  (73.82%)
           272,019      branch-misses             #    0.27% of all branches          ( +-  0.93% )  (77.73%)

           0.03792 +- 0.00155 seconds time elapsed  ( +-  4.08% )


 Performance counter stats for './mandelbrot_pth 0.175 0.375 -0.1 0.1 1024 1' (10 runs):

          1,510.83 msec task-clock                #    1.000 CPUs utilized            ( +-  3.07% )
                 3      context-switches          #    0.002 K/sec                    ( +- 12.15% )
                 0      cpu-migrations            #    0.000 K/sec                    ( +-100.00% )
            13,599      page-faults               #    0.009 M/sec                    ( +-  2.77% )
     4,326,235,881      cycles                    #    2.863 GHz                      ( +-  0.21% )  (83.22%)
     3,069,362,527      stalled-cycles-frontend   #   70.95% frontend cycles idle     ( +-  0.24% )  (83.29%)
       741,947,432      stalled-cycles-backend    #   17.15% backend cycles idle      ( +-  0.92% )  (66.79%)
     4,707,590,211      instructions              #    1.09  insn per cycle         
                                                  #    0.65  stalled cycles per insn  ( +-  0.06% )  (83.43%)
       377,434,340      branches                  #  249.818 M/sec                    ( +-  0.11% )  (83.47%)
           937,600      branch-misses             #    0.25% of all branches          ( +-  1.71% )  (83.23%)

            1.5114 +- 0.0465 seconds time elapsed  ( +-  3.07% )


 Performance counter stats for './mandelbrot_pth 0.175 0.375 -0.1 0.1 1024 2' (10 runs):

          1,791.39 msec task-clock                #    1.928 CPUs utilized            ( +-  5.31% )
                 6      context-switches          #    0.003 K/sec                    ( +- 16.34% )
                 0      cpu-migrations            #    0.000 K/sec                    ( +- 40.82% )
             8,804      page-faults               #    0.005 M/sec                    ( +-  0.32% )
     4,304,179,257      cycles                    #    2.403 GHz                      ( +-  0.11% )  (83.21%)
     3,054,797,498      stalled-cycles-frontend   #   70.97% frontend cycles idle     ( +-  0.12% )  (83.28%)
       729,646,871      stalled-cycles-backend    #   16.95% backend cycles idle      ( +-  0.56% )  (66.82%)
     4,698,257,360      instructions              #    1.09  insn per cycle         
                                                  #    0.65  stalled cycles per insn  ( +-  0.07% )  (83.44%)
       375,404,205      branches                  #  209.560 M/sec                    ( +-  0.10% )  (83.39%)
           925,495      branch-misses             #    0.25% of all branches          ( +-  1.00% )  (83.30%)

            0.9292 +- 0.0499 seconds time elapsed  ( +-  5.37% )


 Performance counter stats for './mandelbrot_pth 0.175 0.375 -0.1 0.1 1024 4' (10 runs):

          1,514.12 msec task-clock                #    3.035 CPUs utilized            ( +-  4.58% )
                 5      context-switches          #    0.003 K/sec                    ( +- 11.16% )
                 0      cpu-migrations            #    0.000 K/sec                    ( +- 50.92% )
             8,781      page-faults               #    0.006 M/sec                    ( +-  0.00% )
     4,312,229,091      cycles                    #    2.848 GHz                      ( +-  0.12% )  (83.09%)
     3,065,781,669      stalled-cycles-frontend   #   71.10% frontend cycles idle     ( +-  0.10% )  (83.17%)
       735,769,378      stalled-cycles-backend    #   17.06% backend cycles idle      ( +-  0.41% )  (66.84%)
     4,697,153,916      instructions              #    1.09  insn per cycle         
                                                  #    0.65  stalled cycles per insn  ( +-  0.06% )  (83.50%)
       374,851,023      branches                  #  247.570 M/sec                    ( +-  0.14% )  (83.62%)
           934,062      branch-misses             #    0.25% of all branches          ( +-  0.84% )  (83.28%)

            0.4990 +- 0.0328 seconds time elapsed  ( +-  6.58% )


 Performance counter stats for './mandelbrot_pth 0.175 0.375 -0.1 0.1 1024 8' (10 runs):

          1,980.37 msec task-clock                #    5.004 CPUs utilized            ( +-  9.15% )
                 6      context-switches          #    0.003 K/sec                    ( +- 15.92% )
                 0      cpu-migrations            #    0.000 K/sec                    ( +- 66.67% )
             8,788      page-faults               #    0.004 M/sec                    ( +-  0.01% )
     4,317,969,374      cycles                    #    2.180 GHz                      ( +-  0.15% )  (82.81%)
     3,064,109,549      stalled-cycles-frontend   #   70.96% frontend cycles idle     ( +-  0.19% )  (83.17%)
       726,160,168      stalled-cycles-backend    #   16.82% backend cycles idle      ( +-  0.45% )  (67.27%)
     4,687,529,540      instructions              #    1.09  insn per cycle         
                                                  #    0.65  stalled cycles per insn  ( +-  0.14% )  (83.83%)
       375,601,609      branches                  #  189.662 M/sec                    ( +-  0.16% )  (83.68%)
           944,942      branch-misses             #    0.25% of all branches          ( +-  0.73% )  (83.07%)

            0.3957 +- 0.0348 seconds time elapsed  ( +-  8.80% )


 Performance counter stats for './mandelbrot_pth 0.175 0.375 -0.1 0.1 1024 16' (10 runs):

          1,618.78 msec task-clock                #    8.491 CPUs utilized            ( +-  3.34% )
                 7      context-switches          #    0.004 K/sec                    ( +- 17.67% )
                 1      cpu-migrations            #    0.001 K/sec                    ( +- 11.11% )
             8,805      page-faults               #    0.005 M/sec                    ( +-  0.01% )
     4,483,608,482      cycles                    #    2.770 GHz                      ( +-  0.55% )  (82.12%)
     3,236,333,511      stalled-cycles-frontend   #   72.18% frontend cycles idle     ( +-  0.81% )  (82.54%)
       819,962,794      stalled-cycles-backend    #   18.29% backend cycles idle      ( +-  1.81% )  (67.26%)
     4,681,381,352      instructions              #    1.04  insn per cycle         
                                                  #    0.69  stalled cycles per insn  ( +-  0.21% )  (83.97%)
       371,718,606      branches                  #  229.629 M/sec                    ( +-  0.13% )  (84.53%)
           929,990      branch-misses             #    0.25% of all branches          ( +-  0.24% )  (83.55%)

           0.19064 +- 0.00556 seconds time elapsed  ( +-  2.92% )


 Performance counter stats for './mandelbrot_pth 0.175 0.375 -0.1 0.1 1024 32' (10 runs):

          1,822.34 msec task-clock                #   12.912 CPUs utilized            ( +-  1.43% )
               129      context-switches          #    0.071 K/sec                    ( +- 55.40% )
                 1      cpu-migrations            #    0.001 K/sec                    ( +-  9.09% )
             8,838      page-faults               #    0.005 M/sec                    ( +-  0.00% )
     5,279,325,205      cycles                    #    2.897 GHz                      ( +-  0.26% )  (82.23%)
     4,045,175,352      stalled-cycles-frontend   #   76.62% frontend cycles idle     ( +-  0.28% )  (82.38%)
     1,305,263,966      stalled-cycles-backend    #   24.72% backend cycles idle      ( +-  0.64% )  (67.71%)
     4,708,344,755      instructions              #    0.89  insn per cycle         
                                                  #    0.86  stalled cycles per insn  ( +-  0.19% )  (84.41%)
       374,757,989      branches                  #  205.646 M/sec                    ( +-  0.27% )  (84.67%)
           946,145      branch-misses             #    0.25% of all branches          ( +-  0.52% )  (83.00%)

           0.14114 +- 0.00608 seconds time elapsed  ( +-  4.31% )


 Performance counter stats for './mandelbrot_pth 0.175 0.375 -0.1 0.1 2048 1' (10 runs):

          5,518.22 msec task-clock                #    1.000 CPUs utilized            ( +-  0.88% )
                10      context-switches          #    0.002 K/sec                    ( +- 26.79% )
                 0      cpu-migrations            #    0.000 K/sec                    ( +-100.00% )
            61,908      page-faults               #    0.011 M/sec                    ( +-  0.37% )
    17,292,690,758      cycles                    #    3.134 GHz                      ( +-  0.17% )  (83.31%)
    12,273,044,676      stalled-cycles-frontend   #   70.97% frontend cycles idle     ( +-  0.21% )  (83.29%)
     2,964,788,885      stalled-cycles-backend    #   17.14% backend cycles idle      ( +-  0.79% )  (66.69%)
    18,832,664,760      instructions              #    1.09  insn per cycle         
                                                  #    0.65  stalled cycles per insn  ( +-  0.03% )  (83.36%)
     1,511,253,834      branches                  #  273.866 M/sec                    ( +-  0.07% )  (83.37%)
         3,659,702      branch-misses             #    0.24% of all branches          ( +-  1.31% )  (83.34%)

            5.5204 +- 0.0492 seconds time elapsed  ( +-  0.89% )


 Performance counter stats for './mandelbrot_pth 0.175 0.375 -0.1 0.1 2048 2' (10 runs):

          5,959.51 msec task-clock                #    1.883 CPUs utilized            ( +-  1.78% )
                 9      context-switches          #    0.002 K/sec                    ( +-  9.49% )
                 1      cpu-migrations            #    0.000 K/sec                    ( +- 28.59% )
            56,105      page-faults               #    0.009 M/sec                    ( +-  0.96% )
    17,287,632,604      cycles                    #    2.901 GHz                      ( +-  0.12% )  (83.27%)
    12,270,780,729      stalled-cycles-frontend   #   70.98% frontend cycles idle     ( +-  0.15% )  (83.30%)
     2,963,156,474      stalled-cycles-backend    #   17.14% backend cycles idle      ( +-  0.54% )  (66.72%)
    18,825,874,460      instructions              #    1.09  insn per cycle         
                                                  #    0.65  stalled cycles per insn  ( +-  0.02% )  (83.38%)
     1,509,363,295      branches                  #  253.270 M/sec                    ( +-  0.06% )  (83.38%)
         3,651,804      branch-misses             #    0.24% of all branches          ( +-  0.77% )  (83.33%)

            3.1653 +- 0.0728 seconds time elapsed  ( +-  2.30% )


 Performance counter stats for './mandelbrot_pth 0.175 0.375 -0.1 0.1 2048 4' (10 runs):

          6,240.68 msec task-clock                #    3.277 CPUs utilized            ( +-  2.37% )
                13      context-switches          #    0.002 K/sec                    ( +-  7.24% )
                 3      cpu-migrations            #    0.001 K/sec                    ( +- 20.19% )
            45,993      page-faults               #    0.007 M/sec                    ( +-  1.97% )
    17,271,817,618      cycles                    #    2.768 GHz                      ( +-  0.08% )  (83.32%)
    12,266,019,696      stalled-cycles-frontend   #   71.02% frontend cycles idle     ( +-  0.11% )  (83.27%)
     2,960,320,608      stalled-cycles-backend    #   17.14% backend cycles idle      ( +-  0.40% )  (66.65%)
    18,816,574,570      instructions              #    1.09  insn per cycle         
                                                  #    0.65  stalled cycles per insn  ( +-  0.04% )  (83.35%)
     1,507,927,353      branches                  #  241.629 M/sec                    ( +-  0.06% )  (83.38%)
         3,644,210      branch-misses             #    0.24% of all branches          ( +-  0.28% )  (83.37%)

            1.9047 +- 0.0487 seconds time elapsed  ( +-  2.56% )


 Performance counter stats for './mandelbrot_pth 0.175 0.375 -0.1 0.1 2048 8' (10 runs):

          7,105.74 msec task-clock                #    5.863 CPUs utilized            ( +-  3.88% )
                13      context-switches          #    0.002 K/sec                    ( +-  8.91% )
                 1      cpu-migrations            #    0.000 K/sec                    ( +- 19.05% )
            34,238      page-faults               #    0.005 M/sec                    ( +-  0.71% )
    17,233,566,351      cycles                    #    2.425 GHz                      ( +-  0.08% )  (83.19%)
    12,230,022,488      stalled-cycles-frontend   #   70.97% frontend cycles idle     ( +-  0.09% )  (83.24%)
     2,930,892,686      stalled-cycles-backend    #   17.01% backend cycles idle      ( +-  0.21% )  (66.81%)
    18,798,390,821      instructions              #    1.09  insn per cycle         
                                                  #    0.65  stalled cycles per insn  ( +-  0.06% )  (83.46%)
     1,505,251,515      branches                  #  211.836 M/sec                    ( +-  0.07% )  (83.48%)
         3,691,910      branch-misses             #    0.25% of all branches          ( +-  0.44% )  (83.29%)

            1.2120 +- 0.0369 seconds time elapsed  ( +-  3.04% )


 Performance counter stats for './mandelbrot_pth 0.175 0.375 -0.1 0.1 2048 16' (10 runs):

          8,386.44 msec task-clock                #    9.969 CPUs utilized            ( +-  6.95% )
                16      context-switches          #    0.002 K/sec                    ( +- 12.28% )
                 2      cpu-migrations            #    0.000 K/sec                    ( +- 16.14% )
            34,671      page-faults               #    0.004 M/sec                    ( +-  0.74% )
    17,570,340,673      cycles                    #    2.095 GHz                      ( +-  0.16% )  (83.41%)
    12,566,830,619      stalled-cycles-frontend   #   71.52% frontend cycles idle     ( +-  0.27% )  (83.18%)
     3,141,085,682      stalled-cycles-backend    #   17.88% backend cycles idle      ( +-  0.53% )  (66.46%)
    18,820,803,398      instructions              #    1.07  insn per cycle         
                                                  #    0.67  stalled cycles per insn  ( +-  0.07% )  (83.29%)
     1,501,690,900      branches                  #  179.062 M/sec                    ( +-  0.08% )  (83.42%)
         3,699,065      branch-misses             #    0.25% of all branches          ( +-  0.44% )  (83.53%)

            0.8413 +- 0.0351 seconds time elapsed  ( +-  4.17% )


 Performance counter stats for './mandelbrot_pth 0.175 0.375 -0.1 0.1 2048 32' (10 runs):

          7,773.06 msec task-clock                #   14.738 CPUs utilized            ( +-  5.20% )
               142      context-switches          #    0.018 K/sec                    ( +- 62.22% )
                 2      cpu-migrations            #    0.000 K/sec                    ( +- 10.54% )
            37,515      page-faults               #    0.005 M/sec                    ( +-  0.00% )
    21,160,273,795      cycles                    #    2.722 GHz                      ( +-  0.19% )  (83.41%)
    16,184,298,935      stalled-cycles-frontend   #   76.48% frontend cycles idle     ( +-  0.23% )  (83.46%)
     5,182,547,594      stalled-cycles-backend    #   24.49% backend cycles idle      ( +-  0.39% )  (66.67%)
    18,793,413,721      instructions              #    0.89  insn per cycle         
                                                  #    0.86  stalled cycles per insn  ( +-  0.08% )  (83.26%)
     1,505,185,878      branches                  #  193.641 M/sec                    ( +-  0.08% )  (83.21%)
         3,651,803      branch-misses             #    0.24% of all branches          ( +-  0.25% )  (83.25%)

            0.5274 +- 0.0188 seconds time elapsed  ( +-  3.57% )


 Performance counter stats for './mandelbrot_pth 0.175 0.375 -0.1 0.1 4096 1' (10 runs):

         21,514.64 msec task-clock                #    0.999 CPUs utilized            ( +-  0.14% )
                32      context-switches          #    0.001 K/sec                    ( +- 16.49% )
                 0      cpu-migrations            #    0.000 K/sec                    ( +-100.00% )
           264,021      page-faults               #    0.012 M/sec                    ( +-  2.18% )
    69,194,297,479      cycles                    #    3.216 GHz                      ( +-  0.16% )  (83.32%)
    49,084,375,993      stalled-cycles-frontend   #   70.94% frontend cycles idle     ( +-  0.19% )  (83.33%)
    11,873,635,051      stalled-cycles-backend    #   17.16% backend cycles idle      ( +-  0.70% )  (66.68%)
    75,361,563,312      instructions              #    1.09  insn per cycle         
                                                  #    0.65  stalled cycles per insn  ( +-  0.03% )  (83.34%)
     6,051,495,626      branches                  #  281.273 M/sec                    ( +-  0.10% )  (83.34%)
        14,407,252      branch-misses             #    0.24% of all branches          ( +-  1.22% )  (83.33%)

           21.5286 +- 0.0292 seconds time elapsed  ( +-  0.14% )


 Performance counter stats for './mandelbrot_pth 0.175 0.375 -0.1 0.1 4096 2' (10 runs):

         22,338.40 msec task-clock                #    1.895 CPUs utilized            ( +-  0.72% )
                45      context-switches          #    0.002 K/sec                    ( +-  6.91% )
                 7      cpu-migrations            #    0.000 K/sec                    ( +- 17.67% )
           243,952      page-faults               #    0.011 M/sec                    ( +-  0.30% )
    69,150,876,804      cycles                    #    3.096 GHz                      ( +-  0.07% )  (83.33%)
    49,050,611,270      stalled-cycles-frontend   #   70.93% frontend cycles idle     ( +-  0.09% )  (83.33%)
    11,844,193,040      stalled-cycles-backend    #   17.13% backend cycles idle      ( +-  0.33% )  (66.67%)
    75,339,886,398      instructions              #    1.09  insn per cycle         
                                                  #    0.65  stalled cycles per insn  ( +-  0.02% )  (83.33%)
     6,048,097,593      branches                  #  270.749 M/sec                    ( +-  0.03% )  (83.34%)
        14,401,596      branch-misses             #    0.24% of all branches          ( +-  0.57% )  (83.33%)

            11.787 +- 0.118 seconds time elapsed  ( +-  1.00% )


 Performance counter stats for './mandelbrot_pth 0.175 0.375 -0.1 0.1 4096 4' (10 runs):

         22,718.92 msec task-clock                #    3.209 CPUs utilized            ( +-  0.60% )
                42      context-switches          #    0.002 K/sec                    ( +- 10.34% )
                12      cpu-migrations            #    0.001 K/sec                    ( +- 18.17% )
           229,031      page-faults               #    0.010 M/sec                    ( +-  0.32% )
    69,183,768,307      cycles                    #    3.045 GHz                      ( +-  0.06% )  (83.32%)
    49,089,236,176      stalled-cycles-frontend   #   70.95% frontend cycles idle     ( +-  0.08% )  (83.33%)
    11,881,092,388      stalled-cycles-backend    #   17.17% backend cycles idle      ( +-  0.30% )  (66.68%)
    75,325,422,330      instructions              #    1.09  insn per cycle         
                                                  #    0.65  stalled cycles per insn  ( +-  0.02% )  (83.34%)
     6,045,669,232      branches                  #  266.107 M/sec                    ( +-  0.03% )  (83.34%)
        14,367,711      branch-misses             #    0.24% of all branches          ( +-  0.17% )  (83.33%)

            7.0790 +- 0.0486 seconds time elapsed  ( +-  0.69% )


 Performance counter stats for './mandelbrot_pth 0.175 0.375 -0.1 0.1 4096 8' (10 runs):

         24,498.95 msec task-clock                #    5.512 CPUs utilized            ( +-  0.53% )
                37      context-switches          #    0.002 K/sec                    ( +- 12.52% )
                 5      cpu-migrations            #    0.000 K/sec                    ( +- 16.89% )
           206,170      page-faults               #    0.008 M/sec                    ( +-  0.39% )
    69,291,013,334      cycles                    #    2.828 GHz                      ( +-  0.12% )  (83.33%)
    49,173,332,628      stalled-cycles-frontend   #   70.97% frontend cycles idle     ( +-  0.16% )  (83.35%)
    11,961,215,200      stalled-cycles-backend    #   17.26% backend cycles idle      ( +-  0.51% )  (66.65%)
    75,369,313,492      instructions              #    1.09  insn per cycle         
                                                  #    0.65  stalled cycles per insn  ( +-  0.03% )  (83.32%)
     6,048,442,386      branches                  #  246.886 M/sec                    ( +-  0.06% )  (83.34%)
        14,749,538      branch-misses             #    0.24% of all branches          ( +-  0.61% )  (83.33%)

            4.4444 +- 0.0370 seconds time elapsed  ( +-  0.83% )


 Performance counter stats for './mandelbrot_pth 0.175 0.375 -0.1 0.1 4096 16' (10 runs):

         25,556.89 msec task-clock                #    8.874 CPUs utilized            ( +-  1.97% )
                36      context-switches          #    0.001 K/sec                    ( +-  9.62% )
                 2      cpu-migrations            #    0.000 K/sec                    ( +- 15.47% )
           171,354      page-faults               #    0.007 M/sec                    ( +-  0.87% )
    69,829,008,255      cycles                    #    2.732 GHz                      ( +-  0.21% )  (83.31%)
    49,767,560,176      stalled-cycles-frontend   #   71.27% frontend cycles idle     ( +-  0.28% )  (83.32%)
    12,271,006,502      stalled-cycles-backend    #   17.57% backend cycles idle      ( +-  0.66% )  (66.68%)
    75,239,069,192      instructions              #    1.08  insn per cycle         
                                                  #    0.66  stalled cycles per insn  ( +-  0.02% )  (83.35%)
     6,026,247,728      branches                  #  235.797 M/sec                    ( +-  0.04% )  (83.37%)
        14,525,354      branch-misses             #    0.24% of all branches          ( +-  0.37% )  (83.33%)

            2.8798 +- 0.0673 seconds time elapsed  ( +-  2.34% )


 Performance counter stats for './mandelbrot_pth 0.175 0.375 -0.1 0.1 4096 32' (10 runs):

         33,182.49 msec task-clock                #   15.651 CPUs utilized            ( +-  2.15% )
             4,256      context-switches          #    0.128 K/sec                    ( +- 20.89% )
                 4      cpu-migrations            #    0.000 K/sec                    ( +- 14.15% )
           144,926      page-faults               #    0.004 M/sec                    ( +-  0.38% )
    84,603,207,267      cycles                    #    2.550 GHz                      ( +-  0.09% )  (83.31%)
    64,638,013,591      stalled-cycles-frontend   #   76.40% frontend cycles idle     ( +-  0.13% )  (83.34%)
    20,746,055,680      stalled-cycles-backend    #   24.52% backend cycles idle      ( +-  0.27% )  (66.66%)
    75,213,006,941      instructions              #    0.89  insn per cycle         
                                                  #    0.86  stalled cycles per insn  ( +-  0.02% )  (83.33%)
     6,023,122,908      branches                  #  181.515 M/sec                    ( +-  0.04% )  (83.33%)
        14,560,988      branch-misses             #    0.24% of all branches          ( +-  0.44% )  (83.35%)

            2.1202 +- 0.0639 seconds time elapsed  ( +-  3.01% )


 Performance counter stats for './mandelbrot_pth 0.175 0.375 -0.1 0.1 8192 1' (10 runs):

         85,083.25 msec task-clock                #    0.999 CPUs utilized            ( +-  0.13% )
               132      context-switches          #    0.002 K/sec                    ( +- 18.90% )
                 2      cpu-migrations            #    0.000 K/sec                    ( +- 20.10% )
         1,106,407      page-faults               #    0.013 M/sec                    ( +-  1.90% )
   277,138,474,099      cycles                    #    3.257 GHz                      ( +-  0.16% )  (83.33%)
   196,524,758,909      stalled-cycles-frontend   #   70.91% frontend cycles idle     ( +-  0.18% )  (83.33%)
    47,559,826,870      stalled-cycles-backend    #   17.16% backend cycles idle      ( +-  0.68% )  (66.67%)
   301,933,218,984      instructions              #    1.09  insn per cycle         
                                                  #    0.65  stalled cycles per insn  ( +-  0.04% )  (83.34%)
    24,312,078,697      branches                  #  285.745 M/sec                    ( +-  0.11% )  (83.34%)
        57,539,477      branch-misses             #    0.24% of all branches          ( +-  1.44% )  (83.33%)

            85.128 +- 0.110 seconds time elapsed  ( +-  0.13% )


 Performance counter stats for './mandelbrot_pth 0.175 0.375 -0.1 0.1 8192 2' (10 runs):

         86,615.39 msec task-clock                #    1.919 CPUs utilized            ( +-  0.35% )
               121      context-switches          #    0.001 K/sec                    ( +-  9.62% )
                15      cpu-migrations            #    0.000 K/sec                    ( +- 20.49% )
         1,027,998      page-faults               #    0.012 M/sec                    ( +-  0.65% )
   277,230,035,303      cycles                    #    3.201 GHz                      ( +-  0.06% )  (83.33%)
   196,621,867,169      stalled-cycles-frontend   #   70.92% frontend cycles idle     ( +-  0.07% )  (83.33%)
    47,712,098,794      stalled-cycles-backend    #   17.21% backend cycles idle      ( +-  0.24% )  (66.67%)
   301,853,600,398      instructions              #    1.09  insn per cycle         
                                                  #    0.65  stalled cycles per insn  ( +-  0.02% )  (83.33%)
    24,301,083,543      branches                  #  280.563 M/sec                    ( +-  0.05% )  (83.34%)
        56,985,620      branch-misses             #    0.23% of all branches          ( +-  0.21% )  (83.33%)

            45.143 +- 0.237 seconds time elapsed  ( +-  0.52% )


 Performance counter stats for './mandelbrot_pth 0.175 0.375 -0.1 0.1 8192 4' (10 runs):

         87,659.03 msec task-clock                #    3.202 CPUs utilized            ( +-  0.30% )
               176      context-switches          #    0.002 K/sec                    ( +-  7.58% )
                42      cpu-migrations            #    0.000 K/sec                    ( +- 17.50% )
           992,119      page-faults               #    0.011 M/sec                    ( +-  0.77% )
   277,899,789,311      cycles                    #    3.170 GHz                      ( +-  0.10% )  (83.33%)
   197,303,365,788      stalled-cycles-frontend   #   71.00% frontend cycles idle     ( +-  0.11% )  (83.33%)
    48,326,206,385      stalled-cycles-backend    #   17.39% backend cycles idle      ( +-  0.39% )  (66.67%)
   301,822,980,171      instructions              #    1.09  insn per cycle         
                                                  #    0.65  stalled cycles per insn  ( +-  0.03% )  (83.34%)
    24,289,592,241      branches                  #  277.092 M/sec                    ( +-  0.07% )  (83.34%)
        57,681,920      branch-misses             #    0.24% of all branches          ( +-  0.61% )  (83.33%)

            27.374 +- 0.133 seconds time elapsed  ( +-  0.48% )


 Performance counter stats for './mandelbrot_pth 0.175 0.375 -0.1 0.1 8192 8' (10 runs):

         90,717.77 msec task-clock                #    5.640 CPUs utilized            ( +-  0.15% )
               144      context-switches          #    0.002 K/sec                    ( +-  8.65% )
                48      cpu-migrations            #    0.001 K/sec                    ( +- 25.06% )
           922,638      page-faults               #    0.010 M/sec                    ( +-  1.41% )
   277,633,847,959      cycles                    #    3.060 GHz                      ( +-  0.07% )  (83.33%)
   197,197,388,060      stalled-cycles-frontend   #   71.03% frontend cycles idle     ( +-  0.08% )  (83.33%)
    48,210,527,052      stalled-cycles-backend    #   17.36% backend cycles idle      ( +-  0.29% )  (66.66%)
   301,550,655,808      instructions              #    1.09  insn per cycle         
                                                  #    0.65  stalled cycles per insn  ( +-  0.02% )  (83.34%)
    24,227,376,480      branches                  #  267.063 M/sec                    ( +-  0.05% )  (83.34%)
        57,684,796      branch-misses             #    0.24% of all branches          ( +-  0.33% )  (83.34%)

           16.0847 +- 0.0322 seconds time elapsed  ( +-  0.20% )


 Performance counter stats for './mandelbrot_pth 0.175 0.375 -0.1 0.1 8192 16' (10 runs):

         95,155.14 msec task-clock                #    9.396 CPUs utilized            ( +-  0.53% )
               143      context-switches          #    0.002 K/sec                    ( +- 11.54% )
                32      cpu-migrations            #    0.000 K/sec                    ( +- 33.94% )
           756,444      page-faults               #    0.008 M/sec                    ( +-  3.96% )
   281,438,455,284      cycles                    #    2.958 GHz                      ( +-  0.44% )  (83.33%)
   201,119,612,969      stalled-cycles-frontend   #   71.46% frontend cycles idle     ( +-  0.59% )  (83.34%)
    50,617,171,482      stalled-cycles-backend    #   17.99% backend cycles idle      ( +-  1.46% )  (66.66%)
   301,165,298,242      instructions              #    1.07  insn per cycle         
                                                  #    0.67  stalled cycles per insn  ( +-  0.04% )  (83.32%)
    24,149,800,729      branches                  #  253.794 M/sec                    ( +-  0.09% )  (83.33%)
        57,600,112      branch-misses             #    0.24% of all branches          ( +-  0.43% )  (83.34%)

           10.1268 +- 0.0639 seconds time elapsed  ( +-  0.63% )


 Performance counter stats for './mandelbrot_pth 0.175 0.375 -0.1 0.1 8192 32' (10 runs):

        119,124.83 msec task-clock                #   15.190 CPUs utilized            ( +-  0.61% )
            20,086      context-switches          #    0.169 K/sec                    ( +- 11.08% )
                27      cpu-migrations            #    0.000 K/sec                    ( +- 26.01% )
           629,325      page-faults               #    0.005 M/sec                    ( +-  1.80% )
   338,626,813,414      cycles                    #    2.843 GHz                      ( +-  0.07% )  (83.33%)
   258,681,226,949      stalled-cycles-frontend   #   76.39% frontend cycles idle     ( +-  0.08% )  (83.34%)
    83,622,017,968      stalled-cycles-backend    #   24.69% backend cycles idle      ( +-  0.20% )  (66.67%)
   301,093,830,732      instructions              #    0.89  insn per cycle         
                                                  #    0.86  stalled cycles per insn  ( +-  0.02% )  (83.32%)
    24,138,001,736      branches                  #  202.628 M/sec                    ( +-  0.04% )  (83.33%)
        58,313,418      branch-misses             #    0.24% of all branches          ( +-  0.30% )  (83.33%)

            7.8425 +- 0.0840 seconds time elapsed  ( +-  1.07% )

