
 Performance counter stats for './mandelbrot_pth -0.188 -0.012 0.554 0.754 16 1' (10 runs):

              1.49 msec task-clock                #    0.750 CPUs utilized            ( +-  3.60% )
                 1      context-switches          #    0.671 K/sec                  
                 0      cpu-migrations            #    0.000 K/sec                  
                69      page-faults               #    0.046 M/sec                    ( +-  0.75% )
         2,596,495      cycles                    #    1.743 GHz                      ( +-  1.04% )  (93.68%)
         1,795,208      stalled-cycles-frontend   #   69.14% frontend cycles idle     ( +-  0.94% )
           923,841      stalled-cycles-backend    #   35.58% backend cycles idle      ( +-  1.75% )
         2,227,180      instructions              #    0.86  insn per cycle         
                                                  #    0.81  stalled cycles per insn  ( +-  0.27% )
           287,608      branches                  #  193.079 M/sec                    ( +-  0.41% )
     <not counted>      branch-misses                                                 ( +- 76.95% )  (6.32%)

         0.0019870 +- 0.0000699 seconds time elapsed  ( +-  3.52% )

Some events weren't counted. Try disabling the NMI watchdog:
	echo 0 > /proc/sys/kernel/nmi_watchdog
	perf stat ...
	echo 1 > /proc/sys/kernel/nmi_watchdog

 Performance counter stats for './mandelbrot_pth -0.188 -0.012 0.554 0.754 16 2' (10 runs):

              0.98 msec task-clock                #    0.950 CPUs utilized            ( +-  0.96% )
                 1      context-switches          #    0.001 M/sec                    ( +-  9.09% )
                 0      cpu-migrations            #    0.000 K/sec                  
                71      page-faults               #    0.072 M/sec                    ( +-  0.85% )
         2,872,560      cycles                    #    2.937 GHz                      ( +-  0.82% )  (87.02%)
         2,013,038      stalled-cycles-frontend   #   70.08% frontend cycles idle     ( +-  1.12% )
         1,115,134      stalled-cycles-backend    #   38.82% backend cycles idle      ( +-  1.89% )
         2,294,047      instructions              #    0.80  insn per cycle         
                                                  #    0.88  stalled cycles per insn  ( +-  0.35% )
           301,679      branches                  #  308.445 M/sec                    ( +-  0.49% )
     <not counted>      branch-misses                                                 ( +- 72.01% )  (12.98%)

         0.0010293 +- 0.0000149 seconds time elapsed  ( +-  1.44% )

Some events weren't counted. Try disabling the NMI watchdog:
	echo 0 > /proc/sys/kernel/nmi_watchdog
	perf stat ...
	echo 1 > /proc/sys/kernel/nmi_watchdog

 Performance counter stats for './mandelbrot_pth -0.188 -0.012 0.554 0.754 16 4' (10 runs):

              1.80 msec task-clock                #    1.146 CPUs utilized            ( +-  2.34% )
                 3      context-switches          #    0.002 M/sec                    ( +-  3.23% )
                 0      cpu-migrations            #    0.000 K/sec                  
                74      page-faults               #    0.041 M/sec                    ( +-  0.57% )
         3,070,916      cycles                    #    1.707 GHz                      ( +-  2.34% )  (78.29%)
         2,158,839      stalled-cycles-frontend   #   70.30% frontend cycles idle     ( +-  1.19% )
         1,214,890      stalled-cycles-backend    #   39.56% backend cycles idle      ( +-  1.93% )
         2,428,589      instructions              #    0.79  insn per cycle         
                                                  #    0.89  stalled cycles per insn  ( +-  0.24% )
           330,135      branches                  #  183.511 M/sec                    ( +-  0.36% )
             3,645      branch-misses             #    1.10% of all branches          ( +- 41.47% )  (21.71%)

         0.0015692 +- 0.0000347 seconds time elapsed  ( +-  2.21% )


 Performance counter stats for './mandelbrot_pth -0.188 -0.012 0.554 0.754 16 8' (10 runs):

              1.60 msec task-clock                #    1.375 CPUs utilized            ( +-  2.69% )
                 6      context-switches          #    0.004 M/sec                    ( +- 15.87% )
                 0      cpu-migrations            #    0.000 K/sec                  
                84      page-faults               #    0.052 M/sec                    ( +-  0.57% )
         4,340,333      cycles                    #    2.705 GHz                      ( +-  3.41% )  (63.06%)
         2,812,035      stalled-cycles-frontend   #   64.79% frontend cycles idle     ( +-  2.08% )
         1,751,942      stalled-cycles-backend    #   40.36% backend cycles idle      ( +-  3.05% )
         2,747,496      instructions              #    0.63  insn per cycle         
                                                  #    1.02  stalled cycles per insn  ( +-  0.19% )
           397,234      branches                  #  247.583 M/sec                    ( +-  0.31% )
             4,441      branch-misses             #    1.12% of all branches          ( +- 35.41% )  (36.94%)

         0.0011671 +- 0.0000297 seconds time elapsed  ( +-  2.54% )


 Performance counter stats for './mandelbrot_pth -0.188 -0.012 0.554 0.754 16 16' (10 runs):

              2.91 msec task-clock                #    1.243 CPUs utilized            ( +-  9.85% )
                12      context-switches          #    0.004 M/sec                    ( +- 15.04% )
                 0      cpu-migrations            #    0.000 K/sec                  
                99      page-faults               #    0.034 M/sec                    ( +-  0.48% )
         5,196,042      cycles                    #    1.787 GHz                      ( +-  3.21% )  (65.16%)
         3,663,370      stalled-cycles-frontend   #   70.50% frontend cycles idle     ( +-  3.69% )
         2,365,665      stalled-cycles-backend    #   45.53% backend cycles idle      ( +-  4.40% )
         3,332,083      instructions              #    0.64  insn per cycle         
                                                  #    1.10  stalled cycles per insn  ( +-  0.50% )
           521,139      branches                  #  179.239 M/sec                    ( +-  0.71% )
             6,224      branch-misses             #    1.19% of all branches          ( +- 34.21% )  (34.84%)

          0.002339 +- 0.000271 seconds time elapsed  ( +- 11.60% )


 Performance counter stats for './mandelbrot_pth -0.188 -0.012 0.554 0.754 16 32' (10 runs):

              3.47 msec task-clock                #    1.067 CPUs utilized            ( +-  7.13% )
                 4      context-switches          #    0.001 M/sec                    ( +- 22.97% )
                 0      cpu-migrations            #    0.000 K/sec                  
               133      page-faults               #    0.038 M/sec                    ( +-  0.44% )
         5,854,804      cycles                    #    1.689 GHz                      ( +-  2.68% )  (55.84%)
         3,836,236      stalled-cycles-frontend   #   65.52% frontend cycles idle     ( +-  0.55% )
         2,929,055      stalled-cycles-backend    #   50.03% backend cycles idle      ( +-  0.63% )
         3,064,506      instructions              #    0.52  insn per cycle         
                                                  #    1.25  stalled cycles per insn  ( +-  0.32% )
           642,748      branches                  #  185.447 M/sec                    ( +-  0.32% )
            10,008      branch-misses             #    1.56% of all branches          ( +- 27.80% )  (44.16%)

          0.003248 +- 0.000236 seconds time elapsed  ( +-  7.25% )


 Performance counter stats for './mandelbrot_pth -0.188 -0.012 0.554 0.754 32 1' (10 runs):

              3.40 msec task-clock                #    0.893 CPUs utilized            ( +-  6.56% )
                 1      context-switches          #    0.294 K/sec                  
                 0      cpu-migrations            #    0.000 K/sec                  
                76      page-faults               #    0.022 M/sec                    ( +-  0.62% )
         6,493,224      cycles                    #    1.908 GHz                      ( +-  6.23% )  (42.30%)
         4,488,663      stalled-cycles-frontend   #   69.13% frontend cycles idle     ( +-  0.37% )
         1,556,081      stalled-cycles-backend    #   23.96% backend cycles idle      ( +-  0.99% )
         6,329,318      instructions              #    0.97  insn per cycle         
                                                  #    0.71  stalled cycles per insn  ( +-  0.12% )
           612,244      branches                  #  179.925 M/sec                    ( +-  0.23% )
             3,196      branch-misses             #    0.52% of all branches          ( +- 22.99% )  (57.70%)

          0.003811 +- 0.000244 seconds time elapsed  ( +-  6.41% )


 Performance counter stats for './mandelbrot_pth -0.188 -0.012 0.554 0.754 32 2' (10 runs):

              3.02 msec task-clock                #    1.240 CPUs utilized            ( +-  9.78% )
                 1      context-switches          #    0.331 K/sec                  
                 0      cpu-migrations            #    0.000 K/sec                  
                79      page-faults               #    0.026 M/sec                    ( +-  0.66% )
         6,626,208      cycles                    #    2.193 GHz                      ( +-  1.89% )  (64.51%)
         4,732,498      stalled-cycles-frontend   #   71.42% frontend cycles idle     ( +-  0.52% )
         1,768,172      stalled-cycles-backend    #   26.68% backend cycles idle      ( +-  1.30% )
         6,410,296      instructions              #    0.97  insn per cycle         
                                                  #    0.74  stalled cycles per insn  ( +-  0.13% )
           629,043      branches                  #  208.150 M/sec                    ( +-  0.27% )
     <not counted>      branch-misses                                                 ( +- 52.72% )  (35.49%)

          0.002437 +- 0.000294 seconds time elapsed  ( +- 12.08% )

Some events weren't counted. Try disabling the NMI watchdog:
	echo 0 > /proc/sys/kernel/nmi_watchdog
	perf stat ...
	echo 1 > /proc/sys/kernel/nmi_watchdog

 Performance counter stats for './mandelbrot_pth -0.188 -0.012 0.554 0.754 32 4' (10 runs):

              5.27 msec task-clock                #    1.809 CPUs utilized            ( +-  0.98% )
                 3      context-switches          #    0.512 K/sec                    ( +-  5.66% )
                 0      cpu-migrations            #    0.000 K/sec                  
                84      page-faults               #    0.016 M/sec                    ( +-  0.91% )
         6,873,140      cycles                    #    1.304 GHz                      ( +-  1.40% )  (68.65%)
         4,882,636      stalled-cycles-frontend   #   71.04% frontend cycles idle     ( +-  0.50% )
         1,868,973      stalled-cycles-backend    #   27.19% backend cycles idle      ( +-  1.18% )
         6,553,360      instructions              #    0.95  insn per cycle         
                                                  #    0.75  stalled cycles per insn  ( +-  0.13% )
           659,369      branches                  #  125.108 M/sec                    ( +-  0.26% )
     <not counted>      branch-misses                                                 ( +- 39.77% )  (31.35%)

         0.0029139 +- 0.0000386 seconds time elapsed  ( +-  1.32% )

Some events weren't counted. Try disabling the NMI watchdog:
	echo 0 > /proc/sys/kernel/nmi_watchdog
	perf stat ...
	echo 1 > /proc/sys/kernel/nmi_watchdog

 Performance counter stats for './mandelbrot_pth -0.188 -0.012 0.554 0.754 32 8' (10 runs):

              4.32 msec task-clock                #    2.117 CPUs utilized            ( +-  3.54% )
                 5      context-switches          #    0.001 M/sec                    ( +- 12.71% )
                 0      cpu-migrations            #    0.000 K/sec                  
                90      page-faults               #    0.021 M/sec                    ( +-  0.44% )
         7,954,319      cycles                    #    1.842 GHz                      ( +-  2.84% )  (89.97%)
         5,536,200      stalled-cycles-frontend   #   69.60% frontend cycles idle     ( +-  2.97% )
         2,394,154      stalled-cycles-backend    #   30.10% backend cycles idle      ( +-  5.60% )
         6,879,013      instructions              #    0.86  insn per cycle         
                                                  #    0.80  stalled cycles per insn  ( +-  0.62% )
           726,756      branches                  #  168.317 M/sec                    ( +-  1.07% )
     <not counted>      branch-misses                                                 ( +- 72.16% )  (10.03%)

          0.002040 +- 0.000115 seconds time elapsed  ( +-  5.66% )

Some events weren't counted. Try disabling the NMI watchdog:
	echo 0 > /proc/sys/kernel/nmi_watchdog
	perf stat ...
	echo 1 > /proc/sys/kernel/nmi_watchdog

 Performance counter stats for './mandelbrot_pth -0.188 -0.012 0.554 0.754 32 16' (10 runs):

              5.11 msec task-clock                #    2.236 CPUs utilized            ( +-  2.68% )
                16      context-switches          #    0.003 M/sec                    ( +-  9.84% )
                 0      cpu-migrations            #    0.000 K/sec                  
               108      page-faults               #    0.021 M/sec                    ( +-  0.60% )
         9,644,072      cycles                    #    1.889 GHz                      ( +-  3.40% )  (63.32%)
         6,487,467      stalled-cycles-frontend   #   67.27% frontend cycles idle     ( +-  1.10% )
         3,138,533      stalled-cycles-backend    #   32.54% backend cycles idle      ( +-  2.00% )
         7,499,655      instructions              #    0.78  insn per cycle         
                                                  #    0.87  stalled cycles per insn  ( +-  0.24% )
           860,089      branches                  #  168.454 M/sec                    ( +-  0.47% )
            11,853      branch-misses             #    1.38% of all branches          ( +- 34.74% )  (36.68%)

         0.0022837 +- 0.0000639 seconds time elapsed  ( +-  2.80% )


 Performance counter stats for './mandelbrot_pth -0.188 -0.012 0.554 0.754 32 32' (10 runs):

              6.35 msec task-clock                #    1.749 CPUs utilized            ( +-  2.37% )
                17      context-switches          #    0.003 M/sec                    ( +-  7.21% )
                 0      cpu-migrations            #    0.000 K/sec                  
               141      page-faults               #    0.022 M/sec                    ( +-  0.21% )
        11,303,112      cycles                    #    1.779 GHz                      ( +-  1.09% )  (70.12%)
         8,155,355      stalled-cycles-frontend   #   72.15% frontend cycles idle     ( +-  1.09% )
         4,435,417      stalled-cycles-backend    #   39.24% backend cycles idle      ( +-  1.84% )
         8,600,778      instructions              #    0.76  insn per cycle         
                                                  #    0.95  stalled cycles per insn  ( +-  0.14% )
         1,092,204      branches                  #  171.878 M/sec                    ( +-  0.24% )
            15,481      branch-misses             #    1.42% of all branches          ( +- 32.21% )  (29.88%)

         0.0036324 +- 0.0000812 seconds time elapsed  ( +-  2.24% )


 Performance counter stats for './mandelbrot_pth -0.188 -0.012 0.554 0.754 64 1' (10 runs):

             10.01 msec task-clock                #    0.958 CPUs utilized            ( +- 10.13% )
                 1      context-switches          #    0.110 K/sec                    ( +-  9.09% )
                 0      cpu-migrations            #    0.000 K/sec                  
               107      page-faults               #    0.011 M/sec                    ( +-  0.54% )
        20,223,310      cycles                    #    2.019 GHz                      ( +-  2.98% )  (61.24%)
        16,048,108      stalled-cycles-frontend   #   79.35% frontend cycles idle     ( +-  2.54% )  (68.91%)
         4,117,508      stalled-cycles-backend    #   20.36% backend cycles idle      ( +-  1.81% )  (85.33%)
        22,738,438      instructions              #    1.12  insn per cycle         
                                                  #    0.71  stalled cycles per insn  ( +-  0.11% )  (96.02%)
         1,910,939      branches                  #  190.823 M/sec                    ( +-  0.09% )  (99.96%)
             6,886      branch-misses             #    0.36% of all branches          ( +- 12.33% )  (84.56%)

           0.01045 +- 0.00106 seconds time elapsed  ( +- 10.15% )


 Performance counter stats for './mandelbrot_pth -0.188 -0.012 0.554 0.754 64 2' (10 runs):

              9.00 msec task-clock                #    1.550 CPUs utilized            ( +-  7.36% )
                 2      context-switches          #    0.167 K/sec                    ( +- 17.92% )
                 0      cpu-migrations            #    0.000 K/sec                  
               109      page-faults               #    0.012 M/sec                    ( +-  0.53% )
        22,013,406      cycles                    #    2.447 GHz                      ( +-  1.51% )  (51.86%)
        15,678,278      stalled-cycles-frontend   #   71.22% frontend cycles idle     ( +-  0.59% )  (92.14%)
         4,339,161      stalled-cycles-backend    #   19.71% backend cycles idle      ( +-  1.13% )
        22,845,722      instructions              #    1.04  insn per cycle         
                                                  #    0.69  stalled cycles per insn  ( +-  0.04% )
         1,929,112      branches                  #  214.398 M/sec                    ( +-  0.11% )
             6,342      branch-misses             #    0.33% of all branches          ( +- 10.04% )  (56.00%)

          0.005806 +- 0.000476 seconds time elapsed  ( +-  8.19% )


 Performance counter stats for './mandelbrot_pth -0.188 -0.012 0.554 0.754 64 4' (10 runs):

             14.49 msec task-clock                #    2.624 CPUs utilized            ( +-  3.67% )
                 2      context-switches          #    0.159 K/sec                    ( +- 11.32% )
                 0      cpu-migrations            #    0.000 K/sec                  
               112      page-faults               #    0.008 M/sec                    ( +-  0.37% )
        21,617,877      cycles                    #    1.492 GHz                      ( +-  2.66% )  (34.93%)
        15,632,968      stalled-cycles-frontend   #   72.32% frontend cycles idle     ( +-  0.20% )  (99.12%)
         4,387,342      stalled-cycles-backend    #   20.29% backend cycles idle      ( +-  0.52% )
        22,990,986      instructions              #    1.06  insn per cycle         
                                                  #    0.68  stalled cycles per insn  ( +-  0.04% )
         1,959,237      branches                  #  135.197 M/sec                    ( +-  0.08% )
             7,539      branch-misses             #    0.38% of all branches          ( +-  7.69% )  (65.95%)

          0.005522 +- 0.000170 seconds time elapsed  ( +-  3.08% )


 Performance counter stats for './mandelbrot_pth -0.188 -0.012 0.554 0.754 64 8' (10 runs):

             11.23 msec task-clock                #    3.728 CPUs utilized            ( +-  3.42% )
                 4      context-switches          #    0.321 K/sec                    ( +- 11.86% )
                 0      cpu-migrations            #    0.000 K/sec                  
               121      page-faults               #    0.011 M/sec                    ( +-  0.40% )
        25,565,892      cycles                    #    2.277 GHz                      ( +-  5.89% )  (49.85%)
        16,258,522      stalled-cycles-frontend   #   63.59% frontend cycles idle     ( +-  0.35% )
         4,895,294      stalled-cycles-backend    #   19.15% backend cycles idle      ( +-  1.05% )
        23,281,483      instructions              #    0.91  insn per cycle         
                                                  #    0.70  stalled cycles per insn  ( +-  0.04% )
         2,020,327      branches                  #  179.907 M/sec                    ( +-  0.09% )
             7,932      branch-misses             #    0.39% of all branches          ( +- 13.36% )  (50.15%)

          0.003013 +- 0.000112 seconds time elapsed  ( +-  3.72% )


 Performance counter stats for './mandelbrot_pth -0.188 -0.012 0.554 0.754 64 16' (10 runs):

             14.52 msec task-clock                #    4.724 CPUs utilized            ( +-  2.20% )
                11      context-switches          #    0.737 K/sec                    ( +- 12.70% )
                 0      cpu-migrations            #    0.000 K/sec                  
               138      page-faults               #    0.010 M/sec                    ( +-  0.39% )
        24,321,423      cycles                    #    1.676 GHz                      ( +-  0.54% )  (97.73%)
        17,297,102      stalled-cycles-frontend   #   71.12% frontend cycles idle     ( +-  0.32% )
         5,685,790      stalled-cycles-backend    #   23.38% backend cycles idle      ( +-  0.82% )
        23,893,485      instructions              #    0.98  insn per cycle         
                                                  #    0.72  stalled cycles per insn  ( +-  0.05% )
         2,150,121      branches                  #  148.130 M/sec                    ( +-  0.11% )
            13,959      branch-misses             #    0.65% of all branches          ( +- 77.03% )  (2.27%)

         0.0030727 +- 0.0000944 seconds time elapsed  ( +-  3.07% )


 Performance counter stats for './mandelbrot_pth -0.188 -0.012 0.554 0.754 64 32' (10 runs):

             18.25 msec task-clock                #    3.993 CPUs utilized            ( +-  2.63% )
                34      context-switches          #    0.002 M/sec                    ( +-  4.20% )
                 0      cpu-migrations            #    0.000 K/sec                  
               169      page-faults               #    0.009 M/sec                    ( +-  0.33% )
        28,820,319      cycles                    #    1.580 GHz                      ( +-  2.74% )  (53.56%)
        19,586,836      stalled-cycles-frontend   #   67.96% frontend cycles idle     ( +-  1.19% )  (99.98%)
         7,480,466      stalled-cycles-backend    #   25.96% backend cycles idle      ( +-  2.52% )
        25,266,225      instructions              #    0.88  insn per cycle         
                                                  #    0.78  stalled cycles per insn  ( +-  0.26% )
         2,439,350      branches                  #  133.694 M/sec                    ( +-  0.52% )
            21,409      branch-misses             #    0.88% of all branches          ( +- 12.90% )  (46.46%)

          0.004569 +- 0.000202 seconds time elapsed  ( +-  4.41% )


 Performance counter stats for './mandelbrot_pth -0.188 -0.012 0.554 0.754 128 1' (10 runs):

             30.46 msec task-clock                #    0.987 CPUs utilized            ( +-  2.54% )
                 1      context-switches          #    0.043 K/sec                    ( +- 16.42% )
                 0      cpu-migrations            #    0.000 K/sec                  
               226      page-faults               #    0.007 M/sec                    ( +-  0.10% )
        80,367,775      cycles                    #    2.639 GHz                      ( +-  1.18% )  (77.32%)
        59,182,256      stalled-cycles-frontend   #   73.64% frontend cycles idle     ( +-  0.54% )  (83.19%)
        14,720,064      stalled-cycles-backend    #   18.32% backend cycles idle      ( +-  1.47% )  (72.96%)
        89,484,648      instructions              #    1.11  insn per cycle         
                                                  #    0.66  stalled cycles per insn  ( +-  1.01% )  (86.88%)
         7,035,635      branches                  #  230.988 M/sec                    ( +-  0.51% )  (86.88%)
            19,645      branch-misses             #    0.28% of all branches          ( +-  5.06% )  (79.65%)

          0.030871 +- 0.000817 seconds time elapsed  ( +-  2.65% )


 Performance counter stats for './mandelbrot_pth -0.188 -0.012 0.554 0.754 128 2' (10 runs):

             33.97 msec task-clock                #    1.799 CPUs utilized            ( +-  3.75% )
                 1      context-switches          #    0.038 K/sec                    ( +- 11.75% )
                 0      cpu-migrations            #    0.000 K/sec                  
               228      page-faults               #    0.007 M/sec                    ( +-  0.16% )
        81,718,987      cycles                    #    2.405 GHz                      ( +-  2.02% )  (77.27%)
        60,590,194      stalled-cycles-frontend   #   74.14% frontend cycles idle     ( +-  1.87% )  (76.48%)
        14,785,140      stalled-cycles-backend    #   18.09% backend cycles idle      ( +-  4.27% )  (62.29%)
        87,631,895      instructions              #    1.07  insn per cycle         
                                                  #    0.69  stalled cycles per insn  ( +-  1.81% )  (85.31%)
         7,023,149      branches                  #  206.730 M/sec                    ( +-  1.05% )  (95.74%)
            20,526      branch-misses             #    0.29% of all branches          ( +-  6.23% )  (88.23%)

          0.018881 +- 0.000729 seconds time elapsed  ( +-  3.86% )


 Performance counter stats for './mandelbrot_pth -0.188 -0.012 0.554 0.754 128 4' (10 runs):

             36.73 msec task-clock                #    2.869 CPUs utilized            ( +-  4.84% )
                 2      context-switches          #    0.057 K/sec                    ( +-  4.76% )
                 0      cpu-migrations            #    0.000 K/sec                  
               232      page-faults               #    0.006 M/sec                    ( +-  0.09% )
        77,566,946      cycles                    #    2.112 GHz                      ( +-  1.62% )  (60.39%)
        59,483,637      stalled-cycles-frontend   #   76.69% frontend cycles idle     ( +-  1.39% )  (59.16%)
        14,547,421      stalled-cycles-backend    #   18.75% backend cycles idle      ( +-  0.89% )  (86.69%)
        88,233,242      instructions              #    1.14  insn per cycle         
                                                  #    0.67  stalled cycles per insn  ( +-  0.33% )  (98.81%)
         7,125,999      branches                  #  194.001 M/sec                    ( +-  0.02% )
            22,942      branch-misses             #    0.32% of all branches          ( +-  4.69% )  (93.76%)

          0.012804 +- 0.000950 seconds time elapsed  ( +-  7.42% )


 Performance counter stats for './mandelbrot_pth -0.188 -0.012 0.554 0.754 128 8' (10 runs):

             42.24 msec task-clock                #    4.860 CPUs utilized            ( +-  3.67% )
                 3      context-switches          #    0.080 K/sec                    ( +- 10.92% )
                 0      cpu-migrations            #    0.000 K/sec                  
               240      page-faults               #    0.006 M/sec                    ( +-  0.10% )
        82,802,772      cycles                    #    1.960 GHz                      ( +-  2.00% )  (43.70%)
        59,159,193      stalled-cycles-frontend   #   71.45% frontend cycles idle     ( +-  0.96% )  (82.77%)
        14,676,834      stalled-cycles-backend    #   17.73% backend cycles idle      ( +-  0.50% )  (99.10%)
        88,750,484      instructions              #    1.07  insn per cycle         
                                                  #    0.67  stalled cycles per insn  ( +-  0.01% )
         7,188,339      branches                  #  170.164 M/sec                    ( +-  0.03% )
            21,049      branch-misses             #    0.29% of all branches          ( +-  6.31% )  (74.43%)

          0.008692 +- 0.000482 seconds time elapsed  ( +-  5.54% )


 Performance counter stats for './mandelbrot_pth -0.188 -0.012 0.554 0.754 128 16' (10 runs):

             45.71 msec task-clock                #    7.075 CPUs utilized            ( +-  3.52% )
                 9      context-switches          #    0.193 K/sec                    ( +- 11.95% )
                 0      cpu-migrations            #    0.000 K/sec                  
               257      page-faults               #    0.006 M/sec                    ( +-  0.15% )
        85,315,577      cycles                    #    1.867 GHz                      ( +-  1.94% )  (27.68%)
        62,142,781      stalled-cycles-frontend   #   72.84% frontend cycles idle     ( +-  0.22% )  (97.79%)
        16,826,157      stalled-cycles-backend    #   19.72% backend cycles idle      ( +-  0.37% )
        89,369,212      instructions              #    1.05  insn per cycle         
                                                  #    0.70  stalled cycles per insn  ( +-  0.02% )
         7,318,843      branches                  #  160.125 M/sec                    ( +-  0.04% )
            28,118      branch-misses             #    0.38% of all branches          ( +-  9.53% )  (74.53%)

          0.006460 +- 0.000232 seconds time elapsed  ( +-  3.59% )


 Performance counter stats for './mandelbrot_pth -0.188 -0.012 0.554 0.754 128 32' (10 runs):

             49.91 msec task-clock                #    9.212 CPUs utilized            ( +-  3.24% )
                37      context-switches          #    0.745 K/sec                    ( +- 10.46% )
                 0      cpu-migrations            #    0.002 K/sec                    ( +-100.00% )
               292      page-faults               #    0.006 M/sec                    ( +-  0.24% )
        97,921,639      cycles                    #    1.962 GHz                      ( +-  5.69% )  (22.65%)
        73,483,227      stalled-cycles-frontend   #   75.04% frontend cycles idle     ( +-  0.42% )  (98.55%)
        24,202,236      stalled-cycles-backend    #   24.72% backend cycles idle      ( +-  0.76% )
        90,826,626      instructions              #    0.93  insn per cycle         
                                                  #    0.81  stalled cycles per insn  ( +-  0.05% )
         7,627,966      branches                  #  152.846 M/sec                    ( +-  0.12% )
            34,143      branch-misses             #    0.45% of all branches          ( +-  4.78% )  (78.80%)

          0.005418 +- 0.000257 seconds time elapsed  ( +-  4.74% )


 Performance counter stats for './mandelbrot_pth -0.188 -0.012 0.554 0.754 256 1' (10 runs):

            117.63 msec task-clock                #    0.995 CPUs utilized            ( +-  8.06% )
                 1      context-switches          #    0.012 K/sec                    ( +- 11.66% )
                 0      cpu-migrations            #    0.000 K/sec                  
               707      page-faults               #    0.006 M/sec                    ( +-  0.06% )
       323,470,460      cycles                    #    2.750 GHz                      ( +-  0.30% )  (81.57%)
       230,310,027      stalled-cycles-frontend   #   71.20% frontend cycles idle     ( +-  0.36% )  (81.95%)
        56,277,550      stalled-cycles-backend    #   17.40% backend cycles idle      ( +-  1.16% )  (67.76%)
       354,821,255      instructions              #    1.10  insn per cycle         
                                                  #    0.65  stalled cycles per insn  ( +-  0.09% )  (84.74%)
        28,330,304      branches                  #  240.844 M/sec                    ( +-  0.31% )  (85.04%)
            76,242      branch-misses             #    0.27% of all branches          ( +-  2.27% )  (83.67%)

           0.11817 +- 0.00950 seconds time elapsed  ( +-  8.04% )


 Performance counter stats for './mandelbrot_pth -0.188 -0.012 0.554 0.754 256 2' (10 runs):

            120.13 msec task-clock                #    1.841 CPUs utilized            ( +-  7.94% )
                 2      context-switches          #    0.016 K/sec                    ( +- 16.55% )
                 0      cpu-migrations            #    0.000 K/sec                  
               710      page-faults               #    0.006 M/sec                    ( +-  0.07% )
       320,544,525      cycles                    #    2.668 GHz                      ( +-  0.39% )  (80.92%)
       231,230,639      stalled-cycles-frontend   #   72.14% frontend cycles idle     ( +-  0.22% )  (81.47%)
        56,557,198      stalled-cycles-backend    #   17.64% backend cycles idle      ( +-  0.58% )  (68.36%)
       355,947,818      instructions              #    1.11  insn per cycle         
                                                  #    0.65  stalled cycles per insn  ( +-  0.36% )  (84.81%)
        28,044,578      branches                  #  233.459 M/sec                    ( +-  0.33% )  (85.32%)
            73,308      branch-misses             #    0.26% of all branches          ( +-  1.10% )  (83.94%)

           0.06523 +- 0.00543 seconds time elapsed  ( +-  8.33% )


 Performance counter stats for './mandelbrot_pth -0.188 -0.012 0.554 0.754 256 4' (10 runs):

            118.13 msec task-clock                #    3.403 CPUs utilized            ( +-  1.81% )
                 2      context-switches          #    0.017 K/sec                    ( +- 16.67% )
                 0      cpu-migrations            #    0.001 K/sec                    ( +-100.00% )
               713      page-faults               #    0.006 M/sec                    ( +-  0.05% )
       315,821,190      cycles                    #    2.674 GHz                      ( +-  0.39% )  (78.26%)
       229,508,813      stalled-cycles-frontend   #   72.67% frontend cycles idle     ( +-  0.52% )  (78.69%)
        58,584,760      stalled-cycles-backend    #   18.55% backend cycles idle      ( +-  0.58% )  (72.06%)
       360,871,755      instructions              #    1.14  insn per cycle         
                                                  #    0.64  stalled cycles per insn  ( +-  0.51% )  (86.46%)
        27,781,416      branches                  #  235.185 M/sec                    ( +-  0.49% )  (86.46%)
            73,937      branch-misses             #    0.27% of all branches          ( +-  1.50% )  (84.52%)

          0.034716 +- 0.000677 seconds time elapsed  ( +-  1.95% )


 Performance counter stats for './mandelbrot_pth -0.188 -0.012 0.554 0.754 256 8' (10 runs):

            138.31 msec task-clock                #    5.641 CPUs utilized            ( +-  3.23% )
                 3      context-switches          #    0.020 K/sec                    ( +- 11.66% )
                 0      cpu-migrations            #    0.000 K/sec                  
               722      page-faults               #    0.005 M/sec                    ( +-  0.06% )
       319,473,514      cycles                    #    2.310 GHz                      ( +-  0.56% )  (88.52%)
       234,012,355      stalled-cycles-frontend   #   73.25% frontend cycles idle     ( +-  0.81% )  (79.74%)
        60,675,143      stalled-cycles-backend    #   18.99% backend cycles idle      ( +-  1.28% )  (55.79%)
       361,028,842      instructions              #    1.13  insn per cycle         
                                                  #    0.65  stalled cycles per insn  ( +-  0.68% )  (78.76%)
        27,759,035      branches                  #  200.697 M/sec                    ( +-  1.50% )  (84.35%)
            74,913      branch-misses             #    0.27% of all branches          ( +-  1.10% )  (91.60%)

           0.02452 +- 0.00108 seconds time elapsed  ( +-  4.40% )


 Performance counter stats for './mandelbrot_pth -0.188 -0.012 0.554 0.754 256 16' (10 runs):

            131.11 msec task-clock                #    8.225 CPUs utilized            ( +-  3.32% )
                 4      context-switches          #    0.029 K/sec                    ( +- 16.55% )
                 0      cpu-migrations            #    0.001 K/sec                    ( +-100.00% )
               739      page-faults               #    0.006 M/sec                    ( +-  0.06% )
       330,318,336      cycles                    #    2.519 GHz                      ( +-  0.98% )  (79.25%)
       238,563,443      stalled-cycles-frontend   #   72.22% frontend cycles idle     ( +-  1.70% )  (57.32%)
        64,265,074      stalled-cycles-backend    #   19.46% backend cycles idle      ( +-  0.85% )  (67.08%)
       354,012,120      instructions              #    1.07  insn per cycle         
                                                  #    0.67  stalled cycles per insn  ( +-  0.20% )  (94.59%)
        28,152,095      branches                  #  214.721 M/sec                    ( +-  0.30% )  (98.74%)
            82,479      branch-misses             #    0.29% of all branches          ( +-  1.63% )  (97.62%)

          0.015941 +- 0.000940 seconds time elapsed  ( +-  5.90% )


 Performance counter stats for './mandelbrot_pth -0.188 -0.012 0.554 0.754 256 32' (10 runs):

            151.98 msec task-clock                #   12.006 CPUs utilized            ( +-  3.73% )
                47      context-switches          #    0.308 K/sec                    ( +- 10.29% )
                 2      cpu-migrations            #    0.014 K/sec                    ( +-  6.06% )
               772      page-faults               #    0.005 M/sec                    ( +-  0.07% )
       393,309,523      cycles                    #    2.588 GHz                      ( +-  0.73% )  (56.12%)
       302,617,820      stalled-cycles-frontend   #   76.94% frontend cycles idle     ( +-  1.41% )  (54.84%)
       100,988,250      stalled-cycles-backend    #   25.68% backend cycles idle      ( +-  0.63% )  (91.56%)
       353,100,483      instructions              #    0.90  insn per cycle         
                                                  #    0.86  stalled cycles per insn  ( +-  0.02% )  (99.91%)
        28,408,613      branches                  #  186.922 M/sec                    ( +-  0.04% )
            92,230      branch-misses             #    0.32% of all branches          ( +-  0.89% )  (97.49%)

          0.012658 +- 0.000468 seconds time elapsed  ( +-  3.70% )


 Performance counter stats for './mandelbrot_pth -0.188 -0.012 0.554 0.754 512 1' (10 runs):

            473.86 msec task-clock                #    0.999 CPUs utilized            ( +-  7.83% )
                 3      context-switches          #    0.005 K/sec                    ( +- 17.39% )
                 0      cpu-migrations            #    0.000 K/sec                  
             2,628      page-faults               #    0.006 M/sec                    ( +-  0.02% )
     1,293,108,569      cycles                    #    2.729 GHz                      ( +-  0.26% )  (83.02%)
       921,988,143      stalled-cycles-frontend   #   71.30% frontend cycles idle     ( +-  0.35% )  (83.28%)
       217,528,725      stalled-cycles-backend    #   16.82% backend cycles idle      ( +-  1.61% )  (66.85%)
     1,402,170,794      instructions              #    1.08  insn per cycle         
                                                  #    0.66  stalled cycles per insn  ( +-  0.28% )  (83.48%)
       112,727,984      branches                  #  237.895 M/sec                    ( +-  0.11% )  (83.64%)
           282,580      branch-misses             #    0.25% of all branches          ( +-  2.38% )  (83.20%)

            0.4743 +- 0.0371 seconds time elapsed  ( +-  7.83% )


 Performance counter stats for './mandelbrot_pth -0.188 -0.012 0.554 0.754 512 2' (10 runs):

            500.99 msec task-clock                #    1.803 CPUs utilized            ( +- 11.82% )
                 2      context-switches          #    0.005 K/sec                    ( +- 12.73% )
                 0      cpu-migrations            #    0.000 K/sec                    ( +- 66.67% )
             2,629      page-faults               #    0.005 M/sec                    ( +-  0.02% )
     1,287,833,974      cycles                    #    2.571 GHz                      ( +-  0.22% )  (83.09%)
       913,913,508      stalled-cycles-frontend   #   70.97% frontend cycles idle     ( +-  0.15% )  (83.37%)
       210,739,543      stalled-cycles-backend    #   16.36% backend cycles idle      ( +-  0.45% )  (66.97%)
     1,397,733,561      instructions              #    1.09  insn per cycle         
                                                  #    0.65  stalled cycles per insn  ( +-  0.31% )  (83.46%)
       112,373,799      branches                  #  224.303 M/sec                    ( +-  0.32% )  (83.40%)
           275,540      branch-misses             #    0.25% of all branches          ( +-  0.20% )  (83.16%)

            0.2779 +- 0.0320 seconds time elapsed  ( +- 11.53% )


 Performance counter stats for './mandelbrot_pth -0.188 -0.012 0.554 0.754 512 4' (10 runs):

            505.51 msec task-clock                #    3.207 CPUs utilized            ( +-  7.92% )
                 2      context-switches          #    0.004 K/sec                    ( +- 16.32% )
                 0      cpu-migrations            #    0.000 K/sec                    ( +-100.00% )
             2,633      page-faults               #    0.005 M/sec                    ( +-  0.01% )
     1,282,231,207      cycles                    #    2.537 GHz                      ( +-  0.28% )  (83.26%)
       910,357,708      stalled-cycles-frontend   #   71.00% frontend cycles idle     ( +-  0.31% )  (84.03%)
       212,551,946      stalled-cycles-backend    #   16.58% backend cycles idle      ( +-  0.86% )  (67.07%)
     1,403,912,016      instructions              #    1.09  insn per cycle         
                                                  #    0.65  stalled cycles per insn  ( +-  0.43% )  (83.19%)
       113,181,916      branches                  #  223.896 M/sec                    ( +-  0.40% )  (82.76%)
           278,887      branch-misses             #    0.25% of all branches          ( +-  0.57% )  (82.89%)

            0.1576 +- 0.0144 seconds time elapsed  ( +-  9.12% )


 Performance counter stats for './mandelbrot_pth -0.188 -0.012 0.554 0.754 512 8' (10 runs):

            478.18 msec task-clock                #    5.904 CPUs utilized            ( +-  3.87% )
                 5      context-switches          #    0.010 K/sec                    ( +- 13.48% )
                 0      cpu-migrations            #    0.000 K/sec                  
             2,642      page-faults               #    0.006 M/sec                    ( +-  0.02% )
     1,293,812,933      cycles                    #    2.706 GHz                      ( +-  0.46% )  (84.09%)
       913,256,552      stalled-cycles-frontend   #   70.59% frontend cycles idle     ( +-  0.51% )  (85.14%)
       209,251,418      stalled-cycles-backend    #   16.17% backend cycles idle      ( +-  0.70% )  (67.09%)
     1,396,625,980      instructions              #    1.08  insn per cycle         
                                                  #    0.65  stalled cycles per insn  ( +-  0.54% )  (82.01%)
       113,895,938      branches                  #  238.186 M/sec                    ( +-  0.46% )  (81.28%)
           286,420      branch-misses             #    0.25% of all branches          ( +-  0.52% )  (82.40%)

           0.08099 +- 0.00332 seconds time elapsed  ( +-  4.11% )


 Performance counter stats for './mandelbrot_pth -0.188 -0.012 0.554 0.754 512 16' (10 runs):

            480.84 msec task-clock                #    9.477 CPUs utilized            ( +-  1.50% )
                 4      context-switches          #    0.009 K/sec                    ( +- 22.21% )
                 0      cpu-migrations            #    0.000 K/sec                  
             2,658      page-faults               #    0.006 M/sec                    ( +-  0.01% )
     1,324,366,366      cycles                    #    2.754 GHz                      ( +-  0.49% )  (85.42%)
       956,964,728      stalled-cycles-frontend   #   72.26% frontend cycles idle     ( +-  0.50% )  (86.18%)
       241,461,768      stalled-cycles-backend    #   18.23% backend cycles idle      ( +-  0.83% )  (61.24%)
     1,416,245,133      instructions              #    1.07  insn per cycle         
                                                  #    0.68  stalled cycles per insn  ( +-  0.69% )  (79.38%)
       114,231,755      branches                  #  237.566 M/sec                    ( +-  0.74% )  (82.73%)
           288,978      branch-misses             #    0.25% of all branches          ( +-  0.67% )  (84.42%)

           0.05074 +- 0.00129 seconds time elapsed  ( +-  2.54% )


 Performance counter stats for './mandelbrot_pth -0.188 -0.012 0.554 0.754 512 32' (10 runs):

            563.11 msec task-clock                #   13.705 CPUs utilized            ( +-  1.43% )
                16      context-switches          #    0.028 K/sec                    ( +- 17.72% )
                 2      cpu-migrations            #    0.003 K/sec                    ( +-  9.45% )
             2,692      page-faults               #    0.005 M/sec                    ( +-  0.02% )
     1,577,393,787      cycles                    #    2.801 GHz                      ( +-  0.47% )  (79.82%)
     1,222,935,946      stalled-cycles-frontend   #   77.53% frontend cycles idle     ( +-  0.37% )  (89.97%)
       401,260,239      stalled-cycles-backend    #   25.44% backend cycles idle      ( +-  0.48% )  (74.11%)
     1,420,451,690      instructions              #    0.90  insn per cycle         
                                                  #    0.86  stalled cycles per insn  ( +-  0.60% )  (82.06%)
       114,872,103      branches                  #  203.997 M/sec                    ( +-  0.61% )  (78.51%)
           307,241      branch-misses             #    0.27% of all branches          ( +-  0.88% )  (77.59%)

          0.041089 +- 0.000532 seconds time elapsed  ( +-  1.29% )


 Performance counter stats for './mandelbrot_pth -0.188 -0.012 0.554 0.754 1024 1' (10 runs):

          1,742.08 msec task-clock                #    1.000 CPUs utilized            ( +-  2.61% )
                 4      context-switches          #    0.002 K/sec                    ( +- 11.75% )
                 0      cpu-migrations            #    0.000 K/sec                    ( +-100.00% )
            12,781      page-faults               #    0.007 M/sec                    ( +-  2.76% )
     5,159,228,802      cycles                    #    2.962 GHz                      ( +-  0.05% )  (83.26%)
     3,677,028,398      stalled-cycles-frontend   #   71.27% frontend cycles idle     ( +-  0.06% )  (83.31%)
       871,995,282      stalled-cycles-backend    #   16.90% backend cycles idle      ( +-  0.17% )  (66.80%)
     5,589,359,337      instructions              #    1.08  insn per cycle         
                                                  #    0.66  stalled cycles per insn  ( +-  0.03% )  (83.41%)
       442,894,554      branches                  #  254.234 M/sec                    ( +-  0.07% )  (83.33%)
         1,068,797      branch-misses             #    0.24% of all branches          ( +-  0.10% )  (83.31%)

            1.7427 +- 0.0455 seconds time elapsed  ( +-  2.61% )


 Performance counter stats for './mandelbrot_pth -0.188 -0.012 0.554 0.754 1024 2' (10 runs):

          1,842.30 msec task-clock                #    1.773 CPUs utilized            ( +-  3.73% )
                 5      context-switches          #    0.003 K/sec                    ( +- 11.40% )
                 1      cpu-migrations            #    0.000 K/sec                    ( +- 27.22% )
             9,085      page-faults               #    0.005 M/sec                    ( +-  1.20% )
     5,151,530,576      cycles                    #    2.796 GHz                      ( +-  0.06% )  (83.17%)
     3,665,731,180      stalled-cycles-frontend   #   71.16% frontend cycles idle     ( +-  0.08% )  (83.22%)
       861,838,427      stalled-cycles-backend    #   16.73% backend cycles idle      ( +-  0.23% )  (66.82%)
     5,581,685,310      instructions              #    1.08  insn per cycle         
                                                  #    0.66  stalled cycles per insn  ( +-  0.06% )  (83.48%)
       440,790,095      branches                  #  239.261 M/sec                    ( +-  0.10% )  (83.50%)
         1,067,512      branch-misses             #    0.24% of all branches          ( +-  0.11% )  (83.29%)

            1.0388 +- 0.0453 seconds time elapsed  ( +-  4.36% )


 Performance counter stats for './mandelbrot_pth -0.188 -0.012 0.554 0.754 1024 4' (10 runs):

          1,888.13 msec task-clock                #    3.367 CPUs utilized            ( +-  7.45% )
                 6      context-switches          #    0.003 K/sec                    ( +- 13.71% )
                 0      cpu-migrations            #    0.000 K/sec                    ( +- 44.72% )
             8,781      page-faults               #    0.005 M/sec                    ( +-  0.00% )
     5,167,461,398      cycles                    #    2.737 GHz                      ( +-  0.22% )  (83.13%)
     3,688,814,696      stalled-cycles-frontend   #   71.39% frontend cycles idle     ( +-  0.24% )  (83.26%)
       876,326,492      stalled-cycles-backend    #   16.96% backend cycles idle      ( +-  0.56% )  (66.84%)
     5,579,498,409      instructions              #    1.08  insn per cycle         
                                                  #    0.66  stalled cycles per insn  ( +-  0.06% )  (83.52%)
       440,786,295      branches                  #  233.451 M/sec                    ( +-  0.09% )  (83.52%)
         1,085,724      branch-misses             #    0.25% of all branches          ( +-  0.75% )  (83.25%)

            0.5608 +- 0.0373 seconds time elapsed  ( +-  6.66% )


 Performance counter stats for './mandelbrot_pth -0.188 -0.012 0.554 0.754 1024 8' (10 runs):

          2,214.62 msec task-clock                #    5.871 CPUs utilized            ( +- 10.25% )
                13      context-switches          #    0.006 K/sec                    ( +- 37.82% )
                 0      cpu-migrations            #    0.000 K/sec                    ( +- 33.33% )
             8,788      page-faults               #    0.004 M/sec                    ( +-  0.00% )
     5,182,673,499      cycles                    #    2.340 GHz                      ( +-  0.21% )  (82.83%)
     3,696,127,597      stalled-cycles-frontend   #   71.32% frontend cycles idle     ( +-  0.28% )  (83.13%)
       874,609,532      stalled-cycles-backend    #   16.88% backend cycles idle      ( +-  1.06% )  (67.09%)
     5,573,535,103      instructions              #    1.08  insn per cycle         
                                                  #    0.66  stalled cycles per insn  ( +-  0.21% )  (83.66%)
       440,646,550      branches                  #  198.971 M/sec                    ( +-  0.33% )  (83.78%)
         1,110,823      branch-misses             #    0.25% of all branches          ( +-  2.33% )  (83.16%)

            0.3772 +- 0.0347 seconds time elapsed  ( +-  9.21% )


 Performance counter stats for './mandelbrot_pth -0.188 -0.012 0.554 0.754 1024 16' (10 runs):

          1,864.05 msec task-clock                #    9.174 CPUs utilized            ( +-  1.01% )
                 7      context-switches          #    0.003 K/sec                    ( +- 27.26% )
                 0      cpu-migrations            #    0.000 K/sec                    ( +- 66.67% )
             8,805      page-faults               #    0.005 M/sec                    ( +-  0.00% )
     5,360,996,519      cycles                    #    2.876 GHz                      ( +-  0.18% )  (82.62%)
     3,866,570,532      stalled-cycles-frontend   #   72.12% frontend cycles idle     ( +-  0.27% )  (82.90%)
       970,399,390      stalled-cycles-backend    #   18.10% backend cycles idle      ( +-  0.48% )  (67.05%)
     5,572,669,948      instructions              #    1.04  insn per cycle         
                                                  #    0.69  stalled cycles per insn  ( +-  0.17% )  (83.64%)
       439,260,859      branches                  #  235.649 M/sec                    ( +-  0.23% )  (84.22%)
         1,083,901      branch-misses             #    0.25% of all branches          ( +-  0.29% )  (83.20%)

           0.20320 +- 0.00440 seconds time elapsed  ( +-  2.17% )


 Performance counter stats for './mandelbrot_pth -0.188 -0.012 0.554 0.754 1024 32' (10 runs):

          2,223.02 msec task-clock                #   15.121 CPUs utilized            ( +-  1.20% )
               136      context-switches          #    0.061 K/sec                    ( +- 57.77% )
                 2      cpu-migrations            #    0.001 K/sec                    ( +- 15.31% )
             8,839      page-faults               #    0.004 M/sec                    ( +-  0.00% )
     6,421,802,197      cycles                    #    2.889 GHz                      ( +-  0.21% )  (82.58%)
     4,928,656,264      stalled-cycles-frontend   #   76.75% frontend cycles idle     ( +-  0.22% )  (82.75%)
     1,582,366,822      stalled-cycles-backend    #   24.64% backend cycles idle      ( +-  0.45% )  (66.94%)
     5,574,981,581      instructions              #    0.87  insn per cycle         
                                                  #    0.88  stalled cycles per insn  ( +-  0.26% )  (83.76%)
       439,683,778      branches                  #  197.786 M/sec                    ( +-  0.16% )  (84.23%)
         1,105,735      branch-misses             #    0.25% of all branches          ( +-  0.53% )  (83.50%)

           0.14701 +- 0.00418 seconds time elapsed  ( +-  2.84% )


 Performance counter stats for './mandelbrot_pth -0.188 -0.012 0.554 0.754 2048 1' (10 runs):

          6,545.39 msec task-clock                #    1.000 CPUs utilized            ( +-  0.71% )
                 6      context-switches          #    0.001 K/sec                    ( +-  8.24% )
                 0      cpu-migrations            #    0.000 K/sec                    ( +- 40.82% )
            64,254      page-faults               #    0.010 M/sec                    ( +-  0.38% )
    20,710,814,564      cycles                    #    3.164 GHz                      ( +-  0.19% )  (83.31%)
    14,761,204,389      stalled-cycles-frontend   #   71.27% frontend cycles idle     ( +-  0.23% )  (83.30%)
     3,524,751,492      stalled-cycles-backend    #   17.02% backend cycles idle      ( +-  0.86% )  (66.66%)
    22,395,119,666      instructions              #    1.08  insn per cycle         
                                                  #    0.66  stalled cycles per insn  ( +-  0.03% )  (83.34%)
     1,776,497,475      branches                  #  271.412 M/sec                    ( +-  0.08% )  (83.37%)
         4,291,606      branch-misses             #    0.24% of all branches          ( +-  1.40% )  (83.35%)

            6.5462 +- 0.0466 seconds time elapsed  ( +-  0.71% )


 Performance counter stats for './mandelbrot_pth -0.188 -0.012 0.554 0.754 2048 2' (10 runs):

          6,966.17 msec task-clock                #    1.844 CPUs utilized            ( +-  1.69% )
                13      context-switches          #    0.002 K/sec                    ( +- 18.96% )
                 1      cpu-migrations            #    0.000 K/sec                    ( +- 30.77% )
            57,404      page-faults               #    0.008 M/sec                    ( +-  0.85% )
    20,675,486,130      cycles                    #    2.968 GHz                      ( +-  0.06% )  (83.31%)
    14,734,657,550      stalled-cycles-frontend   #   71.27% frontend cycles idle     ( +-  0.08% )  (83.31%)
     3,513,309,134      stalled-cycles-backend    #   16.99% backend cycles idle      ( +-  0.28% )  (66.67%)
    22,379,841,870      instructions              #    1.08  insn per cycle         
                                                  #    0.66  stalled cycles per insn  ( +-  0.01% )  (83.35%)
     1,774,513,708      branches                  #  254.733 M/sec                    ( +-  0.02% )  (83.38%)
         4,244,404      branch-misses             #    0.24% of all branches          ( +-  0.13% )  (83.33%)

            3.7785 +- 0.0647 seconds time elapsed  ( +-  1.71% )


 Performance counter stats for './mandelbrot_pth -0.188 -0.012 0.554 0.754 2048 4' (10 runs):

          6,917.39 msec task-clock                #    3.424 CPUs utilized            ( +-  2.04% )
                13      context-switches          #    0.002 K/sec                    ( +-  7.92% )
                 2      cpu-migrations            #    0.000 K/sec                    ( +- 26.16% )
            47,282      page-faults               #    0.007 M/sec                    ( +-  1.57% )
    20,724,597,401      cycles                    #    2.996 GHz                      ( +-  0.15% )  (83.30%)
    14,783,597,130      stalled-cycles-frontend   #   71.33% frontend cycles idle     ( +-  0.17% )  (83.26%)
     3,562,676,402      stalled-cycles-backend    #   17.19% backend cycles idle      ( +-  0.66% )  (66.71%)
    22,387,310,705      instructions              #    1.08  insn per cycle         
                                                  #    0.66  stalled cycles per insn  ( +-  0.04% )  (83.37%)
     1,774,257,315      branches                  #  256.492 M/sec                    ( +-  0.07% )  (83.39%)
         4,349,962      branch-misses             #    0.25% of all branches          ( +-  0.92% )  (83.34%)

            2.0206 +- 0.0388 seconds time elapsed  ( +-  1.92% )


 Performance counter stats for './mandelbrot_pth -0.188 -0.012 0.554 0.754 2048 8' (10 runs):

          7,714.54 msec task-clock                #    6.169 CPUs utilized            ( +-  3.57% )
                16      context-switches          #    0.002 K/sec                    ( +-  8.82% )
                 2      cpu-migrations            #    0.000 K/sec                    ( +- 29.36% )
            34,976      page-faults               #    0.005 M/sec                    ( +-  1.57% )
    20,629,647,270      cycles                    #    2.674 GHz                      ( +-  0.05% )  (83.27%)
    14,706,204,730      stalled-cycles-frontend   #   71.29% frontend cycles idle     ( +-  0.07% )  (83.23%)
     3,483,943,828      stalled-cycles-backend    #   16.89% backend cycles idle      ( +-  0.25% )  (66.68%)
    22,342,824,652      instructions              #    1.08  insn per cycle         
                                                  #    0.66  stalled cycles per insn  ( +-  0.03% )  (83.38%)
     1,766,942,944      branches                  #  229.041 M/sec                    ( +-  0.04% )  (83.42%)
         4,269,437      branch-misses             #    0.24% of all branches          ( +-  0.34% )  (83.38%)

            1.2506 +- 0.0376 seconds time elapsed  ( +-  3.01% )


 Performance counter stats for './mandelbrot_pth -0.188 -0.012 0.554 0.754 2048 16' (10 runs):

          9,379.80 msec task-clock                #   10.376 CPUs utilized            ( +-  6.50% )
                17      context-switches          #    0.002 K/sec                    ( +- 10.90% )
                 2      cpu-migrations            #    0.000 K/sec                    ( +- 15.31% )
            37,481      page-faults               #    0.004 M/sec                    ( +-  0.00% )
    21,102,570,696      cycles                    #    2.250 GHz                      ( +-  0.13% )  (83.30%)
    15,162,617,853      stalled-cycles-frontend   #   71.85% frontend cycles idle     ( +-  0.20% )  (83.30%)
     3,749,114,066      stalled-cycles-backend    #   17.77% backend cycles idle      ( +-  0.35% )  (66.62%)
    22,349,193,643      instructions              #    1.06  insn per cycle         
                                                  #    0.68  stalled cycles per insn  ( +-  0.07% )  (83.31%)
     1,769,674,738      branches                  #  188.669 M/sec                    ( +-  0.06% )  (83.39%)
         4,343,237      branch-misses             #    0.25% of all branches          ( +-  0.23% )  (83.40%)

            0.9040 +- 0.0479 seconds time elapsed  ( +-  5.30% )


 Performance counter stats for './mandelbrot_pth -0.188 -0.012 0.554 0.754 2048 32' (10 runs):

          9,659.10 msec task-clock                #   16.518 CPUs utilized            ( +-  6.55% )
               869      context-switches          #    0.090 K/sec                    ( +- 36.46% )
                 3      cpu-migrations            #    0.000 K/sec                    ( +- 17.39% )
            39,559      page-faults               #    0.004 M/sec                    ( +-  0.00% )
    25,568,403,002      cycles                    #    2.647 GHz                      ( +-  0.06% )  (83.45%)
    19,667,336,081      stalled-cycles-frontend   #   76.92% frontend cycles idle     ( +-  0.07% )  (83.49%)
     6,364,896,141      stalled-cycles-backend    #   24.89% backend cycles idle      ( +-  0.16% )  (66.46%)
    22,380,374,893      instructions              #    0.88  insn per cycle         
                                                  #    0.88  stalled cycles per insn  ( +-  0.04% )  (83.11%)
     1,772,356,512      branches                  #  183.491 M/sec                    ( +-  0.06% )  (83.20%)
         4,370,707      branch-misses             #    0.25% of all branches          ( +-  0.64% )  (83.40%)

            0.5848 +- 0.0316 seconds time elapsed  ( +-  5.41% )


 Performance counter stats for './mandelbrot_pth -0.188 -0.012 0.554 0.754 4096 1' (10 runs):

         25,704.56 msec task-clock                #    1.000 CPUs utilized            ( +-  0.19% )
                32      context-switches          #    0.001 K/sec                    ( +- 16.67% )
                 1      cpu-migrations            #    0.000 K/sec                    ( +- 30.77% )
           263,680      page-faults               #    0.010 M/sec                    ( +-  1.17% )
    82,642,146,548      cycles                    #    3.215 GHz                      ( +-  0.03% )  (83.33%)
    58,845,725,188      stalled-cycles-frontend   #   71.21% frontend cycles idle     ( +-  0.03% )  (83.33%)
    13,963,795,992      stalled-cycles-backend    #   16.90% backend cycles idle      ( +-  0.10% )  (66.67%)
    89,561,715,786      instructions              #    1.08  insn per cycle         
                                                  #    0.66  stalled cycles per insn  ( +-  0.01% )  (83.34%)
     7,104,457,955      branches                  #  276.389 M/sec                    ( +-  0.04% )  (83.34%)
        16,827,372      branch-misses             #    0.24% of all branches          ( +-  0.11% )  (83.34%)

           25.7166 +- 0.0489 seconds time elapsed  ( +-  0.19% )


 Performance counter stats for './mandelbrot_pth -0.188 -0.012 0.554 0.754 4096 2' (10 runs):

         26,639.14 msec task-clock                #    1.816 CPUs utilized            ( +-  0.34% )
                36      context-switches          #    0.001 K/sec                    ( +- 12.50% )
                10      cpu-migrations            #    0.000 K/sec                    ( +- 18.83% )
           249,102      page-faults               #    0.009 M/sec                    ( +-  0.37% )
    82,790,601,999      cycles                    #    3.108 GHz                      ( +-  0.06% )  (83.33%)
    58,971,829,839      stalled-cycles-frontend   #   71.23% frontend cycles idle     ( +-  0.07% )  (83.33%)
    14,081,891,288      stalled-cycles-backend    #   17.01% backend cycles idle      ( +-  0.27% )  (66.67%)
    89,589,520,839      instructions              #    1.08  insn per cycle         
                                                  #    0.66  stalled cycles per insn  ( +-  0.02% )  (83.34%)
     7,111,135,497      branches                  #  266.943 M/sec                    ( +-  0.05% )  (83.34%)
        16,990,180      branch-misses             #    0.24% of all branches          ( +-  0.29% )  (83.33%)

           14.6663 +- 0.0898 seconds time elapsed  ( +-  0.61% )


 Performance counter stats for './mandelbrot_pth -0.188 -0.012 0.554 0.754 4096 4' (10 runs):

         26,997.94 msec task-clock                #    3.407 CPUs utilized            ( +-  0.69% )
                53      context-switches          #    0.002 K/sec                    ( +- 14.04% )
                20      cpu-migrations            #    0.001 K/sec                    ( +- 18.03% )
           233,357      page-faults               #    0.009 M/sec                    ( +-  0.36% )
    82,847,046,982      cycles                    #    3.069 GHz                      ( +-  0.10% )  (83.33%)
    59,051,687,191      stalled-cycles-frontend   #   71.28% frontend cycles idle     ( +-  0.13% )  (83.33%)
    14,135,978,545      stalled-cycles-backend    #   17.06% backend cycles idle      ( +-  0.45% )  (66.68%)
    89,546,541,638      instructions              #    1.08  insn per cycle         
                                                  #    0.66  stalled cycles per insn  ( +-  0.02% )  (83.34%)
     7,099,122,464      branches                  #  262.951 M/sec                    ( +-  0.05% )  (83.34%)
        17,014,758      branch-misses             #    0.24% of all branches          ( +-  0.68% )  (83.33%)

            7.9246 +- 0.0787 seconds time elapsed  ( +-  0.99% )


 Performance counter stats for './mandelbrot_pth -0.188 -0.012 0.554 0.754 4096 8' (10 runs):

         28,182.98 msec task-clock                #    6.165 CPUs utilized            ( +-  0.85% )
                46      context-switches          #    0.002 K/sec                    ( +- 12.93% )
                11      cpu-migrations            #    0.000 K/sec                    ( +- 14.22% )
           212,723      page-faults               #    0.008 M/sec                    ( +-  0.69% )
    83,182,521,422      cycles                    #    2.952 GHz                      ( +-  0.11% )  (83.32%)
    59,331,739,938      stalled-cycles-frontend   #   71.33% frontend cycles idle     ( +-  0.13% )  (83.32%)
    14,384,694,831      stalled-cycles-backend    #   17.29% backend cycles idle      ( +-  0.43% )  (66.68%)
    89,599,376,821      instructions              #    1.08  insn per cycle         
                                                  #    0.66  stalled cycles per insn  ( +-  0.02% )  (83.34%)
     7,114,116,240      branches                  #  252.426 M/sec                    ( +-  0.06% )  (83.34%)
        17,508,158      branch-misses             #    0.25% of all branches          ( +-  0.52% )  (83.34%)

            4.5713 +- 0.0332 seconds time elapsed  ( +-  0.73% )


 Performance counter stats for './mandelbrot_pth -0.188 -0.012 0.554 0.754 4096 16' (10 runs):

         30,693.88 msec task-clock                #   10.326 CPUs utilized            ( +-  2.24% )
                54      context-switches          #    0.002 K/sec                    ( +- 21.86% )
                 3      cpu-migrations            #    0.000 K/sec                    ( +- 21.42% )
           182,059      page-faults               #    0.006 M/sec                    ( +-  0.97% )
    84,137,536,304      cycles                    #    2.741 GHz                      ( +-  0.30% )  (83.33%)
    60,372,440,326      stalled-cycles-frontend   #   71.75% frontend cycles idle     ( +-  0.42% )  (83.34%)
    14,943,668,778      stalled-cycles-backend    #   17.76% backend cycles idle      ( +-  1.03% )  (66.65%)
    89,509,245,683      instructions              #    1.06  insn per cycle         
                                                  #    0.67  stalled cycles per insn  ( +-  0.03% )  (83.33%)
     7,093,894,674      branches                  #  231.118 M/sec                    ( +-  0.05% )  (83.36%)
        17,292,769      branch-misses             #    0.24% of all branches          ( +-  0.34% )  (83.32%)

            2.9725 +- 0.0795 seconds time elapsed  ( +-  2.68% )


 Performance counter stats for './mandelbrot_pth -0.188 -0.012 0.554 0.754 4096 32' (10 runs):

         38,325.61 msec task-clock                #   17.064 CPUs utilized            ( +-  1.41% )
             5,224      context-switches          #    0.136 K/sec                    ( +- 23.95% )
                 5      cpu-migrations            #    0.000 K/sec                    ( +-  9.51% )
           148,094      page-faults               #    0.004 M/sec                    ( +-  1.26% )
   102,490,055,818      cycles                    #    2.674 GHz                      ( +-  0.08% )  (83.34%)
    78,818,743,030      stalled-cycles-frontend   #   76.90% frontend cycles idle     ( +-  0.10% )  (83.29%)
    25,579,364,092      stalled-cycles-backend    #   24.96% backend cycles idle      ( +-  0.28% )  (66.61%)
    89,485,520,193      instructions              #    0.87  insn per cycle         
                                                  #    0.88  stalled cycles per insn  ( +-  0.03% )  (83.30%)
     7,084,184,531      branches                  #  184.842 M/sec                    ( +-  0.05% )  (83.37%)
        17,414,799      branch-misses             #    0.25% of all branches          ( +-  0.52% )  (83.40%)

            2.2460 +- 0.0715 seconds time elapsed  ( +-  3.19% )


 Performance counter stats for './mandelbrot_pth -0.188 -0.012 0.554 0.754 8192 1' (10 runs):

        101,492.14 msec task-clock                #    1.000 CPUs utilized            ( +-  0.10% )
               148      context-switches          #    0.001 K/sec                    ( +- 29.33% )
                 3      cpu-migrations            #    0.000 K/sec                    ( +- 19.21% )
         1,053,657      page-faults               #    0.010 M/sec                    ( +-  0.21% )
   330,767,453,751      cycles                    #    3.259 GHz                      ( +-  0.04% )  (83.33%)
   235,490,665,570      stalled-cycles-frontend   #   71.20% frontend cycles idle     ( +-  0.05% )  (83.33%)
    55,922,235,221      stalled-cycles-backend    #   16.91% backend cycles idle      ( +-  0.18% )  (66.67%)
   358,498,898,903      instructions              #    1.08  insn per cycle         
                                                  #    0.66  stalled cycles per insn  ( +-  0.02% )  (83.33%)
    28,474,780,596      branches                  #  280.561 M/sec                    ( +-  0.06% )  (83.33%)
        67,220,503      branch-misses             #    0.24% of all branches          ( +-  0.10% )  (83.33%)

           101.527 +- 0.105 seconds time elapsed  ( +-  0.10% )


 Performance counter stats for './mandelbrot_pth -0.188 -0.012 0.554 0.754 8192 2' (10 runs):

        102,852.94 msec task-clock                #    1.837 CPUs utilized            ( +-  0.13% )
               162      context-switches          #    0.002 K/sec                    ( +-  9.49% )
                13      cpu-migrations            #    0.000 K/sec                    ( +-  9.38% )
         1,051,395      page-faults               #    0.010 M/sec                    ( +-  0.38% )
   331,816,487,962      cycles                    #    3.226 GHz                      ( +-  0.05% )  (83.33%)
   236,402,293,848      stalled-cycles-frontend   #   71.24% frontend cycles idle     ( +-  0.05% )  (83.33%)
    56,814,721,451      stalled-cycles-backend    #   17.12% backend cycles idle      ( +-  0.21% )  (66.67%)
   358,775,984,178      instructions              #    1.08  insn per cycle         
                                                  #    0.66  stalled cycles per insn  ( +-  0.01% )  (83.33%)
    28,529,114,788      branches                  #  277.378 M/sec                    ( +-  0.03% )  (83.33%)
        67,761,923      branch-misses             #    0.24% of all branches          ( +-  0.18% )  (83.34%)

            55.976 +- 0.121 seconds time elapsed  ( +-  0.22% )


 Performance counter stats for './mandelbrot_pth -0.188 -0.012 0.554 0.754 8192 4' (10 runs):

        105,101.11 msec task-clock                #    3.411 CPUs utilized            ( +-  0.26% )
               192      context-switches          #    0.002 K/sec                    ( +- 10.07% )
                49      cpu-migrations            #    0.000 K/sec                    ( +- 24.41% )
           997,632      page-faults               #    0.009 M/sec                    ( +-  0.69% )
   332,388,413,528      cycles                    #    3.163 GHz                      ( +-  0.07% )  (83.33%)
   236,990,229,341      stalled-cycles-frontend   #   71.30% frontend cycles idle     ( +-  0.08% )  (83.33%)
    57,311,322,267      stalled-cycles-backend    #   17.24% backend cycles idle      ( +-  0.31% )  (66.67%)
   358,717,011,193      instructions              #    1.08  insn per cycle         
                                                  #    0.66  stalled cycles per insn  ( +-  0.02% )  (83.33%)
    28,511,751,110      branches                  #  271.279 M/sec                    ( +-  0.04% )  (83.34%)
        68,421,870      branch-misses             #    0.24% of all branches          ( +-  0.42% )  (83.33%)

            30.816 +- 0.109 seconds time elapsed  ( +-  0.35% )


 Performance counter stats for './mandelbrot_pth -0.188 -0.012 0.554 0.754 8192 8' (10 runs):

        108,620.71 msec task-clock                #    6.222 CPUs utilized            ( +-  0.26% )
               220      context-switches          #    0.002 K/sec                    ( +-  7.59% )
                65      cpu-migrations            #    0.001 K/sec                    ( +- 15.17% )
           939,401      page-faults               #    0.009 M/sec                    ( +-  1.31% )
   332,688,648,045      cycles                    #    3.063 GHz                      ( +-  0.10% )  (83.33%)
   237,341,769,308      stalled-cycles-frontend   #   71.34% frontend cycles idle     ( +-  0.11% )  (83.34%)
    57,605,037,782      stalled-cycles-backend    #   17.31% backend cycles idle      ( +-  0.39% )  (66.67%)
   358,536,661,709      instructions              #    1.08  insn per cycle         
                                                  #    0.66  stalled cycles per insn  ( +-  0.02% )  (83.33%)
    28,472,350,404      branches                  #  262.126 M/sec                    ( +-  0.06% )  (83.34%)
        68,936,729      branch-misses             #    0.24% of all branches          ( +-  0.43% )  (83.33%)

           17.4568 +- 0.0459 seconds time elapsed  ( +-  0.26% )


 Performance counter stats for './mandelbrot_pth -0.188 -0.012 0.554 0.754 8192 16' (10 runs):

        115,291.35 msec task-clock                #   10.496 CPUs utilized            ( +-  0.57% )
               202      context-switches          #    0.002 K/sec                    ( +-  7.86% )
                60      cpu-migrations            #    0.001 K/sec                    ( +- 22.86% )
           831,129      page-faults               #    0.007 M/sec                    ( +-  2.45% )
   340,678,471,837      cycles                    #    2.955 GHz                      ( +-  0.55% )  (83.33%)
   245,400,394,014      stalled-cycles-frontend   #   72.03% frontend cycles idle     ( +-  0.74% )  (83.33%)
    62,548,345,622      stalled-cycles-backend    #   18.36% backend cycles idle      ( +-  1.77% )  (66.67%)
   358,307,503,495      instructions              #    1.05  insn per cycle         
                                                  #    0.68  stalled cycles per insn  ( +-  0.03% )  (83.34%)
    28,427,900,999      branches                  #  246.574 M/sec                    ( +-  0.06% )  (83.34%)
        69,024,298      branch-misses             #    0.24% of all branches          ( +-  0.39% )  (83.33%)

           10.9843 +- 0.0868 seconds time elapsed  ( +-  0.79% )


 Performance counter stats for './mandelbrot_pth -0.188 -0.012 0.554 0.754 8192 32' (10 runs):

        143,796.82 msec task-clock                #   17.247 CPUs utilized            ( +-  0.65% )
            23,966      context-switches          #    0.167 K/sec                    ( +- 14.01% )
                26      cpu-migrations            #    0.000 K/sec                    ( +- 28.57% )
           661,265      page-faults               #    0.005 M/sec                    ( +-  1.83% )
   410,824,136,046      cycles                    #    2.857 GHz                      ( +-  0.09% )  (83.34%)
   315,915,857,971      stalled-cycles-frontend   #   76.90% frontend cycles idle     ( +-  0.10% )  (83.34%)
   103,261,693,540      stalled-cycles-backend    #   25.14% backend cycles idle      ( +-  0.30% )  (66.67%)
   358,131,870,981      instructions              #    0.87  insn per cycle         
                                                  #    0.88  stalled cycles per insn  ( +-  0.02% )  (83.33%)
    28,399,134,973      branches                  #  197.495 M/sec                    ( +-  0.06% )  (83.32%)
        70,218,889      branch-misses             #    0.25% of all branches          ( +-  0.50% )  (83.33%)

             8.337 +- 0.115 seconds time elapsed  ( +-  1.38% )

