
 Performance counter stats for './mandelbrot_omp -2.5 1.5 -2.0 2.0 16 1' (10 runs):

              1.15 msec task-clock                #    0.577 CPUs utilized            ( +-  4.05% )
                 0      context-switches          #    0.000 K/sec                  
                 0      cpu-migrations            #    0.000 K/sec                  
                79      page-faults               #    0.069 M/sec                    ( +-  0.41% )
         1,683,132      cycles                    #    1.468 GHz                      ( +-  1.12% )  (84.27%)
         1,081,363      stalled-cycles-frontend   #   64.25% frontend cycles idle     ( +-  1.44% )
           782,319      stalled-cycles-backend    #   46.48% backend cycles idle      ( +-  1.89% )
         1,260,793      instructions              #    0.75  insn per cycle         
                                                  #    0.86  stalled cycles per insn  ( +-  0.33% )
           244,139      branches                  #  212.953 M/sec                    ( +-  0.30% )
     <not counted>      branch-misses                                                 ( +- 54.39% )  (15.73%)

          0.001987 +- 0.000296 seconds time elapsed  ( +- 14.89% )

Some events weren't counted. Try disabling the NMI watchdog:
	echo 0 > /proc/sys/kernel/nmi_watchdog
	perf stat ...
	echo 1 > /proc/sys/kernel/nmi_watchdog

 Performance counter stats for './mandelbrot_omp -2.5 1.5 -2.0 2.0 16 2' (10 runs):

              1.40 msec task-clock                #    0.743 CPUs utilized            ( +-  3.41% )
                 0      context-switches          #    0.000 K/sec                  
                 0      cpu-migrations            #    0.000 K/sec                  
                81      page-faults               #    0.058 M/sec                    ( +-  0.46% )
         2,037,418      cycles                    #    1.453 GHz                      ( +-  1.56% )  (94.93%)
         1,335,343      stalled-cycles-frontend   #   65.54% frontend cycles idle     ( +-  2.03% )
           983,309      stalled-cycles-backend    #   48.26% backend cycles idle      ( +-  2.55% )
         1,384,098      instructions              #    0.68  insn per cycle         
                                                  #    0.96  stalled cycles per insn  ( +-  0.38% )
           273,240      branches                  #  194.835 M/sec                    ( +-  0.44% )
     <not counted>      branch-misses                                                 ( +- 67.99% )  (5.07%)

         0.0018863 +- 0.0000657 seconds time elapsed  ( +-  3.48% )

Some events weren't counted. Try disabling the NMI watchdog:
	echo 0 > /proc/sys/kernel/nmi_watchdog
	perf stat ...
	echo 1 > /proc/sys/kernel/nmi_watchdog

 Performance counter stats for './mandelbrot_omp -2.5 1.5 -2.0 2.0 16 4' (10 runs):

              1.89 msec task-clock                #    0.997 CPUs utilized            ( +-  2.88% )
                 0      context-switches          #    0.000 K/sec                  
                 0      cpu-migrations            #    0.000 K/sec                  
                85      page-faults               #    0.045 M/sec                    ( +-  0.59% )
         2,968,140      cycles                    #    1.567 GHz                      ( +-  1.54% )  (83.94%)
         2,001,385      stalled-cycles-frontend   #   67.43% frontend cycles idle     ( +-  1.73% )
         1,498,306      stalled-cycles-backend    #   50.48% backend cycles idle      ( +-  1.99% )
         1,762,327      instructions              #    0.59  insn per cycle         
                                                  #    1.14  stalled cycles per insn  ( +-  0.80% )
           371,886      branches                  #  196.396 M/sec                    ( +-  1.02% )
             2,024      branch-misses             #    0.54% of all branches          ( +- 67.31% )  (16.06%)

         0.0018985 +- 0.0000682 seconds time elapsed  ( +-  3.59% )


 Performance counter stats for './mandelbrot_omp -2.5 1.5 -2.0 2.0 16 8' (10 runs):

              2.79 msec task-clock                #    1.748 CPUs utilized            ( +-  2.44% )
                 0      context-switches          #    0.000 K/sec                  
                 0      cpu-migrations            #    0.000 K/sec                  
                94      page-faults               #    0.034 M/sec                    ( +-  0.45% )
         5,930,333      cycles                    #    2.126 GHz                      ( +-  1.46% )  (82.68%)
         4,154,560      stalled-cycles-frontend   #   70.06% frontend cycles idle     ( +-  1.14% )
         3,138,748      stalled-cycles-backend    #   52.93% backend cycles idle      ( +-  1.24% )
         3,012,532      instructions              #    0.51  insn per cycle         
                                                  #    1.38  stalled cycles per insn  ( +-  0.71% )
           707,672      branches                  #  253.723 M/sec                    ( +-  0.83% )
     <not counted>      branch-misses                                                 ( +- 66.74% )  (17.32%)

         0.0015958 +- 0.0000316 seconds time elapsed  ( +-  1.98% )

Some events weren't counted. Try disabling the NMI watchdog:
	echo 0 > /proc/sys/kernel/nmi_watchdog
	perf stat ...
	echo 1 > /proc/sys/kernel/nmi_watchdog

 Performance counter stats for './mandelbrot_omp -2.5 1.5 -2.0 2.0 16 16' (10 runs):

              9.21 msec task-clock                #    3.999 CPUs utilized            ( +-  3.72% )
                 0      context-switches          #    0.000 K/sec                  
                 0      cpu-migrations            #    0.000 K/sec                  
               110      page-faults               #    0.012 M/sec                    ( +-  0.54% )
        19,186,066      cycles                    #    2.082 GHz                      ( +-  4.05% )  (72.40%)
        13,755,934      stalled-cycles-frontend   #   71.70% frontend cycles idle     ( +-  4.77% )
        10,368,340      stalled-cycles-backend    #   54.04% backend cycles idle      ( +-  4.99% )
         8,660,048      instructions              #    0.45  insn per cycle         
                                                  #    1.59  stalled cycles per insn  ( +-  3.88% )
         2,277,645      branches                  #  247.211 M/sec                    ( +-  4.20% )
     <not counted>      branch-misses                                                 ( +- 51.69% )  (27.60%)

         0.0023038 +- 0.0000785 seconds time elapsed  ( +-  3.41% )

Some events weren't counted. Try disabling the NMI watchdog:
	echo 0 > /proc/sys/kernel/nmi_watchdog
	perf stat ...
	echo 1 > /proc/sys/kernel/nmi_watchdog

 Performance counter stats for './mandelbrot_omp -2.5 1.5 -2.0 2.0 16 32' (10 runs):

            120.25 msec task-clock                #   21.066 CPUs utilized            ( +- 11.76% )
                15      context-switches          #    0.122 K/sec                    ( +- 22.74% )
                 3      cpu-migrations            #    0.027 K/sec                    ( +- 17.31% )
               145      page-faults               #    0.001 M/sec                    ( +-  0.33% )
       292,902,770      cycles                    #    2.436 GHz                      ( +-  5.99% )  (38.03%)
       216,240,716      stalled-cycles-frontend   #   73.83% frontend cycles idle     ( +-  6.16% )  (86.94%)
       166,289,616      stalled-cycles-backend    #   56.77% backend cycles idle      ( +-  6.13% )  (99.32%)
       104,897,654      instructions              #    0.36  insn per cycle         
                                                  #    2.06  stalled cycles per insn  ( +-  5.85% )
        29,686,171      branches                  #  246.861 M/sec                    ( +-  5.91% )
            62,687      branch-misses             #    0.21% of all branches          ( +- 79.37% )  (75.72%)

          0.005708 +- 0.000608 seconds time elapsed  ( +- 10.65% )


 Performance counter stats for './mandelbrot_omp -2.5 1.5 -2.0 2.0 32 1' (10 runs):

              1.11 msec task-clock                #    0.723 CPUs utilized            ( +-  2.47% )
                 0      context-switches          #    0.000 K/sec                  
                 0      cpu-migrations            #    0.000 K/sec                  
                85      page-faults               #    0.076 M/sec                    ( +-  0.41% )
         2,303,049      cycles                    #    2.068 GHz                      ( +-  1.50% )  (86.96%)
         1,455,724      stalled-cycles-frontend   #   63.21% frontend cycles idle     ( +-  2.07% )
           880,246      stalled-cycles-backend    #   38.22% backend cycles idle      ( +-  3.34% )
         2,012,205      instructions              #    0.87  insn per cycle         
                                                  #    0.72  stalled cycles per insn  ( +-  0.14% )
           337,833      branches                  #  303.380 M/sec                    ( +-  0.15% )
             1,227      branch-misses             #    0.36% of all branches          ( +- 52.61% )  (13.04%)

         0.0015394 +- 0.0000392 seconds time elapsed  ( +-  2.55% )


 Performance counter stats for './mandelbrot_omp -2.5 1.5 -2.0 2.0 32 2' (10 runs):

              1.43 msec task-clock                #    0.870 CPUs utilized            ( +-  3.34% )
                 0      context-switches          #    0.000 K/sec                  
                 0      cpu-migrations            #    0.000 K/sec                  
                86      page-faults               #    0.060 M/sec                    ( +-  0.55% )
         2,699,588      cycles                    #    1.886 GHz                      ( +-  0.92% )  (97.46%)
         1,756,179      stalled-cycles-frontend   #   65.05% frontend cycles idle     ( +-  1.20% )
         1,116,358      stalled-cycles-backend    #   41.35% backend cycles idle      ( +-  1.79% )
         2,148,424      instructions              #    0.80  insn per cycle         
                                                  #    0.82  stalled cycles per insn  ( +-  0.23% )
           370,960      branches                  #  259.170 M/sec                    ( +-  0.25% )
     <not counted>      branch-misses                                                 ( +-100.00% )  (2.54%)

         0.0016454 +- 0.0000531 seconds time elapsed  ( +-  3.23% )

Some events weren't counted. Try disabling the NMI watchdog:
	echo 0 > /proc/sys/kernel/nmi_watchdog
	perf stat ...
	echo 1 > /proc/sys/kernel/nmi_watchdog

 Performance counter stats for './mandelbrot_omp -2.5 1.5 -2.0 2.0 32 4' (10 runs):

              2.03 msec task-clock                #    1.499 CPUs utilized            ( +-  3.30% )
                 0      context-switches          #    0.000 K/sec                  
                 0      cpu-migrations            #    0.000 K/sec                  
                92      page-faults               #    0.045 M/sec                    ( +-  0.61% )
         5,502,296      cycles                    #    2.713 GHz                      ( +-  3.36% )  (87.66%)
         3,605,064      stalled-cycles-frontend   #   65.52% frontend cycles idle     ( +-  3.25% )
         2,562,147      stalled-cycles-backend    #   46.57% backend cycles idle      ( +-  3.68% )
         3,239,488      instructions              #    0.59  insn per cycle         
                                                  #    1.11  stalled cycles per insn  ( +-  2.01% )
           672,419      branches                  #  331.513 M/sec                    ( +-  2.76% )
     <not counted>      branch-misses                                                 ( +- 73.46% )  (12.34%)

         0.0013533 +- 0.0000265 seconds time elapsed  ( +-  1.96% )

Some events weren't counted. Try disabling the NMI watchdog:
	echo 0 > /proc/sys/kernel/nmi_watchdog
	perf stat ...
	echo 1 > /proc/sys/kernel/nmi_watchdog

 Performance counter stats for './mandelbrot_omp -2.5 1.5 -2.0 2.0 32 8' (10 runs):

              3.74 msec task-clock                #    2.533 CPUs utilized            ( +-  1.60% )
                 0      context-switches          #    0.027 K/sec                    ( +-100.00% )
                 0      cpu-migrations            #    0.000 K/sec                  
                99      page-faults               #    0.027 M/sec                    ( +-  0.57% )
         8,939,442      cycles                    #    2.388 GHz                      ( +-  3.85% )  (81.46%)
         6,049,572      stalled-cycles-frontend   #   67.67% frontend cycles idle     ( +-  1.22% )
         4,430,403      stalled-cycles-backend    #   49.56% backend cycles idle      ( +-  1.37% )
         4,724,150      instructions              #    0.53  insn per cycle         
                                                  #    1.28  stalled cycles per insn  ( +-  0.52% )
         1,077,780      branches                  #  287.954 M/sec                    ( +-  0.64% )
     <not counted>      branch-misses                                                 ( +- 69.73% )  (18.54%)

         0.0014774 +- 0.0000732 seconds time elapsed  ( +-  4.96% )

Some events weren't counted. Try disabling the NMI watchdog:
	echo 0 > /proc/sys/kernel/nmi_watchdog
	perf stat ...
	echo 1 > /proc/sys/kernel/nmi_watchdog

 Performance counter stats for './mandelbrot_omp -2.5 1.5 -2.0 2.0 32 16' (10 runs):

             11.09 msec task-clock                #    4.449 CPUs utilized            ( +-  3.49% )
                 0      context-switches          #    0.018 K/sec                    ( +- 66.67% )
                 0      cpu-migrations            #    0.000 K/sec                  
               118      page-faults               #    0.011 M/sec                    ( +-  0.34% )
        17,912,227      cycles                    #    1.616 GHz                      ( +-  2.33% )  (85.18%)
        12,357,255      stalled-cycles-frontend   #   68.99% frontend cycles idle     ( +-  2.81% )
         9,162,980      stalled-cycles-backend    #   51.15% backend cycles idle      ( +-  3.17% )
         8,299,029      instructions              #    0.46  insn per cycle         
                                                  #    1.49  stalled cycles per insn  ( +-  0.81% )
         2,056,321      branches                  #  185.497 M/sec                    ( +-  0.98% )
     <not counted>      branch-misses                                                 ( +- 64.63% )  (14.82%)

         0.0024919 +- 0.0000502 seconds time elapsed  ( +-  2.01% )

Some events weren't counted. Try disabling the NMI watchdog:
	echo 0 > /proc/sys/kernel/nmi_watchdog
	perf stat ...
	echo 1 > /proc/sys/kernel/nmi_watchdog

 Performance counter stats for './mandelbrot_omp -2.5 1.5 -2.0 2.0 32 32' (10 runs):

            120.32 msec task-clock                #   20.799 CPUs utilized            ( +-  4.62% )
                16      context-switches          #    0.130 K/sec                    ( +- 18.94% )
                 4      cpu-migrations            #    0.030 K/sec                    ( +- 16.14% )
               152      page-faults               #    0.001 M/sec                    ( +-  0.31% )
       324,380,553      cycles                    #    2.696 GHz                      ( +-  3.27% )  (37.35%)
       230,580,112      stalled-cycles-frontend   #   71.08% frontend cycles idle     ( +-  3.67% )  (92.44%)
       179,935,399      stalled-cycles-backend    #   55.47% backend cycles idle      ( +-  2.71% )
       113,903,123      instructions              #    0.35  insn per cycle         
                                                  #    2.02  stalled cycles per insn  ( +-  2.78% )
        32,097,412      branches                  #  266.764 M/sec                    ( +-  2.82% )
            11,838      branch-misses             #    0.04% of all branches          ( +- 18.88% )  (70.21%)

          0.005785 +- 0.000346 seconds time elapsed  ( +-  5.99% )


 Performance counter stats for './mandelbrot_omp -2.5 1.5 -2.0 2.0 64 1' (10 runs):

              2.29 msec task-clock                #    0.849 CPUs utilized            ( +-  1.22% )
                 0      context-switches          #    0.044 K/sec                    ( +-100.00% )
                 0      cpu-migrations            #    0.000 K/sec                  
               115      page-faults               #    0.050 M/sec                    ( +-  0.41% )
         4,617,471      cycles                    #    2.013 GHz                      ( +-  0.73% )  (89.24%)
         2,900,009      stalled-cycles-frontend   #   62.81% frontend cycles idle     ( +-  1.05% )
         1,237,890      stalled-cycles-backend    #   26.81% backend cycles idle      ( +-  2.41% )
         4,993,492      instructions              #    1.08  insn per cycle         
                                                  #    0.58  stalled cycles per insn  ( +-  0.04% )
           710,760      branches                  #  309.883 M/sec                    ( +-  0.07% )
     <not counted>      branch-misses                                                 ( +- 50.44% )  (10.76%)

         0.0027008 +- 0.0000324 seconds time elapsed  ( +-  1.20% )

Some events weren't counted. Try disabling the NMI watchdog:
	echo 0 > /proc/sys/kernel/nmi_watchdog
	perf stat ...
	echo 1 > /proc/sys/kernel/nmi_watchdog

 Performance counter stats for './mandelbrot_omp -2.5 1.5 -2.0 2.0 64 2' (10 runs):

              3.33 msec task-clock                #    1.119 CPUs utilized            ( +-  7.74% )
                 0      context-switches          #    0.000 K/sec                  
                 0      cpu-migrations            #    0.000 K/sec                  
               117      page-faults               #    0.035 M/sec                    ( +-  0.38% )
         4,760,427      cycles                    #    1.429 GHz                      ( +-  5.34% )  (70.33%)
         3,284,970      stalled-cycles-frontend   #   69.01% frontend cycles idle     ( +-  0.88% )
         1,541,965      stalled-cycles-backend    #   32.39% backend cycles idle      ( +-  1.60% )
         5,180,462      instructions              #    1.09  insn per cycle         
                                                  #    0.63  stalled cycles per insn  ( +-  0.10% )
           756,939      branches                  #  227.255 M/sec                    ( +-  0.15% )
     <not counted>      branch-misses                                                 ( +- 36.34% )  (29.67%)

          0.002978 +- 0.000244 seconds time elapsed  ( +-  8.20% )

Some events weren't counted. Try disabling the NMI watchdog:
	echo 0 > /proc/sys/kernel/nmi_watchdog
	perf stat ...
	echo 1 > /proc/sys/kernel/nmi_watchdog

 Performance counter stats for './mandelbrot_omp -2.5 1.5 -2.0 2.0 64 4' (10 runs):

              4.01 msec task-clock                #    1.783 CPUs utilized            ( +-  3.20% )
                 0      context-switches          #    0.025 K/sec                    ( +-100.00% )
                 0      cpu-migrations            #    0.000 K/sec                  
               122      page-faults               #    0.030 M/sec                    ( +-  0.33% )
         8,164,482      cycles                    #    2.037 GHz                      ( +-  1.26% )  (60.59%)
         5,244,122      stalled-cycles-frontend   #   64.23% frontend cycles idle     ( +-  0.87% )
         3,055,419      stalled-cycles-backend    #   37.42% backend cycles idle      ( +-  1.25% )
         6,375,832      instructions              #    0.78  insn per cycle         
                                                  #    0.82  stalled cycles per insn  ( +-  0.27% )
         1,088,694      branches                  #  271.688 M/sec                    ( +-  0.43% )
     <not counted>      branch-misses                                                 ( +- 37.42% )  (39.41%)

         0.0022473 +- 0.0000797 seconds time elapsed  ( +-  3.55% )

Some events weren't counted. Try disabling the NMI watchdog:
	echo 0 > /proc/sys/kernel/nmi_watchdog
	perf stat ...
	echo 1 > /proc/sys/kernel/nmi_watchdog

 Performance counter stats for './mandelbrot_omp -2.5 1.5 -2.0 2.0 64 8' (10 runs):

              5.02 msec task-clock                #    2.925 CPUs utilized            ( +-  3.51% )
                 0      context-switches          #    0.000 K/sec                  
                 0      cpu-migrations            #    0.000 K/sec                  
               130      page-faults               #    0.026 M/sec                    ( +-  0.38% )
        14,525,303      cycles                    #    2.892 GHz                      ( +-  3.12% )  (71.27%)
         9,632,688      stalled-cycles-frontend   #   66.32% frontend cycles idle     ( +-  2.24% )
         6,450,069      stalled-cycles-backend    #   44.41% backend cycles idle      ( +-  2.67% )
         8,956,140      instructions              #    0.62  insn per cycle         
                                                  #    1.08  stalled cycles per insn  ( +-  1.37% )
         1,806,376      branches                  #  359.634 M/sec                    ( +-  1.97% )
             3,962      branch-misses             #    0.22% of all branches          ( +- 45.29% )  (28.73%)

         0.0017170 +- 0.0000350 seconds time elapsed  ( +-  2.04% )


 Performance counter stats for './mandelbrot_omp -2.5 1.5 -2.0 2.0 64 16' (10 runs):

             16.28 msec task-clock                #    5.330 CPUs utilized            ( +-  1.86% )
                 0      context-switches          #    0.006 K/sec                    ( +-100.00% )
                 0      cpu-migrations            #    0.000 K/sec                  
               148      page-faults               #    0.009 M/sec                    ( +-  0.31% )
        28,702,548      cycles                    #    1.763 GHz                      ( +-  3.17% )  (23.60%)
        18,268,471      stalled-cycles-frontend   #   63.65% frontend cycles idle     ( +-  1.13% )
        12,923,172      stalled-cycles-backend    #   45.02% backend cycles idle      ( +-  1.23% )
        14,114,809      instructions              #    0.49  insn per cycle         
                                                  #    1.29  stalled cycles per insn  ( +-  0.84% )
         3,237,279      branches                  #  198.899 M/sec                    ( +-  1.06% )
            10,921      branch-misses             #    0.34% of all branches          ( +- 17.89% )  (76.40%)

         0.0030535 +- 0.0000952 seconds time elapsed  ( +-  3.12% )


 Performance counter stats for './mandelbrot_omp -2.5 1.5 -2.0 2.0 64 32' (10 runs):

            112.00 msec task-clock                #   19.225 CPUs utilized            ( +- 10.47% )
                15      context-switches          #    0.132 K/sec                    ( +- 20.88% )
                 4      cpu-migrations            #    0.034 K/sec                    ( +- 16.08% )
               181      page-faults               #    0.002 M/sec                    ( +-  0.29% )
       293,682,150      cycles                    #    2.622 GHz                      ( +-  8.42% )  (48.45%)
       223,804,977      stalled-cycles-frontend   #   76.21% frontend cycles idle     ( +-  8.03% )  (92.31%)
       169,973,637      stalled-cycles-backend    #   57.88% backend cycles idle      ( +-  8.01% )
       110,411,046      instructions              #    0.38  insn per cycle         
                                                  #    2.03  stalled cycles per insn  ( +-  7.61% )
        30,625,726      branches                  #  273.442 M/sec                    ( +-  7.84% )
            12,528      branch-misses             #    0.04% of all branches          ( +- 13.53% )  (59.25%)

          0.005826 +- 0.000514 seconds time elapsed  ( +-  8.82% )


 Performance counter stats for './mandelbrot_omp -2.5 1.5 -2.0 2.0 128 1' (10 runs):

              6.12 msec task-clock                #    0.936 CPUs utilized            ( +- 12.35% )
                 0      context-switches          #    0.000 K/sec                  
                 0      cpu-migrations            #    0.000 K/sec                  
               234      page-faults               #    0.038 M/sec                    ( +-  0.19% )
        13,503,219      cycles                    #    2.205 GHz                      ( +-  4.16% )  (53.27%)
         8,295,950      stalled-cycles-frontend   #   61.44% frontend cycles idle     ( +-  3.06% )  (87.82%)
         2,685,839      stalled-cycles-backend    #   19.89% backend cycles idle      ( +-  1.42% )  (96.30%)
        16,806,993      instructions              #    1.24  insn per cycle         
                                                  #    0.49  stalled cycles per insn  ( +-  0.03% )
         2,190,615      branches                  #  357.796 M/sec                    ( +-  0.04% )
             7,956      branch-misses             #    0.36% of all branches          ( +- 10.49% )  (62.61%)

          0.006538 +- 0.000810 seconds time elapsed  ( +- 12.38% )


 Performance counter stats for './mandelbrot_omp -2.5 1.5 -2.0 2.0 128 2' (10 runs):

              6.49 msec task-clock                #    1.449 CPUs utilized            ( +-  5.20% )
                 0      context-switches          #    0.015 K/sec                    ( +-100.00% )
                 0      cpu-migrations            #    0.000 K/sec                  
               237      page-faults               #    0.036 M/sec                    ( +-  0.17% )
        14,620,656      cycles                    #    2.254 GHz                      ( +-  1.85% )  (42.34%)
         9,313,813      stalled-cycles-frontend   #   63.70% frontend cycles idle     ( +-  0.64% )  (96.51%)
         3,239,728      stalled-cycles-backend    #   22.16% backend cycles idle      ( +-  1.74% )
        17,124,701      instructions              #    1.17  insn per cycle         
                                                  #    0.54  stalled cycles per insn  ( +-  0.14% )
         2,272,340      branches                  #  350.363 M/sec                    ( +-  0.28% )
            11,285      branch-misses             #    0.50% of all branches          ( +- 13.35% )  (61.15%)

          0.004476 +- 0.000224 seconds time elapsed  ( +-  5.01% )


 Performance counter stats for './mandelbrot_omp -2.5 1.5 -2.0 2.0 128 4' (10 runs):

             12.04 msec task-clock                #    2.259 CPUs utilized            ( +-  4.17% )
                 1      context-switches          #    0.075 K/sec                    ( +- 11.11% )
                 0      cpu-migrations            #    0.000 K/sec                  
               242      page-faults               #    0.020 M/sec                    ( +-  0.16% )
        23,368,486      cycles                    #    1.940 GHz                      ( +-  5.03% )  (38.07%)
        16,027,362      stalled-cycles-frontend   #   68.59% frontend cycles idle     ( +-  0.46% )  (97.42%)
         8,414,334      stalled-cycles-backend    #   36.01% backend cycles idle      ( +-  0.64% )
        21,393,943      instructions              #    0.92  insn per cycle         
                                                  #    0.75  stalled cycles per insn  ( +-  0.20% )
         3,483,339      branches                  #  289.215 M/sec                    ( +-  0.34% )
     <not counted>      branch-misses                                                 ( +- 15.48% )  (64.50%)

          0.005331 +- 0.000269 seconds time elapsed  ( +-  5.05% )

Some events weren't counted. Try disabling the NMI watchdog:
	echo 0 > /proc/sys/kernel/nmi_watchdog
	perf stat ...
	echo 1 > /proc/sys/kernel/nmi_watchdog

 Performance counter stats for './mandelbrot_omp -2.5 1.5 -2.0 2.0 128 8' (10 runs):

             20.03 msec task-clock                #    4.116 CPUs utilized            ( +-  3.38% )
                 1      context-switches          #    0.065 K/sec                    ( +- 53.85% )
                 0      cpu-migrations            #    0.000 K/sec                  
               250      page-faults               #    0.012 M/sec                    ( +-  0.25% )
        40,432,675      cycles                    #    2.018 GHz                      ( +-  3.07% )  (26.87%)
        26,405,038      stalled-cycles-frontend   #   65.31% frontend cycles idle     ( +-  1.60% )  (95.98%)
        16,309,204      stalled-cycles-backend    #   40.34% backend cycles idle      ( +-  1.88% )
        28,132,108      instructions              #    0.70  insn per cycle         
                                                  #    0.94  stalled cycles per insn  ( +-  0.95% )
         5,387,816      branches                  #  268.925 M/sec                    ( +-  1.41% )
            11,003      branch-misses             #    0.20% of all branches          ( +- 14.08% )  (77.15%)

          0.004867 +- 0.000226 seconds time elapsed  ( +-  4.64% )


 Performance counter stats for './mandelbrot_omp -2.5 1.5 -2.0 2.0 128 16' (10 runs):

             32.98 msec task-clock                #    7.387 CPUs utilized            ( +-  3.71% )
                 0      context-switches          #    0.000 K/sec                  
                 0      cpu-migrations            #    0.000 K/sec                  
               267      page-faults               #    0.008 M/sec                    ( +-  0.16% )
        66,932,220      cycles                    #    2.029 GHz                      ( +-  3.32% )  (35.69%)
        42,594,214      stalled-cycles-frontend   #   63.64% frontend cycles idle     ( +-  2.89% )  (98.71%)
        28,559,066      stalled-cycles-backend    #   42.67% backend cycles idle      ( +-  3.30% )
        37,038,767      instructions              #    0.55  insn per cycle         
                                                  #    1.15  stalled cycles per insn  ( +-  2.03% )
         7,887,567      branches                  #  239.146 M/sec                    ( +-  2.72% )
            12,325      branch-misses             #    0.16% of all branches          ( +- 16.98% )  (65.60%)

          0.004465 +- 0.000164 seconds time elapsed  ( +-  3.67% )


 Performance counter stats for './mandelbrot_omp -2.5 1.5 -2.0 2.0 128 32' (10 runs):

            123.28 msec task-clock                #   18.158 CPUs utilized            ( +-  7.05% )
                21      context-switches          #    0.171 K/sec                    ( +- 10.18% )
                 7      cpu-migrations            #    0.054 K/sec                    ( +- 14.77% )
               302      page-faults               #    0.002 M/sec                    ( +-  0.20% )
       327,529,931      cycles                    #    2.657 GHz                      ( +-  1.92% )  (35.01%)
       232,132,238      stalled-cycles-frontend   #   70.87% frontend cycles idle     ( +-  2.37% )  (84.48%)
       175,896,522      stalled-cycles-backend    #   53.70% backend cycles idle      ( +-  1.98% )  (98.87%)
       124,522,582      instructions              #    0.38  insn per cycle         
                                                  #    1.86  stalled cycles per insn  ( +-  1.80% )
        32,756,600      branches                  #  265.712 M/sec                    ( +-  1.96% )
            19,148      branch-misses             #    0.06% of all branches          ( +-  8.86% )  (81.64%)

          0.006789 +- 0.000616 seconds time elapsed  ( +-  9.07% )


 Performance counter stats for './mandelbrot_omp -2.5 1.5 -2.0 2.0 256 1' (10 runs):

             22.40 msec task-clock                #    0.978 CPUs utilized            ( +-  2.48% )
                 0      context-switches          #    0.000 K/sec                  
                 0      cpu-migrations            #    0.000 K/sec                  
               716      page-faults               #    0.032 M/sec                    ( +-  0.06% )
        53,287,662      cycles                    #    2.378 GHz                      ( +-  1.36% )  (81.82%)
        34,135,680      stalled-cycles-frontend   #   64.06% frontend cycles idle     ( +-  1.99% )  (82.16%)
         9,105,796      stalled-cycles-backend    #   17.09% backend cycles idle      ( +-  4.06% )  (64.32%)
        63,660,813      instructions              #    1.19  insn per cycle         
                                                  #    0.54  stalled cycles per insn  ( +-  1.26% )  (82.16%)
         8,043,147      branches                  #  359.006 M/sec                    ( +-  0.33% )  (85.78%)
            20,403      branch-misses             #    0.25% of all branches          ( +-  4.91% )  (85.92%)

          0.022915 +- 0.000562 seconds time elapsed  ( +-  2.45% )


 Performance counter stats for './mandelbrot_omp -2.5 1.5 -2.0 2.0 256 2' (10 runs):

             20.97 msec task-clock                #    1.631 CPUs utilized            ( +-  4.44% )
                 0      context-switches          #    0.014 K/sec                    ( +-100.00% )
                 0      cpu-migrations            #    0.000 K/sec                  
               719      page-faults               #    0.034 M/sec                    ( +-  0.06% )
        50,777,637      cycles                    #    2.421 GHz                      ( +-  2.67% )  (69.27%)
        33,630,392      stalled-cycles-frontend   #   66.23% frontend cycles idle     ( +-  2.15% )  (65.29%)
         9,057,043      stalled-cycles-backend    #   17.84% backend cycles idle      ( +-  3.49% )  (76.52%)
        64,262,460      instructions              #    1.27  insn per cycle         
                                                  #    0.52  stalled cycles per insn  ( +-  0.64% )  (97.43%)
         8,247,587      branches                  #  393.237 M/sec                    ( +-  0.03% )
            19,853      branch-misses             #    0.24% of all branches          ( +-  0.90% )  (88.93%)

          0.012860 +- 0.000647 seconds time elapsed  ( +-  5.03% )


 Performance counter stats for './mandelbrot_omp -2.5 1.5 -2.0 2.0 256 4' (10 runs):

             29.29 msec task-clock                #    2.077 CPUs utilized            ( +-  5.32% )
                 2      context-switches          #    0.085 K/sec                    ( +-  6.67% )
                 0      cpu-migrations            #    0.000 K/sec                  
               724      page-faults               #    0.025 M/sec                    ( +-  0.06% )
        62,068,158      cycles                    #    2.119 GHz                      ( +-  1.73% )  (72.67%)
        39,974,494      stalled-cycles-frontend   #   64.40% frontend cycles idle     ( +-  3.01% )  (61.91%)
        16,173,039      stalled-cycles-backend    #   26.06% backend cycles idle      ( +-  2.32% )  (71.15%)
        69,362,657      instructions              #    1.12  insn per cycle         
                                                  #    0.58  stalled cycles per insn  ( +-  1.20% )  (93.56%)
         9,577,602      branches                  #  326.994 M/sec                    ( +-  0.05% )
            23,218      branch-misses             #    0.24% of all branches          ( +-  4.28% )  (94.26%)

          0.014099 +- 0.000803 seconds time elapsed  ( +-  5.70% )


 Performance counter stats for './mandelbrot_omp -2.5 1.5 -2.0 2.0 256 8' (10 runs):

             49.38 msec task-clock                #    3.024 CPUs utilized            ( +-  5.51% )
                 7      context-switches          #    0.148 K/sec                    ( +-  5.02% )
                 0      cpu-migrations            #    0.000 K/sec                  
               731      page-faults               #    0.015 M/sec                    ( +-  0.06% )
        87,838,210      cycles                    #    1.779 GHz                      ( +-  1.05% )  (80.46%)
        53,073,474      stalled-cycles-frontend   #   60.42% frontend cycles idle     ( +-  3.53% )  (56.35%)
        28,652,984      stalled-cycles-backend    #   32.62% backend cycles idle      ( +-  2.82% )  (68.81%)
        81,401,198      instructions              #    0.93  insn per cycle         
                                                  #    0.65  stalled cycles per insn  ( +-  1.10% )  (91.35%)
        12,619,934      branches                  #  255.553 M/sec                    ( +-  0.82% )  (98.04%)
            27,748      branch-misses             #    0.22% of all branches          ( +-  4.06% )  (96.35%)

          0.016332 +- 0.000994 seconds time elapsed  ( +-  6.09% )


 Performance counter stats for './mandelbrot_omp -2.5 1.5 -2.0 2.0 256 16' (10 runs):

             65.39 msec task-clock                #    6.234 CPUs utilized            ( +-  2.44% )
                13      context-switches          #    0.202 K/sec                    ( +-  2.47% )
                 0      cpu-migrations            #    0.000 K/sec                  
               748      page-faults               #    0.011 M/sec                    ( +-  0.07% )
       137,057,701      cycles                    #    2.096 GHz                      ( +-  1.55% )  (48.50%)
        92,884,373      stalled-cycles-frontend   #   67.77% frontend cycles idle     ( +-  2.38% )  (58.96%)
        55,578,240      stalled-cycles-backend    #   40.55% backend cycles idle      ( +-  1.63% )  (97.33%)
        99,656,522      instructions              #    0.73  insn per cycle         
                                                  #    0.93  stalled cycles per insn  ( +-  0.59% )
        18,160,572      branches                  #  277.715 M/sec                    ( +-  0.92% )
            30,954      branch-misses             #    0.17% of all branches          ( +-  3.03% )  (95.21%)

          0.010489 +- 0.000340 seconds time elapsed  ( +-  3.24% )


 Performance counter stats for './mandelbrot_omp -2.5 1.5 -2.0 2.0 256 32' (10 runs):

            126.67 msec task-clock                #   13.720 CPUs utilized            ( +-  5.51% )
                18      context-switches          #    0.144 K/sec                    ( +- 13.18% )
                 6      cpu-migrations            #    0.044 K/sec                    ( +- 16.02% )
               783      page-faults               #    0.006 M/sec                    ( +-  0.05% )
       364,802,520      cycles                    #    2.880 GHz                      ( +-  5.97% )  (66.72%)
       249,045,704      stalled-cycles-frontend   #   68.27% frontend cycles idle     ( +-  6.95% )  (38.85%)
       187,060,370      stalled-cycles-backend    #   51.28% backend cycles idle      ( +-  6.79% )  (95.47%)
       171,373,048      instructions              #    0.47  insn per cycle         
                                                  #    1.45  stalled cycles per insn  ( +-  4.46% )
        38,536,401      branches                  #  304.235 M/sec                    ( +-  5.66% )
            38,921      branch-misses             #    0.10% of all branches          ( +-  3.20% )  (98.96%)

          0.009232 +- 0.000271 seconds time elapsed  ( +-  2.94% )


 Performance counter stats for './mandelbrot_omp -2.5 1.5 -2.0 2.0 512 1' (10 runs):

             67.08 msec task-clock                #    0.994 CPUs utilized            ( +-  1.25% )
                 0      context-switches          #    0.003 K/sec                    ( +- 66.67% )
                 0      cpu-migrations            #    0.000 K/sec                  
             2,637      page-faults               #    0.039 M/sec                    ( +-  0.01% )
       198,467,218      cycles                    #    2.959 GHz                      ( +-  0.58% )  (82.09%)
       125,481,076      stalled-cycles-frontend   #   63.23% frontend cycles idle     ( +-  0.46% )  (82.12%)
        33,197,632      stalled-cycles-backend    #   16.73% backend cycles idle      ( +-  1.20% )  (65.45%)
       247,721,032      instructions              #    1.25  insn per cycle         
                                                  #    0.51  stalled cycles per insn  ( +-  0.93% )  (83.33%)
        32,843,271      branches                  #  489.611 M/sec                    ( +-  0.39% )  (85.89%)
            62,806      branch-misses             #    0.19% of all branches          ( +-  1.47% )  (84.46%)

          0.067498 +- 0.000845 seconds time elapsed  ( +-  1.25% )


 Performance counter stats for './mandelbrot_omp -2.5 1.5 -2.0 2.0 512 2' (10 runs):

             66.86 msec task-clock                #    1.615 CPUs utilized            ( +-  0.89% )
                 0      context-switches          #    0.006 K/sec                    ( +- 55.28% )
                 0      cpu-migrations            #    0.000 K/sec                  
             2,638      page-faults               #    0.039 M/sec                    ( +-  0.02% )
       199,683,149      cycles                    #    2.987 GHz                      ( +-  0.54% )  (82.06%)
       126,904,795      stalled-cycles-frontend   #   63.55% frontend cycles idle     ( +-  0.35% )  (82.06%)
        33,558,125      stalled-cycles-backend    #   16.81% backend cycles idle      ( +-  0.66% )  (63.28%)
       249,658,378      instructions              #    1.25  insn per cycle         
                                                  #    0.51  stalled cycles per insn  ( +-  0.78% )  (81.78%)
        33,067,464      branches                  #  494.602 M/sec                    ( +-  0.21% )  (87.24%)
            63,189      branch-misses             #    0.19% of all branches          ( +-  1.58% )  (85.36%)

          0.041399 +- 0.000635 seconds time elapsed  ( +-  1.53% )


 Performance counter stats for './mandelbrot_omp -2.5 1.5 -2.0 2.0 512 4' (10 runs):

             83.39 msec task-clock                #    1.893 CPUs utilized            ( +-  1.64% )
                 2      context-switches          #    0.028 K/sec                    ( +-  6.64% )
                 0      cpu-migrations            #    0.000 K/sec                  
             2,643      page-faults               #    0.032 M/sec                    ( +-  0.01% )
       215,644,571      cycles                    #    2.586 GHz                      ( +-  1.25% )  (84.58%)
       135,255,464      stalled-cycles-frontend   #   62.72% frontend cycles idle     ( +-  1.21% )  (85.29%)
        40,495,255      stalled-cycles-backend    #   18.78% backend cycles idle      ( +-  1.45% )  (65.69%)
       256,012,696      instructions              #    1.19  insn per cycle         
                                                  #    0.53  stalled cycles per insn  ( +-  1.71% )  (82.99%)
        35,231,199      branches                  #  422.499 M/sec                    ( +-  0.73% )  (80.31%)
            65,898      branch-misses             #    0.19% of all branches          ( +-  1.40% )  (84.14%)

           0.04405 +- 0.00108 seconds time elapsed  ( +-  2.46% )


 Performance counter stats for './mandelbrot_omp -2.5 1.5 -2.0 2.0 512 8' (10 runs):

             99.46 msec task-clock                #    2.312 CPUs utilized            ( +-  3.51% )
                 7      context-switches          #    0.069 K/sec                    ( +-  3.38% )
                 0      cpu-migrations            #    0.000 K/sec                  
             2,651      page-faults               #    0.027 M/sec                    ( +-  0.01% )
       245,342,224      cycles                    #    2.467 GHz                      ( +-  0.92% )  (85.67%)
       152,290,537      stalled-cycles-frontend   #   62.07% frontend cycles idle     ( +-  0.96% )  (86.80%)
        49,287,613      stalled-cycles-backend    #   20.09% backend cycles idle      ( +-  2.41% )  (67.68%)
       262,682,881      instructions              #    1.07  insn per cycle         
                                                  #    0.58  stalled cycles per insn  ( +-  1.62% )  (81.75%)
        38,117,966      branches                  #  383.267 M/sec                    ( +-  1.00% )  (77.37%)
            71,797      branch-misses             #    0.19% of all branches          ( +-  1.03% )  (82.48%)

           0.04302 +- 0.00161 seconds time elapsed  ( +-  3.75% )


 Performance counter stats for './mandelbrot_omp -2.5 1.5 -2.0 2.0 512 16' (10 runs):

            125.41 msec task-clock                #    3.863 CPUs utilized            ( +-  2.81% )
                16      context-switches          #    0.128 K/sec                    ( +-  5.89% )
                 0      cpu-migrations            #    0.000 K/sec                  
             2,667      page-faults               #    0.021 M/sec                    ( +-  0.02% )
       297,475,632      cycles                    #    2.372 GHz                      ( +-  0.59% )  (89.81%)
       193,762,231      stalled-cycles-frontend   #   65.14% frontend cycles idle     ( +-  0.73% )  (94.26%)
        74,485,980      stalled-cycles-backend    #   25.04% backend cycles idle      ( +-  1.90% )  (53.02%)
       311,156,822      instructions              #    1.05  insn per cycle         
                                                  #    0.62  stalled cycles per insn  ( +-  1.74% )  (66.98%)
        45,617,194      branches                  #  363.735 M/sec                    ( +-  0.64% )  (78.13%)
            79,045      branch-misses             #    0.17% of all branches          ( +-  1.61% )  (84.79%)

           0.03247 +- 0.00116 seconds time elapsed  ( +-  3.58% )


 Performance counter stats for './mandelbrot_omp -2.5 1.5 -2.0 2.0 512 32' (10 runs):

            209.34 msec task-clock                #    7.708 CPUs utilized            ( +-  4.99% )
                34      context-switches          #    0.163 K/sec                    ( +-  3.48% )
                 5      cpu-migrations            #    0.022 K/sec                    ( +- 12.21% )
             2,702      page-faults               #    0.013 M/sec                    ( +-  0.01% )
       522,574,815      cycles                    #    2.496 GHz                      ( +-  0.77% )  (90.93%)
       367,360,128      stalled-cycles-frontend   #   70.30% frontend cycles idle     ( +-  0.63% )  (95.70%)
       185,652,408      stalled-cycles-backend    #   35.53% backend cycles idle      ( +-  3.92% )  (48.80%)
       383,046,538      instructions              #    0.73  insn per cycle         
                                                  #    0.96  stalled cycles per insn  ( +-  2.17% )  (67.84%)
        63,481,638      branches                  #  303.241 M/sec                    ( +-  1.34% )  (80.16%)
            90,592      branch-misses             #    0.14% of all branches          ( +-  2.27% )  (84.42%)

           0.02716 +- 0.00175 seconds time elapsed  ( +-  6.45% )


 Performance counter stats for './mandelbrot_omp -2.5 1.5 -2.0 2.0 1024 1' (10 runs):

            313.15 msec task-clock                #    0.998 CPUs utilized            ( +-  9.47% )
                 0      context-switches          #    0.000 K/sec                    ( +-100.00% )
                 0      cpu-migrations            #    0.000 K/sec                  
             8,886      page-faults               #    0.028 M/sec                    ( +-  1.15% )
       801,534,876      cycles                    #    2.560 GHz                      ( +-  0.44% )  (82.80%)
       509,454,130      stalled-cycles-frontend   #   63.56% frontend cycles idle     ( +-  0.61% )  (83.08%)
       143,699,719      stalled-cycles-backend    #   17.93% backend cycles idle      ( +-  2.00% )  (67.15%)
     1,004,161,076      instructions              #    1.25  insn per cycle         
                                                  #    0.51  stalled cycles per insn  ( +-  0.14% )  (83.65%)
       125,447,359      branches                  #  400.600 M/sec                    ( +-  0.26% )  (83.67%)
           218,186      branch-misses             #    0.17% of all branches          ( +-  2.11% )  (83.30%)

            0.3139 +- 0.0296 seconds time elapsed  ( +-  9.44% )


 Performance counter stats for './mandelbrot_omp -2.5 1.5 -2.0 2.0 1024 2' (10 runs):

            299.27 msec task-clock                #    1.696 CPUs utilized            ( +-  9.01% )
                 1      context-switches          #    0.003 K/sec                    ( +- 21.08% )
                 0      cpu-migrations            #    0.000 K/sec                  
             8,785      page-faults               #    0.029 M/sec                    ( +-  0.01% )
       801,812,937      cycles                    #    2.679 GHz                      ( +-  0.33% )  (82.46%)
       512,267,315      stalled-cycles-frontend   #   63.89% frontend cycles idle     ( +-  0.53% )  (82.95%)
       146,279,838      stalled-cycles-backend    #   18.24% backend cycles idle      ( +-  0.83% )  (67.80%)
     1,007,050,284      instructions              #    1.26  insn per cycle         
                                                  #    0.51  stalled cycles per insn  ( +-  0.13% )  (83.96%)
       126,571,918      branches                  #  422.941 M/sec                    ( +-  0.33% )  (83.83%)
           217,382      branch-misses             #    0.17% of all branches          ( +-  1.02% )  (82.96%)

            0.1765 +- 0.0137 seconds time elapsed  ( +-  7.74% )


 Performance counter stats for './mandelbrot_omp -2.5 1.5 -2.0 2.0 1024 4' (10 runs):

            295.20 msec task-clock                #    1.831 CPUs utilized            ( +-  6.96% )
                 4      context-switches          #    0.013 K/sec                    ( +-  8.11% )
                 0      cpu-migrations            #    0.000 K/sec                  
             8,791      page-faults               #    0.030 M/sec                    ( +-  0.01% )
       818,448,865      cycles                    #    2.773 GHz                      ( +-  0.21% )  (82.47%)
       523,076,674      stalled-cycles-frontend   #   63.91% frontend cycles idle     ( +-  0.43% )  (82.49%)
       151,643,208      stalled-cycles-backend    #   18.53% backend cycles idle      ( +-  0.63% )  (67.02%)
     1,010,542,115      instructions              #    1.23  insn per cycle         
                                                  #    0.52  stalled cycles per insn  ( +-  0.29% )  (83.92%)
       126,452,460      branches                  #  428.362 M/sec                    ( +-  0.31% )  (84.64%)
           211,525      branch-misses             #    0.17% of all branches          ( +-  0.74% )  (83.39%)

            0.1612 +- 0.0104 seconds time elapsed  ( +-  6.46% )


 Performance counter stats for './mandelbrot_omp -2.5 1.5 -2.0 2.0 1024 8' (10 runs):

            314.75 msec task-clock                #    2.151 CPUs utilized            ( +-  5.88% )
                 8      context-switches          #    0.025 K/sec                    ( +-  3.98% )
                 0      cpu-migrations            #    0.000 K/sec                  
             8,798      page-faults               #    0.028 M/sec                    ( +-  0.00% )
       841,001,123      cycles                    #    2.672 GHz                      ( +-  0.33% )  (79.35%)
       539,987,496      stalled-cycles-frontend   #   64.21% frontend cycles idle     ( +-  0.37% )  (81.97%)
       167,652,571      stalled-cycles-backend    #   19.93% backend cycles idle      ( +-  0.56% )  (70.21%)
     1,013,779,509      instructions              #    1.21  insn per cycle         
                                                  #    0.53  stalled cycles per insn  ( +-  0.39% )  (85.71%)
       128,350,420      branches                  #  407.787 M/sec                    ( +-  0.31% )  (85.89%)
           214,509      branch-misses             #    0.17% of all branches          ( +-  0.45% )  (82.58%)

           0.14630 +- 0.00971 seconds time elapsed  ( +-  6.64% )


 Performance counter stats for './mandelbrot_omp -2.5 1.5 -2.0 2.0 1024 16' (10 runs):

            340.74 msec task-clock                #    3.170 CPUs utilized            ( +-  3.66% )
                17      context-switches          #    0.050 K/sec                    ( +-  6.69% )
                 0      cpu-migrations            #    0.000 K/sec                  
             8,814      page-faults               #    0.026 M/sec                    ( +-  0.01% )
       909,777,961      cycles                    #    2.670 GHz                      ( +-  0.54% )  (79.08%)
       590,272,041      stalled-cycles-frontend   #   64.88% frontend cycles idle     ( +-  0.49% )  (81.97%)
       204,053,587      stalled-cycles-backend    #   22.43% backend cycles idle      ( +-  0.89% )  (72.33%)
     1,031,826,429      instructions              #    1.13  insn per cycle         
                                                  #    0.57  stalled cycles per insn  ( +-  0.73% )  (87.09%)
       133,448,562      branches                  #  391.646 M/sec                    ( +-  0.49% )  (86.68%)
           226,189      branch-misses             #    0.17% of all branches          ( +-  0.91% )  (79.95%)

           0.10749 +- 0.00398 seconds time elapsed  ( +-  3.70% )


 Performance counter stats for './mandelbrot_omp -2.5 1.5 -2.0 2.0 1024 32' (10 runs):

            454.65 msec task-clock                #    5.427 CPUs utilized            ( +-  1.98% )
                41      context-switches          #    0.090 K/sec                    ( +-  7.70% )
                 8      cpu-migrations            #    0.017 K/sec                    ( +- 16.77% )
             8,849      page-faults               #    0.019 M/sec                    ( +-  0.00% )
     1,202,212,587      cycles                    #    2.644 GHz                      ( +-  1.03% )  (76.15%)
       811,892,112      stalled-cycles-frontend   #   67.53% frontend cycles idle     ( +-  0.69% )  (80.04%)
       357,692,121      stalled-cycles-backend    #   29.75% backend cycles idle      ( +-  0.91% )  (75.09%)
     1,065,912,455      instructions              #    0.89  insn per cycle         
                                                  #    0.76  stalled cycles per insn  ( +-  0.57% )  (89.32%)
       150,270,069      branches                  #  330.517 M/sec                    ( +-  0.65% )  (89.95%)
           250,337      branch-misses             #    0.17% of all branches          ( +-  0.63% )  (78.78%)

           0.08378 +- 0.00129 seconds time elapsed  ( +-  1.54% )


 Performance counter stats for './mandelbrot_omp -2.5 1.5 -2.0 2.0 2048 1' (10 runs):

          1,046.04 msec task-clock                #    0.999 CPUs utilized            ( +-  3.91% )
                 2      context-switches          #    0.001 K/sec                    ( +- 14.91% )
                 0      cpu-migrations            #    0.000 K/sec                  
            34,649      page-faults               #    0.033 M/sec                    ( +-  0.70% )
     3,184,647,519      cycles                    #    3.044 GHz                      ( +-  0.11% )  (83.23%)
     2,026,526,656      stalled-cycles-frontend   #   63.63% frontend cycles idle     ( +-  0.17% )  (83.25%)
       570,467,877      stalled-cycles-backend    #   17.91% backend cycles idle      ( +-  0.54% )  (66.68%)
     4,027,692,927      instructions              #    1.26  insn per cycle         
                                                  #    0.50  stalled cycles per insn  ( +-  0.04% )  (83.39%)
       503,701,567      branches                  #  481.533 M/sec                    ( +-  0.08% )  (83.49%)
           783,064      branch-misses             #    0.16% of all branches          ( +-  0.53% )  (83.35%)

            1.0466 +- 0.0409 seconds time elapsed  ( +-  3.91% )


 Performance counter stats for './mandelbrot_omp -2.5 1.5 -2.0 2.0 2048 2' (10 runs):

          1,188.01 msec task-clock                #    1.678 CPUs utilized            ( +-  6.22% )
                 3      context-switches          #    0.002 K/sec                    ( +- 17.39% )
                 0      cpu-migrations            #    0.000 K/sec                    ( +- 40.82% )
            33,525      page-faults               #    0.028 M/sec                    ( +-  0.46% )
     3,186,366,156      cycles                    #    2.682 GHz                      ( +-  0.14% )  (83.25%)
     2,028,685,598      stalled-cycles-frontend   #   63.67% frontend cycles idle     ( +-  0.19% )  (83.22%)
       573,585,221      stalled-cycles-backend    #   18.00% backend cycles idle      ( +-  0.74% )  (66.68%)
     4,023,418,665      instructions              #    1.26  insn per cycle         
                                                  #    0.50  stalled cycles per insn  ( +-  0.06% )  (83.39%)
       503,847,406      branches                  #  424.109 M/sec                    ( +-  0.05% )  (83.41%)
           792,781      branch-misses             #    0.16% of all branches          ( +-  0.83% )  (83.44%)

            0.7082 +- 0.0427 seconds time elapsed  ( +-  6.03% )


 Performance counter stats for './mandelbrot_omp -2.5 1.5 -2.0 2.0 2048 4' (10 runs):

          1,320.61 msec task-clock                #    1.778 CPUs utilized            ( +-  5.12% )
                 6      context-switches          #    0.005 K/sec                    ( +-  8.61% )
                 0      cpu-migrations            #    0.000 K/sec                    ( +- 44.72% )
            33,480      page-faults               #    0.025 M/sec                    ( +-  0.31% )
     3,199,291,973      cycles                    #    2.423 GHz                      ( +-  0.11% )  (83.39%)
     2,036,180,215      stalled-cycles-frontend   #   63.64% frontend cycles idle     ( +-  0.16% )  (83.13%)
       579,714,269      stalled-cycles-backend    #   18.12% backend cycles idle      ( +-  0.38% )  (66.57%)
     4,036,953,376      instructions              #    1.26  insn per cycle         
                                                  #    0.50  stalled cycles per insn  ( +-  0.07% )  (83.37%)
       505,187,738      branches                  #  382.541 M/sec                    ( +-  0.08% )  (83.49%)
           799,698      branch-misses             #    0.16% of all branches          ( +-  1.03% )  (83.41%)

            0.7427 +- 0.0345 seconds time elapsed  ( +-  4.65% )


 Performance counter stats for './mandelbrot_omp -2.5 1.5 -2.0 2.0 2048 8' (10 runs):

          1,283.75 msec task-clock                #    1.974 CPUs utilized            ( +-  6.10% )
                10      context-switches          #    0.008 K/sec                    ( +-  4.11% )
                 0      cpu-migrations            #    0.000 K/sec                  
            33,385      page-faults               #    0.026 M/sec                    ( +-  0.00% )
     3,209,258,641      cycles                    #    2.500 GHz                      ( +-  0.24% )  (83.34%)
     2,043,066,185      stalled-cycles-frontend   #   63.66% frontend cycles idle     ( +-  0.32% )  (83.55%)
       590,305,178      stalled-cycles-backend    #   18.39% backend cycles idle      ( +-  1.13% )  (66.32%)
     4,044,615,035      instructions              #    1.26  insn per cycle         
                                                  #    0.51  stalled cycles per insn  ( +-  0.14% )  (83.17%)
       508,933,363      branches                  #  396.443 M/sec                    ( +-  0.25% )  (83.27%)
           780,996      branch-misses             #    0.15% of all branches          ( +-  0.34% )  (83.51%)

            0.6502 +- 0.0505 seconds time elapsed  ( +-  7.76% )


 Performance counter stats for './mandelbrot_omp -2.5 1.5 -2.0 2.0 2048 16' (10 runs):

          1,315.65 msec task-clock                #    2.766 CPUs utilized            ( +-  6.73% )
                20      context-switches          #    0.015 K/sec                    ( +-  6.28% )
                 0      cpu-migrations            #    0.000 K/sec                    ( +- 66.67% )
            33,506      page-faults               #    0.025 M/sec                    ( +-  0.30% )
     3,316,056,248      cycles                    #    2.520 GHz                      ( +-  0.29% )  (84.12%)
     2,137,663,750      stalled-cycles-frontend   #   64.46% frontend cycles idle     ( +-  0.37% )  (83.63%)
       646,072,552      stalled-cycles-backend    #   19.48% backend cycles idle      ( +-  1.06% )  (64.83%)
     4,057,313,246      instructions              #    1.22  insn per cycle         
                                                  #    0.53  stalled cycles per insn  ( +-  0.22% )  (82.59%)
       514,914,922      branches                  #  391.376 M/sec                    ( +-  0.23% )  (83.53%)
           812,868      branch-misses             #    0.16% of all branches          ( +-  0.99% )  (83.90%)

            0.4756 +- 0.0345 seconds time elapsed  ( +-  7.25% )


 Performance counter stats for './mandelbrot_omp -2.5 1.5 -2.0 2.0 2048 32' (10 runs):

          1,443.55 msec task-clock                #    4.089 CPUs utilized            ( +-  4.91% )
                50      context-switches          #    0.035 K/sec                    ( +-  9.76% )
                 7      cpu-migrations            #    0.005 K/sec                    ( +- 18.50% )
            33,438      page-faults               #    0.023 M/sec                    ( +-  0.00% )
     3,726,850,894      cycles                    #    2.582 GHz                      ( +-  0.48% )  (84.13%)
     2,508,940,008      stalled-cycles-frontend   #   67.32% frontend cycles idle     ( +-  0.46% )  (81.76%)
       865,326,683      stalled-cycles-backend    #   23.22% backend cycles idle      ( +-  1.73% )  (64.45%)
     4,146,719,078      instructions              #    1.11  insn per cycle         
                                                  #    0.61  stalled cycles per insn  ( +-  0.44% )  (82.68%)
       531,700,225      branches                  #  368.328 M/sec                    ( +-  0.54% )  (84.32%)
           820,096      branch-misses             #    0.15% of all branches          ( +-  0.72% )  (85.34%)

            0.3530 +- 0.0241 seconds time elapsed  ( +-  6.84% )


 Performance counter stats for './mandelbrot_omp -2.5 1.5 -2.0 2.0 4096 1' (10 runs):

          4,114.45 msec task-clock                #    1.000 CPUs utilized            ( +-  1.58% )
                 6      context-switches          #    0.001 K/sec                    ( +-  9.08% )
                 0      cpu-migrations            #    0.000 K/sec                    ( +- 71.15% )
           168,292      page-faults               #    0.041 M/sec                    ( +-  5.57% )
    12,956,060,735      cycles                    #    3.149 GHz                      ( +-  0.72% )  (83.31%)
     8,250,206,874      stalled-cycles-frontend   #   63.68% frontend cycles idle     ( +-  0.80% )  (83.32%)
     2,383,122,055      stalled-cycles-backend    #   18.39% backend cycles idle      ( +-  2.17% )  (66.67%)
    16,271,801,274      instructions              #    1.26  insn per cycle         
                                                  #    0.51  stalled cycles per insn  ( +-  0.27% )  (83.35%)
     2,051,841,630      branches                  #  498.692 M/sec                    ( +-  0.44% )  (83.36%)
         3,047,908      branch-misses             #    0.15% of all branches          ( +-  2.05% )  (83.33%)

            4.1156 +- 0.0651 seconds time elapsed  ( +-  1.58% )


 Performance counter stats for './mandelbrot_omp -2.5 1.5 -2.0 2.0 4096 2' (10 runs):

          4,262.94 msec task-clock                #    1.619 CPUs utilized            ( +-  0.80% )
                 9      context-switches          #    0.002 K/sec                    ( +- 13.22% )
                 1      cpu-migrations            #    0.000 K/sec                    ( +- 19.95% )
           147,418      page-faults               #    0.035 M/sec                    ( +-  1.83% )
    12,788,640,432      cycles                    #    3.000 GHz                      ( +-  0.27% )  (83.30%)
     8,143,356,846      stalled-cycles-frontend   #   63.68% frontend cycles idle     ( +-  0.36% )  (83.32%)
     2,321,335,530      stalled-cycles-backend    #   18.15% backend cycles idle      ( +-  1.21% )  (66.73%)
    16,132,164,550      instructions              #    1.26  insn per cycle         
                                                  #    0.50  stalled cycles per insn  ( +-  0.04% )  (83.37%)
     2,022,816,780      branches                  #  474.513 M/sec                    ( +-  0.07% )  (83.36%)
         2,921,631      branch-misses             #    0.14% of all branches          ( +-  0.66% )  (83.29%)

            2.6331 +- 0.0321 seconds time elapsed  ( +-  1.22% )


 Performance counter stats for './mandelbrot_omp -2.5 1.5 -2.0 2.0 4096 4' (10 runs):

          4,389.78 msec task-clock                #    1.742 CPUs utilized            ( +-  1.47% )
                11      context-switches          #    0.003 K/sec                    ( +- 10.72% )
                 1      cpu-migrations            #    0.000 K/sec                    ( +- 36.51% )
           140,200      page-faults               #    0.032 M/sec                    ( +-  0.41% )
    12,707,223,522      cycles                    #    2.895 GHz                      ( +-  0.09% )  (83.25%)
     8,077,343,775      stalled-cycles-frontend   #   63.56% frontend cycles idle     ( +-  0.15% )  (83.25%)
     2,272,514,307      stalled-cycles-backend    #   17.88% backend cycles idle      ( +-  0.55% )  (66.74%)
    16,115,701,802      instructions              #    1.27  insn per cycle         
                                                  #    0.50  stalled cycles per insn  ( +-  0.04% )  (83.40%)
     2,018,427,239      branches                  #  459.802 M/sec                    ( +-  0.03% )  (83.42%)
         2,882,402      branch-misses             #    0.14% of all branches          ( +-  0.30% )  (83.34%)

            2.5204 +- 0.0341 seconds time elapsed  ( +-  1.35% )


 Performance counter stats for './mandelbrot_omp -2.5 1.5 -2.0 2.0 4096 8' (10 runs):

          4,846.31 msec task-clock                #    2.014 CPUs utilized            ( +-  1.79% )
                15      context-switches          #    0.003 K/sec                    ( +-  6.31% )
                 0      cpu-migrations            #    0.000 K/sec                    ( +- 71.15% )
           140,750      page-faults               #    0.029 M/sec                    ( +-  0.94% )
    12,773,540,414      cycles                    #    2.636 GHz                      ( +-  0.15% )  (83.42%)
     8,119,469,466      stalled-cycles-frontend   #   63.56% frontend cycles idle     ( +-  0.21% )  (83.35%)
     2,299,407,928      stalled-cycles-backend    #   18.00% backend cycles idle      ( +-  0.63% )  (66.54%)
    16,138,131,819      instructions              #    1.26  insn per cycle         
                                                  #    0.50  stalled cycles per insn  ( +-  0.06% )  (83.28%)
     2,025,242,173      branches                  #  417.894 M/sec                    ( +-  0.05% )  (83.29%)
         2,974,599      branch-misses             #    0.15% of all branches          ( +-  1.05% )  (83.40%)

            2.4059 +- 0.0456 seconds time elapsed  ( +-  1.89% )


 Performance counter stats for './mandelbrot_omp -2.5 1.5 -2.0 2.0 4096 16' (10 runs):

          5,529.86 msec task-clock                #    2.739 CPUs utilized            ( +-  1.12% )
                25      context-switches          #    0.004 K/sec                    ( +-  5.79% )
                 1      cpu-migrations            #    0.000 K/sec                    ( +- 56.54% )
           139,739      page-faults               #    0.025 M/sec                    ( +-  0.06% )
    12,928,380,871      cycles                    #    2.338 GHz                      ( +-  0.19% )  (83.44%)
     8,278,496,833      stalled-cycles-frontend   #   64.03% frontend cycles idle     ( +-  0.30% )  (83.29%)
     2,354,476,183      stalled-cycles-backend    #   18.21% backend cycles idle      ( +-  0.55% )  (66.59%)
    16,158,139,444      instructions              #    1.25  insn per cycle         
                                                  #    0.51  stalled cycles per insn  ( +-  0.05% )  (83.24%)
     2,030,551,695      branches                  #  367.198 M/sec                    ( +-  0.05% )  (83.24%)
         2,938,604      branch-misses             #    0.14% of all branches          ( +-  0.13% )  (83.43%)

            2.0192 +- 0.0138 seconds time elapsed  ( +-  0.68% )


 Performance counter stats for './mandelbrot_omp -2.5 1.5 -2.0 2.0 4096 32' (10 runs):

          5,697.14 msec task-clock                #    3.874 CPUs utilized            ( +-  2.67% )
                98      context-switches          #    0.017 K/sec                    ( +- 25.45% )
                 9      cpu-migrations            #    0.002 K/sec                    ( +- 10.14% )
           148,754      page-faults               #    0.026 M/sec                    ( +-  0.45% )
    13,983,578,716      cycles                    #    2.454 GHz                      ( +-  0.14% )  (83.23%)
     9,290,804,803      stalled-cycles-frontend   #   66.44% frontend cycles idle     ( +-  0.17% )  (83.28%)
     2,847,533,723      stalled-cycles-backend    #   20.36% backend cycles idle      ( +-  0.67% )  (66.79%)
    16,235,145,937      instructions              #    1.16  insn per cycle         
                                                  #    0.57  stalled cycles per insn  ( +-  0.15% )  (83.39%)
     2,055,067,386      branches                  #  360.719 M/sec                    ( +-  0.16% )  (83.36%)
         3,096,784      branch-misses             #    0.15% of all branches          ( +-  0.71% )  (83.34%)

            1.4706 +- 0.0528 seconds time elapsed  ( +-  3.59% )

 Performance counter stats for './mandelbrot_omp -2.5 1.5 -2.0 2.0 8192 1' (10 runs):

         16,405.54 msec task-clock                #    1.000 CPUs utilized            ( +-  0.61% )
                13      context-switches          #    0.001 K/sec                    ( +- 11.34% )
                 0      cpu-migrations            #    0.000 K/sec                    ( +- 71.15% )
           810,992      page-faults               #    0.049 M/sec                    ( +-  4.49% )
    52,633,187,463      cycles                    #    3.208 GHz                      ( +-  0.25% )  (83.32%)
    33,640,583,603      stalled-cycles-frontend   #   63.92% frontend cycles idle     ( +-  0.30% )  (83.33%)
    10,097,174,327      stalled-cycles-backend    #   19.18% backend cycles idle      ( +-  0.88% )  (66.68%)
    65,571,561,429      instructions              #    1.25  insn per cycle         
                                                  #    0.51  stalled cycles per insn  ( +-  0.08% )  (83.34%)
     8,299,140,510      branches                  #  505.874 M/sec                    ( +-  0.12% )  (83.34%)
        11,627,042      branch-misses             #    0.14% of all branches          ( +-  0.78% )  (83.33%)

           16.4069 +- 0.0998 seconds time elapsed  ( +-  0.61% )


 Performance counter stats for './mandelbrot_omp -2.5 1.5 -2.0 2.0 8192 2' (10 runs):

         17,118.86 msec task-clock                #    1.652 CPUs utilized            ( +-  0.50% )
                32      context-switches          #    0.002 K/sec                    ( +-  9.14% )
                 6      cpu-migrations            #    0.000 K/sec                    ( +- 23.08% )
         1,013,482      page-faults               #    0.059 M/sec                    ( +-  4.76% )
    54,041,156,353      cycles                    #    3.157 GHz                      ( +-  0.51% )  (83.33%)
    34,754,580,073      stalled-cycles-frontend   #   64.31% frontend cycles idle     ( +-  0.59% )  (83.33%)
    11,127,622,241      stalled-cycles-backend    #   20.59% backend cycles idle      ( +-  1.66% )  (66.67%)
    65,861,995,317      instructions              #    1.22  insn per cycle         
                                                  #    0.53  stalled cycles per insn  ( +-  0.20% )  (83.33%)
     8,352,296,509      branches                  #  487.900 M/sec                    ( +-  0.32% )  (83.34%)
        12,142,892      branch-misses             #    0.15% of all branches          ( +-  1.03% )  (83.33%)

           10.3629 +- 0.0432 seconds time elapsed  ( +-  0.42% )


 Performance counter stats for './mandelbrot_omp -2.5 1.5 -2.0 2.0 8192 4' (10 runs):

         16,714.65 msec task-clock                #    1.763 CPUs utilized            ( +-  1.07% )
                36      context-switches          #    0.002 K/sec                    ( +- 18.22% )
                 5      cpu-migrations            #    0.000 K/sec                    ( +- 33.17% )
           720,276      page-faults               #    0.043 M/sec                    ( +-  7.11% )
    51,814,004,530      cycles                    #    3.100 GHz                      ( +-  0.59% )  (83.32%)
    33,092,996,570      stalled-cycles-frontend   #   63.87% frontend cycles idle     ( +-  0.72% )  (83.34%)
     9,715,574,928      stalled-cycles-backend    #   18.75% backend cycles idle      ( +-  2.09% )  (66.67%)
    64,863,565,436      instructions              #    1.25  insn per cycle         
                                                  #    0.51  stalled cycles per insn  ( +-  0.16% )  (83.33%)
     8,156,907,107      branches                  #  488.009 M/sec                    ( +-  0.27% )  (83.35%)
        11,134,669      branch-misses             #    0.14% of all branches          ( +-  1.14% )  (83.33%)

             9.479 +- 0.123 seconds time elapsed  ( +-  1.30% )


 Performance counter stats for './mandelbrot_omp -2.5 1.5 -2.0 2.0 8192 8' (10 runs):

         16,609.50 msec task-clock                #    2.066 CPUs utilized            ( +-  0.98% )
                30      context-switches          #    0.002 K/sec                    ( +-  9.41% )
                 2      cpu-migrations            #    0.000 K/sec                    ( +- 51.88% )
           589,589      page-faults               #    0.035 M/sec                    ( +-  3.35% )
    51,246,103,117      cycles                    #    3.085 GHz                      ( +-  0.21% )  (83.33%)
    32,677,806,485      stalled-cycles-frontend   #   63.77% frontend cycles idle     ( +-  0.26% )  (83.34%)
     9,380,069,881      stalled-cycles-backend    #   18.30% backend cycles idle      ( +-  0.79% )  (66.69%)
    64,574,287,454      instructions              #    1.26  insn per cycle         
                                                  #    0.51  stalled cycles per insn  ( +-  0.05% )  (83.34%)
     8,100,163,804      branches                  #  487.683 M/sec                    ( +-  0.09% )  (83.32%)
        10,926,105      branch-misses             #    0.13% of all branches          ( +-  0.50% )  (83.33%)

            8.0392 +- 0.0771 seconds time elapsed  ( +-  0.96% )


 Performance counter stats for './mandelbrot_omp -2.5 1.5 -2.0 2.0 8192 16' (10 runs):

         17,520.19 msec task-clock                #    2.771 CPUs utilized            ( +-  1.23% )
                45      context-switches          #    0.003 K/sec                    ( +-  4.59% )
                 3      cpu-migrations            #    0.000 K/sec                    ( +- 27.63% )
           854,088      page-faults               #    0.049 M/sec                    ( +-  1.05% )
    53,830,026,483      cycles                    #    3.072 GHz                      ( +-  0.26% )  (83.34%)
    34,881,383,297      stalled-cycles-frontend   #   64.80% frontend cycles idle     ( +-  0.34% )  (83.36%)
    11,052,464,233      stalled-cycles-backend    #   20.53% backend cycles idle      ( +-  0.94% )  (66.63%)
    65,242,621,327      instructions              #    1.21  insn per cycle         
                                                  #    0.53  stalled cycles per insn  ( +-  0.06% )  (83.28%)
     8,228,677,252      branches                  #  469.668 M/sec                    ( +-  0.09% )  (83.32%)
        11,846,795      branch-misses             #    0.14% of all branches          ( +-  1.05% )  (83.36%)

            6.3219 +- 0.0704 seconds time elapsed  ( +-  1.11% )


 Performance counter stats for './mandelbrot_omp -2.5 1.5 -2.0 2.0 8192 32' (10 runs):

         20,634.35 msec task-clock                #    4.254 CPUs utilized            ( +-  2.92% )
               113      context-switches          #    0.005 K/sec                    ( +-  5.69% )
                16      cpu-migrations            #    0.001 K/sec                    ( +-  7.21% )
           598,134      page-faults               #    0.029 M/sec                    ( +-  4.10% )
    57,489,916,656      cycles                    #    2.786 GHz                      ( +-  2.06% )  (83.42%)
    38,727,503,921      stalled-cycles-frontend   #   67.36% frontend cycles idle     ( +-  2.62% )  (83.34%)
    12,961,611,990      stalled-cycles-backend    #   22.55% backend cycles idle      ( +-  6.86% )  (66.54%)
    65,089,463,737      instructions              #    1.13  insn per cycle         
                                                  #    0.59  stalled cycles per insn  ( +-  0.31% )  (83.28%)
     8,212,633,126      branches                  #  398.008 M/sec                    ( +-  0.53% )  (83.31%)
        13,998,809      branch-misses             #    0.17% of all branches          ( +-  7.78% )  (83.39%)

            4.8504 +- 0.0644 seconds time elapsed  ( +-  1.33% )

