
 Performance counter stats for './mandelbrot_omp -0.8 -0.7 0.05 0.15 16 1' (10 runs):

              1.80 msec task-clock                #    0.752 CPUs utilized            ( +-  3.70% )
                 0      context-switches          #    0.000 K/sec                  
                 0      cpu-migrations            #    0.000 K/sec                  
                80      page-faults               #    0.044 M/sec                    ( +-  0.44% )
         2,540,535      cycles                    #    1.408 GHz                      ( +-  1.73% )  (83.22%)
         1,731,303      stalled-cycles-frontend   #   68.15% frontend cycles idle     ( +-  0.64% )
           910,921      stalled-cycles-backend    #   35.86% backend cycles idle      ( +-  1.11% )
         2,177,929      instructions              #    0.86  insn per cycle         
                                                  #    0.79  stalled cycles per insn  ( +-  0.23% )
           351,082      branches                  #  194.605 M/sec                    ( +-  0.26% )
     <not counted>      branch-misses                                                 ( +- 45.32% )  (16.78%)

         0.0023998 +- 0.0000849 seconds time elapsed  ( +-  3.54% )

Some events weren't counted. Try disabling the NMI watchdog:
	echo 0 > /proc/sys/kernel/nmi_watchdog
	perf stat ...
	echo 1 > /proc/sys/kernel/nmi_watchdog

 Performance counter stats for './mandelbrot_omp -0.8 -0.7 0.05 0.15 16 2' (10 runs):

              1.69 msec task-clock                #    0.939 CPUs utilized            ( +-  2.13% )
                 0      context-switches          #    0.000 K/sec                  
                 0      cpu-migrations            #    0.000 K/sec                  
                82      page-faults               #    0.048 M/sec                    ( +-  0.40% )
         3,019,609      cycles                    #    1.790 GHz                      ( +-  0.82% )  (81.36%)
         2,067,643      stalled-cycles-frontend   #   68.47% frontend cycles idle     ( +-  1.03% )
         1,181,886      stalled-cycles-backend    #   39.14% backend cycles idle      ( +-  1.71% )
         2,337,020      instructions              #    0.77  insn per cycle         
                                                  #    0.88  stalled cycles per insn  ( +-  0.23% )
           390,016      branches                  #  231.226 M/sec                    ( +-  0.27% )
             2,261      branch-misses             #    0.58% of all branches          ( +- 56.83% )  (18.64%)

         0.0017955 +- 0.0000348 seconds time elapsed  ( +-  1.94% )


 Performance counter stats for './mandelbrot_omp -0.8 -0.7 0.05 0.15 16 4' (10 runs):

              2.07 msec task-clock                #    1.291 CPUs utilized            ( +-  0.69% )
                 0      context-switches          #    0.000 K/sec                  
                 0      cpu-migrations            #    0.000 K/sec                  
                85      page-faults               #    0.041 M/sec                    ( +-  0.33% )
         4,233,902      cycles                    #    2.041 GHz                      ( +-  5.18% )  (74.16%)
         2,778,354      stalled-cycles-frontend   #   65.62% frontend cycles idle     ( +-  1.87% )
         1,729,392      stalled-cycles-backend    #   40.85% backend cycles idle      ( +-  2.55% )
         2,717,604      instructions              #    0.64  insn per cycle         
                                                  #    1.02  stalled cycles per insn  ( +-  0.75% )
           490,092      branches                  #  236.201 M/sec                    ( +-  1.16% )
     <not counted>      branch-misses                                                 ( +- 52.26% )  (25.84%)

         0.0016069 +- 0.0000179 seconds time elapsed  ( +-  1.12% )

Some events weren't counted. Try disabling the NMI watchdog:
	echo 0 > /proc/sys/kernel/nmi_watchdog
	perf stat ...
	echo 1 > /proc/sys/kernel/nmi_watchdog

 Performance counter stats for './mandelbrot_omp -0.8 -0.7 0.05 0.15 16 8' (10 runs):

              4.11 msec task-clock                #    1.808 CPUs utilized            ( +-  3.06% )
                 0      context-switches          #    0.000 K/sec                  
                 0      cpu-migrations            #    0.000 K/sec                  
                94      page-faults               #    0.023 M/sec                    ( +-  0.36% )
         6,561,318      cycles                    #    1.597 GHz                      ( +-  2.96% )  (59.17%)
         4,987,541      stalled-cycles-frontend   #   76.01% frontend cycles idle     ( +-  0.91% )
         3,408,405      stalled-cycles-backend    #   51.95% backend cycles idle      ( +-  1.00% )
         4,006,358      instructions              #    0.61  insn per cycle         
                                                  #    1.24  stalled cycles per insn  ( +-  1.02% )
           838,287      branches                  #  203.981 M/sec                    ( +-  1.42% )
             6,651      branch-misses             #    0.79% of all branches          ( +- 33.07% )  (40.83%)

         0.0022731 +- 0.0000867 seconds time elapsed  ( +-  3.81% )


 Performance counter stats for './mandelbrot_omp -0.8 -0.7 0.05 0.15 16 16' (10 runs):

             11.10 msec task-clock                #    3.888 CPUs utilized            ( +-  4.41% )
                 0      context-switches          #    0.000 K/sec                  
                 0      cpu-migrations            #    0.000 K/sec                  
               112      page-faults               #    0.010 M/sec                    ( +-  0.33% )
        18,127,889      cycles                    #    1.634 GHz                      ( +-  6.62% )  (44.07%)
        15,762,185      stalled-cycles-frontend   #   86.95% frontend cycles idle     ( +-  4.25% )
        11,458,693      stalled-cycles-backend    #   63.21% backend cycles idle      ( +-  4.32% )
        10,363,068      instructions              #    0.57  insn per cycle         
                                                  #    1.52  stalled cycles per insn  ( +-  3.41% )
         2,607,899      branches                  #  235.016 M/sec                    ( +-  3.85% )
     <not counted>      branch-misses                                                 ( +- 27.57% )  (55.93%)

          0.002854 +- 0.000152 seconds time elapsed  ( +-  5.33% )

Some events weren't counted. Try disabling the NMI watchdog:
	echo 0 > /proc/sys/kernel/nmi_watchdog
	perf stat ...
	echo 1 > /proc/sys/kernel/nmi_watchdog

 Performance counter stats for './mandelbrot_omp -0.8 -0.7 0.05 0.15 16 32' (10 runs):

            115.37 msec task-clock                #   20.245 CPUs utilized            ( +-  9.37% )
                24      context-switches          #    0.211 K/sec                    ( +- 20.74% )
                 3      cpu-migrations            #    0.025 K/sec                    ( +- 13.05% )
               145      page-faults               #    0.001 M/sec                    ( +-  0.23% )
       318,209,422      cycles                    #    2.758 GHz                      ( +-  7.99% )  (49.85%)
       221,576,755      stalled-cycles-frontend   #   69.63% frontend cycles idle     ( +-  7.91% )  (86.29%)
       176,398,119      stalled-cycles-backend    #   55.43% backend cycles idle      ( +-  7.37% )  (99.52%)
       112,351,411      instructions              #    0.35  insn per cycle         
                                                  #    1.97  stalled cycles per insn  ( +-  7.43% )
        31,813,012      branches                  #  275.748 M/sec                    ( +-  7.49% )
            70,870      branch-misses             #    0.22% of all branches          ( +- 81.30% )  (64.34%)

          0.005699 +- 0.000513 seconds time elapsed  ( +-  9.00% )


 Performance counter stats for './mandelbrot_omp -0.8 -0.7 0.05 0.15 32 1' (10 runs):

              3.27 msec task-clock                #    0.869 CPUs utilized            ( +-  3.65% )
                 0      context-switches          #    0.000 K/sec                  
                 0      cpu-migrations            #    0.000 K/sec                  
                85      page-faults               #    0.026 M/sec                    ( +-  0.56% )
         5,974,402      cycles                    #    1.825 GHz                      ( +-  0.67% )  (51.79%)
         4,196,138      stalled-cycles-frontend   #   70.24% frontend cycles idle     ( +-  0.34% )
         1,503,256      stalled-cycles-backend    #   25.16% backend cycles idle      ( +-  0.88% )
         5,678,036      instructions              #    0.95  insn per cycle         
                                                  #    0.74  stalled cycles per insn  ( +-  0.06% )
           762,091      branches                  #  232.777 M/sec                    ( +-  0.09% )
             4,925      branch-misses             #    0.65% of all branches          ( +- 20.25% )  (48.21%)

          0.003769 +- 0.000137 seconds time elapsed  ( +-  3.64% )


 Performance counter stats for './mandelbrot_omp -0.8 -0.7 0.05 0.15 32 2' (10 runs):

              3.98 msec task-clock                #    1.320 CPUs utilized            ( +-  5.14% )
                 0      context-switches          #    0.000 K/sec                  
                 0      cpu-migrations            #    0.000 K/sec                  
                87      page-faults               #    0.022 M/sec                    ( +-  0.45% )
         6,840,636      cycles                    #    1.717 GHz                      ( +-  0.41% )  (81.85%)
         4,798,370      stalled-cycles-frontend   #   70.15% frontend cycles idle     ( +-  0.38% )
         1,976,009      stalled-cycles-backend    #   28.89% backend cycles idle      ( +-  0.86% )
         6,017,709      instructions              #    0.88  insn per cycle         
                                                  #    0.80  stalled cycles per insn  ( +-  0.14% )
           851,128      branches                  #  213.595 M/sec                    ( +-  0.25% )
             4,254      branch-misses             #    0.50% of all branches          ( +- 47.02% )  (18.15%)

          0.003018 +- 0.000153 seconds time elapsed  ( +-  5.06% )


 Performance counter stats for './mandelbrot_omp -0.8 -0.7 0.05 0.15 32 4' (10 runs):

              4.68 msec task-clock                #    1.849 CPUs utilized            ( +-  1.41% )
                 0      context-switches          #    0.000 K/sec                  
                 0      cpu-migrations            #    0.000 K/sec                  
                93      page-faults               #    0.020 M/sec                    ( +-  0.33% )
         7,630,494      cycles                    #    1.631 GHz                      ( +-  1.91% )  (78.72%)
         5,365,712      stalled-cycles-frontend   #   70.32% frontend cycles idle     ( +-  2.06% )
         2,406,888      stalled-cycles-backend    #   31.54% backend cycles idle      ( +-  3.79% )
         6,351,243      instructions              #    0.83  insn per cycle         
                                                  #    0.84  stalled cycles per insn  ( +-  0.78% )
           937,604      branches                  #  200.418 M/sec                    ( +-  1.50% )
     <not counted>      branch-misses                                                 ( +- 48.23% )  (21.28%)

         0.0025308 +- 0.0000481 seconds time elapsed  ( +-  1.90% )

Some events weren't counted. Try disabling the NMI watchdog:
	echo 0 > /proc/sys/kernel/nmi_watchdog
	perf stat ...
	echo 1 > /proc/sys/kernel/nmi_watchdog

 Performance counter stats for './mandelbrot_omp -0.8 -0.7 0.05 0.15 32 8' (10 runs):

              6.70 msec task-clock                #    2.922 CPUs utilized            ( +-  2.31% )
                 0      context-switches          #    0.000 K/sec                  
                 0      cpu-migrations            #    0.000 K/sec                  
               100      page-faults               #    0.015 M/sec                    ( +-  0.35% )
        12,024,813      cycles                    #    1.795 GHz                      ( +-  2.55% )  (58.59%)
         8,489,740      stalled-cycles-frontend   #   70.60% frontend cycles idle     ( +-  2.68% )
         4,799,199      stalled-cycles-backend    #   39.91% backend cycles idle      ( +-  3.72% )
         8,215,167      instructions              #    0.68  insn per cycle         
                                                  #    1.03  stalled cycles per insn  ( +-  1.66% )
         1,451,247      branches                  #  216.643 M/sec                    ( +-  2.70% )
     <not counted>      branch-misses                                                 ( +- 33.37% )  (41.41%)

          0.002292 +- 0.000138 seconds time elapsed  ( +-  6.03% )

Some events weren't counted. Try disabling the NMI watchdog:
	echo 0 > /proc/sys/kernel/nmi_watchdog
	perf stat ...
	echo 1 > /proc/sys/kernel/nmi_watchdog

 Performance counter stats for './mandelbrot_omp -0.8 -0.7 0.05 0.15 32 16' (10 runs):

             12.94 msec task-clock                #    4.831 CPUs utilized            ( +-  2.29% )
                 0      context-switches          #    0.000 K/sec                  
                 0      cpu-migrations            #    0.000 K/sec                  
               117      page-faults               #    0.009 M/sec                    ( +-  0.38% )
        18,801,139      cycles                    #    1.453 GHz                      ( +- 10.83% )  (39.77%)
        15,722,516      stalled-cycles-frontend   #   83.63% frontend cycles idle     ( +-  3.33% )
        10,188,746      stalled-cycles-backend    #   54.19% backend cycles idle      ( +-  3.82% )
        12,438,739      instructions              #    0.66  insn per cycle         
                                                  #    1.26  stalled cycles per insn  ( +-  2.62% )
         2,615,708      branches                  #  202.125 M/sec                    ( +-  3.56% )
             9,298      branch-misses             #    0.36% of all branches          ( +- 27.40% )  (60.23%)

         0.0026787 +- 0.0000653 seconds time elapsed  ( +-  2.44% )


 Performance counter stats for './mandelbrot_omp -0.8 -0.7 0.05 0.15 32 32' (10 runs):

            120.64 msec task-clock                #   20.940 CPUs utilized            ( +-  1.60% )
                22      context-switches          #    0.182 K/sec                    ( +- 17.44% )
                 4      cpu-migrations            #    0.030 K/sec                    ( +- 15.04% )
               152      page-faults               #    0.001 M/sec                    ( +-  0.24% )
       325,851,445      cycles                    #    2.701 GHz                      ( +-  3.42% )  (36.08%)
       234,646,443      stalled-cycles-frontend   #   72.01% frontend cycles idle     ( +-  4.23% )  (91.70%)
       179,702,986      stalled-cycles-backend    #   55.15% backend cycles idle      ( +-  3.90% )
       117,161,318      instructions              #    0.36  insn per cycle         
                                                  #    2.00  stalled cycles per insn  ( +-  3.94% )
        32,399,682      branches                  #  268.565 M/sec                    ( +-  4.07% )
            15,935      branch-misses             #    0.05% of all branches          ( +- 11.66% )  (72.22%)

          0.005761 +- 0.000135 seconds time elapsed  ( +-  2.35% )


 Performance counter stats for './mandelbrot_omp -0.8 -0.7 0.05 0.15 64 1' (10 runs):

              8.84 msec task-clock                #    0.957 CPUs utilized            ( +-  6.24% )
                 0      context-switches          #    0.000 K/sec                  
                 0      cpu-migrations            #    0.000 K/sec                  
               115      page-faults               #    0.013 M/sec                    ( +-  0.23% )
        18,562,647      cycles                    #    2.101 GHz                      ( +-  3.72% )  (54.78%)
        14,580,513      stalled-cycles-frontend   #   78.55% frontend cycles idle     ( +-  2.48% )  (70.64%)
         3,647,298      stalled-cycles-backend    #   19.65% backend cycles idle      ( +-  0.96% )  (96.74%)
        19,712,617      instructions              #    1.06  insn per cycle         
                                                  #    0.74  stalled cycles per insn  ( +-  0.02% )
         2,413,353      branches                  #  273.124 M/sec                    ( +-  0.03% )
             7,154      branch-misses             #    0.30% of all branches          ( +-  9.76% )  (77.84%)

          0.009233 +- 0.000574 seconds time elapsed  ( +-  6.22% )


 Performance counter stats for './mandelbrot_omp -0.8 -0.7 0.05 0.15 64 2' (10 runs):

              8.93 msec task-clock                #    1.682 CPUs utilized            ( +-  4.33% )
                 0      context-switches          #    0.011 K/sec                    ( +-100.00% )
                 0      cpu-migrations            #    0.000 K/sec                  
               117      page-faults               #    0.013 M/sec                    ( +-  0.29% )
        22,510,070      cycles                    #    2.521 GHz                      ( +-  2.49% )  (45.13%)
        15,609,811      stalled-cycles-frontend   #   69.35% frontend cycles idle     ( +-  0.25% )  (94.91%)
         5,049,358      stalled-cycles-backend    #   22.43% backend cycles idle      ( +-  0.76% )
        20,759,208      instructions              #    0.92  insn per cycle         
                                                  #    0.75  stalled cycles per insn  ( +-  0.03% )
         2,705,958      branches                  #  302.998 M/sec                    ( +-  0.05% )
             8,588      branch-misses             #    0.32% of all branches          ( +- 12.31% )  (59.96%)

          0.005309 +- 0.000229 seconds time elapsed  ( +-  4.31% )


 Performance counter stats for './mandelbrot_omp -0.8 -0.7 0.05 0.15 64 4' (10 runs):

             12.81 msec task-clock                #    2.838 CPUs utilized            ( +-  1.04% )
                 0      context-switches          #    0.008 K/sec                    ( +-100.00% )
                 0      cpu-migrations            #    0.000 K/sec                  
               122      page-faults               #    0.010 M/sec                    ( +-  0.29% )
        24,965,491      cycles                    #    1.949 GHz                      ( +-  2.86% )  (34.34%)
        17,248,859      stalled-cycles-frontend   #   69.09% frontend cycles idle     ( +-  2.29% )  (99.91%)
         6,315,237      stalled-cycles-backend    #   25.30% backend cycles idle      ( +-  4.79% )
        21,764,085      instructions              #    0.87  insn per cycle         
                                                  #    0.79  stalled cycles per insn  ( +-  1.16% )
         2,981,530      branches                  #  232.742 M/sec                    ( +-  2.41% )
            12,030      branch-misses             #    0.40% of all branches          ( +- 23.86% )  (65.75%)

         0.0045138 +- 0.0000563 seconds time elapsed  ( +-  1.25% )


 Performance counter stats for './mandelbrot_omp -0.8 -0.7 0.05 0.15 64 8' (10 runs):

             13.29 msec task-clock                #    4.196 CPUs utilized            ( +-  3.93% )
                 0      context-switches          #    0.000 K/sec                  
                 0      cpu-migrations            #    0.000 K/sec                  
               131      page-faults               #    0.010 M/sec                    ( +-  0.35% )
        28,933,436      cycles                    #    2.178 GHz                      ( +-  1.79% )  (47.09%)
        21,034,712      stalled-cycles-frontend   #   72.70% frontend cycles idle     ( +-  1.09% )
         9,216,116      stalled-cycles-backend    #   31.85% backend cycles idle      ( +-  1.96% )
        24,118,778      instructions              #    0.83  insn per cycle         
                                                  #    0.87  stalled cycles per insn  ( +-  0.54% )
         3,632,641      branches                  #  273.436 M/sec                    ( +-  1.02% )
     <not counted>      branch-misses                                                 ( +- 17.48% )  (52.91%)

          0.003166 +- 0.000143 seconds time elapsed  ( +-  4.52% )

Some events weren't counted. Try disabling the NMI watchdog:
	echo 0 > /proc/sys/kernel/nmi_watchdog
	perf stat ...
	echo 1 > /proc/sys/kernel/nmi_watchdog

 Performance counter stats for './mandelbrot_omp -0.8 -0.7 0.05 0.15 64 16' (10 runs):

             24.44 msec task-clock                #    7.743 CPUs utilized            ( +-  1.06% )
                 0      context-switches          #    0.000 K/sec                  
                 0      cpu-migrations            #    0.000 K/sec                  
               147      page-faults               #    0.006 M/sec                    ( +-  0.20% )
        46,398,055      cycles                    #    1.898 GHz                      ( +-  2.01% )  (71.08%)
        31,333,976      stalled-cycles-frontend   #   67.53% frontend cycles idle     ( +-  1.65% )
        17,015,724      stalled-cycles-backend    #   36.67% backend cycles idle      ( +-  2.39% )
        30,010,253      instructions              #    0.65  insn per cycle         
                                                  #    1.04  stalled cycles per insn  ( +-  1.11% )
         5,276,829      branches                  #  215.871 M/sec                    ( +-  1.81% )
     <not counted>      branch-misses                                                 ( +- 45.23% )  (28.92%)

         0.0031571 +- 0.0000791 seconds time elapsed  ( +-  2.50% )

Some events weren't counted. Try disabling the NMI watchdog:
	echo 0 > /proc/sys/kernel/nmi_watchdog
	perf stat ...
	echo 1 > /proc/sys/kernel/nmi_watchdog

 Performance counter stats for './mandelbrot_omp -0.8 -0.7 0.05 0.15 64 32' (10 runs):

            107.96 msec task-clock                #   19.431 CPUs utilized            ( +-  7.63% )
                40      context-switches          #    0.373 K/sec                    ( +- 17.92% )
                 5      cpu-migrations            #    0.045 K/sec                    ( +- 20.73% )
               182      page-faults               #    0.002 M/sec                    ( +-  0.24% )
       305,961,449      cycles                    #    2.834 GHz                      ( +-  8.25% )  (31.81%)
       230,799,682      stalled-cycles-frontend   #   75.43% frontend cycles idle     ( +-  8.15% )  (92.73%)
       170,014,096      stalled-cycles-backend    #   55.57% backend cycles idle      ( +-  8.46% )
       123,380,590      instructions              #    0.40  insn per cycle         
                                                  #    1.87  stalled cycles per insn  ( +-  7.35% )
        31,817,687      branches                  #  294.729 M/sec                    ( +-  8.14% )
            24,430      branch-misses             #    0.08% of all branches          ( +- 24.98% )  (75.46%)

          0.005556 +- 0.000274 seconds time elapsed  ( +-  4.94% )


 Performance counter stats for './mandelbrot_omp -0.8 -0.7 0.05 0.15 128 1' (10 runs):

             27.11 msec task-clock                #    0.985 CPUs utilized            ( +-  2.50% )
                 0      context-switches          #    0.000 K/sec                  
                 0      cpu-migrations            #    0.000 K/sec                  
               236      page-faults               #    0.009 M/sec                    ( +-  0.13% )
        73,953,481      cycles                    #    2.728 GHz                      ( +-  0.85% )  (78.89%)
        53,459,956      stalled-cycles-frontend   #   72.29% frontend cycles idle     ( +-  0.77% )  (84.02%)
        12,919,176      stalled-cycles-backend    #   17.47% backend cycles idle      ( +-  1.81% )  (70.51%)
        76,071,176      instructions              #    1.03  insn per cycle         
                                                  #    0.70  stalled cycles per insn  ( +-  0.87% )  (85.25%)
         8,859,959      branches                  #  326.772 M/sec                    ( +-  0.46% )  (85.25%)
            18,956      branch-misses             #    0.21% of all branches          ( +-  6.92% )  (81.32%)

          0.027514 +- 0.000695 seconds time elapsed  ( +-  2.53% )


 Performance counter stats for './mandelbrot_omp -0.8 -0.7 0.05 0.15 128 2' (10 runs):

             30.20 msec task-clock                #    1.786 CPUs utilized            ( +-  3.56% )
                 1      context-switches          #    0.036 K/sec                    ( +-  9.09% )
                 0      cpu-migrations            #    0.000 K/sec                  
               237      page-faults               #    0.008 M/sec                    ( +-  0.24% )
        78,722,782      cycles                    #    2.607 GHz                      ( +-  1.86% )  (74.63%)
        58,191,141      stalled-cycles-frontend   #   73.92% frontend cycles idle     ( +-  1.47% )  (73.53%)
        13,626,622      stalled-cycles-backend    #   17.31% backend cycles idle      ( +-  2.56% )  (62.96%)
        76,481,303      instructions              #    0.97  insn per cycle         
                                                  #    0.76  stalled cycles per insn  ( +-  1.41% )  (86.95%)
         9,593,800      branches                  #  317.707 M/sec                    ( +-  0.30% )  (98.14%)
            19,900      branch-misses             #    0.21% of all branches          ( +-  2.45% )  (90.75%)

          0.016910 +- 0.000625 seconds time elapsed  ( +-  3.70% )


 Performance counter stats for './mandelbrot_omp -0.8 -0.7 0.05 0.15 128 4' (10 runs):

             37.42 msec task-clock                #    3.303 CPUs utilized            ( +-  5.65% )
                 2      context-switches          #    0.040 K/sec                    ( +- 30.23% )
                 0      cpu-migrations            #    0.000 K/sec                  
               242      page-faults               #    0.006 M/sec                    ( +-  0.09% )
        82,095,761      cycles                    #    2.194 GHz                      ( +-  2.36% )  (60.35%)
        62,038,248      stalled-cycles-frontend   #   75.57% frontend cycles idle     ( +-  2.14% )  (65.81%)
        16,815,008      stalled-cycles-backend    #   20.48% backend cycles idle      ( +-  2.71% )  (88.74%)
        79,705,494      instructions              #    0.97  insn per cycle         
                                                  #    0.78  stalled cycles per insn  ( +-  0.44% )  (99.17%)
        10,164,193      branches                  #  271.655 M/sec                    ( +-  0.73% )
            20,644      branch-misses             #    0.20% of all branches          ( +-  5.42% )  (85.10%)

          0.011328 +- 0.000698 seconds time elapsed  ( +-  6.16% )


 Performance counter stats for './mandelbrot_omp -0.8 -0.7 0.05 0.15 128 8' (10 runs):

             44.54 msec task-clock                #    5.806 CPUs utilized            ( +-  6.50% )
                 2      context-switches          #    0.047 K/sec                    ( +- 29.65% )
                 0      cpu-migrations            #    0.000 K/sec                  
               250      page-faults               #    0.006 M/sec                    ( +-  0.14% )
        97,446,266      cycles                    #    2.188 GHz                      ( +-  1.23% )  (45.78%)
        73,465,694      stalled-cycles-frontend   #   75.39% frontend cycles idle     ( +-  2.30% )  (67.24%)
        25,570,856      stalled-cycles-backend    #   26.24% backend cycles idle      ( +-  4.45% )  (97.64%)
        87,208,473      instructions              #    0.89  insn per cycle         
                                                  #    0.84  stalled cycles per insn  ( +-  0.78% )
        12,238,324      branches                  #  274.780 M/sec                    ( +-  1.58% )
            22,712      branch-misses             #    0.19% of all branches          ( +-  6.13% )  (89.34%)

          0.007671 +- 0.000574 seconds time elapsed  ( +-  7.48% )


 Performance counter stats for './mandelbrot_omp -0.8 -0.7 0.05 0.15 128 16' (10 runs):

             50.63 msec task-clock                #    9.244 CPUs utilized            ( +-  9.07% )
                 1      context-switches          #    0.012 K/sec                    ( +- 66.67% )
                 0      cpu-migrations            #    0.000 K/sec                  
               267      page-faults               #    0.005 M/sec                    ( +-  0.18% )
       109,657,984      cycles                    #    2.166 GHz                      ( +-  3.14% )  (24.12%)
        80,027,084      stalled-cycles-frontend   #   72.98% frontend cycles idle     ( +-  1.75% )  (93.58%)
        32,999,703      stalled-cycles-backend    #   30.09% backend cycles idle      ( +-  2.83% )
        90,981,609      instructions              #    0.83  insn per cycle         
                                                  #    0.88  stalled cycles per insn  ( +-  0.74% )
        13,270,300      branches                  #  262.081 M/sec                    ( +-  1.44% )
            25,126      branch-misses             #    0.19% of all branches          ( +-  6.90% )  (82.30%)

          0.005478 +- 0.000504 seconds time elapsed  ( +-  9.21% )


 Performance counter stats for './mandelbrot_omp -0.8 -0.7 0.05 0.15 128 32' (10 runs):

            167.83 msec task-clock                #   19.497 CPUs utilized            ( +- 10.49% )
                45      context-switches          #    0.266 K/sec                    ( +-  7.28% )
                 6      cpu-migrations            #    0.038 K/sec                    ( +- 15.49% )
               302      page-faults               #    0.002 M/sec                    ( +-  0.17% )
       425,189,067      cycles                    #    2.533 GHz                      ( +-  5.25% )  (44.25%)
       323,794,694      stalled-cycles-frontend   #   76.15% frontend cycles idle     ( +-  5.46% )  (72.03%)
       212,148,434      stalled-cycles-backend    #   49.90% backend cycles idle      ( +-  6.56% )  (91.97%)
       198,816,968      instructions              #    0.47  insn per cycle         
                                                  #    1.63  stalled cycles per insn  ( +-  4.11% )  (99.32%)
        44,049,313      branches                  #  262.463 M/sec                    ( +-  5.26% )
            37,851      branch-misses             #    0.09% of all branches          ( +-  4.27% )  (91.75%)

          0.008608 +- 0.000821 seconds time elapsed  ( +-  9.54% )


 Performance counter stats for './mandelbrot_omp -0.8 -0.7 0.05 0.15 256 1' (10 runs):

            104.37 msec task-clock                #    0.995 CPUs utilized            ( +-  9.29% )
                 0      context-switches          #    0.001 K/sec                    ( +-100.00% )
                 0      cpu-migrations            #    0.000 K/sec                  
               716      page-faults               #    0.007 M/sec                    ( +-  0.04% )
       287,923,012      cycles                    #    2.759 GHz                      ( +-  0.39% )  (83.14%)
       208,174,435      stalled-cycles-frontend   #   72.30% frontend cycles idle     ( +-  0.26% )  (83.14%)
        48,055,938      stalled-cycles-backend    #   16.69% backend cycles idle      ( +-  0.54% )  (66.28%)
       299,047,511      instructions              #    1.04  insn per cycle         
                                                  #    0.70  stalled cycles per insn  ( +-  0.24% )  (83.14%)
        35,449,342      branches                  #  339.636 M/sec                    ( +-  0.23% )  (83.64%)
            65,368      branch-misses             #    0.18% of all branches          ( +-  1.46% )  (83.79%)

           0.10487 +- 0.00969 seconds time elapsed  ( +-  9.24% )


 Performance counter stats for './mandelbrot_omp -0.8 -0.7 0.05 0.15 256 2' (10 runs):

             97.97 msec task-clock                #    1.739 CPUs utilized            ( +-  0.69% )
                 1      context-switches          #    0.012 K/sec                    ( +- 11.11% )
                 0      cpu-migrations            #    0.000 K/sec                  
               719      page-faults               #    0.007 M/sec                    ( +-  0.05% )
       293,471,951      cycles                    #    2.995 GHz                      ( +-  0.37% )  (81.82%)
       212,714,747      stalled-cycles-frontend   #   72.48% frontend cycles idle     ( +-  0.35% )  (81.73%)
        51,355,011      stalled-cycles-backend    #   17.50% backend cycles idle      ( +-  0.73% )  (67.16%)
       302,526,184      instructions              #    1.03  insn per cycle         
                                                  #    0.70  stalled cycles per insn  ( +-  0.35% )  (83.67%)
        36,063,653      branches                  #  368.099 M/sec                    ( +-  0.16% )  (84.09%)
            68,975      branch-misses             #    0.19% of all branches          ( +-  1.94% )  (85.20%)

          0.056332 +- 0.000519 seconds time elapsed  ( +-  0.92% )


 Performance counter stats for './mandelbrot_omp -0.8 -0.7 0.05 0.15 256 4' (10 runs):

            109.14 msec task-clock                #    3.244 CPUs utilized            ( +-  0.49% )
                 3      context-switches          #    0.030 K/sec                    ( +-  4.63% )
                 0      cpu-migrations            #    0.001 K/sec                    ( +-100.00% )
               723      page-faults               #    0.007 M/sec                    ( +-  0.05% )
       299,265,947      cycles                    #    2.742 GHz                      ( +-  0.41% )  (80.79%)
       223,050,838      stalled-cycles-frontend   #   74.53% frontend cycles idle     ( +-  0.61% )  (79.75%)
        60,543,917      stalled-cycles-backend    #   20.23% backend cycles idle      ( +-  0.94% )  (69.58%)
       305,130,197      instructions              #    1.02  insn per cycle         
                                                  #    0.73  stalled cycles per insn  ( +-  0.57% )  (85.35%)
        37,173,799      branches                  #  340.606 M/sec                    ( +-  0.47% )  (85.35%)
            70,567      branch-misses             #    0.19% of all branches          ( +-  1.96% )  (84.53%)

          0.033647 +- 0.000484 seconds time elapsed  ( +-  1.44% )


 Performance counter stats for './mandelbrot_omp -0.8 -0.7 0.05 0.15 256 8' (10 runs):

            125.98 msec task-clock                #    5.704 CPUs utilized            ( +-  2.56% )
                 5      context-switches          #    0.043 K/sec                    ( +-  8.82% )
                 0      cpu-migrations            #    0.000 K/sec                  
               731      page-faults               #    0.006 M/sec                    ( +-  0.05% )
       321,563,817      cycles                    #    2.552 GHz                      ( +-  0.63% )  (87.58%)
       232,890,385      stalled-cycles-frontend   #   72.42% frontend cycles idle     ( +-  0.73% )  (77.18%)
        71,603,248      stalled-cycles-backend    #   22.27% backend cycles idle      ( +-  4.23% )  (52.43%)
       313,286,756      instructions              #    0.97  insn per cycle         
                                                  #    0.74  stalled cycles per insn  ( +-  1.25% )  (77.70%)
        39,219,196      branches                  #  311.311 M/sec                    ( +-  0.39% )  (87.76%)
            73,860      branch-misses             #    0.19% of all branches          ( +-  1.05% )  (95.06%)

           0.02209 +- 0.00101 seconds time elapsed  ( +-  4.59% )


 Performance counter stats for './mandelbrot_omp -0.8 -0.7 0.05 0.15 256 16' (10 runs):

            144.54 msec task-clock                #   10.086 CPUs utilized            ( +-  6.95% )
                 8      context-switches          #    0.057 K/sec                    ( +- 11.47% )
                 0      cpu-migrations            #    0.001 K/sec                    ( +-100.00% )
               748      page-faults               #    0.005 M/sec                    ( +-  0.04% )
       366,504,405      cycles                    #    2.536 GHz                      ( +-  1.41% )  (78.53%)
       258,487,321      stalled-cycles-frontend   #   70.53% frontend cycles idle     ( +-  1.75% )  (60.64%)
        85,311,415      stalled-cycles-backend    #   23.28% backend cycles idle      ( +-  7.14% )  (68.51%)
       335,747,542      instructions              #    0.92  insn per cycle         
                                                  #    0.77  stalled cycles per insn  ( +-  1.14% )  (93.92%)
        44,092,220      branches                  #  305.062 M/sec                    ( +-  1.47% )  (95.72%)
            78,512      branch-misses             #    0.18% of all branches          ( +-  2.08% )  (96.60%)

           0.01433 +- 0.00135 seconds time elapsed  ( +-  9.40% )


 Performance counter stats for './mandelbrot_omp -0.8 -0.7 0.05 0.15 256 32' (10 runs):

            237.52 msec task-clock                #   16.598 CPUs utilized            ( +-  3.68% )
                35      context-switches          #    0.146 K/sec                    ( +-  5.01% )
                 6      cpu-migrations            #    0.024 K/sec                    ( +- 10.48% )
               782      page-faults               #    0.003 M/sec                    ( +-  0.04% )
       643,597,303      cycles                    #    2.710 GHz                      ( +-  1.20% )  (75.32%)
       467,789,730      stalled-cycles-frontend   #   72.68% frontend cycles idle     ( +-  1.19% )  (53.19%)
       230,023,474      stalled-cycles-backend    #   35.74% backend cycles idle      ( +-  3.63% )  (74.08%)
       413,193,013      instructions              #    0.64  insn per cycle         
                                                  #    1.13  stalled cycles per insn  ( +-  0.20% )  (95.88%)
        67,059,272      branches                  #  282.334 M/sec                    ( +-  0.92% )  (98.76%)
            89,283      branch-misses             #    0.13% of all branches          ( +-  1.04% )  (98.65%)

          0.014310 +- 0.000906 seconds time elapsed  ( +-  6.33% )


 Performance counter stats for './mandelbrot_omp -0.8 -0.7 0.05 0.15 512 1' (10 runs):

            476.38 msec task-clock                #    0.999 CPUs utilized            ( +-  7.32% )
                 1      context-switches          #    0.002 K/sec                    ( +- 36.51% )
                 0      cpu-migrations            #    0.000 K/sec                    ( +-100.00% )
             2,636      page-faults               #    0.006 M/sec                    ( +-  0.01% )
     1,148,637,484      cycles                    #    2.411 GHz                      ( +-  0.12% )  (83.08%)
       829,465,884      stalled-cycles-frontend   #   72.21% frontend cycles idle     ( +-  0.12% )  (83.13%)
       189,617,240      stalled-cycles-backend    #   16.51% backend cycles idle      ( +-  0.28% )  (66.72%)
     1,194,458,083      instructions              #    1.04  insn per cycle         
                                                  #    0.69  stalled cycles per insn  ( +-  0.16% )  (83.50%)
       142,291,308      branches                  #  298.696 M/sec                    ( +-  0.14% )  (83.68%)
           248,238      branch-misses             #    0.17% of all branches          ( +-  0.19% )  (83.39%)

            0.4770 +- 0.0349 seconds time elapsed  ( +-  7.32% )


 Performance counter stats for './mandelbrot_omp -0.8 -0.7 0.05 0.15 512 2' (10 runs):

            415.03 msec task-clock                #    1.674 CPUs utilized            ( +-  7.92% )
                 2      context-switches          #    0.005 K/sec                    ( +- 26.07% )
                 0      cpu-migrations            #    0.000 K/sec                  
             2,639      page-faults               #    0.006 M/sec                    ( +-  0.02% )
     1,150,076,750      cycles                    #    2.771 GHz                      ( +-  0.14% )  (83.29%)
       831,326,105      stalled-cycles-frontend   #   72.28% frontend cycles idle     ( +-  0.09% )  (83.58%)
       192,310,003      stalled-cycles-backend    #   16.72% backend cycles idle      ( +-  0.54% )  (66.75%)
     1,196,529,986      instructions              #    1.04  insn per cycle         
                                                  #    0.69  stalled cycles per insn  ( +-  0.23% )  (83.30%)
       142,461,358      branches                  #  343.255 M/sec                    ( +-  0.21% )  (83.22%)
           250,648      branch-misses             #    0.18% of all branches          ( +-  0.36% )  (83.16%)

            0.2479 +- 0.0203 seconds time elapsed  ( +-  8.20% )


 Performance counter stats for './mandelbrot_omp -0.8 -0.7 0.05 0.15 512 4' (10 runs):

            379.18 msec task-clock                #    3.101 CPUs utilized            ( +-  0.89% )
                 4      context-switches          #    0.012 K/sec                    ( +-  6.94% )
                 0      cpu-migrations            #    0.000 K/sec                  
             2,643      page-faults               #    0.007 M/sec                    ( +-  0.02% )
     1,164,228,848      cycles                    #    3.070 GHz                      ( +-  0.15% )  (82.96%)
       839,522,178      stalled-cycles-frontend   #   72.11% frontend cycles idle     ( +-  0.18% )  (83.67%)
       197,552,305      stalled-cycles-backend    #   16.97% backend cycles idle      ( +-  0.58% )  (67.66%)
     1,202,836,597      instructions              #    1.03  insn per cycle         
                                                  #    0.70  stalled cycles per insn  ( +-  0.30% )  (83.60%)
       144,453,741      branches                  #  380.968 M/sec                    ( +-  0.22% )  (82.54%)
           258,178      branch-misses             #    0.18% of all branches          ( +-  1.05% )  (83.17%)

           0.12229 +- 0.00184 seconds time elapsed  ( +-  1.51% )


 Performance counter stats for './mandelbrot_omp -0.8 -0.7 0.05 0.15 512 8' (10 runs):

            401.41 msec task-clock                #    5.648 CPUs utilized            ( +-  0.52% )
                 8      context-switches          #    0.020 K/sec                    ( +-  4.79% )
                 0      cpu-migrations            #    0.000 K/sec                  
             2,651      page-faults               #    0.007 M/sec                    ( +-  0.01% )
     1,190,527,049      cycles                    #    2.966 GHz                      ( +-  0.28% )  (83.10%)
       852,679,510      stalled-cycles-frontend   #   71.62% frontend cycles idle     ( +-  0.25% )  (84.15%)
       206,887,618      stalled-cycles-backend    #   17.38% backend cycles idle      ( +-  0.39% )  (67.82%)
     1,210,988,314      instructions              #    1.02  insn per cycle         
                                                  #    0.70  stalled cycles per insn  ( +-  0.38% )  (83.13%)
       147,497,336      branches                  #  367.445 M/sec                    ( +-  0.31% )  (82.03%)
           263,085      branch-misses             #    0.18% of all branches          ( +-  0.58% )  (82.90%)

          0.071074 +- 0.000800 seconds time elapsed  ( +-  1.13% )


 Performance counter stats for './mandelbrot_omp -0.8 -0.7 0.05 0.15 512 16' (10 runs):

            473.97 msec task-clock                #    9.453 CPUs utilized            ( +-  2.58% )
                16      context-switches          #    0.034 K/sec                    ( +-  5.67% )
                 0      cpu-migrations            #    0.000 K/sec                  
             2,617      page-faults               #    0.006 M/sec                    ( +-  1.96% )
     1,240,803,572      cycles                    #    2.618 GHz                      ( +-  0.55% )  (84.69%)
       891,047,401      stalled-cycles-frontend   #   71.81% frontend cycles idle     ( +-  0.55% )  (85.47%)
       231,677,253      stalled-cycles-backend    #   18.67% backend cycles idle      ( +-  0.92% )  (64.04%)
     1,249,778,382      instructions              #    1.01  insn per cycle         
                                                  #    0.71  stalled cycles per insn  ( +-  0.67% )  (80.45%)
       154,693,752      branches                  #  326.379 M/sec                    ( +-  0.40% )  (82.14%)
           270,954      branch-misses             #    0.18% of all branches          ( +-  0.51% )  (83.65%)

           0.05014 +- 0.00173 seconds time elapsed  ( +-  3.44% )


 Performance counter stats for './mandelbrot_omp -0.8 -0.7 0.05 0.15 512 32' (10 runs):

            571.22 msec task-clock                #   15.063 CPUs utilized            ( +-  1.72% )
                46      context-switches          #    0.080 K/sec                    ( +-  9.60% )
                 7      cpu-migrations            #    0.012 K/sec                    ( +-  7.38% )
             2,703      page-faults               #    0.005 M/sec                    ( +-  0.01% )
     1,637,601,255      cycles                    #    2.867 GHz                      ( +-  1.30% )  (81.87%)
     1,246,858,214      stalled-cycles-frontend   #   76.14% frontend cycles idle     ( +-  1.25% )  (90.65%)
       458,892,081      stalled-cycles-backend    #   28.02% backend cycles idle      ( +-  2.10% )  (71.01%)
     1,331,193,917      instructions              #    0.81  insn per cycle         
                                                  #    0.94  stalled cycles per insn  ( +-  1.03% )  (79.89%)
       179,169,374      branches                  #  313.659 M/sec                    ( +-  1.06% )  (78.23%)
           280,121      branch-misses             #    0.16% of all branches          ( +-  1.06% )  (78.24%)

          0.037921 +- 0.000930 seconds time elapsed  ( +-  2.45% )


 Performance counter stats for './mandelbrot_omp -0.8 -0.7 0.05 0.15 1024 1' (10 runs):

          1,495.49 msec task-clock                #    1.000 CPUs utilized            ( +-  2.58% )
                 2      context-switches          #    0.001 K/sec                    ( +- 12.28% )
                 0      cpu-migrations            #    0.000 K/sec                  
             8,783      page-faults               #    0.006 M/sec                    ( +-  0.00% )
     4,592,178,847      cycles                    #    3.071 GHz                      ( +-  0.03% )  (83.24%)
     3,320,078,359      stalled-cycles-frontend   #   72.30% frontend cycles idle     ( +-  0.06% )  (83.30%)
       777,655,931      stalled-cycles-backend    #   16.93% backend cycles idle      ( +-  0.19% )  (66.71%)
     4,776,193,485      instructions              #    1.04  insn per cycle         
                                                  #    0.70  stalled cycles per insn  ( +-  0.02% )  (83.37%)
       561,791,831      branches                  #  375.658 M/sec                    ( +-  0.04% )  (83.44%)
           955,305      branch-misses             #    0.17% of all branches          ( +-  0.04% )  (83.31%)

            1.4959 +- 0.0386 seconds time elapsed  ( +-  2.58% )


 Performance counter stats for './mandelbrot_omp -0.8 -0.7 0.05 0.15 1024 2' (10 runs):

          1,666.60 msec task-clock                #    1.750 CPUs utilized            ( +-  5.05% )
                 6      context-switches          #    0.003 K/sec                    ( +- 15.86% )
                 1      cpu-migrations            #    0.000 K/sec                    ( +- 27.22% )
             8,786      page-faults               #    0.005 M/sec                    ( +-  0.01% )
     4,619,766,285      cycles                    #    2.772 GHz                      ( +-  0.14% )  (83.18%)
     3,345,734,157      stalled-cycles-frontend   #   72.42% frontend cycles idle     ( +-  0.16% )  (83.27%)
       794,772,874      stalled-cycles-backend    #   17.20% backend cycles idle      ( +-  0.59% )  (66.79%)
     4,785,183,824      instructions              #    1.04  insn per cycle         
                                                  #    0.70  stalled cycles per insn  ( +-  0.06% )  (83.45%)
       563,477,868      branches                  #  338.101 M/sec                    ( +-  0.10% )  (83.46%)
           993,650      branch-misses             #    0.18% of all branches          ( +-  1.37% )  (83.31%)

            0.9524 +- 0.0437 seconds time elapsed  ( +-  4.59% )


 Performance counter stats for './mandelbrot_omp -0.8 -0.7 0.05 0.15 1024 4' (10 runs):

          1,598.52 msec task-clock                #    3.117 CPUs utilized            ( +-  5.45% )
                 6      context-switches          #    0.004 K/sec                    ( +-  7.34% )
                 0      cpu-migrations            #    0.000 K/sec                    ( +- 40.82% )
             8,790      page-faults               #    0.005 M/sec                    ( +-  0.00% )
     4,623,943,922      cycles                    #    2.893 GHz                      ( +-  0.15% )  (83.12%)
     3,342,273,085      stalled-cycles-frontend   #   72.28% frontend cycles idle     ( +-  0.12% )  (83.27%)
       796,205,438      stalled-cycles-backend    #   17.22% backend cycles idle      ( +-  0.50% )  (66.82%)
     4,787,907,627      instructions              #    1.04  insn per cycle         
                                                  #    0.70  stalled cycles per insn  ( +-  0.08% )  (83.44%)
       564,984,270      branches                  #  353.442 M/sec                    ( +-  0.11% )  (83.47%)
           990,418      branch-misses             #    0.18% of all branches          ( +-  1.29% )  (83.32%)

            0.5129 +- 0.0346 seconds time elapsed  ( +-  6.74% )


 Performance counter stats for './mandelbrot_omp -0.8 -0.7 0.05 0.15 1024 8' (10 runs):

          1,936.41 msec task-clock                #    5.457 CPUs utilized            ( +-  7.35% )
                11      context-switches          #    0.006 K/sec                    ( +-  7.41% )
                 0      cpu-migrations            #    0.000 K/sec                    ( +- 66.67% )
             8,798      page-faults               #    0.005 M/sec                    ( +-  0.00% )
     4,636,923,824      cycles                    #    2.395 GHz                      ( +-  0.14% )  (83.01%)
     3,357,221,579      stalled-cycles-frontend   #   72.40% frontend cycles idle     ( +-  0.10% )  (83.00%)
       800,543,010      stalled-cycles-backend    #   17.26% backend cycles idle      ( +-  0.30% )  (66.96%)
     4,787,576,298      instructions              #    1.03  insn per cycle         
                                                  #    0.70  stalled cycles per insn  ( +-  0.11% )  (83.62%)
       566,252,934      branches                  #  292.423 M/sec                    ( +-  0.10% )  (83.76%)
           990,600      branch-misses             #    0.17% of all branches          ( +-  0.60% )  (83.26%)

            0.3548 +- 0.0256 seconds time elapsed  ( +-  7.23% )


 Performance counter stats for './mandelbrot_omp -0.8 -0.7 0.05 0.15 1024 16' (10 runs):

          1,639.51 msec task-clock                #    9.095 CPUs utilized            ( +-  1.28% )
                18      context-switches          #    0.011 K/sec                    ( +-  4.23% )
                 0      cpu-migrations            #    0.000 K/sec                  
             8,815      page-faults               #    0.005 M/sec                    ( +-  0.01% )
     4,750,203,393      cycles                    #    2.897 GHz                      ( +-  0.21% )  (82.31%)
     3,444,458,376      stalled-cycles-frontend   #   72.51% frontend cycles idle     ( +-  0.25% )  (82.61%)
       857,994,964      stalled-cycles-backend    #   18.06% backend cycles idle      ( +-  0.66% )  (67.51%)
     4,817,448,581      instructions              #    1.01  insn per cycle         
                                                  #    0.71  stalled cycles per insn  ( +-  0.24% )  (84.13%)
       570,913,426      branches                  #  348.223 M/sec                    ( +-  0.12% )  (84.50%)
           980,593      branch-misses             #    0.17% of all branches          ( +-  0.42% )  (83.07%)

           0.18027 +- 0.00480 seconds time elapsed  ( +-  2.66% )


 Performance counter stats for './mandelbrot_omp -0.8 -0.7 0.05 0.15 1024 32' (10 runs):

          2,123.73 msec task-clock                #   14.660 CPUs utilized            ( +-  6.76% )
               212      context-switches          #    0.100 K/sec                    ( +- 25.23% )
                 6      cpu-migrations            #    0.003 K/sec                    ( +- 24.26% )
             8,849      page-faults               #    0.004 M/sec                    ( +-  0.00% )
     5,613,630,913      cycles                    #    2.643 GHz                      ( +-  0.24% )  (81.61%)
     4,267,438,384      stalled-cycles-frontend   #   76.02% frontend cycles idle     ( +-  0.14% )  (82.29%)
     1,363,593,993      stalled-cycles-backend    #   24.29% backend cycles idle      ( +-  0.50% )  (67.94%)
     4,875,922,032      instructions              #    0.87  insn per cycle         
                                                  #    0.88  stalled cycles per insn  ( +-  0.24% )  (84.58%)
       593,718,506      branches                  #  279.564 M/sec                    ( +-  0.31% )  (85.42%)
         1,019,513      branch-misses             #    0.17% of all branches          ( +-  0.50% )  (82.74%)

           0.14487 +- 0.00964 seconds time elapsed  ( +-  6.65% )


 Performance counter stats for './mandelbrot_omp -0.8 -0.7 0.05 0.15 2048 1' (10 runs):

          5,843.98 msec task-clock                #    1.000 CPUs utilized            ( +-  0.91% )
                 5      context-switches          #    0.001 K/sec                    ( +-  6.67% )
                 0      cpu-migrations            #    0.000 K/sec                  
            33,589      page-faults               #    0.006 M/sec                    ( +-  0.25% )
    18,346,604,813      cycles                    #    3.139 GHz                      ( +-  0.01% )  (83.32%)
    13,261,409,453      stalled-cycles-frontend   #   72.28% frontend cycles idle     ( +-  0.02% )  (83.32%)
     3,103,615,595      stalled-cycles-backend    #   16.92% backend cycles idle      ( +-  0.11% )  (66.66%)
    19,125,145,024      instructions              #    1.04  insn per cycle         
                                                  #    0.69  stalled cycles per insn  ( +-  0.01% )  (83.34%)
     2,250,369,995      branches                  #  385.075 M/sec                    ( +-  0.01% )  (83.35%)
         3,752,609      branch-misses             #    0.17% of all branches          ( +-  0.07% )  (83.35%)

            5.8447 +- 0.0531 seconds time elapsed  ( +-  0.91% )


 Performance counter stats for './mandelbrot_omp -0.8 -0.7 0.05 0.15 2048 2' (10 runs):

          6,053.48 msec task-clock                #    1.746 CPUs utilized            ( +-  1.94% )
                13      context-switches          #    0.002 K/sec                    ( +- 14.83% )
                 1      cpu-migrations            #    0.000 K/sec                    ( +- 34.69% )
            58,522      page-faults               #    0.010 M/sec                    ( +-  1.59% )
    18,565,668,919      cycles                    #    3.067 GHz                      ( +-  0.12% )  (83.31%)
    13,435,951,542      stalled-cycles-frontend   #   72.37% frontend cycles idle     ( +-  0.13% )  (83.32%)
     3,246,645,897      stalled-cycles-backend    #   17.49% backend cycles idle      ( +-  0.49% )  (66.65%)
    19,194,534,353      instructions              #    1.03  insn per cycle         
                                                  #    0.70  stalled cycles per insn  ( +-  0.05% )  (83.35%)
     2,263,084,198      branches                  #  373.849 M/sec                    ( +-  0.07% )  (83.37%)
         3,956,085      branch-misses             #    0.17% of all branches          ( +-  1.28% )  (83.35%)

            3.4675 +- 0.0466 seconds time elapsed  ( +-  1.34% )


 Performance counter stats for './mandelbrot_omp -0.8 -0.7 0.05 0.15 2048 4' (10 runs):

          6,366.72 msec task-clock                #    3.195 CPUs utilized            ( +-  2.69% )
                16      context-switches          #    0.003 K/sec                    ( +-  5.24% )
                 3      cpu-migrations            #    0.001 K/sec                    ( +- 14.00% )
            46,588      page-faults               #    0.007 M/sec                    ( +-  2.32% )
    18,441,419,281      cycles                    #    2.897 GHz                      ( +-  0.09% )  (83.33%)
    13,337,287,472      stalled-cycles-frontend   #   72.32% frontend cycles idle     ( +-  0.11% )  (83.29%)
     3,159,500,419      stalled-cycles-backend    #   17.13% backend cycles idle      ( +-  0.46% )  (66.64%)
    19,149,504,394      instructions              #    1.04  insn per cycle         
                                                  #    0.70  stalled cycles per insn  ( +-  0.03% )  (83.34%)
     2,256,718,929      branches                  #  354.456 M/sec                    ( +-  0.03% )  (83.37%)
         3,794,306      branch-misses             #    0.17% of all branches          ( +-  0.22% )  (83.37%)

            1.9925 +- 0.0441 seconds time elapsed  ( +-  2.21% )


 Performance counter stats for './mandelbrot_omp -0.8 -0.7 0.05 0.15 2048 8' (10 runs):

          6,828.33 msec task-clock                #    5.576 CPUs utilized            ( +-  3.55% )
                24      context-switches          #    0.004 K/sec                    ( +- 16.35% )
                 2      cpu-migrations            #    0.000 K/sec                    ( +- 31.13% )
            33,932      page-faults               #    0.005 M/sec                    ( +-  0.71% )
    18,460,230,459      cycles                    #    2.703 GHz                      ( +-  0.12% )  (83.34%)
    13,346,207,283      stalled-cycles-frontend   #   72.30% frontend cycles idle     ( +-  0.13% )  (83.28%)
     3,167,675,950      stalled-cycles-backend    #   17.16% backend cycles idle      ( +-  0.42% )  (66.59%)
    19,162,381,820      instructions              #    1.04  insn per cycle         
                                                  #    0.70  stalled cycles per insn  ( +-  0.07% )  (83.31%)
     2,259,209,459      branches                  #  330.858 M/sec                    ( +-  0.12% )  (83.39%)
         3,853,905      branch-misses             #    0.17% of all branches          ( +-  1.15% )  (83.40%)

            1.2245 +- 0.0478 seconds time elapsed  ( +-  3.90% )


 Performance counter stats for './mandelbrot_omp -0.8 -0.7 0.05 0.15 2048 16' (10 runs):

          6,668.58 msec task-clock                #    8.778 CPUs utilized            ( +-  2.05% )
                30      context-switches          #    0.004 K/sec                    ( +-  6.35% )
                 2      cpu-migrations            #    0.000 K/sec                    ( +- 36.85% )
            33,710      page-faults               #    0.005 M/sec                    ( +-  0.91% )
    18,632,779,412      cycles                    #    2.794 GHz                      ( +-  0.12% )  (83.37%)
    13,520,966,426      stalled-cycles-frontend   #   72.57% frontend cycles idle     ( +-  0.15% )  (83.24%)
     3,254,482,262      stalled-cycles-backend    #   17.47% backend cycles idle      ( +-  0.38% )  (66.60%)
    19,163,915,485      instructions              #    1.03  insn per cycle         
                                                  #    0.71  stalled cycles per insn  ( +-  0.05% )  (83.34%)
     2,262,463,865      branches                  #  339.272 M/sec                    ( +-  0.05% )  (83.38%)
         3,814,937      branch-misses             #    0.17% of all branches          ( +-  0.29% )  (83.41%)

            0.7597 +- 0.0303 seconds time elapsed  ( +-  3.99% )


 Performance counter stats for './mandelbrot_omp -0.8 -0.7 0.05 0.15 2048 32' (10 runs):

          8,245.71 msec task-clock                #   13.511 CPUs utilized            ( +-  4.89% )
               422      context-switches          #    0.051 K/sec                    ( +- 40.54% )
                 7      cpu-migrations            #    0.001 K/sec                    ( +- 19.96% )
            33,438      page-faults               #    0.004 M/sec                    ( +-  0.00% )
    21,492,833,752      cycles                    #    2.607 GHz                      ( +-  0.12% )  (83.52%)
    16,341,847,233      stalled-cycles-frontend   #   76.03% frontend cycles idle     ( +-  0.11% )  (83.25%)
     4,863,001,684      stalled-cycles-backend    #   22.63% backend cycles idle      ( +-  0.26% )  (66.30%)
    19,252,069,287      instructions              #    0.90  insn per cycle         
                                                  #    0.85  stalled cycles per insn  ( +-  0.08% )  (83.25%)
     2,286,144,646      branches                  #  277.253 M/sec                    ( +-  0.13% )  (83.45%)
         3,892,926      branch-misses             #    0.17% of all branches          ( +-  0.86% )  (83.48%)

            0.6103 +- 0.0484 seconds time elapsed  ( +-  7.93% )


 Performance counter stats for './mandelbrot_omp -0.8 -0.7 0.05 0.15 4096 1' (10 runs):

         22,693.61 msec task-clock                #    1.000 CPUs utilized            ( +-  0.35% )
                16      context-switches          #    0.001 K/sec                    ( +- 27.35% )
                 0      cpu-migrations            #    0.000 K/sec                    ( +- 71.15% )
           149,332      page-faults               #    0.007 M/sec                    ( +-  8.23% )
    73,524,804,545      cycles                    #    3.240 GHz                      ( +-  0.06% )  (83.33%)
    53,144,878,576      stalled-cycles-frontend   #   72.28% frontend cycles idle     ( +-  0.07% )  (83.33%)
    12,504,032,834      stalled-cycles-backend    #   17.01% backend cycles idle      ( +-  0.21% )  (66.67%)
    76,593,975,678      instructions              #    1.04  insn per cycle         
                                                  #    0.69  stalled cycles per insn  ( +-  0.02% )  (83.34%)
     9,022,815,788      branches                  #  397.593 M/sec                    ( +-  0.04% )  (83.34%)
        14,865,614      branch-misses             #    0.16% of all branches          ( +-  0.10% )  (83.33%)

           22.6953 +- 0.0788 seconds time elapsed  ( +-  0.35% )


 Performance counter stats for './mandelbrot_omp -0.8 -0.7 0.05 0.15 4096 2' (10 runs):

         23,370.44 msec task-clock                #    1.717 CPUs utilized            ( +-  0.32% )
                44      context-switches          #    0.002 K/sec                    ( +- 11.50% )
                 8      cpu-migrations            #    0.000 K/sec                    ( +- 15.59% )
           265,188      page-faults               #    0.011 M/sec                    ( +-  1.04% )
    74,051,279,300      cycles                    #    3.169 GHz                      ( +-  0.07% )  (83.33%)
    53,536,957,324      stalled-cycles-frontend   #   72.30% frontend cycles idle     ( +-  0.09% )  (83.33%)
    12,804,741,002      stalled-cycles-backend    #   17.29% backend cycles idle      ( +-  0.32% )  (66.67%)
    76,765,013,958      instructions              #    1.04  insn per cycle         
                                                  #    0.70  stalled cycles per insn  ( +-  0.02% )  (83.34%)
     9,057,030,206      branches                  #  387.542 M/sec                    ( +-  0.03% )  (83.34%)
        15,106,205      branch-misses             #    0.17% of all branches          ( +-  0.47% )  (83.33%)

           13.6112 +- 0.0757 seconds time elapsed  ( +-  0.56% )


 Performance counter stats for './mandelbrot_omp -0.8 -0.7 0.05 0.15 4096 4' (10 runs):

         23,763.17 msec task-clock                #    3.128 CPUs utilized            ( +-  0.41% )
                55      context-switches          #    0.002 K/sec                    ( +-  8.54% )
                18      cpu-migrations            #    0.001 K/sec                    ( +- 12.78% )
           231,799      page-faults               #    0.010 M/sec                    ( +-  0.45% )
    73,883,957,460      cycles                    #    3.109 GHz                      ( +-  0.04% )  (83.33%)
    53,400,748,055      stalled-cycles-frontend   #   72.28% frontend cycles idle     ( +-  0.05% )  (83.33%)
    12,690,770,218      stalled-cycles-backend    #   17.18% backend cycles idle      ( +-  0.18% )  (66.68%)
    76,660,639,827      instructions              #    1.04  insn per cycle         
                                                  #    0.70  stalled cycles per insn  ( +-  0.01% )  (83.34%)
     9,037,980,265      branches                  #  380.336 M/sec                    ( +-  0.01% )  (83.34%)
        15,010,902      branch-misses             #    0.17% of all branches          ( +-  0.17% )  (83.32%)

            7.5978 +- 0.0491 seconds time elapsed  ( +-  0.65% )


 Performance counter stats for './mandelbrot_omp -0.8 -0.7 0.05 0.15 4096 8' (10 runs):

         24,375.41 msec task-clock                #    5.679 CPUs utilized            ( +-  0.51% )
                42      context-switches          #    0.002 K/sec                    ( +-  4.81% )
                 8      cpu-migrations            #    0.000 K/sec                    ( +- 21.77% )
           204,272      page-faults               #    0.008 M/sec                    ( +-  1.44% )
    74,002,315,049      cycles                    #    3.036 GHz                      ( +-  0.08% )  (83.32%)
    53,516,112,222      stalled-cycles-frontend   #   72.32% frontend cycles idle     ( +-  0.08% )  (83.33%)
    12,787,498,830      stalled-cycles-backend    #   17.28% backend cycles idle      ( +-  0.28% )  (66.68%)
    76,688,090,333      instructions              #    1.04  insn per cycle         
                                                  #    0.70  stalled cycles per insn  ( +-  0.01% )  (83.34%)
     9,041,006,461      branches                  #  370.907 M/sec                    ( +-  0.03% )  (83.35%)
        15,303,239      branch-misses             #    0.17% of all branches          ( +-  0.37% )  (83.32%)

            4.2920 +- 0.0466 seconds time elapsed  ( +-  1.09% )


 Performance counter stats for './mandelbrot_omp -0.8 -0.7 0.05 0.15 4096 16' (10 runs):

         25,629.97 msec task-clock                #    9.229 CPUs utilized            ( +-  0.98% )
                53      context-switches          #    0.002 K/sec                    ( +-  5.41% )
                 4      cpu-migrations            #    0.000 K/sec                    ( +- 25.50% )
           175,113      page-faults               #    0.007 M/sec                    ( +-  1.79% )
    74,572,261,359      cycles                    #    2.910 GHz                      ( +-  0.18% )  (83.34%)
    54,137,213,222      stalled-cycles-frontend   #   72.60% frontend cycles idle     ( +-  0.25% )  (83.33%)
    13,134,882,107      stalled-cycles-backend    #   17.61% backend cycles idle      ( +-  0.66% )  (66.63%)
    76,661,515,754      instructions              #    1.03  insn per cycle         
                                                  #    0.71  stalled cycles per insn  ( +-  0.02% )  (83.33%)
     9,034,524,046      branches                  #  352.498 M/sec                    ( +-  0.03% )  (83.35%)
        15,246,411      branch-misses             #    0.17% of all branches          ( +-  0.40% )  (83.35%)

            2.7771 +- 0.0552 seconds time elapsed  ( +-  1.99% )


 Performance counter stats for './mandelbrot_omp -0.8 -0.7 0.05 0.15 4096 32' (10 runs):

         34,406.67 msec task-clock                #   15.754 CPUs utilized            ( +-  2.86% )
             5,443      context-switches          #    0.158 K/sec                    ( +- 17.33% )
                14      cpu-migrations            #    0.000 K/sec                    ( +- 14.82% )
           156,818      page-faults               #    0.005 M/sec                    ( +-  1.52% )
    85,564,876,876      cycles                    #    2.487 GHz                      ( +-  0.10% )  (83.26%)
    65,092,150,070      stalled-cycles-frontend   #   76.07% frontend cycles idle     ( +-  0.12% )  (83.32%)
    19,146,182,892      stalled-cycles-backend    #   22.38% backend cycles idle      ( +-  0.27% )  (66.78%)
    76,694,334,242      instructions              #    0.90  insn per cycle         
                                                  #    0.85  stalled cycles per insn  ( +-  0.03% )  (83.39%)
     9,056,189,241      branches                  #  263.210 M/sec                    ( +-  0.05% )  (83.36%)
        15,627,800      branch-misses             #    0.17% of all branches          ( +-  0.39% )  (83.28%)

            2.1840 +- 0.0572 seconds time elapsed  ( +-  2.62% )

 Performance counter stats for './mandelbrot_omp -0.8 -0.7 0.05 0.15 8192 1' (10 runs):

         90,953.23 msec task-clock                #    1.000 CPUs utilized            ( +-  0.18% )
                65      context-switches          #    0.001 K/sec                    ( +- 21.68% )
                 2      cpu-migrations            #    0.000 K/sec                    ( +- 28.54% )
           620,926      page-faults               #    0.007 M/sec                    ( +-  2.25% )
   295,489,628,193      cycles                    #    3.249 GHz                      ( +-  0.17% )  (83.33%)
   213,709,182,857      stalled-cycles-frontend   #   72.32% frontend cycles idle     ( +-  0.19% )  (83.33%)
    50,853,587,673      stalled-cycles-backend    #   17.21% backend cycles idle      ( +-  0.67% )  (66.67%)
   307,119,401,260      instructions              #    1.04  insn per cycle         
                                                  #    0.70  stalled cycles per insn  ( +-  0.06% )  (83.33%)
    36,250,675,664      branches                  #  398.564 M/sec                    ( +-  0.11% )  (83.33%)
        60,152,457      branch-misses             #    0.17% of all branches          ( +-  1.19% )  (83.33%)

            90.960 +- 0.162 seconds time elapsed  ( +-  0.18% )


 Performance counter stats for './mandelbrot_omp -0.8 -0.7 0.05 0.15 8192 2' (10 runs):

         92,536.51 msec task-clock                #    1.732 CPUs utilized            ( +-  0.37% )
               138      context-switches          #    0.001 K/sec                    ( +- 12.12% )
                16      cpu-migrations            #    0.000 K/sec                    ( +- 19.61% )
         1,211,664      page-faults               #    0.013 M/sec                    ( +-  1.50% )
   298,272,820,109      cycles                    #    3.223 GHz                      ( +-  0.23% )  (83.33%)
   215,765,169,776      stalled-cycles-frontend   #   72.34% frontend cycles idle     ( +-  0.26% )  (83.33%)
    52,520,495,823      stalled-cycles-backend    #   17.61% backend cycles idle      ( +-  0.86% )  (66.67%)
   307,984,262,126      instructions              #    1.03  insn per cycle         
                                                  #    0.70  stalled cycles per insn  ( +-  0.08% )  (83.33%)
    36,411,232,820      branches                  #  393.480 M/sec                    ( +-  0.13% )  (83.33%)
        60,958,058      branch-misses             #    0.17% of all branches          ( +-  0.81% )  (83.33%)

            53.417 +- 0.224 seconds time elapsed  ( +-  0.42% )


 Performance counter stats for './mandelbrot_omp -0.8 -0.7 0.05 0.15 8192 4' (10 runs):

         93,038.96 msec task-clock                #    3.164 CPUs utilized            ( +-  0.21% )
               166      context-switches          #    0.002 K/sec                    ( +-  7.35% )
                46      cpu-migrations            #    0.000 K/sec                    ( +- 15.23% )
         1,048,725      page-faults               #    0.011 M/sec                    ( +-  1.62% )
   297,606,633,351      cycles                    #    3.199 GHz                      ( +-  0.09% )  (83.33%)
   215,383,516,378      stalled-cycles-frontend   #   72.37% frontend cycles idle     ( +-  0.10% )  (83.33%)
    52,262,656,192      stalled-cycles-backend    #   17.56% backend cycles idle      ( +-  0.34% )  (66.67%)
   307,442,226,637      instructions              #    1.03  insn per cycle         
                                                  #    0.70  stalled cycles per insn  ( +-  0.03% )  (83.33%)
    36,306,491,271      branches                  #  390.229 M/sec                    ( +-  0.05% )  (83.34%)
        60,683,635      branch-misses             #    0.17% of all branches          ( +-  0.28% )  (83.33%)

           29.4032 +- 0.0787 seconds time elapsed  ( +-  0.27% )


 Performance counter stats for './mandelbrot_omp -0.8 -0.7 0.05 0.15 8192 8' (10 runs):

         95,681.04 msec task-clock                #    5.648 CPUs utilized            ( +-  0.38% )
               204      context-switches          #    0.002 K/sec                    ( +- 12.29% )
                55      cpu-migrations            #    0.001 K/sec                    ( +- 19.67% )
         1,024,840      page-faults               #    0.011 M/sec                    ( +-  3.81% )
   297,391,744,178      cycles                    #    3.108 GHz                      ( +-  0.15% )  (83.33%)
   215,251,364,946      stalled-cycles-frontend   #   72.38% frontend cycles idle     ( +-  0.17% )  (83.33%)
    52,121,676,204      stalled-cycles-backend    #   17.53% backend cycles idle      ( +-  0.56% )  (66.68%)
   307,162,037,848      instructions              #    1.03  insn per cycle         
                                                  #    0.70  stalled cycles per insn  ( +-  0.04% )  (83.34%)
    36,242,798,510      branches                  #  378.788 M/sec                    ( +-  0.06% )  (83.33%)
        60,512,476      branch-misses             #    0.17% of all branches          ( +-  0.33% )  (83.33%)

            16.940 +- 0.129 seconds time elapsed  ( +-  0.76% )


 Performance counter stats for './mandelbrot_omp -0.8 -0.7 0.05 0.15 8192 16' (10 runs):

        100,218.70 msec task-clock                #    9.485 CPUs utilized            ( +-  0.38% )
               167      context-switches          #    0.002 K/sec                    ( +-  6.53% )
                32      cpu-migrations            #    0.000 K/sec                    ( +- 30.65% )
           856,776      page-faults               #    0.009 M/sec                    ( +-  3.40% )
   300,626,302,992      cycles                    #    3.000 GHz                      ( +-  0.39% )  (83.33%)
   218,429,184,382      stalled-cycles-frontend   #   72.66% frontend cycles idle     ( +-  0.50% )  (83.32%)
    54,039,593,178      stalled-cycles-backend    #   17.98% backend cycles idle      ( +-  1.37% )  (66.66%)
   307,136,797,785      instructions              #    1.02  insn per cycle         
                                                  #    0.71  stalled cycles per insn  ( +-  0.05% )  (83.33%)
    36,235,711,661      branches                  #  361.566 M/sec                    ( +-  0.08% )  (83.34%)
        61,382,145      branch-misses             #    0.17% of all branches          ( +-  0.68% )  (83.34%)

           10.5665 +- 0.0475 seconds time elapsed  ( +-  0.45% )


 Performance counter stats for './mandelbrot_omp -0.8 -0.7 0.05 0.15 8192 32' (10 runs):

        120,872.02 msec task-clock                #   16.180 CPUs utilized            ( +-  0.61% )
               687      context-switches          #    0.006 K/sec                    ( +-  3.82% )
                24      cpu-migrations            #    0.000 K/sec                    ( +- 12.36% )
           663,809      page-faults               #    0.005 M/sec                    ( +-  4.46% )
   347,797,342,987      cycles                    #    2.877 GHz                      ( +-  0.67% )  (83.34%)
   265,518,419,620      stalled-cycles-frontend   #   76.34% frontend cycles idle     ( +-  0.76% )  (83.35%)
    81,304,317,580      stalled-cycles-backend    #   23.38% backend cycles idle      ( +-  2.20% )  (66.64%)
   307,500,139,367      instructions              #    0.88  insn per cycle         
                                                  #    0.86  stalled cycles per insn  ( +-  0.12% )  (83.32%)
    36,335,124,838      branches                  #  300.608 M/sec                    ( +-  0.22% )  (83.34%)
        64,955,158      branch-misses             #    0.18% of all branches          ( +-  2.34% )  (83.34%)

            7.4703 +- 0.0609 seconds time elapsed  ( +-  0.81% )

