
 Performance counter stats for './mandelbrot_omp 0.175 0.375 -0.1 0.1 16 1' (10 runs):

              1.01 msec task-clock                #    0.628 CPUs utilized            ( +-  5.53% )
                 0      context-switches          #    0.000 K/sec                  
                 0      cpu-migrations            #    0.000 K/sec                  
                76      page-faults               #    0.076 M/sec                    ( +-  0.52% )
         1,407,020      cycles                    #    1.399 GHz                      ( +-  1.86% )  (76.69%)
           914,775      stalled-cycles-frontend   #   65.02% frontend cycles idle     ( +-  1.23% )
           720,669      stalled-cycles-backend    #   51.22% backend cycles idle      ( +-  1.46% )
         1,000,654      instructions              #    0.71  insn per cycle         
                                                  #    0.91  stalled cycles per insn  ( +-  0.35% )
           212,448      branches                  #  211.256 M/sec                    ( +-  0.31% )
             2,895      branch-misses             #    1.36% of all branches          ( +- 50.97% )  (23.31%)

         0.0016007 +- 0.0000850 seconds time elapsed  ( +-  5.31% )


 Performance counter stats for './mandelbrot_omp 0.175 0.375 -0.1 0.1 16 2' (10 runs):

              0.89 msec task-clock                #    0.684 CPUs utilized            ( +-  1.42% )
                 0      context-switches          #    0.000 K/sec                  
                 0      cpu-migrations            #    0.000 K/sec                  
                79      page-faults               #    0.088 M/sec                    ( +-  0.53% )
         1,760,379      cycles                    #    1.974 GHz                      ( +-  1.35% )  (81.97%)
         1,170,572      stalled-cycles-frontend   #   66.50% frontend cycles idle     ( +-  1.86% )
           926,927      stalled-cycles-backend    #   52.65% backend cycles idle      ( +-  2.21% )
         1,112,083      instructions              #    0.63  insn per cycle         
                                                  #    1.05  stalled cycles per insn  ( +-  0.32% )
           237,124      branches                  #  265.862 M/sec                    ( +-  0.29% )
     <not counted>      branch-misses                                                 ( +- 66.69% )  (18.03%)

         0.0013036 +- 0.0000243 seconds time elapsed  ( +-  1.86% )

Some events weren't counted. Try disabling the NMI watchdog:
	echo 0 > /proc/sys/kernel/nmi_watchdog
	perf stat ...
	echo 1 > /proc/sys/kernel/nmi_watchdog

 Performance counter stats for './mandelbrot_omp 0.175 0.375 -0.1 0.1 16 4' (10 runs):

              1.61 msec task-clock                #    0.909 CPUs utilized            ( +-  1.41% )
                 0      context-switches          #    0.000 K/sec                  
                 0      cpu-migrations            #    0.000 K/sec                  
                84      page-faults               #    0.052 M/sec                    ( +-  0.44% )
         2,525,892      cycles                    #    1.571 GHz                      ( +-  0.80% )  (84.20%)
         1,720,492      stalled-cycles-frontend   #   68.11% frontend cycles idle     ( +-  0.75% )
         1,348,723      stalled-cycles-backend    #   53.40% backend cycles idle      ( +-  0.90% )
         1,422,434      instructions              #    0.56  insn per cycle         
                                                  #    1.21  stalled cycles per insn  ( +-  0.53% )
           317,960      branches                  #  197.726 M/sec                    ( +-  0.58% )
     <not counted>      branch-misses                                                 ( +- 67.07% )  (15.80%)

         0.0017681 +- 0.0000231 seconds time elapsed  ( +-  1.31% )

Some events weren't counted. Try disabling the NMI watchdog:
	echo 0 > /proc/sys/kernel/nmi_watchdog
	perf stat ...
	echo 1 > /proc/sys/kernel/nmi_watchdog

 Performance counter stats for './mandelbrot_omp 0.175 0.375 -0.1 0.1 16 8' (10 runs):

              2.63 msec task-clock                #    1.646 CPUs utilized            ( +-  3.54% )
                 0      context-switches          #    0.000 K/sec                  
                 0      cpu-migrations            #    0.000 K/sec                  
                91      page-faults               #    0.035 M/sec                    ( +-  0.40% )
         5,182,924      cycles                    #    1.971 GHz                      ( +-  1.57% )  (77.30%)
         3,482,639      stalled-cycles-frontend   #   67.19% frontend cycles idle     ( +-  1.69% )
         2,697,636      stalled-cycles-backend    #   52.05% backend cycles idle      ( +-  1.95% )
         2,415,767      instructions              #    0.47  insn per cycle         
                                                  #    1.44  stalled cycles per insn  ( +-  0.77% )
           583,614      branches                  #  221.925 M/sec                    ( +-  0.93% )
     <not counted>      branch-misses                                                 ( +- 54.83% )  (22.70%)

         0.0015979 +- 0.0000669 seconds time elapsed  ( +-  4.19% )

Some events weren't counted. Try disabling the NMI watchdog:
	echo 0 > /proc/sys/kernel/nmi_watchdog
	perf stat ...
	echo 1 > /proc/sys/kernel/nmi_watchdog

 Performance counter stats for './mandelbrot_omp 0.175 0.375 -0.1 0.1 16 16' (10 runs):

              9.44 msec task-clock                #    3.844 CPUs utilized            ( +-  4.04% )
                 0      context-switches          #    0.000 K/sec                  
                 0      cpu-migrations            #    0.000 K/sec                  
               108      page-faults               #    0.011 M/sec                    ( +-  0.29% )
        15,490,753      cycles                    #    1.640 GHz                      ( +-  5.65% )  (43.64%)
        10,500,811      stalled-cycles-frontend   #   67.79% frontend cycles idle     ( +-  4.03% )
         7,990,977      stalled-cycles-backend    #   51.59% backend cycles idle      ( +-  4.35% )
         6,592,170      instructions              #    0.43  insn per cycle         
                                                  #    1.59  stalled cycles per insn  ( +-  2.89% )
         1,732,275      branches                  #  183.429 M/sec                    ( +-  3.13% )
             6,879      branch-misses             #    0.40% of all branches          ( +- 30.24% )  (56.36%)

          0.002457 +- 0.000133 seconds time elapsed  ( +-  5.42% )


 Performance counter stats for './mandelbrot_omp 0.175 0.375 -0.1 0.1 16 32' (10 runs):

            101.40 msec task-clock                #   20.290 CPUs utilized            ( +- 19.94% )
                14      context-switches          #    0.136 K/sec                    ( +- 29.70% )
                 4      cpu-migrations            #    0.035 K/sec                    ( +- 18.69% )
               143      page-faults               #    0.001 M/sec                    ( +-  0.34% )
       246,285,816      cycles                    #    2.429 GHz                      ( +- 18.85% )  (41.35%)
       179,234,530      stalled-cycles-frontend   #   72.78% frontend cycles idle     ( +- 18.06% )  (78.11%)
       137,976,966      stalled-cycles-backend    #   56.02% backend cycles idle      ( +- 18.13% )  (99.16%)
        87,442,246      instructions              #    0.36  insn per cycle         
                                                  #    2.05  stalled cycles per insn  ( +- 17.65% )
        24,712,065      branches                  #  243.709 M/sec                    ( +- 17.82% )
            12,799      branch-misses             #    0.05% of all branches          ( +- 18.73% )  (81.38%)

          0.004998 +- 0.000806 seconds time elapsed  ( +- 16.13% )


 Performance counter stats for './mandelbrot_omp 0.175 0.375 -0.1 0.1 32 1' (10 runs):

              0.93 msec task-clock                #    0.624 CPUs utilized            ( +-  6.00% )
                 0      context-switches          #    0.000 K/sec                  
                 0      cpu-migrations            #    0.000 K/sec                  
                77      page-faults               #    0.083 M/sec                    ( +-  0.52% )
         1,437,991      cycles                    #    1.549 GHz                      ( +-  0.76% )  (90.16%)
           913,212      stalled-cycles-frontend   #   63.51% frontend cycles idle     ( +-  1.04% )
           718,228      stalled-cycles-backend    #   49.95% backend cycles idle      ( +-  1.20% )
         1,000,787      instructions              #    0.70  insn per cycle         
                                                  #    0.91  stalled cycles per insn  ( +-  0.20% )
           212,604      branches                  #  228.984 M/sec                    ( +-  0.16% )
             2,241      branch-misses             #    1.05% of all branches          ( +- 66.79% )  (9.84%)

         0.0014873 +- 0.0000765 seconds time elapsed  ( +-  5.14% )


 Performance counter stats for './mandelbrot_omp 0.175 0.375 -0.1 0.1 32 2' (10 runs):

              0.93 msec task-clock                #    0.699 CPUs utilized            ( +-  7.20% )
                 0      context-switches          #    0.000 K/sec                  
                 0      cpu-migrations            #    0.000 K/sec                  
                79      page-faults               #    0.085 M/sec                    ( +-  0.30% )
         1,770,940      cycles                    #    1.910 GHz                      ( +-  1.62% )  (94.11%)
         1,158,388      stalled-cycles-frontend   #   65.41% frontend cycles idle     ( +-  1.76% )
           914,730      stalled-cycles-backend    #   51.65% backend cycles idle      ( +-  2.05% )
         1,111,212      instructions              #    0.63  insn per cycle         
                                                  #    1.04  stalled cycles per insn  ( +-  0.64% )
           237,274      branches                  #  255.845 M/sec                    ( +-  0.62% )
     <not counted>      branch-misses                                                 ( +-100.00% )  (5.89%)

         0.0013271 +- 0.0000818 seconds time elapsed  ( +-  6.16% )

Some events weren't counted. Try disabling the NMI watchdog:
	echo 0 > /proc/sys/kernel/nmi_watchdog
	perf stat ...
	echo 1 > /proc/sys/kernel/nmi_watchdog

 Performance counter stats for './mandelbrot_omp 0.175 0.375 -0.1 0.1 32 4' (10 runs):

              1.41 msec task-clock                #    0.962 CPUs utilized            ( +-  4.47% )
                 0      context-switches          #    0.071 K/sec                    ( +-100.00% )
                 0      cpu-migrations            #    0.000 K/sec                  
                83      page-faults               #    0.059 M/sec                    ( +-  0.53% )
         2,748,667      cycles                    #    1.949 GHz                      ( +-  2.86% )  (77.50%)
         1,841,095      stalled-cycles-frontend   #   66.98% frontend cycles idle     ( +-  1.99% )
         1,447,219      stalled-cycles-backend    #   52.65% backend cycles idle      ( +-  2.09% )
         1,485,179      instructions              #    0.54  insn per cycle         
                                                  #    1.24  stalled cycles per insn  ( +-  1.15% )
           335,026      branches                  #  237.610 M/sec                    ( +-  1.39% )
     <not counted>      branch-misses                                                 ( +- 53.23% )  (22.50%)

         0.0014656 +- 0.0000654 seconds time elapsed  ( +-  4.46% )

Some events weren't counted. Try disabling the NMI watchdog:
	echo 0 > /proc/sys/kernel/nmi_watchdog
	perf stat ...
	echo 1 > /proc/sys/kernel/nmi_watchdog

 Performance counter stats for './mandelbrot_omp 0.175 0.375 -0.1 0.1 32 8' (10 runs):

              3.25 msec task-clock                #    1.731 CPUs utilized            ( +- 10.48% )
                 0      context-switches          #    0.000 K/sec                  
                 0      cpu-migrations            #    0.000 K/sec                  
                90      page-faults               #    0.028 M/sec                    ( +-  0.38% )
         5,807,638      cycles                    #    1.788 GHz                      ( +- 10.89% )  (79.36%)
         3,989,054      stalled-cycles-frontend   #   68.69% frontend cycles idle     ( +- 10.83% )
         3,077,799      stalled-cycles-backend    #   53.00% backend cycles idle      ( +- 10.61% )
         2,655,315      instructions              #    0.46  insn per cycle         
                                                  #    1.50  stalled cycles per insn  ( +-  7.75% )
           649,698      branches                  #  199.979 M/sec                    ( +-  8.97% )
     <not counted>      branch-misses                                                 ( +- 58.86% )  (20.64%)

         0.0018768 +- 0.0000811 seconds time elapsed  ( +-  4.32% )

Some events weren't counted. Try disabling the NMI watchdog:
	echo 0 > /proc/sys/kernel/nmi_watchdog
	perf stat ...
	echo 1 > /proc/sys/kernel/nmi_watchdog

 Performance counter stats for './mandelbrot_omp 0.175 0.375 -0.1 0.1 32 16' (10 runs):

              6.41 msec task-clock                #    4.069 CPUs utilized            ( +-  2.82% )
                 0      context-switches          #    0.000 K/sec                  
                 0      cpu-migrations            #    0.000 K/sec                  
               108      page-faults               #    0.017 M/sec                    ( +-  0.43% )
        15,191,017      cycles                    #    2.369 GHz                      ( +-  4.29% )  (81.80%)
        10,295,571      stalled-cycles-frontend   #   67.77% frontend cycles idle     ( +-  3.41% )
         7,897,245      stalled-cycles-backend    #   51.99% backend cycles idle      ( +-  3.56% )
         6,173,365      instructions              #    0.41  insn per cycle         
                                                  #    1.67  stalled cycles per insn  ( +-  1.80% )
         1,612,524      branches                  #  251.478 M/sec                    ( +-  1.95% )
             1,972      branch-misses             #    0.12% of all branches          ( +- 57.32% )  (18.20%)

         0.0015758 +- 0.0000683 seconds time elapsed  ( +-  4.33% )


 Performance counter stats for './mandelbrot_omp 0.175 0.375 -0.1 0.1 32 32' (10 runs):

            111.69 msec task-clock                #   20.654 CPUs utilized            ( +- 15.56% )
                16      context-switches          #    0.140 K/sec                    ( +- 17.88% )
                 3      cpu-migrations            #    0.026 K/sec                    ( +- 18.14% )
               142      page-faults               #    0.001 M/sec                    ( +-  0.16% )
       272,731,486      cycles                    #    2.442 GHz                      ( +- 10.08% )  (27.07%)
       196,104,380      stalled-cycles-frontend   #   71.90% frontend cycles idle     ( +- 10.41% )  (86.53%)
       151,521,284      stalled-cycles-backend    #   55.56% backend cycles idle      ( +- 10.32% )  (98.61%)
        95,519,358      instructions              #    0.35  insn per cycle         
                                                  #    2.05  stalled cycles per insn  ( +- 10.12% )
        27,020,890      branches                  #  241.934 M/sec                    ( +- 10.21% )
            13,633      branch-misses             #    0.05% of all branches          ( +- 14.51% )  (87.79%)

          0.005407 +- 0.000737 seconds time elapsed  ( +- 13.63% )


 Performance counter stats for './mandelbrot_omp 0.175 0.375 -0.1 0.1 64 1' (10 runs):

              0.72 msec task-clock                #    0.632 CPUs utilized            ( +-  6.52% )
                 0      context-switches          #    0.000 K/sec                  
                 0      cpu-migrations            #    0.000 K/sec                  
                76      page-faults               #    0.106 M/sec                    ( +-  0.59% )
         1,448,787      cycles                    #    2.013 GHz                      ( +-  0.86% )
           917,413      stalled-cycles-frontend   #   63.32% frontend cycles idle     ( +-  1.24% )
           721,213      stalled-cycles-backend    #   49.78% backend cycles idle      ( +-  1.46% )
         1,001,438      instructions              #    0.69  insn per cycle         
                                                  #    0.92  stalled cycles per insn  ( +-  0.31% )
           212,527      branches                  #  295.229 M/sec                    ( +-  0.26% )
     <not counted>      branch-misses                                                 (0.00%)

         0.0011397 +- 0.0000763 seconds time elapsed  ( +-  6.70% )

Some events weren't counted. Try disabling the NMI watchdog:
	echo 0 > /proc/sys/kernel/nmi_watchdog
	perf stat ...
	echo 1 > /proc/sys/kernel/nmi_watchdog

 Performance counter stats for './mandelbrot_omp 0.175 0.375 -0.1 0.1 64 2' (10 runs):

              0.87 msec task-clock                #    0.692 CPUs utilized            ( +-  2.15% )
                 0      context-switches          #    0.115 K/sec                    ( +-100.00% )
                 0      cpu-migrations            #    0.000 K/sec                  
                78      page-faults               #    0.090 M/sec                    ( +-  0.28% )
         1,710,940      cycles                    #    1.962 GHz                      ( +-  5.85% )  (83.83%)
         1,162,180      stalled-cycles-frontend   #   67.93% frontend cycles idle     ( +-  2.22% )
           918,493      stalled-cycles-backend    #   53.68% backend cycles idle      ( +-  2.58% )
         1,106,336      instructions              #    0.65  insn per cycle         
                                                  #    1.05  stalled cycles per insn  ( +-  0.45% )
           236,581      branches                  #  271.319 M/sec                    ( +-  0.53% )
             2,404      branch-misses             #    1.02% of all branches          ( +- 53.09% )  (16.17%)

         0.0012604 +- 0.0000218 seconds time elapsed  ( +-  1.73% )


 Performance counter stats for './mandelbrot_omp 0.175 0.375 -0.1 0.1 64 4' (10 runs):

              1.79 msec task-clock                #    0.916 CPUs utilized            ( +-  3.56% )
                 0      context-switches          #    0.056 K/sec                    ( +-100.00% )
                 0      cpu-migrations            #    0.000 K/sec                  
                83      page-faults               #    0.046 M/sec                    ( +-  0.51% )
         2,572,573      cycles                    #    1.437 GHz                      ( +-  1.15% )  (94.69%)
         1,747,751      stalled-cycles-frontend   #   67.94% frontend cycles idle     ( +-  1.40% )
         1,372,882      stalled-cycles-backend    #   53.37% backend cycles idle      ( +-  1.60% )
         1,422,005      instructions              #    0.55  insn per cycle         
                                                  #    1.23  stalled cycles per insn  ( +-  0.36% )
           317,572      branches                  #  177.433 M/sec                    ( +-  0.42% )
     <not counted>      branch-misses                                                 ( +-100.00% )  (5.31%)

         0.0019533 +- 0.0000650 seconds time elapsed  ( +-  3.33% )

Some events weren't counted. Try disabling the NMI watchdog:
	echo 0 > /proc/sys/kernel/nmi_watchdog
	perf stat ...
	echo 1 > /proc/sys/kernel/nmi_watchdog

 Performance counter stats for './mandelbrot_omp 0.175 0.375 -0.1 0.1 64 8' (10 runs):

              3.87 msec task-clock                #    1.557 CPUs utilized            ( +-  1.76% )
                 0      context-switches          #    0.026 K/sec                    ( +-100.00% )
                 0      cpu-migrations            #    0.000 K/sec                  
                92      page-faults               #    0.024 M/sec                    ( +-  0.46% )
         4,982,210      cycles                    #    1.287 GHz                      ( +-  0.94% )  (54.15%)
         3,381,871      stalled-cycles-frontend   #   67.88% frontend cycles idle     ( +-  0.70% )
         2,599,464      stalled-cycles-backend    #   52.17% backend cycles idle      ( +-  0.73% )
         2,416,057      instructions              #    0.48  insn per cycle         
                                                  #    1.40  stalled cycles per insn  ( +-  0.56% )
           580,721      branches                  #  150.052 M/sec                    ( +-  0.59% )
             5,514      branch-misses             #    0.95% of all branches          ( +- 18.78% )  (45.85%)

         0.0024857 +- 0.0000473 seconds time elapsed  ( +-  1.90% )


 Performance counter stats for './mandelbrot_omp 0.175 0.375 -0.1 0.1 64 16' (10 runs):

              9.99 msec task-clock                #    4.292 CPUs utilized            ( +- 12.66% )
                 0      context-switches          #    0.000 K/sec                  
                 0      cpu-migrations            #    0.000 K/sec                  
               108      page-faults               #    0.011 M/sec                    ( +-  0.31% )
        16,797,055      cycles                    #    1.681 GHz                      ( +- 13.07% )  (46.37%)
        11,675,532      stalled-cycles-frontend   #   69.51% frontend cycles idle     ( +- 12.58% )
         8,843,626      stalled-cycles-backend    #   52.65% backend cycles idle      ( +- 12.44% )
         7,259,698      instructions              #    0.43  insn per cycle         
                                                  #    1.61  stalled cycles per insn  ( +- 11.66% )
         1,922,274      branches                  #  192.337 M/sec                    ( +- 12.53% )
             6,735      branch-misses             #    0.35% of all branches          ( +- 33.26% )  (53.63%)

          0.002329 +- 0.000111 seconds time elapsed  ( +-  4.78% )


 Performance counter stats for './mandelbrot_omp 0.175 0.375 -0.1 0.1 64 32' (10 runs):

            114.82 msec task-clock                #   21.615 CPUs utilized            ( +-  9.41% )
                17      context-switches          #    0.145 K/sec                    ( +- 16.83% )
                 3      cpu-migrations            #    0.029 K/sec                    ( +- 17.52% )
               143      page-faults               #    0.001 M/sec                    ( +-  0.28% )
       296,987,572      cycles                    #    2.587 GHz                      ( +-  8.85% )  (39.90%)
       209,138,049      stalled-cycles-frontend   #   70.42% frontend cycles idle     ( +-  7.91% )  (98.63%)
       161,256,040      stalled-cycles-backend    #   54.30% backend cycles idle      ( +-  7.85% )
       101,914,330      instructions              #    0.34  insn per cycle         
                                                  #    2.05  stalled cycles per insn  ( +-  7.91% )
        28,846,793      branches                  #  251.230 M/sec                    ( +-  7.98% )
            22,808      branch-misses             #    0.08% of all branches          ( +- 48.05% )  (61.47%)

          0.005312 +- 0.000374 seconds time elapsed  ( +-  7.03% )


 Performance counter stats for './mandelbrot_omp 0.175 0.375 -0.1 0.1 128 1' (10 runs):

              1.02 msec task-clock                #    0.637 CPUs utilized            ( +-  3.99% )
                 0      context-switches          #    0.000 K/sec                  
                 0      cpu-migrations            #    0.000 K/sec                  
                76      page-faults               #    0.075 M/sec                    ( +-  0.36% )
         1,456,972      cycles                    #    1.434 GHz                      ( +-  1.02% )  (95.01%)
           918,892      stalled-cycles-frontend   #   63.07% frontend cycles idle     ( +-  1.30% )
           723,682      stalled-cycles-backend    #   49.67% backend cycles idle      ( +-  1.49% )
         1,001,876      instructions              #    0.69  insn per cycle         
                                                  #    0.92  stalled cycles per insn  ( +-  0.33% )
           212,799      branches                  #  209.401 M/sec                    ( +-  0.32% )
     <not counted>      branch-misses                                                 ( +- 71.94% )  (4.99%)

         0.0015958 +- 0.0000603 seconds time elapsed  ( +-  3.78% )

Some events weren't counted. Try disabling the NMI watchdog:
	echo 0 > /proc/sys/kernel/nmi_watchdog
	perf stat ...
	echo 1 > /proc/sys/kernel/nmi_watchdog

 Performance counter stats for './mandelbrot_omp 0.175 0.375 -0.1 0.1 128 2' (10 runs):

              0.61 msec task-clock                #    0.680 CPUs utilized            ( +-  2.07% )
                 0      context-switches          #    0.000 K/sec                  
                 0      cpu-migrations            #    0.000 K/sec                  
                79      page-faults               #    0.129 M/sec                    ( +-  0.57% )
         1,818,195      cycles                    #    2.984 GHz                      ( +-  2.71% )  (93.10%)
         1,212,250      stalled-cycles-frontend   #   66.67% frontend cycles idle     ( +-  3.68% )
           965,732      stalled-cycles-backend    #   53.11% backend cycles idle      ( +-  4.34% )
         1,112,724      instructions              #    0.61  insn per cycle         
                                                  #    1.09  stalled cycles per insn  ( +-  0.63% )
           237,691      branches                  #  390.123 M/sec                    ( +-  0.70% )
     <not counted>      branch-misses                                                 ( +-100.00% )  (6.90%)

         0.0008960 +- 0.0000198 seconds time elapsed  ( +-  2.21% )

Some events weren't counted. Try disabling the NMI watchdog:
	echo 0 > /proc/sys/kernel/nmi_watchdog
	perf stat ...
	echo 1 > /proc/sys/kernel/nmi_watchdog

 Performance counter stats for './mandelbrot_omp 0.175 0.375 -0.1 0.1 128 4' (10 runs):

              1.60 msec task-clock                #    0.925 CPUs utilized            ( +-  3.00% )
                 0      context-switches          #    0.000 K/sec                  
                 0      cpu-migrations            #    0.000 K/sec                  
                83      page-faults               #    0.052 M/sec                    ( +-  0.31% )
         2,631,030      cycles                    #    1.644 GHz                      ( +-  2.00% )  (85.02%)
         1,805,241      stalled-cycles-frontend   #   68.61% frontend cycles idle     ( +-  1.82% )
         1,415,986      stalled-cycles-backend    #   53.82% backend cycles idle      ( +-  1.96% )
         1,455,608      instructions              #    0.55  insn per cycle         
                                                  #    1.24  stalled cycles per insn  ( +-  1.00% )
           327,164      branches                  #  204.445 M/sec                    ( +-  1.26% )
             2,666      branch-misses             #    0.81% of all branches          ( +- 51.76% )  (14.98%)

         0.0017301 +- 0.0000549 seconds time elapsed  ( +-  3.17% )


 Performance counter stats for './mandelbrot_omp 0.175 0.375 -0.1 0.1 128 8' (10 runs):

              3.03 msec task-clock                #    1.588 CPUs utilized            ( +-  2.01% )
                 0      context-switches          #    0.033 K/sec                    ( +-100.00% )
                 0      cpu-migrations            #    0.000 K/sec                  
                92      page-faults               #    0.030 M/sec                    ( +-  0.47% )
         4,955,389      cycles                    #    1.633 GHz                      ( +-  1.80% )  (73.73%)
         3,377,752      stalled-cycles-frontend   #   68.16% frontend cycles idle     ( +-  1.50% )
         2,603,846      stalled-cycles-backend    #   52.55% backend cycles idle      ( +-  1.59% )
         2,390,959      instructions              #    0.48  insn per cycle         
                                                  #    1.41  stalled cycles per insn  ( +-  0.99% )
           574,819      branches                  #  189.423 M/sec                    ( +-  1.17% )
             4,928      branch-misses             #    0.86% of all branches          ( +- 45.17% )  (26.27%)

         0.0019105 +- 0.0000472 seconds time elapsed  ( +-  2.47% )


 Performance counter stats for './mandelbrot_omp 0.175 0.375 -0.1 0.1 128 16' (10 runs):

             11.68 msec task-clock                #    4.341 CPUs utilized            ( +- 12.97% )
                 0      context-switches          #    0.043 K/sec                    ( +- 80.28% )
                 0      cpu-migrations            #    0.000 K/sec                  
               108      page-faults               #    0.009 M/sec                    ( +-  0.45% )
        17,841,681      cycles                    #    1.528 GHz                      ( +- 12.24% )  (29.42%)
        11,851,000      stalled-cycles-frontend   #   66.42% frontend cycles idle     ( +- 13.19% )
         8,949,359      stalled-cycles-backend    #   50.16% backend cycles idle      ( +- 13.10% )
         7,409,711      instructions              #    0.42  insn per cycle         
                                                  #    1.60  stalled cycles per insn  ( +- 12.21% )
         1,964,604      branches                  #  168.209 M/sec                    ( +- 13.13% )
             7,148      branch-misses             #    0.36% of all branches          ( +- 12.63% )  (70.58%)

          0.002691 +- 0.000125 seconds time elapsed  ( +-  4.66% )


 Performance counter stats for './mandelbrot_omp 0.175 0.375 -0.1 0.1 128 32' (10 runs):

            119.57 msec task-clock                #   21.279 CPUs utilized            ( +-  6.27% )
                20      context-switches          #    0.169 K/sec                    ( +- 18.37% )
                 4      cpu-migrations            #    0.033 K/sec                    ( +- 11.11% )
               143      page-faults               #    0.001 M/sec                    ( +-  0.21% )
       310,219,090      cycles                    #    2.594 GHz                      ( +-  7.66% )  (44.95%)
       230,150,270      stalled-cycles-frontend   #   74.19% frontend cycles idle     ( +-  8.10% )  (94.32%)
       177,201,149      stalled-cycles-backend    #   57.12% backend cycles idle      ( +-  7.89% )
       112,095,282      instructions              #    0.36  insn per cycle         
                                                  #    2.05  stalled cycles per insn  ( +-  7.76% )
        31,752,130      branches                  #  265.547 M/sec                    ( +-  7.82% )
            10,535      branch-misses             #    0.03% of all branches          ( +- 17.34% )  (60.73%)

          0.005619 +- 0.000297 seconds time elapsed  ( +-  5.29% )


 Performance counter stats for './mandelbrot_omp 0.175 0.375 -0.1 0.1 256 1' (10 runs):

              0.74 msec task-clock                #    0.644 CPUs utilized            ( +-  2.94% )
                 0      context-switches          #    0.000 K/sec                  
                 0      cpu-migrations            #    0.000 K/sec                  
                76      page-faults               #    0.103 M/sec                    ( +-  0.44% )
         1,396,114      cycles                    #    1.881 GHz                      ( +-  3.44% )  (69.29%)
           914,637      stalled-cycles-frontend   #   65.51% frontend cycles idle     ( +-  1.22% )
           719,498      stalled-cycles-backend    #   51.54% backend cycles idle      ( +-  1.43% )
         1,004,150      instructions              #    0.72  insn per cycle         
                                                  #    0.91  stalled cycles per insn  ( +-  0.46% )
           213,249      branches                  #  287.267 M/sec                    ( +-  0.41% )
     <not counted>      branch-misses                                                 ( +- 41.03% )  (30.71%)

         0.0011534 +- 0.0000343 seconds time elapsed  ( +-  2.98% )

Some events weren't counted. Try disabling the NMI watchdog:
	echo 0 > /proc/sys/kernel/nmi_watchdog
	perf stat ...
	echo 1 > /proc/sys/kernel/nmi_watchdog

 Performance counter stats for './mandelbrot_omp 0.175 0.375 -0.1 0.1 256 2' (10 runs):

              1.00 msec task-clock                #    0.660 CPUs utilized            ( +-  5.66% )
                 0      context-switches          #    0.000 K/sec                  
                 0      cpu-migrations            #    0.000 K/sec                  
                79      page-faults               #    0.079 M/sec                    ( +-  0.50% )
         1,650,302      cycles                    #    1.650 GHz                      ( +-  4.47% )  (80.79%)
         1,142,964      stalled-cycles-frontend   #   69.26% frontend cycles idle     ( +-  1.62% )
           900,555      stalled-cycles-backend    #   54.57% backend cycles idle      ( +-  1.97% )
         1,101,118      instructions              #    0.67  insn per cycle         
                                                  #    1.04  stalled cycles per insn  ( +-  0.35% )
           235,276      branches                  #  235.214 M/sec                    ( +-  0.32% )
             3,136      branch-misses             #    1.33% of all branches          ( +- 52.50% )  (19.21%)

          0.001515 +- 0.000129 seconds time elapsed  ( +-  8.49% )


 Performance counter stats for './mandelbrot_omp 0.175 0.375 -0.1 0.1 256 4' (10 runs):

              1.71 msec task-clock                #    0.913 CPUs utilized            ( +-  4.39% )
                 0      context-switches          #    0.000 K/sec                  
                 0      cpu-migrations            #    0.000 K/sec                  
                83      page-faults               #    0.049 M/sec                    ( +-  0.59% )
         2,562,282      cycles                    #    1.498 GHz                      ( +-  1.96% )  (86.07%)
         1,740,094      stalled-cycles-frontend   #   67.91% frontend cycles idle     ( +-  1.98% )
         1,358,743      stalled-cycles-backend    #   53.03% backend cycles idle      ( +-  2.10% )
         1,444,391      instructions              #    0.56  insn per cycle         
                                                  #    1.20  stalled cycles per insn  ( +-  0.99% )
           324,476      branches                  #  189.670 M/sec                    ( +-  1.16% )
     <not counted>      branch-misses                                                 ( +- 71.17% )  (13.92%)

         0.0018739 +- 0.0000918 seconds time elapsed  ( +-  4.90% )

Some events weren't counted. Try disabling the NMI watchdog:
	echo 0 > /proc/sys/kernel/nmi_watchdog
	perf stat ...
	echo 1 > /proc/sys/kernel/nmi_watchdog

 Performance counter stats for './mandelbrot_omp 0.175 0.375 -0.1 0.1 256 8' (10 runs):

              3.66 msec task-clock                #    1.550 CPUs utilized            ( +-  2.30% )
                 0      context-switches          #    0.000 K/sec                  
                 0      cpu-migrations            #    0.000 K/sec                  
                91      page-faults               #    0.025 M/sec                    ( +-  0.23% )
         4,874,141      cycles                    #    1.333 GHz                      ( +-  1.30% )  (80.31%)
         3,331,588      stalled-cycles-frontend   #   68.35% frontend cycles idle     ( +-  1.28% )
         2,559,265      stalled-cycles-backend    #   52.51% backend cycles idle      ( +-  1.39% )
         2,400,490      instructions              #    0.49  insn per cycle         
                                                  #    1.39  stalled cycles per insn  ( +-  0.78% )
           577,059      branches                  #  157.839 M/sec                    ( +-  0.85% )
     <not counted>      branch-misses                                                 ( +- 54.33% )  (19.69%)

         0.0023583 +- 0.0000544 seconds time elapsed  ( +-  2.31% )

Some events weren't counted. Try disabling the NMI watchdog:
	echo 0 > /proc/sys/kernel/nmi_watchdog
	perf stat ...
	echo 1 > /proc/sys/kernel/nmi_watchdog

 Performance counter stats for './mandelbrot_omp 0.175 0.375 -0.1 0.1 256 16' (10 runs):

             10.26 msec task-clock                #    3.842 CPUs utilized            ( +-  3.33% )
                 0      context-switches          #    0.000 K/sec                  
                 0      cpu-migrations            #    0.000 K/sec                  
               108      page-faults               #    0.011 M/sec                    ( +-  0.41% )
        14,471,419      cycles                    #    1.410 GHz                      ( +-  3.41% )  (59.19%)
        10,063,501      stalled-cycles-frontend   #   69.54% frontend cycles idle     ( +-  0.67% )
         7,593,763      stalled-cycles-backend    #   52.47% backend cycles idle      ( +-  0.73% )
         6,423,235      instructions              #    0.44  insn per cycle         
                                                  #    1.57  stalled cycles per insn  ( +-  0.45% )
         1,685,083      branches                  #  164.238 M/sec                    ( +-  0.49% )
     <not counted>      branch-misses                                                 ( +- 41.80% )  (40.81%)

          0.002670 +- 0.000119 seconds time elapsed  ( +-  4.45% )

Some events weren't counted. Try disabling the NMI watchdog:
	echo 0 > /proc/sys/kernel/nmi_watchdog
	perf stat ...
	echo 1 > /proc/sys/kernel/nmi_watchdog

 Performance counter stats for './mandelbrot_omp 0.175 0.375 -0.1 0.1 256 32' (10 runs):

            114.78 msec task-clock                #   20.904 CPUs utilized            ( +- 11.47% )
                19      context-switches          #    0.164 K/sec                    ( +- 20.54% )
                 3      cpu-migrations            #    0.029 K/sec                    ( +- 20.23% )
               143      page-faults               #    0.001 M/sec                    ( +-  0.35% )
       299,195,175      cycles                    #    2.607 GHz                      ( +- 12.58% )  (34.60%)
       221,171,213      stalled-cycles-frontend   #   73.92% frontend cycles idle     ( +- 12.55% )  (79.15%)
       170,581,614      stalled-cycles-backend    #   57.01% backend cycles idle      ( +- 12.38% )
       107,558,476      instructions              #    0.36  insn per cycle         
                                                  #    2.06  stalled cycles per insn  ( +- 12.15% )
        30,447,812      branches                  #  265.267 M/sec                    ( +- 12.26% )
            17,770      branch-misses             #    0.06% of all branches          ( +- 18.04% )  (86.25%)

          0.005491 +- 0.000482 seconds time elapsed  ( +-  8.77% )


 Performance counter stats for './mandelbrot_omp 0.175 0.375 -0.1 0.1 512 1' (10 runs):

              0.71 msec task-clock                #    0.630 CPUs utilized            ( +-  1.39% )
                 0      context-switches          #    0.000 K/sec                  
                 0      cpu-migrations            #    0.000 K/sec                  
                76      page-faults               #    0.107 M/sec                    ( +-  0.34% )
         1,422,611      cycles                    #    2.012 GHz                      ( +-  0.53% )  (93.88%)
           897,453      stalled-cycles-frontend   #   63.08% frontend cycles idle     ( +-  0.86% )
           704,194      stalled-cycles-backend    #   49.50% backend cycles idle      ( +-  1.05% )
           997,608      instructions              #    0.70  insn per cycle         
                                                  #    0.90  stalled cycles per insn  ( +-  0.23% )
           211,960      branches                  #  299.785 M/sec                    ( +-  0.21% )
     <not counted>      branch-misses                                                 ( +-100.00% )  (6.12%)

         0.0011217 +- 0.0000147 seconds time elapsed  ( +-  1.31% )

Some events weren't counted. Try disabling the NMI watchdog:
	echo 0 > /proc/sys/kernel/nmi_watchdog
	perf stat ...
	echo 1 > /proc/sys/kernel/nmi_watchdog

 Performance counter stats for './mandelbrot_omp 0.175 0.375 -0.1 0.1 512 2' (10 runs):

              1.22 msec task-clock                #    0.690 CPUs utilized            ( +-  4.25% )
                 0      context-switches          #    0.000 K/sec                  
                 0      cpu-migrations            #    0.000 K/sec                  
                78      page-faults               #    0.064 M/sec                    ( +-  0.47% )
         1,760,381      cycles                    #    1.439 GHz                      ( +-  1.01% )  (85.03%)
         1,156,752      stalled-cycles-frontend   #   65.71% frontend cycles idle     ( +-  1.16% )
           912,890      stalled-cycles-backend    #   51.86% backend cycles idle      ( +-  1.38% )
         1,106,123      instructions              #    0.63  insn per cycle         
                                                  #    1.05  stalled cycles per insn  ( +-  0.41% )
           236,491      branches                  #  193.299 M/sec                    ( +-  0.35% )
     <not counted>      branch-misses                                                 ( +- 52.60% )  (14.97%)

         0.0017719 +- 0.0000698 seconds time elapsed  ( +-  3.94% )

Some events weren't counted. Try disabling the NMI watchdog:
	echo 0 > /proc/sys/kernel/nmi_watchdog
	perf stat ...
	echo 1 > /proc/sys/kernel/nmi_watchdog

 Performance counter stats for './mandelbrot_omp 0.175 0.375 -0.1 0.1 512 4' (10 runs):

              1.45 msec task-clock                #    0.932 CPUs utilized            ( +-  2.07% )
                 0      context-switches          #    0.000 K/sec                  
                 0      cpu-migrations            #    0.000 K/sec                  
                83      page-faults               #    0.058 M/sec                    ( +-  0.52% )
         2,590,264      cycles                    #    1.792 GHz                      ( +-  2.12% )  (89.92%)
         1,758,090      stalled-cycles-frontend   #   67.87% frontend cycles idle     ( +-  2.48% )
         1,376,139      stalled-cycles-backend    #   53.13% backend cycles idle      ( +-  2.62% )
         1,448,956      instructions              #    0.56  insn per cycle         
                                                  #    1.21  stalled cycles per insn  ( +-  1.07% )
           324,990      branches                  #  224.889 M/sec                    ( +-  1.41% )
     <not counted>      branch-misses                                                 ( +-100.00% )  (10.08%)

         0.0015503 +- 0.0000336 seconds time elapsed  ( +-  2.17% )

Some events weren't counted. Try disabling the NMI watchdog:
	echo 0 > /proc/sys/kernel/nmi_watchdog
	perf stat ...
	echo 1 > /proc/sys/kernel/nmi_watchdog

 Performance counter stats for './mandelbrot_omp 0.175 0.375 -0.1 0.1 512 8' (10 runs):

              2.76 msec task-clock                #    1.604 CPUs utilized            ( +-  1.34% )
                 0      context-switches          #    0.000 K/sec                  
                 0      cpu-migrations            #    0.000 K/sec                  
                92      page-faults               #    0.033 M/sec                    ( +-  0.41% )
         4,917,844      cycles                    #    1.783 GHz                      ( +-  3.07% )  (72.75%)
         3,443,479      stalled-cycles-frontend   #   70.02% frontend cycles idle     ( +-  1.57% )
         2,658,751      stalled-cycles-backend    #   54.06% backend cycles idle      ( +-  1.71% )
         2,419,790      instructions              #    0.49  insn per cycle         
                                                  #    1.42  stalled cycles per insn  ( +-  0.83% )
           583,166      branches                  #  211.454 M/sec                    ( +-  0.93% )
             5,719      branch-misses             #    0.98% of all branches          ( +- 43.84% )  (27.25%)

         0.0017198 +- 0.0000356 seconds time elapsed  ( +-  2.07% )


 Performance counter stats for './mandelbrot_omp 0.175 0.375 -0.1 0.1 512 16' (10 runs):

              9.39 msec task-clock                #    3.824 CPUs utilized            ( +-  2.17% )
                 0      context-switches          #    0.000 K/sec                  
                 0      cpu-migrations            #    0.000 K/sec                  
               108      page-faults               #    0.011 M/sec                    ( +-  0.32% )
        15,203,026      cycles                    #    1.619 GHz                      ( +-  1.75% )  (74.45%)
        10,300,767      stalled-cycles-frontend   #   67.75% frontend cycles idle     ( +-  0.97% )
         7,814,894      stalled-cycles-backend    #   51.40% backend cycles idle      ( +-  0.94% )
         6,462,825      instructions              #    0.43  insn per cycle         
                                                  #    1.59  stalled cycles per insn  ( +-  0.80% )
         1,695,228      branches                  #  180.558 M/sec                    ( +-  0.84% )
     <not counted>      branch-misses                                                 ( +- 43.63% )  (25.55%)

         0.0024553 +- 0.0000844 seconds time elapsed  ( +-  3.44% )

Some events weren't counted. Try disabling the NMI watchdog:
	echo 0 > /proc/sys/kernel/nmi_watchdog
	perf stat ...
	echo 1 > /proc/sys/kernel/nmi_watchdog

 Performance counter stats for './mandelbrot_omp 0.175 0.375 -0.1 0.1 512 32' (10 runs):

            103.59 msec task-clock                #   20.067 CPUs utilized            ( +- 16.35% )
                12      context-switches          #    0.120 K/sec                    ( +- 30.39% )
                 3      cpu-migrations            #    0.028 K/sec                    ( +- 18.14% )
               143      page-faults               #    0.001 M/sec                    ( +-  0.21% )
       239,166,800      cycles                    #    2.309 GHz                      ( +- 16.30% )  (39.47%)
       187,254,774      stalled-cycles-frontend   #   78.29% frontend cycles idle     ( +- 14.52% )  (85.36%)
       144,118,810      stalled-cycles-backend    #   60.26% backend cycles idle      ( +- 14.75% )
        91,360,765      instructions              #    0.38  insn per cycle         
                                                  #    2.05  stalled cycles per insn  ( +- 14.39% )
        25,835,712      branches                  #  249.404 M/sec                    ( +- 14.53% )
            33,313      branch-misses             #    0.13% of all branches          ( +- 67.68% )  (75.17%)

          0.005162 +- 0.000687 seconds time elapsed  ( +- 13.31% )


 Performance counter stats for './mandelbrot_omp 0.175 0.375 -0.1 0.1 1024 1' (10 runs):

              0.97 msec task-clock                #    0.633 CPUs utilized            ( +-  5.23% )
                 0      context-switches          #    0.000 K/sec                  
                 0      cpu-migrations            #    0.000 K/sec                  
                77      page-faults               #    0.080 M/sec                    ( +-  0.49% )
         1,424,068      cycles                    #    1.473 GHz                      ( +-  1.48% )  (87.41%)
           902,262      stalled-cycles-frontend   #   63.36% frontend cycles idle     ( +-  1.72% )
           708,128      stalled-cycles-backend    #   49.73% backend cycles idle      ( +-  2.10% )
         1,006,522      instructions              #    0.71  insn per cycle         
                                                  #    0.90  stalled cycles per insn  ( +-  0.35% )
           213,365      branches                  #  220.761 M/sec                    ( +-  0.33% )
     <not counted>      branch-misses                                                 ( +- 66.74% )  (12.59%)

         0.0015280 +- 0.0000771 seconds time elapsed  ( +-  5.05% )

Some events weren't counted. Try disabling the NMI watchdog:
	echo 0 > /proc/sys/kernel/nmi_watchdog
	perf stat ...
	echo 1 > /proc/sys/kernel/nmi_watchdog

 Performance counter stats for './mandelbrot_omp 0.175 0.375 -0.1 0.1 1024 2' (10 runs):

              0.92 msec task-clock                #    0.687 CPUs utilized            ( +-  2.38% )
                 0      context-switches          #    0.000 K/sec                  
                 0      cpu-migrations            #    0.000 K/sec                  
                79      page-faults               #    0.086 M/sec                    ( +-  0.43% )
         1,703,855      cycles                    #    1.856 GHz                      ( +-  3.34% )  (77.67%)
         1,144,373      stalled-cycles-frontend   #   67.16% frontend cycles idle     ( +-  1.94% )
           902,864      stalled-cycles-backend    #   52.99% backend cycles idle      ( +-  2.34% )
         1,105,983      instructions              #    0.65  insn per cycle         
                                                  #    1.03  stalled cycles per insn  ( +-  0.41% )
           235,877      branches                  #  256.928 M/sec                    ( +-  0.38% )
             3,132      branch-misses             #    1.33% of all branches          ( +- 51.85% )  (22.33%)

         0.0013361 +- 0.0000252 seconds time elapsed  ( +-  1.89% )


 Performance counter stats for './mandelbrot_omp 0.175 0.375 -0.1 0.1 1024 4' (10 runs):

              0.98 msec task-clock                #    0.881 CPUs utilized            ( +-  2.05% )
                 0      context-switches          #    0.000 K/sec                  
                 0      cpu-migrations            #    0.000 K/sec                  
                83      page-faults               #    0.085 M/sec                    ( +-  0.44% )
         2,734,708      cycles                    #    2.783 GHz                      ( +-  3.90% )  (68.03%)
         1,776,405      stalled-cycles-frontend   #   64.96% frontend cycles idle     ( +-  3.14% )
         1,423,212      stalled-cycles-backend    #   52.04% backend cycles idle      ( +-  3.63% )
         1,365,937      instructions              #    0.50  insn per cycle         
                                                  #    1.30  stalled cycles per insn  ( +-  0.87% )
           300,738      branches                  #  306.014 M/sec                    ( +-  1.09% )
             4,343      branch-misses             #    1.44% of all branches          ( +- 36.56% )  (31.97%)

         0.0011154 +- 0.0000205 seconds time elapsed  ( +-  1.84% )


 Performance counter stats for './mandelbrot_omp 0.175 0.375 -0.1 0.1 1024 8' (10 runs):

              2.72 msec task-clock                #    1.625 CPUs utilized            ( +-  1.67% )
                 0      context-switches          #    0.000 K/sec                  
                 0      cpu-migrations            #    0.000 K/sec                  
                92      page-faults               #    0.034 M/sec                    ( +-  0.44% )
         5,017,429      cycles                    #    1.847 GHz                      ( +-  2.53% )  (77.46%)
         3,372,117      stalled-cycles-frontend   #   67.21% frontend cycles idle     ( +-  1.27% )
         2,596,454      stalled-cycles-backend    #   51.75% backend cycles idle      ( +-  1.44% )
         2,406,278      instructions              #    0.48  insn per cycle         
                                                  #    1.40  stalled cycles per insn  ( +-  0.54% )
           578,506      branches                  #  212.953 M/sec                    ( +-  0.67% )
             2,335      branch-misses             #    0.40% of all branches          ( +- 55.38% )  (22.54%)

         0.0016720 +- 0.0000270 seconds time elapsed  ( +-  1.61% )


 Performance counter stats for './mandelbrot_omp 0.175 0.375 -0.1 0.1 1024 16' (10 runs):

              9.59 msec task-clock                #    3.911 CPUs utilized            ( +-  3.21% )
                 0      context-switches          #    0.042 K/sec                    ( +-100.00% )
                 0      cpu-migrations            #    0.000 K/sec                  
               108      page-faults               #    0.011 M/sec                    ( +-  0.31% )
        15,000,369      cycles                    #    1.565 GHz                      ( +-  1.70% )  (60.29%)
        10,319,747      stalled-cycles-frontend   #   68.80% frontend cycles idle     ( +-  1.33% )
         7,821,950      stalled-cycles-backend    #   52.15% backend cycles idle      ( +-  1.47% )
         6,501,367      instructions              #    0.43  insn per cycle         
                                                  #    1.59  stalled cycles per insn  ( +-  0.93% )
         1,705,432      branches                  #  177.877 M/sec                    ( +-  1.01% )
            10,424      branch-misses             #    0.61% of all branches          ( +- 54.65% )  (39.71%)

         0.0024517 +- 0.0000964 seconds time elapsed  ( +-  3.93% )


 Performance counter stats for './mandelbrot_omp 0.175 0.375 -0.1 0.1 1024 32' (10 runs):

            103.79 msec task-clock                #   20.387 CPUs utilized            ( +- 12.45% )
                14      context-switches          #    0.138 K/sec                    ( +- 24.85% )
                 2      cpu-migrations            #    0.020 K/sec                    ( +- 14.97% )
               143      page-faults               #    0.001 M/sec                    ( +-  0.31% )
       246,501,923      cycles                    #    2.375 GHz                      ( +- 16.35% )  (31.33%)
       195,850,037      stalled-cycles-frontend   #   79.45% frontend cycles idle     ( +- 13.85% )  (98.59%)
       150,680,396      stalled-cycles-backend    #   61.13% backend cycles idle      ( +- 13.80% )
        95,481,563      instructions              #    0.39  insn per cycle         
                                                  #    2.05  stalled cycles per insn  ( +- 13.61% )
        27,013,057      branches                  #  260.275 M/sec                    ( +- 13.73% )
            61,963      branch-misses             #    0.23% of all branches          ( +- 56.35% )  (70.08%)

          0.005091 +- 0.000427 seconds time elapsed  ( +-  8.40% )


 Performance counter stats for './mandelbrot_omp 0.175 0.375 -0.1 0.1 2048 1' (10 runs):

              0.78 msec task-clock                #    0.638 CPUs utilized            ( +-  2.37% )
                 0      context-switches          #    0.000 K/sec                  
                 0      cpu-migrations            #    0.000 K/sec                  
                76      page-faults               #    0.098 M/sec                    ( +-  0.52% )
         1,384,700      cycles                    #    1.765 GHz                      ( +-  4.22% )  (83.21%)
           915,628      stalled-cycles-frontend   #   66.12% frontend cycles idle     ( +-  2.23% )
           721,075      stalled-cycles-backend    #   52.07% backend cycles idle      ( +-  2.66% )
         1,000,045      instructions              #    0.72  insn per cycle         
                                                  #    0.92  stalled cycles per insn  ( +-  0.36% )
           212,307      branches                  #  270.685 M/sec                    ( +-  0.32% )
     <not counted>      branch-misses                                                 ( +- 66.67% )  (16.79%)

         0.0012287 +- 0.0000234 seconds time elapsed  ( +-  1.90% )

Some events weren't counted. Try disabling the NMI watchdog:
	echo 0 > /proc/sys/kernel/nmi_watchdog
	perf stat ...
	echo 1 > /proc/sys/kernel/nmi_watchdog

 Performance counter stats for './mandelbrot_omp 0.175 0.375 -0.1 0.1 2048 2' (10 runs):

              1.01 msec task-clock                #    0.691 CPUs utilized            ( +-  5.34% )
                 0      context-switches          #    0.000 K/sec                  
                 0      cpu-migrations            #    0.000 K/sec                  
                78      page-faults               #    0.077 M/sec                    ( +-  0.34% )
         1,724,464      cycles                    #    1.702 GHz                      ( +-  2.53% )  (84.72%)
         1,161,118      stalled-cycles-frontend   #   67.33% frontend cycles idle     ( +-  1.80% )
           917,670      stalled-cycles-backend    #   53.21% backend cycles idle      ( +-  2.10% )
         1,103,856      instructions              #    0.64  insn per cycle         
                                                  #    1.05  stalled cycles per insn  ( +-  0.30% )
           235,625      branches                  #  232.604 M/sec                    ( +-  0.31% )
     <not counted>      branch-misses                                                 ( +- 54.37% )  (15.28%)

         0.0014652 +- 0.0000770 seconds time elapsed  ( +-  5.26% )

Some events weren't counted. Try disabling the NMI watchdog:
	echo 0 > /proc/sys/kernel/nmi_watchdog
	perf stat ...
	echo 1 > /proc/sys/kernel/nmi_watchdog

 Performance counter stats for './mandelbrot_omp 0.175 0.375 -0.1 0.1 2048 4' (10 runs):

              1.83 msec task-clock                #    0.907 CPUs utilized            ( +-  4.24% )
                 0      context-switches          #    0.109 K/sec                    ( +- 66.67% )
                 0      cpu-migrations            #    0.000 K/sec                  
                83      page-faults               #    0.046 M/sec                    ( +-  0.48% )
         2,524,815      cycles                    #    1.382 GHz                      ( +-  2.39% )  (82.52%)
         1,726,455      stalled-cycles-frontend   #   68.38% frontend cycles idle     ( +-  1.16% )
         1,353,809      stalled-cycles-backend    #   53.62% backend cycles idle      ( +-  1.36% )
         1,426,959      instructions              #    0.57  insn per cycle         
                                                  #    1.21  stalled cycles per insn  ( +-  0.65% )
           317,669      branches                  #  173.831 M/sec                    ( +-  0.75% )
     <not counted>      branch-misses                                                 ( +- 32.61% )  (17.48%)

         0.0020146 +- 0.0000955 seconds time elapsed  ( +-  4.74% )

Some events weren't counted. Try disabling the NMI watchdog:
	echo 0 > /proc/sys/kernel/nmi_watchdog
	perf stat ...
	echo 1 > /proc/sys/kernel/nmi_watchdog

 Performance counter stats for './mandelbrot_omp 0.175 0.375 -0.1 0.1 2048 8' (10 runs):

              2.22 msec task-clock                #    1.611 CPUs utilized            ( +- 10.11% )
                 0      context-switches          #    0.090 K/sec                    ( +- 66.67% )
                 0      cpu-migrations            #    0.000 K/sec                  
                91      page-faults               #    0.041 M/sec                    ( +-  0.41% )
         5,337,980      cycles                    #    2.403 GHz                      ( +-  8.94% )  (89.72%)
         3,777,762      stalled-cycles-frontend   #   70.77% frontend cycles idle     ( +-  9.75% )
         2,970,752      stalled-cycles-backend    #   55.65% backend cycles idle      ( +-  9.93% )
         2,404,531      instructions              #    0.45  insn per cycle         
                                                  #    1.57  stalled cycles per insn  ( +-  5.71% )
           578,057      branches                  #  260.247 M/sec                    ( +-  6.71% )
     <not counted>      branch-misses                                                 ( +- 66.67% )  (10.28%)

          0.001379 +- 0.000160 seconds time elapsed  ( +- 11.63% )

Some events weren't counted. Try disabling the NMI watchdog:
	echo 0 > /proc/sys/kernel/nmi_watchdog
	perf stat ...
	echo 1 > /proc/sys/kernel/nmi_watchdog

 Performance counter stats for './mandelbrot_omp 0.175 0.375 -0.1 0.1 2048 16' (10 runs):

              8.69 msec task-clock                #    3.772 CPUs utilized            ( +-  3.96% )
                 0      context-switches          #    0.000 K/sec                  
                 0      cpu-migrations            #    0.000 K/sec                  
               109      page-faults               #    0.013 M/sec                    ( +-  0.29% )
        14,571,465      cycles                    #    1.676 GHz                      ( +-  1.10% )  (80.87%)
         9,965,584      stalled-cycles-frontend   #   68.39% frontend cycles idle     ( +-  0.96% )
         7,554,798      stalled-cycles-backend    #   51.85% backend cycles idle      ( +-  1.12% )
         6,325,484      instructions              #    0.43  insn per cycle         
                                                  #    1.58  stalled cycles per insn  ( +-  0.46% )
         1,655,401      branches                  #  190.405 M/sec                    ( +-  0.54% )
     <not counted>      branch-misses                                                 ( +- 46.05% )  (19.13%)

         0.0023048 +- 0.0000862 seconds time elapsed  ( +-  3.74% )

Some events weren't counted. Try disabling the NMI watchdog:
	echo 0 > /proc/sys/kernel/nmi_watchdog
	perf stat ...
	echo 1 > /proc/sys/kernel/nmi_watchdog

 Performance counter stats for './mandelbrot_omp 0.175 0.375 -0.1 0.1 2048 32' (10 runs):

            115.13 msec task-clock                #   21.038 CPUs utilized            ( +-  1.90% )
                14      context-switches          #    0.124 K/sec                    ( +- 19.02% )
                 3      cpu-migrations            #    0.027 K/sec                    ( +- 23.29% )
               143      page-faults               #    0.001 M/sec                    ( +-  0.20% )
       290,718,166      cycles                    #    2.525 GHz                      ( +-  4.96% )  (34.49%)
       214,603,092      stalled-cycles-frontend   #   73.82% frontend cycles idle     ( +-  4.40% )  (96.29%)
       165,333,669      stalled-cycles-backend    #   56.87% backend cycles idle      ( +-  4.39% )
       104,429,665      instructions              #    0.36  insn per cycle         
                                                  #    2.06  stalled cycles per insn  ( +-  4.24% )
        29,569,602      branches                  #  256.843 M/sec                    ( +-  4.28% )
             9,962      branch-misses             #    0.03% of all branches          ( +- 23.43% )  (69.22%)

          0.005472 +- 0.000147 seconds time elapsed  ( +-  2.69% )


 Performance counter stats for './mandelbrot_omp 0.175 0.375 -0.1 0.1 4096 1' (10 runs):

              0.66 msec task-clock                #    0.638 CPUs utilized            ( +- 12.82% )
                 0      context-switches          #    0.000 K/sec                  
                 0      cpu-migrations            #    0.000 K/sec                  
                76      page-faults               #    0.115 M/sec                    ( +-  0.34% )
         1,431,109      cycles                    #    2.162 GHz                      ( +-  2.78% )  (78.92%)
           925,195      stalled-cycles-frontend   #   64.65% frontend cycles idle     ( +-  2.27% )
           730,079      stalled-cycles-backend    #   51.01% backend cycles idle      ( +-  2.66% )
         1,004,591      instructions              #    0.70  insn per cycle         
                                                  #    0.92  stalled cycles per insn  ( +-  0.31% )
           213,238      branches                  #  322.075 M/sec                    ( +-  0.25% )
     <not counted>      branch-misses                                                 ( +- 51.80% )  (21.08%)

          0.001038 +- 0.000123 seconds time elapsed  ( +- 11.87% )

Some events weren't counted. Try disabling the NMI watchdog:
	echo 0 > /proc/sys/kernel/nmi_watchdog
	perf stat ...
	echo 1 > /proc/sys/kernel/nmi_watchdog

 Performance counter stats for './mandelbrot_omp 0.175 0.375 -0.1 0.1 4096 2' (10 runs):

              1.36 msec task-clock                #    0.684 CPUs utilized            ( +-  1.30% )
                 0      context-switches          #    0.000 K/sec                  
                 0      cpu-migrations            #    0.000 K/sec                  
                78      page-faults               #    0.057 M/sec                    ( +-  0.49% )
         1,737,475      cycles                    #    1.281 GHz                      ( +-  2.44% )  (85.50%)
         1,152,670      stalled-cycles-frontend   #   66.34% frontend cycles idle     ( +-  1.55% )
           909,903      stalled-cycles-backend    #   52.37% backend cycles idle      ( +-  1.78% )
         1,109,206      instructions              #    0.64  insn per cycle         
                                                  #    1.04  stalled cycles per insn  ( +-  0.71% )
           236,608      branches                  #  174.452 M/sec                    ( +-  0.71% )
             3,655      branch-misses             #    1.54% of all branches          ( +- 41.98% )  (14.50%)

         0.0019818 +- 0.0000211 seconds time elapsed  ( +-  1.06% )


 Performance counter stats for './mandelbrot_omp 0.175 0.375 -0.1 0.1 4096 4' (10 runs):

              1.46 msec task-clock                #    0.943 CPUs utilized            ( +-  3.91% )
                 0      context-switches          #    0.000 K/sec                  
                 0      cpu-migrations            #    0.000 K/sec                  
                84      page-faults               #    0.058 M/sec                    ( +-  0.35% )
         2,783,101      cycles                    #    1.907 GHz                      ( +-  3.50% )  (64.02%)
         1,862,357      stalled-cycles-frontend   #   66.92% frontend cycles idle     ( +-  1.49% )
         1,458,569      stalled-cycles-backend    #   52.41% backend cycles idle      ( +-  1.62% )
         1,487,489      instructions              #    0.53  insn per cycle         
                                                  #    1.25  stalled cycles per insn  ( +-  0.81% )
           336,114      branches                  #  230.341 M/sec                    ( +-  0.94% )
             4,836      branch-misses             #    1.44% of all branches          ( +- 36.31% )  (35.98%)

         0.0015467 +- 0.0000779 seconds time elapsed  ( +-  5.04% )


 Performance counter stats for './mandelbrot_omp 0.175 0.375 -0.1 0.1 4096 8' (10 runs):

              3.34 msec task-clock                #    1.589 CPUs utilized            ( +-  5.04% )
                 0      context-switches          #    0.000 K/sec                  
                 0      cpu-migrations            #    0.000 K/sec                  
                91      page-faults               #    0.027 M/sec                    ( +-  0.61% )
         4,927,802      cycles                    #    1.477 GHz                      ( +-  1.25% )  (82.63%)
         3,346,366      stalled-cycles-frontend   #   67.91% frontend cycles idle     ( +-  1.14% )
         2,574,832      stalled-cycles-backend    #   52.25% backend cycles idle      ( +-  1.28% )
         2,398,034      instructions              #    0.49  insn per cycle         
                                                  #    1.40  stalled cycles per insn  ( +-  0.52% )
           576,493      branches                  #  172.817 M/sec                    ( +-  0.62% )
     <not counted>      branch-misses                                                 ( +- 68.84% )  (17.37%)

          0.002099 +- 0.000124 seconds time elapsed  ( +-  5.90% )

Some events weren't counted. Try disabling the NMI watchdog:
	echo 0 > /proc/sys/kernel/nmi_watchdog
	perf stat ...
	echo 1 > /proc/sys/kernel/nmi_watchdog

 Performance counter stats for './mandelbrot_omp 0.175 0.375 -0.1 0.1 4096 16' (10 runs):

              9.86 msec task-clock                #    3.860 CPUs utilized            ( +-  5.61% )
                 0      context-switches          #    0.000 K/sec                  
                 0      cpu-migrations            #    0.000 K/sec                  
               109      page-faults               #    0.011 M/sec                    ( +-  0.36% )
        14,757,781      cycles                    #    1.497 GHz                      ( +-  1.19% )  (91.97%)
        10,111,267      stalled-cycles-frontend   #   68.51% frontend cycles idle     ( +-  0.74% )
         7,661,379      stalled-cycles-backend    #   51.91% backend cycles idle      ( +-  0.78% )
         6,424,938      instructions              #    0.44  insn per cycle         
                                                  #    1.57  stalled cycles per insn  ( +-  0.61% )
         1,685,674      branches                  #  170.987 M/sec                    ( +-  0.65% )
             3,517      branch-misses             #    0.21% of all branches          ( +- 68.01% )  (8.03%)

          0.002554 +- 0.000187 seconds time elapsed  ( +-  7.32% )


 Performance counter stats for './mandelbrot_omp 0.175 0.375 -0.1 0.1 4096 32' (10 runs):

            114.03 msec task-clock                #   21.246 CPUs utilized            ( +-  9.11% )
                16      context-switches          #    0.143 K/sec                    ( +- 21.04% )
                 4      cpu-migrations            #    0.035 K/sec                    ( +- 16.24% )
               142      page-faults               #    0.001 M/sec                    ( +-  0.28% )
       292,071,457      cycles                    #    2.561 GHz                      ( +- 11.01% )  (29.14%)
       219,452,179      stalled-cycles-frontend   #   75.14% frontend cycles idle     ( +-  9.71% )  (98.79%)
       169,120,067      stalled-cycles-backend    #   57.90% backend cycles idle      ( +-  9.79% )
       106,201,309      instructions              #    0.36  insn per cycle         
                                                  #    2.07  stalled cycles per insn  ( +-  9.58% )
        30,069,746      branches                  #  263.703 M/sec                    ( +-  9.65% )
            10,242      branch-misses             #    0.03% of all branches          ( +- 15.26% )  (72.07%)

          0.005367 +- 0.000380 seconds time elapsed  ( +-  7.09% )


 Performance counter stats for './mandelbrot_omp 0.175 0.375 -0.1 0.1 8192 1' (10 runs):

              0.73 msec task-clock                #    0.619 CPUs utilized            ( +-  0.67% )
                 0      context-switches          #    0.000 K/sec                  
                 0      cpu-migrations            #    0.000 K/sec                  
                77      page-faults               #    0.106 M/sec                    ( +-  0.41% )
         1,405,241      cycles                    #    1.932 GHz                      ( +-  3.04% )  (76.51%)
           917,905      stalled-cycles-frontend   #   65.32% frontend cycles idle     ( +-  1.32% )
           721,864      stalled-cycles-backend    #   51.37% backend cycles idle      ( +-  1.53% )
         1,006,061      instructions              #    0.72  insn per cycle         
                                                  #    0.91  stalled cycles per insn  ( +-  0.33% )
           213,586      branches                  #  293.649 M/sec                    ( +-  0.30% )
     <not counted>      branch-misses                                                 ( +- 51.14% )  (23.49%)

         0.0011753 +- 0.0000226 seconds time elapsed  ( +-  1.93% )

Some events weren't counted. Try disabling the NMI watchdog:
	echo 0 > /proc/sys/kernel/nmi_watchdog
	perf stat ...
	echo 1 > /proc/sys/kernel/nmi_watchdog

 Performance counter stats for './mandelbrot_omp 0.175 0.375 -0.1 0.1 8192 2' (10 runs):

              0.85 msec task-clock                #    0.684 CPUs utilized            ( +-  3.16% )
                 0      context-switches          #    0.000 K/sec                  
                 0      cpu-migrations            #    0.000 K/sec                  
                78      page-faults               #    0.092 M/sec                    ( +-  0.34% )
         1,757,872      cycles                    #    2.063 GHz                      ( +-  1.15% )  (94.00%)
         1,154,043      stalled-cycles-frontend   #   65.65% frontend cycles idle     ( +-  1.53% )
           911,067      stalled-cycles-backend    #   51.83% backend cycles idle      ( +-  1.79% )
         1,106,509      instructions              #    0.63  insn per cycle         
                                                  #    1.04  stalled cycles per insn  ( +-  0.31% )
           236,462      branches                  #  277.458 M/sec                    ( +-  0.34% )
     <not counted>      branch-misses                                                 ( +-100.00% )  (6.00%)

         0.0012466 +- 0.0000426 seconds time elapsed  ( +-  3.42% )

Some events weren't counted. Try disabling the NMI watchdog:
	echo 0 > /proc/sys/kernel/nmi_watchdog
	perf stat ...
	echo 1 > /proc/sys/kernel/nmi_watchdog

 Performance counter stats for './mandelbrot_omp 0.175 0.375 -0.1 0.1 8192 4' (10 runs):

              1.48 msec task-clock                #    0.953 CPUs utilized            ( +-  4.40% )
                 0      context-switches          #    0.000 K/sec                  
                 0      cpu-migrations            #    0.000 K/sec                  
                83      page-faults               #    0.056 M/sec                    ( +-  0.36% )
         2,735,321      cycles                    #    1.848 GHz                      ( +-  1.67% )  (89.40%)
         1,846,065      stalled-cycles-frontend   #   67.49% frontend cycles idle     ( +-  1.26% )
         1,455,356      stalled-cycles-backend    #   53.21% backend cycles idle      ( +-  1.44% )
         1,459,934      instructions              #    0.53  insn per cycle         
                                                  #    1.26  stalled cycles per insn  ( +-  0.63% )
           329,103      branches                  #  222.315 M/sec                    ( +-  0.75% )
     <not counted>      branch-misses                                                 ( +- 70.58% )  (10.60%)

         0.0015539 +- 0.0000712 seconds time elapsed  ( +-  4.58% )

Some events weren't counted. Try disabling the NMI watchdog:
	echo 0 > /proc/sys/kernel/nmi_watchdog
	perf stat ...
	echo 1 > /proc/sys/kernel/nmi_watchdog

 Performance counter stats for './mandelbrot_omp 0.175 0.375 -0.1 0.1 8192 8' (10 runs):

              2.88 msec task-clock                #    1.602 CPUs utilized            ( +-  4.51% )
                 0      context-switches          #    0.035 K/sec                    ( +-100.00% )
                 0      cpu-migrations            #    0.000 K/sec                  
                92      page-faults               #    0.032 M/sec                    ( +-  0.40% )
         4,916,332      cycles                    #    1.708 GHz                      ( +-  1.51% )  (73.37%)
         3,405,174      stalled-cycles-frontend   #   69.26% frontend cycles idle     ( +-  1.62% )
         2,625,844      stalled-cycles-backend    #   53.41% backend cycles idle      ( +-  1.72% )
         2,407,803      instructions              #    0.49  insn per cycle         
                                                  #    1.41  stalled cycles per insn  ( +-  0.95% )
           579,920      branches                  #  201.531 M/sec                    ( +-  1.12% )
     <not counted>      branch-misses                                                 ( +- 52.10% )  (26.63%)

          0.001796 +- 0.000100 seconds time elapsed  ( +-  5.58% )

Some events weren't counted. Try disabling the NMI watchdog:
	echo 0 > /proc/sys/kernel/nmi_watchdog
	perf stat ...
	echo 1 > /proc/sys/kernel/nmi_watchdog

 Performance counter stats for './mandelbrot_omp 0.175 0.375 -0.1 0.1 8192 16' (10 runs):

              8.65 msec task-clock                #    3.948 CPUs utilized            ( +-  1.93% )
                 0      context-switches          #    0.000 K/sec                  
                 0      cpu-migrations            #    0.000 K/sec                  
               109      page-faults               #    0.013 M/sec                    ( +-  0.28% )
        14,410,621      cycles                    #    1.667 GHz                      ( +-  3.15% )  (69.72%)
        10,061,921      stalled-cycles-frontend   #   69.82% frontend cycles idle     ( +-  0.89% )
         7,620,043      stalled-cycles-backend    #   52.88% backend cycles idle      ( +-  1.01% )
         6,366,562      instructions              #    0.44  insn per cycle         
                                                  #    1.58  stalled cycles per insn  ( +-  0.50% )
         1,668,230      branches                  #  192.938 M/sec                    ( +-  0.53% )
     <not counted>      branch-misses                                                 ( +- 57.03% )  (30.28%)

         0.0021903 +- 0.0000586 seconds time elapsed  ( +-  2.68% )

Some events weren't counted. Try disabling the NMI watchdog:
	echo 0 > /proc/sys/kernel/nmi_watchdog
	perf stat ...
	echo 1 > /proc/sys/kernel/nmi_watchdog

 Performance counter stats for './mandelbrot_omp 0.175 0.375 -0.1 0.1 8192 32' (10 runs):

            110.00 msec task-clock                #   20.759 CPUs utilized            ( +- 11.28% )
                16      context-switches          #    0.147 K/sec                    ( +- 21.85% )
                 4      cpu-migrations            #    0.034 K/sec                    ( +- 11.43% )
               143      page-faults               #    0.001 M/sec                    ( +-  0.21% )
       281,346,988      cycles                    #    2.558 GHz                      ( +- 12.34% )  (40.61%)
       208,277,460      stalled-cycles-frontend   #   74.03% frontend cycles idle     ( +- 11.98% )  (98.50%)
       161,040,801      stalled-cycles-backend    #   57.24% backend cycles idle      ( +- 12.06% )
       101,515,066      instructions              #    0.36  insn per cycle         
                                                  #    2.05  stalled cycles per insn  ( +- 11.75% )
        28,733,956      branches                  #  261.215 M/sec                    ( +- 11.85% )
             9,548      branch-misses             #    0.03% of all branches          ( +- 20.10% )  (60.88%)

          0.005299 +- 0.000465 seconds time elapsed  ( +-  8.77% )

