
 Performance counter stats for './mandelbrot_omp 0.175 0.375 -0.1 0.1 16 1' (10 runs):

              2.53 msec task-clock                #    0.010 CPUs utilized            ( +-  2.29% )
                 4      context-switches          #    0.002 M/sec                    ( +-  3.17% )
                 0      cpu-migrations            #    0.000 K/sec                  
                80      page-faults               #    0.032 M/sec                    ( +-  0.50% )
         3,203,846      cycles                    #    1.266 GHz                      ( +-  2.72% )  (67.84%)
         2,110,376      stalled-cycles-frontend   #   65.87% frontend cycles idle     ( +-  0.50% )
         1,264,219      stalled-cycles-backend    #   39.46% backend cycles idle      ( +-  0.75% )
         2,342,433      instructions              #    0.73  insn per cycle         
                                                  #    0.90  stalled cycles per insn  ( +-  0.15% )
           381,712      branches                  #  150.859 M/sec                    ( +-  0.17% )
     <not counted>      branch-misses                                                 ( +- 28.94% )  (32.16%)

            0.2444 +- 0.0763 seconds time elapsed  ( +- 31.22% )

Some events weren't counted. Try disabling the NMI watchdog:
	echo 0 > /proc/sys/kernel/nmi_watchdog
	perf stat ...
	echo 1 > /proc/sys/kernel/nmi_watchdog

 Performance counter stats for './mandelbrot_omp 0.175 0.375 -0.1 0.1 16 2' (10 runs):

              6.64 msec task-clock                #    0.078 CPUs utilized            ( +-  2.17% )
                 5      context-switches          #    0.783 K/sec                    ( +-  2.56% )
                 0      cpu-migrations            #    0.015 K/sec                    ( +-100.00% )
                83      page-faults               #    0.013 M/sec                    ( +-  0.35% )
         8,249,566      cycles                    #    1.243 GHz                      ( +-  0.87% )  (50.57%)
         5,744,462      stalled-cycles-frontend   #   69.63% frontend cycles idle     ( +-  0.49% )  (96.63%)
         3,923,409      stalled-cycles-backend    #   47.56% backend cycles idle      ( +-  0.41% )
         4,585,977      instructions              #    0.56  insn per cycle         
                                                  #    1.25  stalled cycles per insn  ( +-  0.08% )
         1,014,257      branches                  #  152.768 M/sec                    ( +-  0.06% )
             6,451      branch-misses             #    0.64% of all branches          ( +- 23.84% )  (52.80%)

            0.0848 +- 0.0201 seconds time elapsed  ( +- 23.67% )


 Performance counter stats for './mandelbrot_omp 0.175 0.375 -0.1 0.1 16 4' (10 runs):

             15.89 msec task-clock                #    0.251 CPUs utilized            ( +-  0.20% )
                 8      context-switches          #    0.497 K/sec                    ( +-  4.41% )
                 0      cpu-migrations            #    0.000 K/sec                  
                87      page-faults               #    0.005 M/sec                    ( +-  0.41% )
        18,622,903      cycles                    #    1.172 GHz                      ( +-  0.32% )  (37.59%)
        13,083,684      stalled-cycles-frontend   #   70.26% frontend cycles idle     ( +-  0.16% )  (86.93%)
         9,294,901      stalled-cycles-backend    #   49.91% backend cycles idle      ( +-  0.16% )  (99.97%)
         9,137,524      instructions              #    0.49  insn per cycle         
                                                  #    1.43  stalled cycles per insn  ( +-  0.11% )
         2,303,573      branches                  #  144.942 M/sec                    ( +-  0.12% )
            10,633      branch-misses             #    0.46% of all branches          ( +- 18.39% )  (75.50%)

           0.06342 +- 0.00833 seconds time elapsed  ( +- 13.14% )


 Performance counter stats for './mandelbrot_omp 0.175 0.375 -0.1 0.1 16 8' (10 runs):

             31.63 msec task-clock                #    0.454 CPUs utilized            ( +-  3.13% )
                12      context-switches          #    0.370 K/sec                    ( +-  2.23% )
                 0      cpu-migrations            #    0.000 K/sec                  
                96      page-faults               #    0.003 M/sec                    ( +-  0.35% )
        43,236,812      cycles                    #    1.367 GHz                      ( +-  1.59% )  (47.01%)
        29,642,215      stalled-cycles-frontend   #   68.56% frontend cycles idle     ( +-  4.36% )  (95.51%)
        21,198,454      stalled-cycles-backend    #   49.03% backend cycles idle      ( +-  3.23% )
        19,238,033      instructions              #    0.44  insn per cycle         
                                                  #    1.54  stalled cycles per insn  ( +-  2.72% )
         5,167,596      branches                  #  163.399 M/sec                    ( +-  2.88% )
             9,068      branch-misses             #    0.18% of all branches          ( +- 16.45% )  (57.48%)

           0.06967 +- 0.00991 seconds time elapsed  ( +- 14.22% )


 Performance counter stats for './mandelbrot_omp 0.175 0.375 -0.1 0.1 16 16' (10 runs):

             71.47 msec task-clock                #    1.018 CPUs utilized            ( +-  2.47% )
                19      context-switches          #    0.270 K/sec                    ( +-  0.79% )
                 0      cpu-migrations            #    0.000 K/sec                  
               113      page-faults               #    0.002 M/sec                    ( +-  0.27% )
        89,344,632      cycles                    #    1.250 GHz                      ( +-  1.13% )  (42.25%)
        62,279,928      stalled-cycles-frontend   #   69.71% frontend cycles idle     ( +-  0.30% )  (86.10%)
        45,268,319      stalled-cycles-backend    #   50.67% backend cycles idle      ( +-  0.27% )  (99.89%)
        39,722,250      instructions              #    0.44  insn per cycle         
                                                  #    1.57  stalled cycles per insn  ( +-  0.23% )
        10,973,935      branches                  #  153.556 M/sec                    ( +-  0.23% )
            17,864      branch-misses             #    0.16% of all branches          ( +- 13.76% )  (71.76%)

            0.0702 +- 0.0117 seconds time elapsed  ( +- 16.68% )


 Performance counter stats for './mandelbrot_omp 0.175 0.375 -0.1 0.1 16 32' (10 runs):

            225.08 msec task-clock                #    0.956 CPUs utilized            ( +-  5.53% )
                42      context-switches          #    0.184 K/sec                    ( +-  7.20% )
                 8      cpu-migrations            #    0.036 K/sec                    ( +- 13.07% )
               147      page-faults               #    0.652 K/sec                    ( +-  0.24% )
       424,661,035      cycles                    #    1.887 GHz                      ( +-  6.52% )  (50.89%)
       258,318,482      stalled-cycles-frontend   #   60.83% frontend cycles idle     ( +-  7.93% )  (74.16%)
       214,970,839      stalled-cycles-backend    #   50.62% backend cycles idle      ( +-  5.96% )  (94.81%)
       136,470,392      instructions              #    0.32  insn per cycle         
                                                  #    1.89  stalled cycles per insn  ( +-  6.19% )
        38,691,943      branches                  #  171.899 M/sec                    ( +-  6.24% )
            23,961      branch-misses             #    0.06% of all branches          ( +-  7.63% )  (80.15%)

            0.2355 +- 0.0802 seconds time elapsed  ( +- 34.04% )


 Performance counter stats for './mandelbrot_omp 0.175 0.375 -0.1 0.1 32 1' (10 runs):

              5.23 msec task-clock                #    0.034 CPUs utilized            ( +-  0.99% )
                 4      context-switches          #    0.784 K/sec                    ( +-  2.44% )
                 0      cpu-migrations            #    0.000 K/sec                  
                88      page-faults               #    0.017 M/sec                    ( +-  0.29% )
         6,412,794      cycles                    #    1.226 GHz                      ( +-  0.80% )  (42.79%)
         4,407,466      stalled-cycles-frontend   #   68.73% frontend cycles idle     ( +-  0.40% )  (98.82%)
         1,797,724      stalled-cycles-backend    #   28.03% backend cycles idle      ( +-  0.82% )
         5,821,132      instructions              #    0.91  insn per cycle         
                                                  #    0.76  stalled cycles per insn  ( +-  0.04% )
           802,068      branches                  #  153.288 M/sec                    ( +-  0.06% )
            11,726      branch-misses             #    1.46% of all branches          ( +-  8.19% )  (58.39%)

            0.1558 +- 0.0129 seconds time elapsed  ( +-  8.27% )


 Performance counter stats for './mandelbrot_omp 0.175 0.375 -0.1 0.1 32 2' (10 runs):

              9.02 msec task-clock                #    0.141 CPUs utilized            ( +-  4.06% )
                 5      context-switches          #    0.577 K/sec                    ( +-  2.56% )
                 0      cpu-migrations            #    0.000 K/sec                  
                90      page-faults               #    0.010 M/sec                    ( +-  0.35% )
        11,851,520      cycles                    #    1.314 GHz                      ( +-  1.12% )  (50.91%)
         8,095,667      stalled-cycles-frontend   #   68.31% frontend cycles idle     ( +-  0.24% )  (90.85%)
         4,481,956      stalled-cycles-backend    #   37.82% backend cycles idle      ( +-  0.35% )
         8,091,343      instructions              #    0.68  insn per cycle         
                                                  #    1.00  stalled cycles per insn  ( +-  0.06% )
         1,442,869      branches                  #  159.998 M/sec                    ( +-  0.06% )
            10,446      branch-misses             #    0.72% of all branches          ( +- 15.05% )  (58.24%)

           0.06402 +- 0.00819 seconds time elapsed  ( +- 12.80% )


 Performance counter stats for './mandelbrot_omp 0.175 0.375 -0.1 0.1 32 4' (10 runs):

             18.05 msec task-clock                #    0.286 CPUs utilized            ( +-  1.49% )
                 7      context-switches          #    0.393 K/sec                    ( +-  1.41% )
                 0      cpu-migrations            #    0.000 K/sec                  
                94      page-faults               #    0.005 M/sec                    ( +-  0.35% )
        22,987,476      cycles                    #    1.274 GHz                      ( +-  2.78% )  (42.53%)
        15,987,137      stalled-cycles-frontend   #   69.55% frontend cycles idle     ( +-  1.46% )  (84.74%)
        10,244,266      stalled-cycles-backend    #   44.56% backend cycles idle      ( +-  1.26% )  (99.90%)
        12,994,395      instructions              #    0.57  insn per cycle         
                                                  #    1.23  stalled cycles per insn  ( +-  0.77% )
         2,833,434      branches                  #  157.020 M/sec                    ( +-  1.01% )
            10,233      branch-misses             #    0.36% of all branches          ( +- 19.60% )  (72.82%)

           0.06320 +- 0.00922 seconds time elapsed  ( +- 14.59% )


 Performance counter stats for './mandelbrot_omp 0.175 0.375 -0.1 0.1 32 8' (10 runs):

             37.14 msec task-clock                #    0.180 CPUs utilized            ( +-  0.37% )
                12      context-switches          #    0.328 K/sec                    ( +-  2.04% )
                 0      cpu-migrations            #    0.000 K/sec                  
               103      page-faults               #    0.003 M/sec                    ( +-  0.43% )
        43,939,351      cycles                    #    1.183 GHz                      ( +-  0.70% )  (33.38%)
        30,861,407      stalled-cycles-frontend   #   70.24% frontend cycles idle     ( +-  0.45% )  (86.10%)
        21,200,979      stalled-cycles-backend    #   48.25% backend cycles idle      ( +-  0.23% )  (99.88%)
        22,328,508      instructions              #    0.51  insn per cycle         
                                                  #    1.38  stalled cycles per insn  ( +-  0.13% )
         5,475,924      branches                  #  147.423 M/sec                    ( +-  0.15% )
            12,597      branch-misses             #    0.23% of all branches          ( +- 17.73% )  (80.64%)

            0.2062 +- 0.0754 seconds time elapsed  ( +- 36.57% )


 Performance counter stats for './mandelbrot_omp 0.175 0.375 -0.1 0.1 32 16' (10 runs):

             75.12 msec task-clock                #    0.360 CPUs utilized            ( +-  1.93% )
                22      context-switches          #    0.286 K/sec                    ( +-  4.06% )
                 0      cpu-migrations            #    0.000 K/sec                  
               119      page-faults               #    0.002 M/sec                    ( +-  0.33% )
        94,763,414      cycles                    #    1.261 GHz                      ( +-  2.96% )  (32.04%)
        67,017,443      stalled-cycles-frontend   #   70.72% frontend cycles idle     ( +-  2.02% )  (88.15%)
        47,408,110      stalled-cycles-backend    #   50.03% backend cycles idle      ( +-  2.15% )  (99.97%)
        44,477,720      instructions              #    0.47  insn per cycle         
                                                  #    1.51  stalled cycles per insn  ( +-  1.73% )
        11,757,828      branches                  #  156.521 M/sec                    ( +-  1.87% )
            16,391      branch-misses             #    0.14% of all branches          ( +- 13.04% )  (79.84%)

            0.2087 +- 0.0840 seconds time elapsed  ( +- 40.23% )


 Performance counter stats for './mandelbrot_omp 0.175 0.375 -0.1 0.1 32 32' (10 runs):

            222.13 msec task-clock                #    2.588 CPUs utilized            ( +-  3.56% )
                42      context-switches          #    0.190 K/sec                    ( +-  5.67% )
                 7      cpu-migrations            #    0.032 K/sec                    ( +- 18.20% )
               154      page-faults               #    0.695 K/sec                    ( +-  0.17% )
       394,818,748      cycles                    #    1.777 GHz                      ( +-  6.03% )  (50.43%)
       263,293,680      stalled-cycles-frontend   #   66.69% frontend cycles idle     ( +-  6.55% )  (67.19%)
       205,308,128      stalled-cycles-backend    #   52.00% backend cycles idle      ( +-  5.77% )  (96.57%)
       135,362,986      instructions              #    0.34  insn per cycle         
                                                  #    1.95  stalled cycles per insn  ( +-  5.64% )  (99.97%)
        37,621,229      branches                  #  169.368 M/sec                    ( +-  5.79% )
            25,948      branch-misses             #    0.07% of all branches          ( +-  7.23% )  (85.81%)

            0.0858 +- 0.0142 seconds time elapsed  ( +- 16.56% )


 Performance counter stats for './mandelbrot_omp 0.175 0.375 -0.1 0.1 64 1' (10 runs):

             15.05 msec task-clock                #    0.149 CPUs utilized            ( +-  1.28% )
                 4      context-switches          #    0.266 K/sec                  
                 0      cpu-migrations            #    0.000 K/sec                  
               118      page-faults               #    0.008 M/sec                    ( +-  0.32% )
        19,548,774      cycles                    #    1.298 GHz                      ( +-  0.75% )  (73.58%)
        13,620,897      stalled-cycles-frontend   #   69.68% frontend cycles idle     ( +-  0.41% )  (73.57%)
         3,790,424      stalled-cycles-backend    #   19.39% backend cycles idle      ( +-  1.15% )  (66.93%)
        18,991,113      instructions              #    0.97  insn per cycle         
                                                  #    0.72  stalled cycles per insn  ( +-  1.13% )  (93.12%)
         2,478,384      branches                  #  164.622 M/sec                    ( +-  0.03% )  (99.93%)
            12,415      branch-misses             #    0.50% of all branches          ( +-  6.37% )  (85.99%)

            0.1012 +- 0.0135 seconds time elapsed  ( +- 13.31% )


 Performance counter stats for './mandelbrot_omp 0.175 0.375 -0.1 0.1 64 2' (10 runs):

             20.02 msec task-clock                #    0.250 CPUs utilized            ( +-  2.12% )
                 5      context-switches          #    0.255 K/sec                    ( +-  1.96% )
                 0      cpu-migrations            #    0.000 K/sec                  
               119      page-faults               #    0.006 M/sec                    ( +-  0.35% )
        24,731,528      cycles                    #    1.235 GHz                      ( +-  0.48% )  (62.48%)
        17,150,433      stalled-cycles-frontend   #   69.35% frontend cycles idle     ( +-  0.73% )  (65.23%)
         5,826,831      stalled-cycles-backend    #   23.56% backend cycles idle      ( +-  3.72% )  (85.04%)
        22,032,285      instructions              #    0.89  insn per cycle         
                                                  #    0.78  stalled cycles per insn  ( +-  0.18% )  (99.05%)
         3,133,574      branches                  #  156.499 M/sec                    ( +-  0.04% )
            15,119      branch-misses             #    0.48% of all branches          ( +-  7.45% )  (87.25%)

            0.0802 +- 0.0110 seconds time elapsed  ( +- 13.70% )


 Performance counter stats for './mandelbrot_omp 0.175 0.375 -0.1 0.1 64 4' (10 runs):

             29.26 msec task-clock                #    0.412 CPUs utilized            ( +-  1.62% )
                 7      context-switches          #    0.253 K/sec                    ( +-  2.21% )
                 0      cpu-migrations            #    0.000 K/sec                  
               124      page-faults               #    0.004 M/sec                    ( +-  0.32% )
        39,083,792      cycles                    #    1.336 GHz                      ( +-  2.69% )  (50.97%)
        28,775,519      stalled-cycles-frontend   #   73.63% frontend cycles idle     ( +-  4.03% )  (65.70%)
        14,390,042      stalled-cycles-backend    #   36.82% backend cycles idle      ( +-  4.53% )  (96.91%)
        28,642,307      instructions              #    0.73  insn per cycle         
                                                  #    1.00  stalled cycles per insn  ( +-  1.85% )
         5,028,966      branches                  #  171.875 M/sec                    ( +-  3.01% )
            16,096      branch-misses             #    0.32% of all branches          ( +-  7.56% )  (86.41%)

            0.0711 +- 0.0102 seconds time elapsed  ( +- 14.38% )


 Performance counter stats for './mandelbrot_omp 0.175 0.375 -0.1 0.1 64 8' (10 runs):

             47.88 msec task-clock                #    0.221 CPUs utilized            ( +-  1.55% )
                12      context-switches          #    0.261 K/sec                    ( +-  2.98% )
                 0      cpu-migrations            #    0.002 K/sec                    ( +-100.00% )
               133      page-faults               #    0.003 M/sec                    ( +-  0.22% )
        61,496,509      cycles                    #    1.284 GHz                      ( +-  1.33% )  (46.54%)
        42,776,446      stalled-cycles-frontend   #   69.56% frontend cycles idle     ( +-  2.52% )  (69.77%)
        25,468,420      stalled-cycles-backend    #   41.41% backend cycles idle      ( +-  1.95% )  (99.67%)
        37,861,541      instructions              #    0.62  insn per cycle         
                                                  #    1.13  stalled cycles per insn  ( +-  1.06% )
         7,638,204      branches                  #  159.527 M/sec                    ( +-  1.50% )
            18,269      branch-misses             #    0.24% of all branches          ( +-  8.95% )  (84.02%)

            0.2165 +- 0.0743 seconds time elapsed  ( +- 34.34% )


 Performance counter stats for './mandelbrot_omp 0.175 0.375 -0.1 0.1 64 16' (10 runs):

             85.67 msec task-clock                #    0.412 CPUs utilized            ( +-  3.14% )
                21      context-switches          #    0.246 K/sec                    ( +-  2.17% )
                 0      cpu-migrations            #    0.000 K/sec                  
               150      page-faults               #    0.002 M/sec                    ( +-  0.22% )
       113,088,554      cycles                    #    1.320 GHz                      ( +-  2.15% )  (39.68%)
        79,039,406      stalled-cycles-frontend   #   69.89% frontend cycles idle     ( +-  1.74% )  (79.18%)
        51,719,701      stalled-cycles-backend    #   45.73% backend cycles idle      ( +-  1.84% )
        59,889,994      instructions              #    0.53  insn per cycle         
                                                  #    1.32  stalled cycles per insn  ( +-  0.97% )
        13,884,779      branches                  #  162.080 M/sec                    ( +-  1.19% )
            19,948      branch-misses             #    0.14% of all branches          ( +-  6.87% )  (81.14%)

            0.2080 +- 0.0770 seconds time elapsed  ( +- 37.02% )


 Performance counter stats for './mandelbrot_omp 0.175 0.375 -0.1 0.1 64 32' (10 runs):

            234.40 msec task-clock                #    3.528 CPUs utilized            ( +-  5.65% )
                51      context-switches          #    0.217 K/sec                    ( +-  9.02% )
                 8      cpu-migrations            #    0.033 K/sec                    ( +- 18.47% )
               184      page-faults               #    0.785 K/sec                    ( +-  0.21% )
       462,330,157      cycles                    #    1.972 GHz                      ( +-  7.95% )  (55.05%)
       308,048,866      stalled-cycles-frontend   #   66.63% frontend cycles idle     ( +-  6.69% )  (63.22%)
       231,327,041      stalled-cycles-backend    #   50.04% backend cycles idle      ( +-  6.58% )  (94.06%)
       165,826,632      instructions              #    0.36  insn per cycle         
                                                  #    1.86  stalled cycles per insn  ( +-  5.90% )
        44,038,779      branches                  #  187.877 M/sec                    ( +-  6.34% )
            31,991      branch-misses             #    0.07% of all branches          ( +-  6.41% )  (87.68%)

           0.06644 +- 0.00755 seconds time elapsed  ( +- 11.37% )


 Performance counter stats for './mandelbrot_omp 0.175 0.375 -0.1 0.1 128 1' (10 runs):

             30.62 msec task-clock                #    0.252 CPUs utilized            ( +-  1.36% )
                 4      context-switches          #    0.134 K/sec                    ( +-  2.44% )
                 0      cpu-migrations            #    0.000 K/sec                  
               237      page-faults               #    0.008 M/sec                    ( +-  0.14% )
        73,882,797      cycles                    #    2.413 GHz                      ( +-  1.14% )  (75.71%)
        54,059,130      stalled-cycles-frontend   #   73.17% frontend cycles idle     ( +-  0.47% )  (84.31%)
        12,165,999      stalled-cycles-backend    #   16.47% backend cycles idle      ( +-  1.61% )  (73.87%)
        71,793,398      instructions              #    0.97  insn per cycle         
                                                  #    0.75  stalled cycles per insn  ( +-  0.30% )  (86.98%)
         8,818,549      branches                  #  288.020 M/sec                    ( +-  0.29% )  (86.98%)
            25,168      branch-misses             #    0.29% of all branches          ( +-  2.97% )  (79.13%)

           0.12164 +- 0.00408 seconds time elapsed  ( +-  3.35% )


 Performance counter stats for './mandelbrot_omp 0.175 0.375 -0.1 0.1 128 2' (10 runs):

             37.50 msec task-clock                #    0.279 CPUs utilized            ( +-  2.17% )
                 5      context-switches          #    0.136 K/sec                    ( +-  1.96% )
                 0      cpu-migrations            #    0.000 K/sec                  
               240      page-faults               #    0.006 M/sec                    ( +-  0.15% )
        81,397,357      cycles                    #    2.171 GHz                      ( +-  0.97% )  (80.36%)
        57,164,891      stalled-cycles-frontend   #   70.23% frontend cycles idle     ( +-  1.17% )  (78.74%)
        14,364,915      stalled-cycles-backend    #   17.65% backend cycles idle      ( +-  5.12% )  (57.70%)
        69,239,256      instructions              #    0.85  insn per cycle         
                                                  #    0.83  stalled cycles per insn  ( +-  2.07% )  (78.96%)
         9,421,693      branches                  #  251.245 M/sec                    ( +-  1.34% )  (90.43%)
            24,952      branch-misses             #    0.26% of all branches          ( +-  1.93% )  (92.77%)

            0.1344 +- 0.0124 seconds time elapsed  ( +-  9.19% )


 Performance counter stats for './mandelbrot_omp 0.175 0.375 -0.1 0.1 128 4' (10 runs):

             58.77 msec task-clock                #    0.257 CPUs utilized            ( +-  2.09% )
                11      context-switches          #    0.185 K/sec                    ( +-  3.98% )
                 0      cpu-migrations            #    0.002 K/sec                    ( +-100.00% )
               245      page-faults               #    0.004 M/sec                    ( +-  0.17% )
       104,582,027      cycles                    #    1.780 GHz                      ( +-  1.73% )  (77.68%)
        74,043,703      stalled-cycles-frontend   #   70.80% frontend cycles idle     ( +-  1.11% )  (72.89%)
        19,032,783      stalled-cycles-backend    #   18.20% backend cycles idle      ( +-  2.41% )  (57.16%)
        88,011,152      instructions              #    0.84  insn per cycle         
                                                  #    0.84  stalled cycles per insn  ( +-  1.74% )  (83.13%)
        12,656,407      branches                  #  215.362 M/sec                    ( +-  0.65% )  (98.10%)
            28,540      branch-misses             #    0.23% of all branches          ( +-  4.49% )  (94.16%)

            0.2291 +- 0.0601 seconds time elapsed  ( +- 26.22% )


 Performance counter stats for './mandelbrot_omp 0.175 0.375 -0.1 0.1 128 8' (10 runs):

             92.56 msec task-clock                #    0.725 CPUs utilized            ( +-  0.98% )
                13      context-switches          #    0.142 K/sec                    ( +-  5.85% )
                 0      cpu-migrations            #    0.000 K/sec                  
               254      page-faults               #    0.003 M/sec                    ( +-  0.13% )
       135,150,526      cycles                    #    1.460 GHz                      ( +-  1.98% )  (78.29%)
        92,752,043      stalled-cycles-frontend   #   68.63% frontend cycles idle     ( +-  1.85% )  (65.68%)
        27,146,619      stalled-cycles-backend    #   20.09% backend cycles idle      ( +-  6.53% )  (58.59%)
       106,155,015      instructions              #    0.79  insn per cycle         
                                                  #    0.87  stalled cycles per insn  ( +-  1.03% )  (89.83%)
        16,575,606      branches                  #  179.080 M/sec                    ( +-  1.54% )
            32,011      branch-misses             #    0.19% of all branches          ( +-  3.07% )  (97.44%)

            0.1276 +- 0.0172 seconds time elapsed  ( +- 13.48% )


 Performance counter stats for './mandelbrot_omp 0.175 0.375 -0.1 0.1 128 16' (10 runs):

            130.67 msec task-clock                #    0.763 CPUs utilized            ( +-  1.28% )
                20      context-switches          #    0.149 K/sec                    ( +-  1.15% )
                 0      cpu-migrations            #    0.000 K/sec                  
               269      page-faults               #    0.002 M/sec                    ( +-  0.13% )
       183,974,190      cycles                    #    1.408 GHz                      ( +-  0.98% )  (67.91%)
       122,928,631      stalled-cycles-frontend   #   66.82% frontend cycles idle     ( +-  1.77% )  (59.19%)
        60,946,554      stalled-cycles-backend    #   33.13% backend cycles idle      ( +-  3.04% )  (82.66%)
       121,124,953      instructions              #    0.66  insn per cycle         
                                                  #    1.01  stalled cycles per insn  ( +-  0.18% )  (99.99%)
        22,284,750      branches                  #  170.549 M/sec                    ( +-  0.28% )
            35,531      branch-misses             #    0.16% of all branches          ( +-  4.27% )  (90.24%)

            0.1712 +- 0.0584 seconds time elapsed  ( +- 34.12% )


 Performance counter stats for './mandelbrot_omp 0.175 0.375 -0.1 0.1 128 32' (10 runs):

            252.85 msec task-clock                #    1.875 CPUs utilized            ( +-  6.49% )
                49      context-switches          #    0.194 K/sec                    ( +-  9.68% )
                 7      cpu-migrations            #    0.027 K/sec                    ( +- 14.17% )
               304      page-faults               #    0.001 M/sec                    ( +-  0.05% )
       483,319,296      cycles                    #    1.911 GHz                      ( +-  7.69% )  (64.38%)
       350,413,960      stalled-cycles-frontend   #   72.50% frontend cycles idle     ( +-  6.37% )  (64.70%)
       218,947,567      stalled-cycles-backend    #   45.30% backend cycles idle      ( +-  7.31% )  (83.71%)
       213,940,108      instructions              #    0.44  insn per cycle         
                                                  #    1.64  stalled cycles per insn  ( +-  4.71% )  (99.50%)
        48,684,494      branches                  #  192.544 M/sec                    ( +-  5.89% )
            50,165      branch-misses             #    0.10% of all branches          ( +-  2.80% )  (87.22%)

            0.1348 +- 0.0180 seconds time elapsed  ( +- 13.37% )


 Performance counter stats for './mandelbrot_omp 0.175 0.375 -0.1 0.1 256 1' (10 runs):

             97.32 msec task-clock                #    0.340 CPUs utilized            ( +-  2.39% )
                 4      context-switches          #    0.042 K/sec                    ( +-  2.44% )
                 0      cpu-migrations            #    0.000 K/sec                  
               719      page-faults               #    0.007 M/sec                    ( +-  0.05% )
       279,496,987      cycles                    #    2.872 GHz                      ( +-  0.18% )  (82.76%)
       196,352,131      stalled-cycles-frontend   #   70.25% frontend cycles idle     ( +-  0.30% )  (82.69%)
        45,607,693      stalled-cycles-backend    #   16.32% backend cycles idle      ( +-  0.52% )  (66.14%)
       294,301,496      instructions              #    1.05  insn per cycle         
                                                  #    0.67  stalled cycles per insn  ( +-  0.14% )  (82.97%)
        35,292,431      branches                  #  362.640 M/sec                    ( +-  0.53% )  (84.44%)
            68,868      branch-misses             #    0.20% of all branches          ( +-  1.18% )  (83.98%)

            0.2862 +- 0.0453 seconds time elapsed  ( +- 15.84% )


 Performance counter stats for './mandelbrot_omp 0.175 0.375 -0.1 0.1 256 2' (10 runs):

            110.28 msec task-clock                #    0.524 CPUs utilized            ( +-  7.48% )
                 6      context-switches          #    0.051 K/sec                    ( +-  6.07% )
                 0      cpu-migrations            #    0.001 K/sec                    ( +-100.00% )
               721      page-faults               #    0.007 M/sec                    ( +-  0.05% )
       289,528,772      cycles                    #    2.625 GHz                      ( +-  0.51% )  (82.05%)
       206,869,101      stalled-cycles-frontend   #   71.45% frontend cycles idle     ( +-  0.51% )  (84.30%)
        51,714,192      stalled-cycles-backend    #   17.86% backend cycles idle      ( +-  1.75% )  (67.59%)
       294,619,596      instructions              #    1.02  insn per cycle         
                                                  #    0.70  stalled cycles per insn  ( +-  0.27% )  (83.89%)
        36,425,765      branches                  #  330.288 M/sec                    ( +-  0.59% )  (83.53%)
            70,640      branch-misses             #    0.19% of all branches          ( +-  1.50% )  (82.53%)

            0.2105 +- 0.0146 seconds time elapsed  ( +-  6.94% )


 Performance counter stats for './mandelbrot_omp 0.175 0.375 -0.1 0.1 256 4' (10 runs):

            121.00 msec task-clock                #    0.671 CPUs utilized            ( +-  0.77% )
                11      context-switches          #    0.088 K/sec                    ( +-  3.77% )
                 0      cpu-migrations            #    0.001 K/sec                    ( +-100.00% )
               725      page-faults               #    0.006 M/sec                    ( +-  0.06% )
       304,680,552      cycles                    #    2.518 GHz                      ( +-  0.51% )  (82.30%)
       222,483,479      stalled-cycles-frontend   #   73.02% frontend cycles idle     ( +-  0.55% )  (81.43%)
        67,365,826      stalled-cycles-backend    #   22.11% backend cycles idle      ( +-  0.57% )  (64.29%)
       308,178,453      instructions              #    1.01  insn per cycle         
                                                  #    0.72  stalled cycles per insn  ( +-  0.50% )  (83.20%)
        39,709,804      branches                  #  328.176 M/sec                    ( +-  0.63% )  (86.70%)
            72,031      branch-misses             #    0.18% of all branches          ( +-  0.23% )  (85.28%)

            0.1804 +- 0.0194 seconds time elapsed  ( +- 10.74% )


 Performance counter stats for './mandelbrot_omp 0.175 0.375 -0.1 0.1 256 8' (10 runs):

            158.69 msec task-clock                #    0.773 CPUs utilized            ( +-  1.61% )
                20      context-switches          #    0.124 K/sec                    ( +-  3.74% )
                 0      cpu-migrations            #    0.002 K/sec                    ( +- 71.15% )
               734      page-faults               #    0.005 M/sec                    ( +-  0.04% )
       353,983,863      cycles                    #    2.231 GHz                      ( +-  0.54% )  (90.60%)
       257,063,597      stalled-cycles-frontend   #   72.62% frontend cycles idle     ( +-  0.87% )  (84.77%)
       101,899,521      stalled-cycles-backend    #   28.79% backend cycles idle      ( +-  1.64% )  (59.78%)
       314,332,979      instructions              #    0.89  insn per cycle         
                                                  #    0.82  stalled cycles per insn  ( +-  1.37% )  (79.88%)
        43,778,428      branches                  #  275.870 M/sec                    ( +-  1.08% )  (80.33%)
            79,298      branch-misses             #    0.18% of all branches          ( +-  1.95% )  (84.51%)

            0.2052 +- 0.0326 seconds time elapsed  ( +- 15.89% )


 Performance counter stats for './mandelbrot_omp 0.175 0.375 -0.1 0.1 256 16' (10 runs):

            220.00 msec task-clock                #    1.658 CPUs utilized            ( +-  2.27% )
                32      context-switches          #    0.145 K/sec                    ( +-  3.19% )
                 0      cpu-migrations            #    0.000 K/sec                  
               751      page-faults               #    0.003 M/sec                    ( +-  0.05% )
       442,569,572      cycles                    #    2.012 GHz                      ( +-  0.26% )  (93.97%)
       316,232,415      stalled-cycles-frontend   #   71.45% frontend cycles idle     ( +-  1.31% )  (78.49%)
       127,762,624      stalled-cycles-backend    #   28.87% backend cycles idle      ( +-  8.99% )  (45.56%)
       363,770,173      instructions              #    0.82  insn per cycle         
                                                  #    0.87  stalled cycles per insn  ( +-  2.12% )  (74.69%)
        53,892,787      branches                  #  244.966 M/sec                    ( +-  0.94% )  (87.52%)
            85,495      branch-misses             #    0.16% of all branches          ( +-  0.70% )  (94.47%)

           0.13271 +- 0.00416 seconds time elapsed  ( +-  3.13% )


 Performance counter stats for './mandelbrot_omp 0.175 0.375 -0.1 0.1 256 32' (10 runs):

            340.58 msec task-clock                #    2.010 CPUs utilized            ( +-  3.74% )
                54      context-switches          #    0.157 K/sec                    ( +-  5.57% )
                 7      cpu-migrations            #    0.021 K/sec                    ( +- 12.14% )
               785      page-faults               #    0.002 M/sec                    ( +-  0.05% )
       746,620,176      cycles                    #    2.192 GHz                      ( +-  1.35% )  (92.15%)
       553,981,028      stalled-cycles-frontend   #   74.20% frontend cycles idle     ( +-  1.44% )  (78.34%)
       324,447,321      stalled-cycles-backend    #   43.46% backend cycles idle      ( +-  6.73% )  (42.05%)
       461,081,870      instructions              #    0.62  insn per cycle         
                                                  #    1.20  stalled cycles per insn  ( +-  2.65% )  (76.39%)
        78,061,335      branches                  #  229.199 M/sec                    ( +-  1.53% )  (89.28%)
            97,728      branch-misses             #    0.13% of all branches          ( +-  1.46% )  (98.17%)

            0.1694 +- 0.0263 seconds time elapsed  ( +- 15.49% )


 Performance counter stats for './mandelbrot_omp 0.175 0.375 -0.1 0.1 512 1' (10 runs):

            471.60 msec task-clock                #    0.666 CPUs utilized            ( +-  9.44% )
                11      context-switches          #    0.024 K/sec                    ( +-  1.94% )
                 0      cpu-migrations            #    0.001 K/sec                    ( +- 40.82% )
             2,638      page-faults               #    0.006 M/sec                    ( +-  0.01% )
     1,104,430,325      cycles                    #    2.342 GHz                      ( +-  0.12% )  (83.08%)
       778,245,086      stalled-cycles-frontend   #   70.47% frontend cycles idle     ( +-  0.11% )  (83.00%)
       179,273,666      stalled-cycles-backend    #   16.23% backend cycles idle      ( +-  0.48% )  (66.74%)
     1,170,385,992      instructions              #    1.06  insn per cycle         
                                                  #    0.66  stalled cycles per insn  ( +-  0.18% )  (83.50%)
       144,011,678      branches                  #  305.368 M/sec                    ( +-  0.20% )  (83.78%)
           243,878      branch-misses             #    0.17% of all branches          ( +-  0.53% )  (83.40%)

            0.7084 +- 0.0763 seconds time elapsed  ( +- 10.78% )


 Performance counter stats for './mandelbrot_omp 0.175 0.375 -0.1 0.1 512 2' (10 runs):

            419.44 msec task-clock                #    0.856 CPUs utilized            ( +-  7.81% )
                15      context-switches          #    0.035 K/sec                    ( +- 10.16% )
                 1      cpu-migrations            #    0.002 K/sec                    ( +- 30.49% )
             2,641      page-faults               #    0.006 M/sec                    ( +-  0.02% )
     1,119,896,826      cycles                    #    2.670 GHz                      ( +-  0.15% )  (82.88%)
       788,914,193      stalled-cycles-frontend   #   70.45% frontend cycles idle     ( +-  0.21% )  (83.20%)
       187,931,922      stalled-cycles-backend    #   16.78% backend cycles idle      ( +-  0.53% )  (67.51%)
     1,178,463,087      instructions              #    1.05  insn per cycle         
                                                  #    0.67  stalled cycles per insn  ( +-  0.22% )  (84.07%)
       144,836,166      branches                  #  345.312 M/sec                    ( +-  0.24% )  (83.41%)
           250,498      branch-misses             #    0.17% of all branches          ( +-  0.42% )  (83.00%)

            0.4898 +- 0.0528 seconds time elapsed  ( +- 10.79% )


 Performance counter stats for './mandelbrot_omp 0.175 0.375 -0.1 0.1 512 4' (10 runs):

            409.77 msec task-clock                #    1.019 CPUs utilized            ( +-  6.77% )
                18      context-switches          #    0.043 K/sec                    ( +-  3.64% )
                 1      cpu-migrations            #    0.003 K/sec                    ( +- 34.50% )
             2,645      page-faults               #    0.006 M/sec                    ( +-  0.02% )
     1,151,301,721      cycles                    #    2.810 GHz                      ( +-  0.07% )  (83.14%)
       806,120,437      stalled-cycles-frontend   #   70.02% frontend cycles idle     ( +-  0.17% )  (83.46%)
       194,847,600      stalled-cycles-backend    #   16.92% backend cycles idle      ( +-  0.75% )  (67.68%)
     1,185,003,387      instructions              #    1.03  insn per cycle         
                                                  #    0.68  stalled cycles per insn  ( +-  0.43% )  (83.80%)
       148,633,051      branches                  #  362.724 M/sec                    ( +-  0.16% )  (82.77%)
           252,860      branch-misses             #    0.17% of all branches          ( +-  0.17% )  (82.95%)

            0.4022 +- 0.0644 seconds time elapsed  ( +- 16.00% )


 Performance counter stats for './mandelbrot_omp 0.175 0.375 -0.1 0.1 512 8' (10 runs):

            439.28 msec task-clock                #    1.248 CPUs utilized            ( +-  4.62% )
                27      context-switches          #    0.061 K/sec                    ( +-  3.08% )
                 0      cpu-migrations            #    0.000 K/sec                  
             2,654      page-faults               #    0.006 M/sec                    ( +-  0.02% )
     1,204,108,235      cycles                    #    2.741 GHz                      ( +-  0.29% )  (82.49%)
       842,398,902      stalled-cycles-frontend   #   69.96% frontend cycles idle     ( +-  0.42% )  (83.48%)
       214,298,722      stalled-cycles-backend    #   17.80% backend cycles idle      ( +-  0.79% )  (69.06%)
     1,188,155,937      instructions              #    0.99  insn per cycle         
                                                  #    0.71  stalled cycles per insn  ( +-  0.48% )  (84.80%)
       152,802,245      branches                  #  347.844 M/sec                    ( +-  0.37% )  (82.92%)
           260,211      branch-misses             #    0.17% of all branches          ( +-  0.71% )  (82.05%)

            0.3521 +- 0.0468 seconds time elapsed  ( +- 13.31% )


 Performance counter stats for './mandelbrot_omp 0.175 0.375 -0.1 0.1 512 16' (10 runs):

            495.50 msec task-clock                #    2.239 CPUs utilized            ( +-  1.16% )
                42      context-switches          #    0.084 K/sec                    ( +-  2.92% )
                 0      cpu-migrations            #    0.000 K/sec                  
             2,670      page-faults               #    0.005 M/sec                    ( +-  0.01% )
     1,311,665,292      cycles                    #    2.647 GHz                      ( +-  0.37% )  (83.12%)
       914,530,569      stalled-cycles-frontend   #   69.72% frontend cycles idle     ( +-  0.53% )  (84.89%)
       269,404,923      stalled-cycles-backend    #   20.54% backend cycles idle      ( +-  1.46% )  (69.86%)
     1,230,379,189      instructions              #    0.94  insn per cycle         
                                                  #    0.74  stalled cycles per insn  ( +-  0.73% )  (84.06%)
       164,898,704      branches                  #  332.795 M/sec                    ( +-  0.44% )  (80.48%)
           270,327      branch-misses             #    0.16% of all branches          ( +-  0.76% )  (81.65%)

            0.2213 +- 0.0118 seconds time elapsed  ( +-  5.32% )


 Performance counter stats for './mandelbrot_omp 0.175 0.375 -0.1 0.1 512 32' (10 runs):

            670.21 msec task-clock                #    2.110 CPUs utilized            ( +-  1.92% )
                80      context-switches          #    0.119 K/sec                    ( +-  2.80% )
                 9      cpu-migrations            #    0.013 K/sec                    ( +-  8.28% )
             2,654      page-faults               #    0.004 M/sec                    ( +-  1.93% )
     1,741,786,015      cycles                    #    2.599 GHz                      ( +-  0.73% )  (80.27%)
     1,308,531,382      stalled-cycles-frontend   #   75.13% frontend cycles idle     ( +-  1.16% )  (81.76%)
       482,888,884      stalled-cycles-backend    #   27.72% backend cycles idle      ( +-  2.20% )  (77.26%)
     1,380,025,685      instructions              #    0.79  insn per cycle         
                                                  #    0.95  stalled cycles per insn  ( +-  0.73% )  (89.13%)
       196,976,912      branches                  #  293.904 M/sec                    ( +-  0.50% )  (80.14%)
           275,765      branch-misses             #    0.14% of all branches          ( +-  0.79% )  (80.57%)

            0.3177 +- 0.0635 seconds time elapsed  ( +- 20.00% )


 Performance counter stats for './mandelbrot_omp 0.175 0.375 -0.1 0.1 1024 1' (10 runs):

          1,558.59 msec task-clock                #    0.859 CPUs utilized            ( +-  3.20% )
                21      context-switches          #    0.014 K/sec                    ( +-  5.67% )
                 0      cpu-migrations            #    0.000 K/sec                    ( +-100.00% )
             8,786      page-faults               #    0.006 M/sec                    ( +-  0.00% )
     4,422,942,367      cycles                    #    2.838 GHz                      ( +-  0.04% )  (83.28%)
     3,115,921,041      stalled-cycles-frontend   #   70.45% frontend cycles idle     ( +-  0.04% )  (83.34%)
       747,167,348      stalled-cycles-backend    #   16.89% backend cycles idle      ( +-  0.14% )  (66.68%)
     4,703,191,164      instructions              #    1.06  insn per cycle         
                                                  #    0.66  stalled cycles per insn  ( +-  0.06% )  (83.36%)
       569,243,508      branches                  #  365.230 M/sec                    ( +-  0.12% )  (83.34%)
           939,894      branch-misses             #    0.17% of all branches          ( +-  0.10% )  (83.37%)

            1.8143 +- 0.0762 seconds time elapsed  ( +-  4.20% )


 Performance counter stats for './mandelbrot_omp 0.175 0.375 -0.1 0.1 1024 2' (10 runs):

          1,692.26 msec task-clock                #    1.315 CPUs utilized            ( +-  3.40% )
                40      context-switches          #    0.024 K/sec                    ( +- 13.09% )
                 1      cpu-migrations            #    0.001 K/sec                  
             8,789      page-faults               #    0.005 M/sec                    ( +-  0.00% )
     4,485,960,641      cycles                    #    2.651 GHz                      ( +-  0.06% )  (83.24%)
     3,173,388,699      stalled-cycles-frontend   #   70.74% frontend cycles idle     ( +-  0.09% )  (83.27%)
       774,102,928      stalled-cycles-backend    #   17.26% backend cycles idle      ( +-  0.28% )  (66.68%)
     4,705,270,419      instructions              #    1.05  insn per cycle         
                                                  #    0.67  stalled cycles per insn  ( +-  0.05% )  (83.36%)
       571,114,904      branches                  #  337.486 M/sec                    ( +-  0.09% )  (83.45%)
           940,701      branch-misses             #    0.16% of all branches          ( +-  0.21% )  (83.36%)

            1.2871 +- 0.0776 seconds time elapsed  ( +-  6.03% )


 Performance counter stats for './mandelbrot_omp 0.175 0.375 -0.1 0.1 1024 4' (10 runs):

          1,745.69 msec task-clock                #    1.961 CPUs utilized            ( +-  6.04% )
                47      context-switches          #    0.027 K/sec                    ( +-  8.14% )
                 1      cpu-migrations            #    0.001 K/sec                    ( +- 19.05% )
             8,793      page-faults               #    0.005 M/sec                    ( +-  0.00% )
     4,495,967,428      cycles                    #    2.575 GHz                      ( +-  0.08% )  (83.07%)
     3,181,510,392      stalled-cycles-frontend   #   70.76% frontend cycles idle     ( +-  0.11% )  (83.14%)
       785,339,911      stalled-cycles-backend    #   17.47% backend cycles idle      ( +-  0.36% )  (66.74%)
     4,718,342,911      instructions              #    1.05  insn per cycle         
                                                  #    0.67  stalled cycles per insn  ( +-  0.04% )  (83.44%)
       574,030,545      branches                  #  328.827 M/sec                    ( +-  0.08% )  (83.57%)
           945,007      branch-misses             #    0.16% of all branches          ( +-  0.19% )  (83.48%)

            0.8900 +- 0.0759 seconds time elapsed  ( +-  8.53% )


 Performance counter stats for './mandelbrot_omp 0.175 0.375 -0.1 0.1 1024 8' (10 runs):

          1,670.13 msec task-clock                #    2.461 CPUs utilized            ( +-  7.25% )
                58      context-switches          #    0.035 K/sec                    ( +-  5.36% )
                 1      cpu-migrations            #    0.000 K/sec                    ( +- 16.67% )
             8,801      page-faults               #    0.005 M/sec                    ( +-  0.00% )
     4,532,527,051      cycles                    #    2.714 GHz                      ( +-  0.14% )  (83.35%)
     3,211,415,754      stalled-cycles-frontend   #   70.85% frontend cycles idle     ( +-  0.12% )  (82.87%)
       801,992,151      stalled-cycles-backend    #   17.69% backend cycles idle      ( +-  0.34% )  (66.41%)
     4,733,801,868      instructions              #    1.04  insn per cycle         
                                                  #    0.68  stalled cycles per insn  ( +-  0.14% )  (83.37%)
       577,249,583      branches                  #  345.631 M/sec                    ( +-  0.17% )  (83.55%)
           950,188      branch-misses             #    0.16% of all branches          ( +-  0.28% )  (83.82%)

            0.6785 +- 0.0849 seconds time elapsed  ( +- 12.52% )


 Performance counter stats for './mandelbrot_omp 0.175 0.375 -0.1 0.1 1024 16' (10 runs):

          1,780.53 msec task-clock                #    3.444 CPUs utilized            ( +-  7.36% )
                61      context-switches          #    0.034 K/sec                    ( +-  6.53% )
                 1      cpu-migrations            #    0.001 K/sec                    ( +- 27.22% )
             8,817      page-faults               #    0.005 M/sec                    ( +-  0.00% )
     4,686,011,902      cycles                    #    2.632 GHz                      ( +-  0.27% )  (83.10%)
     3,340,343,300      stalled-cycles-frontend   #   71.28% frontend cycles idle     ( +-  0.30% )  (82.73%)
       886,213,814      stalled-cycles-backend    #   18.91% backend cycles idle      ( +-  0.67% )  (66.34%)
     4,780,185,176      instructions              #    1.02  insn per cycle         
                                                  #    0.70  stalled cycles per insn  ( +-  0.26% )  (83.32%)
       588,783,588      branches                  #  330.680 M/sec                    ( +-  0.26% )  (83.92%)
           955,652      branch-misses             #    0.16% of all branches          ( +-  0.34% )  (83.91%)

            0.5169 +- 0.0635 seconds time elapsed  ( +- 12.28% )


 Performance counter stats for './mandelbrot_omp 0.175 0.375 -0.1 0.1 1024 32' (10 runs):

          2,043.24 msec task-clock                #    4.206 CPUs utilized            ( +-  3.86% )
               105      context-switches          #    0.052 K/sec                    ( +-  3.49% )
                 8      cpu-migrations            #    0.004 K/sec                    ( +- 13.54% )
             8,852      page-faults               #    0.004 M/sec                    ( +-  0.00% )
     5,622,405,861      cycles                    #    2.752 GHz                      ( +-  0.18% )  (82.19%)
     4,195,148,961      stalled-cycles-frontend   #   74.61% frontend cycles idle     ( +-  0.36% )  (81.70%)
     1,393,765,987      stalled-cycles-backend    #   24.79% backend cycles idle      ( +-  0.98% )  (66.08%)
     4,849,680,289      instructions              #    0.86  insn per cycle         
                                                  #    0.87  stalled cycles per insn  ( +-  0.29% )  (83.52%)
       612,847,682      branches                  #  299.940 M/sec                    ( +-  0.38% )  (84.97%)
           968,939      branch-misses             #    0.16% of all branches          ( +-  0.46% )  (85.06%)

            0.4858 +- 0.0606 seconds time elapsed  ( +- 12.47% )


 Performance counter stats for './mandelbrot_omp 0.175 0.375 -0.1 0.1 2048 1' (10 runs):

          5,682.52 msec task-clock                #    0.948 CPUs utilized            ( +-  0.56% )
                74      context-switches          #    0.013 K/sec                    ( +-  2.32% )
                 0      cpu-migrations            #    0.000 K/sec                  
            33,401      page-faults               #    0.006 M/sec                    ( +-  0.00% )
    17,690,873,739      cycles                    #    3.113 GHz                      ( +-  0.02% )  (83.32%)
    12,478,935,275      stalled-cycles-frontend   #   70.54% frontend cycles idle     ( +-  0.02% )  (83.32%)
     2,991,127,475      stalled-cycles-backend    #   16.91% backend cycles idle      ( +-  0.11% )  (66.67%)
    18,828,626,068      instructions              #    1.06  insn per cycle         
                                                  #    0.66  stalled cycles per insn  ( +-  0.02% )  (83.34%)
     2,277,622,614      branches                  #  400.812 M/sec                    ( +-  0.03% )  (83.35%)
         3,669,716      branch-misses             #    0.16% of all branches          ( +-  0.10% )  (83.35%)

            5.9919 +- 0.0387 seconds time elapsed  ( +-  0.65% )


 Performance counter stats for './mandelbrot_omp 0.175 0.375 -0.1 0.1 2048 2' (10 runs):

          6,138.17 msec task-clock                #    1.625 CPUs utilized            ( +-  1.36% )
               167      context-switches          #    0.027 K/sec                    ( +-  8.21% )
                 1      cpu-migrations            #    0.000 K/sec                    ( +- 16.67% )
            68,759      page-faults               #    0.011 M/sec                    ( +-  2.58% )
    18,264,602,805      cycles                    #    2.976 GHz                      ( +-  0.09% )  (83.32%)
    12,938,422,519      stalled-cycles-frontend   #   70.84% frontend cycles idle     ( +-  0.10% )  (83.29%)
     3,321,843,319      stalled-cycles-backend    #   18.19% backend cycles idle      ( +-  0.31% )  (66.66%)
    18,995,308,089      instructions              #    1.04  insn per cycle         
                                                  #    0.68  stalled cycles per insn  ( +-  0.04% )  (83.35%)
     2,318,537,767      branches                  #  377.725 M/sec                    ( +-  0.08% )  (83.36%)
         3,925,252      branch-misses             #    0.17% of all branches          ( +-  0.30% )  (83.36%)

            3.7778 +- 0.0659 seconds time elapsed  ( +-  1.75% )


 Performance counter stats for './mandelbrot_omp 0.175 0.375 -0.1 0.1 2048 4' (10 runs):

          6,502.79 msec task-clock                #    2.565 CPUs utilized            ( +-  1.92% )
               157      context-switches          #    0.024 K/sec                    ( +-  9.61% )
                 2      cpu-migrations            #    0.000 K/sec                    ( +- 14.85% )
            65,478      page-faults               #    0.010 M/sec                    ( +-  0.95% )
    18,283,023,321      cycles                    #    2.812 GHz                      ( +-  0.16% )  (83.37%)
    12,952,367,042      stalled-cycles-frontend   #   70.84% frontend cycles idle     ( +-  0.17% )  (83.28%)
     3,328,080,347      stalled-cycles-backend    #   18.20% backend cycles idle      ( +-  0.51% )  (66.63%)
    19,000,126,550      instructions              #    1.04  insn per cycle         
                                                  #    0.68  stalled cycles per insn  ( +-  0.08% )  (83.33%)
     2,321,651,005      branches                  #  357.024 M/sec                    ( +-  0.12% )  (83.34%)
         3,929,097      branch-misses             #    0.17% of all branches          ( +-  0.55% )  (83.38%)

            2.5355 +- 0.0958 seconds time elapsed  ( +-  3.78% )


 Performance counter stats for './mandelbrot_omp 0.175 0.375 -0.1 0.1 2048 8' (10 runs):

          7,179.89 msec task-clock                #    3.740 CPUs utilized            ( +-  4.14% )
               123      context-switches          #    0.017 K/sec                    ( +- 11.43% )
                 2      cpu-migrations            #    0.000 K/sec                    ( +- 17.67% )
            55,903      page-faults               #    0.008 M/sec                    ( +-  8.84% )
    18,065,776,388      cycles                    #    2.516 GHz                      ( +-  0.37% )  (83.37%)
    12,789,605,080      stalled-cycles-frontend   #   70.79% frontend cycles idle     ( +-  0.38% )  (83.27%)
     3,196,408,288      stalled-cycles-backend    #   17.69% backend cycles idle      ( +-  1.23% )  (66.59%)
    18,957,324,192      instructions              #    1.05  insn per cycle         
                                                  #    0.67  stalled cycles per insn  ( +-  0.15% )  (83.32%)
     2,308,707,835      branches                  #  321.552 M/sec                    ( +-  0.27% )  (83.37%)
         3,777,832      branch-misses             #    0.16% of all branches          ( +-  1.11% )  (83.40%)

            1.9198 +- 0.0873 seconds time elapsed  ( +-  4.55% )


 Performance counter stats for './mandelbrot_omp 0.175 0.375 -0.1 0.1 2048 16' (10 runs):

          7,265.25 msec task-clock                #    4.937 CPUs utilized            ( +-  4.37% )
               140      context-switches          #    0.019 K/sec                    ( +-  5.44% )
                 4      cpu-migrations            #    0.001 K/sec                    ( +- 18.71% )
            34,944      page-faults               #    0.005 M/sec                    ( +-  4.40% )
    18,186,953,594      cycles                    #    2.503 GHz                      ( +-  0.14% )  (83.43%)
    12,906,848,093      stalled-cycles-frontend   #   70.97% frontend cycles idle     ( +-  0.16% )  (83.23%)
     3,238,847,734      stalled-cycles-backend    #   17.81% backend cycles idle      ( +-  0.43% )  (66.49%)
    18,903,511,581      instructions              #    1.04  insn per cycle         
                                                  #    0.68  stalled cycles per insn  ( +-  0.11% )  (83.26%)
     2,305,898,731      branches                  #  317.387 M/sec                    ( +-  0.12% )  (83.41%)
         3,719,440      branch-misses             #    0.16% of all branches          ( +-  0.34% )  (83.44%)

            1.4715 +- 0.0702 seconds time elapsed  ( +-  4.77% )


 Performance counter stats for './mandelbrot_omp 0.175 0.375 -0.1 0.1 2048 32' (10 runs):

          8,123.45 msec task-clock                #    6.864 CPUs utilized            ( +-  5.71% )
               167      context-switches          #    0.021 K/sec                    ( +-  4.56% )
                10      cpu-migrations            #    0.001 K/sec                    ( +- 10.08% )
            33,440      page-faults               #    0.004 M/sec                    ( +-  0.00% )
    21,031,580,561      cycles                    #    2.589 GHz                      ( +-  0.06% )  (83.44%)
    15,760,773,756      stalled-cycles-frontend   #   74.94% frontend cycles idle     ( +-  0.09% )  (83.07%)
     4,876,662,796      stalled-cycles-backend    #   23.19% backend cycles idle      ( +-  0.22% )  (66.36%)
    19,007,207,262      instructions              #    0.90  insn per cycle         
                                                  #    0.83  stalled cycles per insn  ( +-  0.08% )  (83.26%)
     2,327,957,206      branches                  #  286.572 M/sec                    ( +-  0.07% )  (83.49%)
         3,683,728      branch-misses             #    0.16% of all branches          ( +-  0.14% )  (83.64%)

            1.1834 +- 0.0870 seconds time elapsed  ( +-  7.35% )


 Performance counter stats for './mandelbrot_omp 0.175 0.375 -0.1 0.1 4096 1' (10 runs):

         21,680.54 msec task-clock                #    0.965 CPUs utilized            ( +-  0.22% )
               327      context-switches          #    0.015 K/sec                    ( +-  6.37% )
                 0      cpu-migrations            #    0.000 K/sec                    ( +- 66.67% )
           131,854      page-faults               #    0.006 M/sec                    ( +-  0.00% )
    70,814,089,139      cycles                    #    3.266 GHz                      ( +-  0.01% )  (83.33%)
    49,944,102,271      stalled-cycles-frontend   #   70.53% frontend cycles idle     ( +-  0.02% )  (83.33%)
    11,999,788,192      stalled-cycles-backend    #   16.95% backend cycles idle      ( +-  0.19% )  (66.67%)
    75,354,531,004      instructions              #    1.06  insn per cycle         
                                                  #    0.66  stalled cycles per insn  ( +-  0.01% )  (83.34%)
     9,122,898,492      branches                  #  420.787 M/sec                    ( +-  0.01% )  (83.34%)
        14,502,260      branch-misses             #    0.16% of all branches          ( +-  0.07% )  (83.34%)

           22.4648 +- 0.0700 seconds time elapsed  ( +-  0.31% )


 Performance counter stats for './mandelbrot_omp 0.175 0.375 -0.1 0.1 4096 2' (10 runs):

         22,827.99 msec task-clock                #    1.717 CPUs utilized            ( +-  0.28% )
               458      context-switches          #    0.020 K/sec                    ( +-  5.91% )
                 2      cpu-migrations            #    0.000 K/sec                    ( +- 18.92% )
           352,476      page-faults               #    0.015 M/sec                    ( +-  1.13% )
    73,178,985,891      cycles                    #    3.206 GHz                      ( +-  0.09% )  (83.33%)
    51,845,285,438      stalled-cycles-frontend   #   70.85% frontend cycles idle     ( +-  0.10% )  (83.33%)
    13,395,980,074      stalled-cycles-backend    #   18.31% backend cycles idle      ( +-  0.30% )  (66.67%)
    76,033,217,403      instructions              #    1.04  insn per cycle         
                                                  #    0.68  stalled cycles per insn  ( +-  0.03% )  (83.33%)
     9,282,859,318      branches                  #  406.644 M/sec                    ( +-  0.06% )  (83.34%)
        15,415,686      branch-misses             #    0.17% of all branches          ( +-  0.28% )  (83.33%)

           13.2956 +- 0.0639 seconds time elapsed  ( +-  0.48% )


 Performance counter stats for './mandelbrot_omp 0.175 0.375 -0.1 0.1 4096 4' (10 runs):

         23,264.52 msec task-clock                #    2.647 CPUs utilized            ( +-  0.74% )
               376      context-switches          #    0.016 K/sec                    ( +-  5.27% )
                 3      cpu-migrations            #    0.000 K/sec                    ( +- 21.75% )
           338,943      page-faults               #    0.015 M/sec                    ( +-  1.25% )
    73,289,011,573      cycles                    #    3.150 GHz                      ( +-  0.09% )  (83.33%)
    51,957,658,534      stalled-cycles-frontend   #   70.89% frontend cycles idle     ( +-  0.10% )  (83.34%)
    13,495,545,739      stalled-cycles-backend    #   18.41% backend cycles idle      ( +-  0.29% )  (66.67%)
    76,001,188,536      instructions              #    1.04  insn per cycle         
                                                  #    0.68  stalled cycles per insn  ( +-  0.05% )  (83.33%)
     9,279,588,757      branches                  #  398.873 M/sec                    ( +-  0.07% )  (83.34%)
        15,495,214      branch-misses             #    0.17% of all branches          ( +-  0.34% )  (83.32%)

             8.787 +- 0.140 seconds time elapsed  ( +-  1.60% )


 Performance counter stats for './mandelbrot_omp 0.175 0.375 -0.1 0.1 4096 8' (10 runs):

         24,051.86 msec task-clock                #    4.064 CPUs utilized            ( +-  0.92% )
               388      context-switches          #    0.016 K/sec                    ( +-  4.97% )
                 4      cpu-migrations            #    0.000 K/sec                    ( +- 19.07% )
           263,430      page-faults               #    0.011 M/sec                    ( +-  0.00% )
    73,000,608,722      cycles                    #    3.035 GHz                      ( +-  0.20% )  (83.34%)
    51,731,276,128      stalled-cycles-frontend   #   70.86% frontend cycles idle     ( +-  0.21% )  (83.35%)
    13,311,846,285      stalled-cycles-backend    #   18.24% backend cycles idle      ( +-  0.67% )  (66.65%)
    75,889,783,379      instructions              #    1.04  insn per cycle         
                                                  #    0.68  stalled cycles per insn  ( +-  0.08% )  (83.32%)
     9,256,908,742      branches                  #  384.873 M/sec                    ( +-  0.13% )  (83.33%)
        15,475,082      branch-misses             #    0.17% of all branches          ( +-  0.68% )  (83.33%)

            5.9177 +- 0.0776 seconds time elapsed  ( +-  1.31% )


 Performance counter stats for './mandelbrot_omp 0.175 0.375 -0.1 0.1 4096 16' (10 runs):

         25,312.69 msec task-clock                #    5.718 CPUs utilized            ( +-  0.55% )
               451      context-switches          #    0.018 K/sec                    ( +-  5.79% )
                 4      cpu-migrations            #    0.000 K/sec                    ( +- 18.92% )
           263,021      page-faults               #    0.010 M/sec                    ( +-  0.02% )
    72,866,057,491      cycles                    #    2.879 GHz                      ( +-  0.24% )  (83.33%)
    51,687,418,471      stalled-cycles-frontend   #   70.93% frontend cycles idle     ( +-  0.27% )  (83.34%)
    13,144,591,920      stalled-cycles-backend    #   18.04% backend cycles idle      ( +-  0.78% )  (66.71%)
    75,743,769,466      instructions              #    1.04  insn per cycle         
                                                  #    0.68  stalled cycles per insn  ( +-  0.09% )  (83.35%)
     9,234,892,806      branches                  #  364.833 M/sec                    ( +-  0.16% )  (83.31%)
        15,106,027      branch-misses             #    0.16% of all branches          ( +-  0.78% )  (83.32%)

            4.4268 +- 0.0470 seconds time elapsed  ( +-  1.06% )


 Performance counter stats for './mandelbrot_omp 0.175 0.375 -0.1 0.1 4096 32' (10 runs):

         33,829.62 msec task-clock                #    8.527 CPUs utilized            ( +-  1.82% )
               510      context-switches          #    0.015 K/sec                    ( +-  3.83% )
                17      cpu-migrations            #    0.001 K/sec                    ( +-  6.87% )
           223,354      page-faults               #    0.007 M/sec                    ( +-  3.73% )
    83,304,298,761      cycles                    #    2.462 GHz                      ( +-  0.15% )  (83.32%)
    62,150,536,721      stalled-cycles-frontend   #   74.61% frontend cycles idle     ( +-  0.16% )  (83.36%)
    18,762,848,991      stalled-cycles-backend    #   22.52% backend cycles idle      ( +-  0.37% )  (66.78%)
    75,739,471,929      instructions              #    0.91  insn per cycle         
                                                  #    0.82  stalled cycles per insn  ( +-  0.06% )  (83.37%)
     9,240,679,820      branches                  #  273.153 M/sec                    ( +-  0.10% )  (83.26%)
        14,837,753      branch-misses             #    0.16% of all branches          ( +-  0.52% )  (83.27%)

            3.9674 +- 0.0683 seconds time elapsed  ( +-  1.72% )


 Performance counter stats for './mandelbrot_omp 0.175 0.375 -0.1 0.1 8192 1' (10 runs):

         86,192.65 msec task-clock                #    0.960 CPUs utilized            ( +-  0.06% )
             1,600      context-switches          #    0.019 K/sec                    ( +-  6.64% )
                 1      cpu-migrations            #    0.000 K/sec                    ( +- 60.75% )
           525,697      page-faults               #    0.006 M/sec                    ( +-  0.00% )
   282,904,579,279      cycles                    #    3.282 GHz                      ( +-  0.01% )  (83.33%)
   199,424,993,811      stalled-cycles-frontend   #   70.49% frontend cycles idle     ( +-  0.01% )  (83.33%)
    47,565,091,606      stalled-cycles-backend    #   16.81% backend cycles idle      ( +-  0.11% )  (66.67%)
   301,498,920,044      instructions              #    1.07  insn per cycle         
                                                  #    0.66  stalled cycles per insn  ( +-  0.00% )  (83.34%)
    36,503,179,194      branches                  #  423.507 M/sec                    ( +-  0.00% )  (83.33%)
        57,671,417      branch-misses             #    0.16% of all branches          ( +-  0.08% )  (83.34%)

            89.815 +- 0.486 seconds time elapsed  ( +-  0.54% )


 Performance counter stats for './mandelbrot_omp 0.175 0.375 -0.1 0.1 8192 2' (10 runs):

         89,796.71 msec task-clock                #    1.758 CPUs utilized            ( +-  0.09% )
             1,438      context-switches          #    0.016 K/sec                    ( +-  4.64% )
                 2      cpu-migrations            #    0.000 K/sec                    ( +- 21.42% )
         1,431,188      page-faults               #    0.016 M/sec                    ( +-  1.09% )
   292,895,528,042      cycles                    #    3.262 GHz                      ( +-  0.05% )  (83.33%)
   207,582,686,163      stalled-cycles-frontend   #   70.87% frontend cycles idle     ( +-  0.08% )  (83.33%)
    53,627,729,041      stalled-cycles-backend    #   18.31% backend cycles idle      ( +-  0.14% )  (66.67%)
   304,149,461,342      instructions              #    1.04  insn per cycle         
                                                  #    0.68  stalled cycles per insn  ( +-  0.01% )  (83.34%)
    37,145,518,402      branches                  #  413.662 M/sec                    ( +-  0.02% )  (83.33%)
        61,293,528      branch-misses             #    0.17% of all branches          ( +-  0.10% )  (83.33%)

            51.089 +- 0.294 seconds time elapsed  ( +-  0.58% )


 Performance counter stats for './mandelbrot_omp 0.175 0.375 -0.1 0.1 8192 4' (10 runs):

         90,698.15 msec task-clock                #    2.637 CPUs utilized            ( +-  0.16% )
             1,471      context-switches          #    0.016 K/sec                    ( +-  7.49% )
                 3      cpu-migrations            #    0.000 K/sec                    ( +- 17.52% )
         1,441,340      page-faults               #    0.016 M/sec                    ( +-  0.91% )
   294,209,608,840      cycles                    #    3.244 GHz                      ( +-  0.05% )  (83.33%)
   208,717,330,067      stalled-cycles-frontend   #   70.94% frontend cycles idle     ( +-  0.05% )  (83.33%)
    54,870,585,975      stalled-cycles-backend    #   18.65% backend cycles idle      ( +-  0.16% )  (66.67%)
   304,264,797,463      instructions              #    1.03  insn per cycle         
                                                  #    0.69  stalled cycles per insn  ( +-  0.01% )  (83.34%)
    37,170,706,623      branches                  #  409.829 M/sec                    ( +-  0.03% )  (83.33%)
        62,050,178      branch-misses             #    0.17% of all branches          ( +-  0.14% )  (83.33%)

            34.397 +- 0.427 seconds time elapsed  ( +-  1.24% )


 Performance counter stats for './mandelbrot_omp 0.175 0.375 -0.1 0.1 8192 8' (10 runs):

         93,597.48 msec task-clock                #    4.255 CPUs utilized            ( +-  0.34% )
             1,369      context-switches          #    0.015 K/sec                    ( +-  6.96% )
                 5      cpu-migrations            #    0.000 K/sec                    ( +- 17.28% )
         1,303,883      page-faults               #    0.014 M/sec                    ( +-  2.12% )
   294,132,243,854      cycles                    #    3.143 GHz                      ( +-  0.13% )  (83.34%)
   208,782,996,976      stalled-cycles-frontend   #   70.98% frontend cycles idle     ( +-  0.15% )  (83.33%)
    54,969,050,445      stalled-cycles-backend    #   18.69% backend cycles idle      ( +-  0.49% )  (66.67%)
   303,912,213,836      instructions              #    1.03  insn per cycle         
                                                  #    0.69  stalled cycles per insn  ( +-  0.04% )  (83.33%)
    37,100,169,446      branches                  #  396.380 M/sec                    ( +-  0.06% )  (83.33%)
        62,250,030      branch-misses             #    0.17% of all branches          ( +-  0.33% )  (83.33%)

            21.999 +- 0.456 seconds time elapsed  ( +-  2.07% )


 Performance counter stats for './mandelbrot_omp 0.175 0.375 -0.1 0.1 8192 16' (10 runs):

         98,613.35 msec task-clock                #    6.429 CPUs utilized            ( +-  0.50% )
             1,539      context-switches          #    0.016 K/sec                    ( +-  6.91% )
                10      cpu-migrations            #    0.000 K/sec                    ( +- 19.44% )
         1,211,863      page-faults               #    0.012 M/sec                    ( +-  3.94% )
   295,512,746,135      cycles                    #    2.997 GHz                      ( +-  0.53% )  (83.33%)
   210,092,569,530      stalled-cycles-frontend   #   71.09% frontend cycles idle     ( +-  0.62% )  (83.34%)
    55,870,033,030      stalled-cycles-backend    #   18.91% backend cycles idle      ( +-  2.03% )  (66.66%)
   303,751,391,104      instructions              #    1.03  insn per cycle         
                                                  #    0.69  stalled cycles per insn  ( +-  0.11% )  (83.33%)
    37,071,969,532      branches                  #  375.933 M/sec                    ( +-  0.19% )  (83.33%)
        63,152,188      branch-misses             #    0.17% of all branches          ( +-  1.63% )  (83.34%)

            15.339 +- 0.212 seconds time elapsed  ( +-  1.38% )


 Performance counter stats for './mandelbrot_omp 0.175 0.375 -0.1 0.1 8192 32' (10 runs):

        118,604.86 msec task-clock                #    9.209 CPUs utilized            ( +-  0.74% )
             1,789      context-switches          #    0.015 K/sec                    ( +-  5.09% )
                26      cpu-migrations            #    0.000 K/sec                    ( +-  5.79% )
           948,275      page-faults               #    0.008 M/sec                    ( +-  5.64% )
   336,318,071,995      cycles                    #    2.836 GHz                      ( +-  0.52% )  (83.35%)
   251,844,439,770      stalled-cycles-frontend   #   74.88% frontend cycles idle     ( +-  0.60% )  (83.34%)
    78,331,720,856      stalled-cycles-backend    #   23.29% backend cycles idle      ( +-  1.68% )  (66.65%)
   303,045,762,418      instructions              #    0.90  insn per cycle         
                                                  #    0.83  stalled cycles per insn  ( +-  0.10% )  (83.31%)
    36,934,023,996      branches                  #  311.404 M/sec                    ( +-  0.18% )  (83.33%)
        61,889,313      branch-misses             #    0.17% of all branches          ( +-  1.92% )  (83.34%)

            12.879 +- 0.456 seconds time elapsed  ( +-  3.54% )

