
 Performance counter stats for './mandelbrot_omp -0.8 -0.7 0.05 0.15 16 1' (10 runs):

              2.62 msec task-clock                #    0.042 CPUs utilized            ( +-  0.43% )
                 4      context-switches          #    0.002 M/sec                    ( +-  2.44% )
                 0      cpu-migrations            #    0.000 K/sec                  
                81      page-faults               #    0.031 M/sec                    ( +-  0.26% )
         3,097,812      cycles                    #    1.183 GHz                      ( +-  0.97% )  (71.18%)
         2,132,918      stalled-cycles-frontend   #   68.85% frontend cycles idle     ( +-  0.52% )
         1,272,603      stalled-cycles-backend    #   41.08% backend cycles idle      ( +-  0.81% )
         2,368,082      instructions              #    0.76  insn per cycle         
                                                  #    0.90  stalled cycles per insn  ( +-  0.10% )
           384,961      branches                  #  147.007 M/sec                    ( +-  0.12% )
             7,788      branch-misses             #    2.02% of all branches          ( +- 34.85% )  (28.82%)

           0.06180 +- 0.00419 seconds time elapsed  ( +-  6.78% )


 Performance counter stats for './mandelbrot_omp -0.8 -0.7 0.05 0.15 16 2' (10 runs):

              6.62 msec task-clock                #    0.029 CPUs utilized            ( +-  3.88% )
                 5      context-switches          #    0.771 K/sec                    ( +-  1.96% )
                 0      cpu-migrations            #    0.000 K/sec                  
                83      page-faults               #    0.013 M/sec                    ( +-  0.41% )
         8,406,280      cycles                    #    1.271 GHz                      ( +-  0.58% )  (54.39%)
         5,803,638      stalled-cycles-frontend   #   69.04% frontend cycles idle     ( +-  0.23% )  (95.52%)
         3,967,181      stalled-cycles-backend    #   47.19% backend cycles idle      ( +-  0.29% )
         4,642,629      instructions              #    0.55  insn per cycle         
                                                  #    1.25  stalled cycles per insn  ( +-  0.11% )
         1,027,273      branches                  #  155.291 M/sec                    ( +-  0.11% )
             9,633      branch-misses             #    0.94% of all branches          ( +- 28.73% )  (50.09%)

            0.2262 +- 0.0713 seconds time elapsed  ( +- 31.51% )


 Performance counter stats for './mandelbrot_omp -0.8 -0.7 0.05 0.15 16 4' (10 runs):

             15.18 msec task-clock                #    0.060 CPUs utilized            ( +-  4.39% )
                 8      context-switches          #    0.520 K/sec                    ( +-  3.50% )
                 0      cpu-migrations            #    0.000 K/sec                  
                87      page-faults               #    0.006 M/sec                    ( +-  0.33% )
        18,725,820      cycles                    #    1.234 GHz                      ( +-  0.37% )  (45.78%)
        13,092,258      stalled-cycles-frontend   #   69.92% frontend cycles idle     ( +-  0.28% )  (94.75%)
         9,301,900      stalled-cycles-backend    #   49.67% backend cycles idle      ( +-  0.30% )
         9,165,070      instructions              #    0.49  insn per cycle         
                                                  #    1.43  stalled cycles per insn  ( +-  0.12% )
         2,306,889      branches                  #  151.987 M/sec                    ( +-  0.11% )
             6,114      branch-misses             #    0.27% of all branches          ( +- 28.33% )  (59.47%)

            0.2521 +- 0.0598 seconds time elapsed  ( +- 23.71% )


 Performance counter stats for './mandelbrot_omp -0.8 -0.7 0.05 0.15 16 8' (10 runs):

             33.07 msec task-clock                #    0.248 CPUs utilized            ( +-  2.44% )
                12      context-switches          #    0.372 K/sec                    ( +-  2.72% )
                 0      cpu-migrations            #    0.000 K/sec                  
                96      page-faults               #    0.003 M/sec                    ( +-  0.47% )
        41,307,839      cycles                    #    1.249 GHz                      ( +-  1.99% )  (42.30%)
        28,319,687      stalled-cycles-frontend   #   68.56% frontend cycles idle     ( +-  0.31% )  (91.89%)
        20,446,480      stalled-cycles-backend    #   49.50% backend cycles idle      ( +-  0.39% )
        18,667,717      instructions              #    0.45  insn per cycle         
                                                  #    1.52  stalled cycles per insn  ( +-  0.27% )
         4,998,278      branches                  #  151.165 M/sec                    ( +-  0.29% )
            10,442      branch-misses             #    0.21% of all branches          ( +- 16.56% )  (65.80%)

            0.1331 +- 0.0176 seconds time elapsed  ( +- 13.19% )


 Performance counter stats for './mandelbrot_omp -0.8 -0.7 0.05 0.15 16 16' (10 runs):

             66.80 msec task-clock                #    0.655 CPUs utilized            ( +-  3.40% )
                20      context-switches          #    0.302 K/sec                    ( +-  1.92% )
                 0      cpu-migrations            #    0.001 K/sec                    ( +-100.00% )
               112      page-faults               #    0.002 M/sec                    ( +-  0.28% )
        91,001,308      cycles                    #    1.362 GHz                      ( +-  3.72% )  (35.92%)
        64,565,539      stalled-cycles-frontend   #   70.95% frontend cycles idle     ( +-  1.53% )  (90.97%)
        46,727,321      stalled-cycles-backend    #   51.35% backend cycles idle      ( +-  1.57% )
        40,398,339      instructions              #    0.44  insn per cycle         
                                                  #    1.60  stalled cycles per insn  ( +-  0.89% )
        11,159,838      branches                  #  167.052 M/sec                    ( +-  0.92% )
            14,880      branch-misses             #    0.13% of all branches          ( +- 17.61% )  (73.10%)

            0.1019 +- 0.0189 seconds time elapsed  ( +- 18.51% )


 Performance counter stats for './mandelbrot_omp -0.8 -0.7 0.05 0.15 16 32' (10 runs):

            239.08 msec task-clock                #    3.372 CPUs utilized            ( +-  5.84% )
                45      context-switches          #    0.188 K/sec                    ( +-  5.89% )
                 6      cpu-migrations            #    0.026 K/sec                    ( +- 14.75% )
               146      page-faults               #    0.613 K/sec                    ( +-  0.25% )
       453,243,134      cycles                    #    1.896 GHz                      ( +-  7.57% )  (58.21%)
       313,501,707      stalled-cycles-frontend   #   69.17% frontend cycles idle     ( +-  7.43% )  (60.48%)
       222,767,879      stalled-cycles-backend    #   49.15% backend cycles idle      ( +-  5.31% )  (89.67%)
       150,831,901      instructions              #    0.33  insn per cycle         
                                                  #    2.08  stalled cycles per insn  ( +-  5.62% )  (100.00%)
        42,790,562      branches                  #  178.982 M/sec                    ( +-  5.66% )
            29,894      branch-misses             #    0.07% of all branches          ( +-  5.13% )  (91.64%)

           0.07091 +- 0.00826 seconds time elapsed  ( +- 11.65% )


 Performance counter stats for './mandelbrot_omp -0.8 -0.7 0.05 0.15 32 1' (10 runs):

              5.36 msec task-clock                #    0.028 CPUs utilized            ( +-  0.90% )
                 4      context-switches          #    0.747 K/sec                  
                 0      cpu-migrations            #    0.000 K/sec                  
                87      page-faults               #    0.016 M/sec                    ( +-  0.49% )
         6,460,147      cycles                    #    1.206 GHz                      ( +-  1.05% )  (38.40%)
         4,557,119      stalled-cycles-frontend   #   70.54% frontend cycles idle     ( +-  0.45% )  (94.37%)
         1,839,557      stalled-cycles-backend    #   28.48% backend cycles idle      ( +-  1.05% )
         5,996,674      instructions              #    0.93  insn per cycle         
                                                  #    0.76  stalled cycles per insn  ( +-  0.05% )
           822,301      branches                  #  153.535 M/sec                    ( +-  0.06% )
            12,711      branch-misses             #    1.55% of all branches          ( +-  9.18% )  (67.22%)

            0.1894 +- 0.0754 seconds time elapsed  ( +- 39.80% )


 Performance counter stats for './mandelbrot_omp -0.8 -0.7 0.05 0.15 32 2' (10 runs):

              9.96 msec task-clock                #    0.157 CPUs utilized            ( +-  2.39% )
                 5      context-switches          #    0.532 K/sec                    ( +-  2.88% )
                 0      cpu-migrations            #    0.010 K/sec                    ( +-100.00% )
                90      page-faults               #    0.009 M/sec                    ( +-  0.29% )
        12,356,489      cycles                    #    1.241 GHz                      ( +-  1.07% )  (44.87%)
         8,633,912      stalled-cycles-frontend   #   69.87% frontend cycles idle     ( +-  0.75% )  (86.33%)
         4,790,454      stalled-cycles-backend    #   38.77% backend cycles idle      ( +-  0.81% )
         8,453,273      instructions              #    0.68  insn per cycle         
                                                  #    1.02  stalled cycles per insn  ( +-  0.07% )
         1,516,956      branches                  #  152.302 M/sec                    ( +-  0.10% )
             8,493      branch-misses             #    0.56% of all branches          ( +- 10.86% )  (68.80%)

            0.0636 +- 0.0104 seconds time elapsed  ( +- 16.32% )


 Performance counter stats for './mandelbrot_omp -0.8 -0.7 0.05 0.15 32 4' (10 runs):

             18.48 msec task-clock                #    0.264 CPUs utilized            ( +-  2.74% )
                 7      context-switches          #    0.390 K/sec                    ( +-  1.85% )
                 0      cpu-migrations            #    0.000 K/sec                  
                95      page-faults               #    0.005 M/sec                    ( +-  0.28% )
        22,818,336      cycles                    #    1.234 GHz                      ( +-  0.99% )  (45.38%)
        15,887,592      stalled-cycles-frontend   #   69.63% frontend cycles idle     ( +-  0.47% )  (87.66%)
        10,142,214      stalled-cycles-backend    #   44.45% backend cycles idle      ( +-  0.60% )
        13,031,484      instructions              #    0.57  insn per cycle         
                                                  #    1.22  stalled cycles per insn  ( +-  0.31% )
         2,815,054      branches                  #  152.295 M/sec                    ( +-  0.41% )
             9,793      branch-misses             #    0.35% of all branches          ( +- 21.39% )  (66.96%)

            0.0700 +- 0.0148 seconds time elapsed  ( +- 21.18% )


 Performance counter stats for './mandelbrot_omp -0.8 -0.7 0.05 0.15 32 8' (10 runs):

             33.85 msec task-clock                #    0.637 CPUs utilized            ( +-  5.73% )
                11      context-switches          #    0.334 K/sec                    ( +-  1.89% )
                 0      cpu-migrations            #    0.000 K/sec                  
               103      page-faults               #    0.003 M/sec                    ( +-  0.39% )
        43,800,090      cycles                    #    1.294 GHz                      ( +-  3.58% )  (31.39%)
        31,448,018      stalled-cycles-frontend   #   71.80% frontend cycles idle     ( +-  0.91% )  (82.70%)
        21,505,945      stalled-cycles-backend    #   49.10% backend cycles idle      ( +-  0.88% )  (99.92%)
        22,612,305      instructions              #    0.52  insn per cycle         
                                                  #    1.39  stalled cycles per insn  ( +-  0.37% )
         5,528,364      branches                  #  163.308 M/sec                    ( +-  0.43% )
            13,845      branch-misses             #    0.25% of all branches          ( +- 15.51% )  (85.98%)

          0.053153 +- 0.000259 seconds time elapsed  ( +-  0.49% )


 Performance counter stats for './mandelbrot_omp -0.8 -0.7 0.05 0.15 32 16' (10 runs):

             75.59 msec task-clock                #    0.988 CPUs utilized            ( +-  2.94% )
                20      context-switches          #    0.270 K/sec                    ( +-  3.67% )
                 0      cpu-migrations            #    0.000 K/sec                  
               120      page-faults               #    0.002 M/sec                    ( +-  0.14% )
        93,466,825      cycles                    #    1.236 GHz                      ( +-  3.19% )  (36.57%)
        67,624,523      stalled-cycles-frontend   #   72.35% frontend cycles idle     ( +-  1.83% )  (73.95%)
        47,709,168      stalled-cycles-backend    #   51.04% backend cycles idle      ( +-  1.96% )  (99.93%)
        44,827,805      instructions              #    0.48  insn per cycle         
                                                  #    1.51  stalled cycles per insn  ( +-  1.66% )
        11,828,044      branches                  #  156.474 M/sec                    ( +-  1.79% )
            21,089      branch-misses             #    0.18% of all branches          ( +-  8.81% )  (89.55%)

            0.0765 +- 0.0116 seconds time elapsed  ( +- 15.21% )


 Performance counter stats for './mandelbrot_omp -0.8 -0.7 0.05 0.15 32 32' (10 runs):

            212.71 msec task-clock                #    0.977 CPUs utilized            ( +-  6.40% )
                41      context-switches          #    0.192 K/sec                    ( +-  4.66% )
                 7      cpu-migrations            #    0.031 K/sec                    ( +- 12.79% )
               155      page-faults               #    0.728 K/sec                    ( +-  0.18% )
       357,694,079      cycles                    #    1.682 GHz                      ( +-  6.83% )  (57.65%)
       259,676,952      stalled-cycles-frontend   #   72.60% frontend cycles idle     ( +-  7.13% )  (55.27%)
       183,749,932      stalled-cycles-backend    #   51.37% backend cycles idle      ( +-  6.12% )  (91.18%)
       125,793,413      instructions              #    0.35  insn per cycle         
                                                  #    2.06  stalled cycles per insn  ( +-  6.09% )  (99.99%)
        34,859,115      branches                  #  163.880 M/sec                    ( +-  6.28% )
            32,369      branch-misses             #    0.09% of all branches          ( +-  5.71% )  (95.90%)

            0.2178 +- 0.0690 seconds time elapsed  ( +- 31.66% )


 Performance counter stats for './mandelbrot_omp -0.8 -0.7 0.05 0.15 64 1' (10 runs):

             14.31 msec task-clock                #    0.057 CPUs utilized            ( +-  2.23% )
                 4      context-switches          #    0.279 K/sec                  
                 0      cpu-migrations            #    0.000 K/sec                  
               118      page-faults               #    0.008 M/sec                    ( +-  0.28% )
        21,329,057      cycles                    #    1.490 GHz                      ( +-  0.87% )  (72.24%)
        14,812,330      stalled-cycles-frontend   #   69.45% frontend cycles idle     ( +-  0.68% )  (72.23%)
         3,656,442      stalled-cycles-backend    #   17.14% backend cycles idle      ( +-  2.05% )  (65.59%)
        18,995,691      instructions              #    0.89  insn per cycle         
                                                  #    0.78  stalled cycles per insn  ( +-  1.95% )  (90.87%)
         2,571,705      branches                  #  179.669 M/sec                    ( +-  0.27% )  (99.63%)
            14,437      branch-misses             #    0.56% of all branches          ( +-  7.47% )  (90.31%)

            0.2511 +- 0.0986 seconds time elapsed  ( +- 39.28% )


 Performance counter stats for './mandelbrot_omp -0.8 -0.7 0.05 0.15 64 2' (10 runs):

             15.58 msec task-clock                #    0.245 CPUs utilized            ( +-  9.16% )
                 5      context-switches          #    0.327 K/sec                    ( +-  1.96% )
                 0      cpu-migrations            #    0.000 K/sec                  
               120      page-faults               #    0.008 M/sec                    ( +-  0.34% )
        28,280,731      cycles                    #    1.815 GHz                      ( +-  1.67% )  (58.51%)
        19,438,592      stalled-cycles-frontend   #   68.73% frontend cycles idle     ( +-  1.20% )  (72.51%)
         7,298,605      stalled-cycles-backend    #   25.81% backend cycles idle      ( +-  4.03% )  (90.15%)
        23,714,305      instructions              #    0.84  insn per cycle         
                                                  #    0.82  stalled cycles per insn  ( +-  0.09% )  (99.80%)
         3,477,257      branches                  #  223.169 M/sec                    ( +-  0.05% )
            15,146      branch-misses             #    0.44% of all branches          ( +-  8.24% )  (78.83%)

           0.06365 +- 0.00425 seconds time elapsed  ( +-  6.68% )


 Performance counter stats for './mandelbrot_omp -0.8 -0.7 0.05 0.15 64 4' (10 runs):

             32.44 msec task-clock                #    0.292 CPUs utilized            ( +-  1.46% )
                 8      context-switches          #    0.237 K/sec                    ( +-  3.90% )
                 0      cpu-migrations            #    0.000 K/sec                  
               124      page-faults               #    0.004 M/sec                    ( +-  0.35% )
        39,730,792      cycles                    #    1.225 GHz                      ( +-  1.13% )  (53.32%)
        27,378,705      stalled-cycles-frontend   #   68.91% frontend cycles idle     ( +-  1.52% )  (67.08%)
        13,546,368      stalled-cycles-backend    #   34.10% backend cycles idle      ( +-  1.78% )  (96.22%)
        28,578,667      instructions              #    0.72  insn per cycle         
                                                  #    0.96  stalled cycles per insn  ( +-  0.37% )
         4,862,365      branches                  #  149.885 M/sec                    ( +-  0.61% )
            14,140      branch-misses             #    0.29% of all branches          ( +-  5.37% )  (83.38%)

            0.1111 +- 0.0148 seconds time elapsed  ( +- 13.34% )


 Performance counter stats for './mandelbrot_omp -0.8 -0.7 0.05 0.15 64 8' (10 runs):

             49.02 msec task-clock                #    0.535 CPUs utilized            ( +-  1.52% )
                12      context-switches          #    0.237 K/sec                    ( +-  1.91% )
                 0      cpu-migrations            #    0.000 K/sec                  
               134      page-faults               #    0.003 M/sec                    ( +-  0.25% )
        61,178,636      cycles                    #    1.248 GHz                      ( +-  0.79% )  (44.94%)
        43,304,235      stalled-cycles-frontend   #   70.78% frontend cycles idle     ( +-  2.08% )  (68.72%)
        25,201,637      stalled-cycles-backend    #   41.19% backend cycles idle      ( +-  1.54% )
        38,446,641      instructions              #    0.63  insn per cycle         
                                                  #    1.13  stalled cycles per insn  ( +-  0.88% )
         7,657,987      branches                  #  156.226 M/sec                    ( +-  1.27% )
            16,947      branch-misses             #    0.22% of all branches          ( +-  6.72% )  (86.34%)

            0.0917 +- 0.0203 seconds time elapsed  ( +- 22.16% )


 Performance counter stats for './mandelbrot_omp -0.8 -0.7 0.05 0.15 64 16' (10 runs):

             89.22 msec task-clock                #    1.208 CPUs utilized            ( +-  1.15% )
                21      context-switches          #    0.234 K/sec                    ( +-  5.81% )
                 0      cpu-migrations            #    0.000 K/sec                  
               150      page-faults               #    0.002 M/sec                    ( +-  0.37% )
       111,780,468      cycles                    #    1.253 GHz                      ( +-  1.09% )  (38.64%)
        76,796,355      stalled-cycles-frontend   #   68.70% frontend cycles idle     ( +-  0.54% )  (79.47%)
        50,300,179      stalled-cycles-backend    #   45.00% backend cycles idle      ( +-  0.19% )
        59,641,629      instructions              #    0.53  insn per cycle         
                                                  #    1.29  stalled cycles per insn  ( +-  0.11% )
        13,665,421      branches                  #  153.157 M/sec                    ( +-  0.14% )
            20,585      branch-misses             #    0.15% of all branches          ( +-  9.87% )  (81.89%)

            0.0739 +- 0.0110 seconds time elapsed  ( +- 14.92% )


 Performance counter stats for './mandelbrot_omp -0.8 -0.7 0.05 0.15 64 32' (10 runs):

            239.87 msec task-clock                #    1.178 CPUs utilized            ( +-  4.38% )
                44      context-switches          #    0.183 K/sec                    ( +-  6.05% )
                 7      cpu-migrations            #    0.030 K/sec                    ( +- 15.35% )
               184      page-faults               #    0.767 K/sec                    ( +-  0.17% )
       432,983,488      cycles                    #    1.805 GHz                      ( +-  6.79% )  (58.76%)
       301,323,948      stalled-cycles-frontend   #   69.59% frontend cycles idle     ( +-  7.44% )  (54.04%)
       215,920,389      stalled-cycles-backend    #   49.87% backend cycles idle      ( +-  6.62% )  (92.34%)
       158,238,840      instructions              #    0.37  insn per cycle         
                                                  #    1.90  stalled cycles per insn  ( +-  5.88% )  (99.99%)
        41,725,403      branches                  #  173.950 M/sec                    ( +-  6.37% )
            33,644      branch-misses             #    0.08% of all branches          ( +-  5.43% )  (94.87%)

            0.2036 +- 0.0687 seconds time elapsed  ( +- 33.74% )


 Performance counter stats for './mandelbrot_omp -0.8 -0.7 0.05 0.15 128 1' (10 runs):

             31.73 msec task-clock                #    0.111 CPUs utilized            ( +-  0.83% )
                 4      context-switches          #    0.129 K/sec                    ( +-  2.44% )
                 0      cpu-migrations            #    0.000 K/sec                  
               238      page-faults               #    0.007 M/sec                    ( +-  0.21% )
        76,856,715      cycles                    #    2.422 GHz                      ( +-  0.99% )  (74.87%)
        56,337,214      stalled-cycles-frontend   #   73.30% frontend cycles idle     ( +-  0.34% )  (80.45%)
        13,118,078      stalled-cycles-backend    #   17.07% backend cycles idle      ( +-  1.81% )  (74.72%)
        75,748,302      instructions              #    0.99  insn per cycle         
                                                  #    0.74  stalled cycles per insn  ( +-  0.15% )  (87.43%)
         9,265,915      branches                  #  292.028 M/sec                    ( +-  0.14% )  (87.43%)
            27,927      branch-misses             #    0.30% of all branches          ( +-  4.70% )  (82.53%)

            0.2858 +- 0.0752 seconds time elapsed  ( +- 26.29% )


 Performance counter stats for './mandelbrot_omp -0.8 -0.7 0.05 0.15 128 2' (10 runs):

             42.82 msec task-clock                #    0.185 CPUs utilized            ( +-  1.55% )
                 6      context-switches          #    0.152 K/sec                    ( +-  3.44% )
                 0      cpu-migrations            #    0.002 K/sec                    ( +-100.00% )
               239      page-faults               #    0.006 M/sec                    ( +-  0.21% )
        91,173,780      cycles                    #    2.129 GHz                      ( +-  0.67% )  (82.33%)
        64,163,223      stalled-cycles-frontend   #   70.37% frontend cycles idle     ( +-  0.58% )  (81.37%)
        18,044,666      stalled-cycles-backend    #   19.79% backend cycles idle      ( +-  6.84% )  (61.99%)
        74,728,794      instructions              #    0.82  insn per cycle         
                                                  #    0.86  stalled cycles per insn  ( +-  2.14% )  (80.61%)
         9,934,684      branches                  #  232.026 M/sec                    ( +-  1.35% )  (84.87%)
            24,905      branch-misses             #    0.25% of all branches          ( +-  2.44% )  (89.45%)

            0.2314 +- 0.0530 seconds time elapsed  ( +- 22.89% )


 Performance counter stats for './mandelbrot_omp -0.8 -0.7 0.05 0.15 128 4' (10 runs):

             58.73 msec task-clock                #    0.378 CPUs utilized            ( +-  3.67% )
                 8      context-switches          #    0.140 K/sec                    ( +-  3.98% )
                 0      cpu-migrations            #    0.000 K/sec                  
               245      page-faults               #    0.004 M/sec                    ( +-  0.14% )
       103,694,120      cycles                    #    1.766 GHz                      ( +-  0.85% )  (77.47%)
        72,847,308      stalled-cycles-frontend   #   70.25% frontend cycles idle     ( +-  0.92% )  (72.86%)
        18,213,874      stalled-cycles-backend    #   17.57% backend cycles idle      ( +-  4.54% )  (55.99%)
        84,757,767      instructions              #    0.82  insn per cycle         
                                                  #    0.86  stalled cycles per insn  ( +-  2.36% )  (82.84%)
        12,317,681      branches                  #  209.726 M/sec                    ( +-  0.98% )  (98.01%)
            29,436      branch-misses             #    0.24% of all branches          ( +-  3.80% )  (95.67%)

            0.1554 +- 0.0162 seconds time elapsed  ( +- 10.42% )


 Performance counter stats for './mandelbrot_omp -0.8 -0.7 0.05 0.15 128 8' (10 runs):

             83.69 msec task-clock                #    0.336 CPUs utilized            ( +-  4.01% )
                14      context-switches          #    0.164 K/sec                    ( +-  3.45% )
                 0      cpu-migrations            #    0.000 K/sec                  
               252      page-faults               #    0.003 M/sec                    ( +-  0.12% )
       129,688,666      cycles                    #    1.550 GHz                      ( +-  0.96% )  (71.84%)
        91,597,792      stalled-cycles-frontend   #   70.63% frontend cycles idle     ( +-  1.00% )  (64.33%)
        29,708,117      stalled-cycles-backend    #   22.91% backend cycles idle      ( +-  6.97% )  (68.54%)
       103,713,393      instructions              #    0.80  insn per cycle         
                                                  #    0.88  stalled cycles per insn  ( +-  0.97% )  (95.91%)
        16,197,999      branches                  #  193.546 M/sec                    ( +-  0.83% )
            31,605      branch-misses             #    0.20% of all branches          ( +-  2.93% )  (95.29%)

            0.2491 +- 0.0670 seconds time elapsed  ( +- 26.91% )


 Performance counter stats for './mandelbrot_omp -0.8 -0.7 0.05 0.15 128 16' (10 runs):

            124.72 msec task-clock                #    1.149 CPUs utilized            ( +-  2.98% )
                21      context-switches          #    0.171 K/sec                    ( +-  5.05% )
                 0      cpu-migrations            #    0.000 K/sec                  
               270      page-faults               #    0.002 M/sec                    ( +-  0.13% )
       191,153,609      cycles                    #    1.533 GHz                      ( +-  1.51% )  (61.51%)
       130,795,892      stalled-cycles-frontend   #   68.42% frontend cycles idle     ( +-  2.48% )  (55.89%)
        67,632,679      stalled-cycles-backend    #   35.38% backend cycles idle      ( +-  3.88% )  (89.61%)
       126,332,242      instructions              #    0.66  insn per cycle         
                                                  #    1.04  stalled cycles per insn  ( +-  1.13% )  (99.99%)
        23,160,800      branches                  #  185.702 M/sec                    ( +-  1.76% )
            37,246      branch-misses             #    0.16% of all branches          ( +-  4.04% )  (92.99%)

           0.10855 +- 0.00847 seconds time elapsed  ( +-  7.80% )


 Performance counter stats for './mandelbrot_omp -0.8 -0.7 0.05 0.15 128 32' (10 runs):

            241.79 msec task-clock                #    1.022 CPUs utilized            ( +-  2.25% )
                40      context-switches          #    0.168 K/sec                    ( +-  5.74% )
                 7      cpu-migrations            #    0.028 K/sec                    ( +- 23.97% )
               304      page-faults               #    0.001 M/sec                    ( +-  0.13% )
       460,152,416      cycles                    #    1.903 GHz                      ( +-  4.17% )  (62.86%)
       309,197,516      stalled-cycles-frontend   #   67.19% frontend cycles idle     ( +-  5.15% )  (55.88%)
       202,669,133      stalled-cycles-backend    #   44.04% backend cycles idle      ( +-  3.88% )  (88.28%)
       200,781,469      instructions              #    0.44  insn per cycle         
                                                  #    1.54  stalled cycles per insn  ( +-  2.34% )  (99.97%)
        44,350,096      branches                  #  183.426 M/sec                    ( +-  3.05% )
            48,000      branch-misses             #    0.11% of all branches          ( +-  2.90% )  (92.98%)

            0.2365 +- 0.0693 seconds time elapsed  ( +- 29.32% )


 Performance counter stats for './mandelbrot_omp -0.8 -0.7 0.05 0.15 256 1' (10 runs):

            105.88 msec task-clock                #    0.471 CPUs utilized            ( +-  6.22% )
                 4      context-switches          #    0.041 K/sec                    ( +-  4.96% )
                 0      cpu-migrations            #    0.000 K/sec                  
               719      page-faults               #    0.007 M/sec                    ( +-  0.03% )
       297,244,450      cycles                    #    2.807 GHz                      ( +-  0.41% )  (82.35%)
       207,775,522      stalled-cycles-frontend   #   69.90% frontend cycles idle     ( +-  0.40% )  (83.32%)
        48,051,622      stalled-cycles-backend    #   16.17% backend cycles idle      ( +-  0.90% )  (67.58%)
       308,465,506      instructions              #    1.04  insn per cycle         
                                                  #    0.67  stalled cycles per insn  ( +-  0.15% )  (83.81%)
        37,448,724      branches                  #  353.684 M/sec                    ( +-  0.32% )  (83.60%)
            76,468      branch-misses             #    0.20% of all branches          ( +-  1.95% )  (83.15%)

            0.2250 +- 0.0244 seconds time elapsed  ( +- 10.85% )


 Performance counter stats for './mandelbrot_omp -0.8 -0.7 0.05 0.15 256 2' (10 runs):

            110.61 msec task-clock                #    0.395 CPUs utilized            ( +-  1.56% )
                 6      context-switches          #    0.058 K/sec                    ( +-  2.55% )
                 0      cpu-migrations            #    0.001 K/sec                    ( +-100.00% )
               721      page-faults               #    0.007 M/sec                    ( +-  0.06% )
       304,810,327      cycles                    #    2.756 GHz                      ( +-  0.27% )  (83.37%)
       218,408,195      stalled-cycles-frontend   #   71.65% frontend cycles idle     ( +-  0.39% )  (82.93%)
        58,103,211      stalled-cycles-backend    #   19.06% backend cycles idle      ( +-  0.75% )  (65.22%)
       312,877,504      instructions              #    1.03  insn per cycle         
                                                  #    0.70  stalled cycles per insn  ( +-  0.26% )  (82.90%)
        38,797,651      branches                  #  350.745 M/sec                    ( +-  0.26% )  (84.63%)
            82,598      branch-misses             #    0.21% of all branches          ( +-  1.75% )  (83.85%)

            0.2799 +- 0.0562 seconds time elapsed  ( +- 20.07% )


 Performance counter stats for './mandelbrot_omp -0.8 -0.7 0.05 0.15 256 4' (10 runs):

            128.94 msec task-clock                #    0.433 CPUs utilized            ( +-  1.09% )
                11      context-switches          #    0.088 K/sec                    ( +-  4.58% )
                 0      cpu-migrations            #    0.002 K/sec                    ( +-100.00% )
               725      page-faults               #    0.006 M/sec                    ( +-  0.06% )
       318,704,214      cycles                    #    2.472 GHz                      ( +-  0.20% )  (83.60%)
       230,896,958      stalled-cycles-frontend   #   72.45% frontend cycles idle     ( +-  0.43% )  (77.81%)
        66,770,398      stalled-cycles-backend    #   20.95% backend cycles idle      ( +-  1.61% )  (65.24%)
       324,196,848      instructions              #    1.02  insn per cycle         
                                                  #    0.71  stalled cycles per insn  ( +-  0.49% )  (84.56%)
        41,427,618      branches                  #  321.288 M/sec                    ( +-  0.41% )  (87.34%)
            79,930      branch-misses             #    0.19% of all branches          ( +-  0.79% )  (86.00%)

            0.2980 +- 0.0805 seconds time elapsed  ( +- 27.00% )


 Performance counter stats for './mandelbrot_omp -0.8 -0.7 0.05 0.15 256 8' (10 runs):

            164.69 msec task-clock                #    1.142 CPUs utilized            ( +-  1.53% )
                18      context-switches          #    0.110 K/sec                    ( +-  3.13% )
                 0      cpu-migrations            #    0.000 K/sec                  
               734      page-faults               #    0.004 M/sec                    ( +-  0.06% )
       366,716,025      cycles                    #    2.227 GHz                      ( +-  0.56% )  (88.49%)
       267,374,785      stalled-cycles-frontend   #   72.91% frontend cycles idle     ( +-  0.67% )  (84.96%)
       103,634,387      stalled-cycles-backend    #   28.26% backend cycles idle      ( +-  1.68% )  (61.10%)
       335,228,213      instructions              #    0.91  insn per cycle         
                                                  #    0.80  stalled cycles per insn  ( +-  0.96% )  (80.47%)
        46,045,034      branches                  #  279.580 M/sec                    ( +-  1.83% )  (80.56%)
            87,387      branch-misses             #    0.19% of all branches          ( +-  1.65% )  (84.89%)

            0.1442 +- 0.0152 seconds time elapsed  ( +- 10.51% )


 Performance counter stats for './mandelbrot_omp -0.8 -0.7 0.05 0.15 256 16' (10 runs):

            214.87 msec task-clock                #    0.801 CPUs utilized            ( +-  1.92% )
                31      context-switches          #    0.145 K/sec                    ( +-  2.78% )
                 0      cpu-migrations            #    0.000 K/sec                  
               750      page-faults               #    0.003 M/sec                    ( +-  0.05% )
       458,882,066      cycles                    #    2.136 GHz                      ( +-  0.40% )  (93.01%)
       323,903,078      stalled-cycles-frontend   #   70.59% frontend cycles idle     ( +-  1.43% )  (79.08%)
       134,307,785      stalled-cycles-backend    #   29.27% backend cycles idle      ( +-  9.51% )  (46.08%)
       373,094,485      instructions              #    0.81  insn per cycle         
                                                  #    0.87  stalled cycles per insn  ( +-  3.07% )  (75.65%)
        54,258,417      branches                  #  252.518 M/sec                    ( +-  1.20% )  (86.46%)
            95,593      branch-misses             #    0.18% of all branches          ( +-  2.47% )  (95.37%)

            0.2683 +- 0.0624 seconds time elapsed  ( +- 23.26% )


 Performance counter stats for './mandelbrot_omp -0.8 -0.7 0.05 0.15 256 32' (10 runs):

            358.89 msec task-clock                #    2.109 CPUs utilized            ( +-  3.13% )
                55      context-switches          #    0.152 K/sec                    ( +-  3.81% )
                 7      cpu-migrations            #    0.019 K/sec                    ( +- 11.76% )
               784      page-faults               #    0.002 M/sec                    ( +-  0.04% )
       769,778,927      cycles                    #    2.145 GHz                      ( +-  1.08% )  (94.20%)
       563,043,852      stalled-cycles-frontend   #   73.14% frontend cycles idle     ( +-  1.45% )  (73.87%)
       306,510,664      stalled-cycles-backend    #   39.82% backend cycles idle      ( +-  3.91% )  (41.54%)
       494,521,758      instructions              #    0.64  insn per cycle         
                                                  #    1.14  stalled cycles per insn  ( +-  1.38% )  (77.30%)
        81,538,591      branches                  #  227.199 M/sec                    ( +-  1.67% )  (93.04%)
           105,045      branch-misses             #    0.13% of all branches          ( +-  1.20% )  (97.35%)

            0.1701 +- 0.0400 seconds time elapsed  ( +- 23.54% )


 Performance counter stats for './mandelbrot_omp -0.8 -0.7 0.05 0.15 512 1' (10 runs):

            411.19 msec task-clock                #    0.708 CPUs utilized            ( +-  7.70% )
                11      context-switches          #    0.026 K/sec                    ( +-  2.56% )
                 0      cpu-migrations            #    0.000 K/sec                  
             2,588      page-faults               #    0.006 M/sec                    ( +-  1.98% )
     1,169,684,396      cycles                    #    2.845 GHz                      ( +-  0.09% )  (82.73%)
       822,958,855      stalled-cycles-frontend   #   70.36% frontend cycles idle     ( +-  0.12% )  (83.05%)
       188,632,458      stalled-cycles-backend    #   16.13% backend cycles idle      ( +-  0.46% )  (67.14%)
     1,232,272,235      instructions              #    1.05  insn per cycle         
                                                  #    0.67  stalled cycles per insn  ( +-  0.10% )  (83.68%)
       150,566,655      branches                  #  366.169 M/sec                    ( +-  0.26% )  (83.90%)
           285,728      branch-misses             #    0.19% of all branches          ( +-  0.26% )  (83.18%)

            0.5809 +- 0.0659 seconds time elapsed  ( +- 11.35% )


 Performance counter stats for './mandelbrot_omp -0.8 -0.7 0.05 0.15 512 2' (10 runs):

            435.24 msec task-clock                #    0.920 CPUs utilized            ( +-  7.47% )
                16      context-switches          #    0.036 K/sec                    ( +-  9.48% )
                 0      cpu-migrations            #    0.001 K/sec                    ( +- 50.92% )
             2,641      page-faults               #    0.006 M/sec                    ( +-  0.01% )
     1,189,317,501      cycles                    #    2.733 GHz                      ( +-  0.14% )  (82.98%)
       837,091,420      stalled-cycles-frontend   #   70.38% frontend cycles idle     ( +-  0.18% )  (83.50%)
       201,410,400      stalled-cycles-backend    #   16.93% backend cycles idle      ( +-  0.49% )  (67.47%)
     1,234,741,565      instructions              #    1.04  insn per cycle         
                                                  #    0.68  stalled cycles per insn  ( +-  0.17% )  (83.70%)
       152,133,117      branches                  #  349.541 M/sec                    ( +-  0.23% )  (83.22%)
           288,365      branch-misses             #    0.19% of all branches          ( +-  0.26% )  (82.83%)

            0.4732 +- 0.0616 seconds time elapsed  ( +- 13.01% )


 Performance counter stats for './mandelbrot_omp -0.8 -0.7 0.05 0.15 512 4' (10 runs):

            417.02 msec task-clock                #    1.070 CPUs utilized            ( +-  1.88% )
                17      context-switches          #    0.040 K/sec                    ( +-  5.13% )
                 0      cpu-migrations            #    0.001 K/sec                    ( +-100.00% )
             2,646      page-faults               #    0.006 M/sec                    ( +-  0.01% )
     1,214,539,736      cycles                    #    2.912 GHz                      ( +-  0.12% )  (82.87%)
       856,091,680      stalled-cycles-frontend   #   70.49% frontend cycles idle     ( +-  0.23% )  (83.25%)
       210,787,773      stalled-cycles-backend    #   17.36% backend cycles idle      ( +-  0.56% )  (67.60%)
     1,243,648,792      instructions              #    1.02  insn per cycle         
                                                  #    0.69  stalled cycles per insn  ( +-  0.38% )  (83.63%)
       154,960,920      branches                  #  371.588 M/sec                    ( +-  0.36% )  (83.22%)
           287,398      branch-misses             #    0.19% of all branches          ( +-  0.40% )  (83.06%)

            0.3897 +- 0.0550 seconds time elapsed  ( +- 14.12% )


 Performance counter stats for './mandelbrot_omp -0.8 -0.7 0.05 0.15 512 8' (10 runs):

            443.81 msec task-clock                #    1.238 CPUs utilized            ( +-  1.85% )
                26      context-switches          #    0.058 K/sec                    ( +-  3.07% )
                 0      cpu-migrations            #    0.000 K/sec                    ( +-100.00% )
             2,654      page-faults               #    0.006 M/sec                    ( +-  0.01% )
     1,261,863,599      cycles                    #    2.843 GHz                      ( +-  0.21% )  (83.06%)
       882,014,119      stalled-cycles-frontend   #   69.90% frontend cycles idle     ( +-  0.32% )  (83.71%)
       226,070,020      stalled-cycles-backend    #   17.92% backend cycles idle      ( +-  0.54% )  (68.87%)
     1,255,951,390      instructions              #    1.00  insn per cycle         
                                                  #    0.70  stalled cycles per insn  ( +-  0.43% )  (84.43%)
       160,388,454      branches                  #  361.387 M/sec                    ( +-  0.34% )  (82.39%)
           295,826      branch-misses             #    0.18% of all branches          ( +-  0.40% )  (81.97%)

            0.3585 +- 0.0597 seconds time elapsed  ( +- 16.66% )


 Performance counter stats for './mandelbrot_omp -0.8 -0.7 0.05 0.15 512 16' (10 runs):

            519.43 msec task-clock                #    1.620 CPUs utilized            ( +-  1.77% )
                42      context-switches          #    0.081 K/sec                    ( +-  2.37% )
                 0      cpu-migrations            #    0.000 K/sec                  
             2,671      page-faults               #    0.005 M/sec                    ( +-  0.01% )
     1,370,923,290      cycles                    #    2.639 GHz                      ( +-  0.43% )  (84.09%)
       951,526,457      stalled-cycles-frontend   #   69.41% frontend cycles idle     ( +-  0.56% )  (85.41%)
       277,294,091      stalled-cycles-backend    #   20.23% backend cycles idle      ( +-  1.43% )  (69.26%)
     1,291,851,492      instructions              #    0.94  insn per cycle         
                                                  #    0.74  stalled cycles per insn  ( +-  0.52% )  (83.41%)
       171,797,905      branches                  #  330.744 M/sec                    ( +-  0.76% )  (80.04%)
           309,605      branch-misses             #    0.18% of all branches          ( +-  0.47% )  (81.20%)

            0.3206 +- 0.0648 seconds time elapsed  ( +- 20.23% )


 Performance counter stats for './mandelbrot_omp -0.8 -0.7 0.05 0.15 512 32' (10 runs):

            684.51 msec task-clock                #    3.204 CPUs utilized            ( +-  1.62% )
                80      context-switches          #    0.117 K/sec                    ( +-  4.18% )
                10      cpu-migrations            #    0.014 K/sec                    ( +- 17.78% )
             2,705      page-faults               #    0.004 M/sec                    ( +-  0.01% )
     1,818,348,145      cycles                    #    2.656 GHz                      ( +-  0.63% )  (81.40%)
     1,348,730,755      stalled-cycles-frontend   #   74.17% frontend cycles idle     ( +-  0.50% )  (83.60%)
       521,970,537      stalled-cycles-backend    #   28.71% backend cycles idle      ( +-  3.01% )  (72.84%)
     1,454,076,353      instructions              #    0.80  insn per cycle         
                                                  #    0.93  stalled cycles per insn  ( +-  0.63% )  (84.56%)
       204,143,783      branches                  #  298.235 M/sec                    ( +-  0.62% )  (81.20%)
           310,113      branch-misses             #    0.15% of all branches          ( +-  0.93% )  (80.96%)

            0.2137 +- 0.0111 seconds time elapsed  ( +-  5.22% )


 Performance counter stats for './mandelbrot_omp -0.8 -0.7 0.05 0.15 1024 1' (10 runs):

          1,725.25 msec task-clock                #    0.829 CPUs utilized            ( +-  1.84% )
                27      context-switches          #    0.016 K/sec                    ( +-  5.82% )
                 0      cpu-migrations            #    0.000 K/sec                  
             8,786      page-faults               #    0.005 M/sec                    ( +-  0.00% )
     4,682,576,878      cycles                    #    2.714 GHz                      ( +-  0.04% )  (83.27%)
     3,300,261,787      stalled-cycles-frontend   #   70.48% frontend cycles idle     ( +-  0.05% )  (83.35%)
       786,240,796      stalled-cycles-backend    #   16.79% backend cycles idle      ( +-  0.22% )  (66.65%)
     4,935,629,417      instructions              #    1.05  insn per cycle         
                                                  #    0.67  stalled cycles per insn  ( +-  0.05% )  (83.31%)
       595,368,834      branches                  #  345.092 M/sec                    ( +-  0.09% )  (83.42%)
         1,106,798      branch-misses             #    0.19% of all branches          ( +-  0.14% )  (83.30%)

            2.0801 +- 0.0827 seconds time elapsed  ( +-  3.98% )


 Performance counter stats for './mandelbrot_omp -0.8 -0.7 0.05 0.15 1024 2' (10 runs):

          1,955.78 msec task-clock                #    1.385 CPUs utilized            ( +-  2.62% )
                38      context-switches          #    0.019 K/sec                    ( +- 10.96% )
                 1      cpu-migrations            #    0.001 K/sec                    ( +-  9.09% )
             8,788      page-faults               #    0.004 M/sec                    ( +-  0.00% )
     4,734,715,142      cycles                    #    2.421 GHz                      ( +-  0.05% )  (83.23%)
     3,351,664,564      stalled-cycles-frontend   #   70.79% frontend cycles idle     ( +-  0.07% )  (83.27%)
       817,594,196      stalled-cycles-backend    #   17.27% backend cycles idle      ( +-  0.24% )  (66.76%)
     4,950,958,846      instructions              #    1.05  insn per cycle         
                                                  #    0.68  stalled cycles per insn  ( +-  0.05% )  (83.39%)
       598,918,161      branches                  #  306.229 M/sec                    ( +-  0.08% )  (83.42%)
         1,111,718      branch-misses             #    0.19% of all branches          ( +-  0.15% )  (83.32%)

            1.4120 +- 0.0552 seconds time elapsed  ( +-  3.91% )


 Performance counter stats for './mandelbrot_omp -0.8 -0.7 0.05 0.15 1024 4' (10 runs):

          2,057.75 msec task-clock                #    2.078 CPUs utilized            ( +-  5.76% )
                43      context-switches          #    0.021 K/sec                    ( +-  7.84% )
                 2      cpu-migrations            #    0.001 K/sec                    ( +- 19.09% )
             8,793      page-faults               #    0.004 M/sec                    ( +-  0.00% )
     4,754,472,402      cycles                    #    2.311 GHz                      ( +-  0.06% )  (83.19%)
     3,370,558,589      stalled-cycles-frontend   #   70.89% frontend cycles idle     ( +-  0.08% )  (83.25%)
       827,379,686      stalled-cycles-backend    #   17.40% backend cycles idle      ( +-  0.36% )  (66.65%)
     4,961,065,185      instructions              #    1.04  insn per cycle         
                                                  #    0.68  stalled cycles per insn  ( +-  0.07% )  (83.34%)
       600,538,187      branches                  #  291.842 M/sec                    ( +-  0.09% )  (83.53%)
         1,108,276      branch-misses             #    0.18% of all branches          ( +-  0.11% )  (83.38%)

            0.9900 +- 0.0755 seconds time elapsed  ( +-  7.63% )


 Performance counter stats for './mandelbrot_omp -0.8 -0.7 0.05 0.15 1024 8' (10 runs):

          1,720.69 msec task-clock                #    2.748 CPUs utilized            ( +-  5.75% )
                60      context-switches          #    0.035 K/sec                    ( +-  6.87% )
                 1      cpu-migrations            #    0.001 K/sec                    ( +- 23.08% )
             8,801      page-faults               #    0.005 M/sec                    ( +-  0.01% )
     4,802,241,279      cycles                    #    2.791 GHz                      ( +-  0.14% )  (82.91%)
     3,404,520,918      stalled-cycles-frontend   #   70.89% frontend cycles idle     ( +-  0.05% )  (82.83%)
       845,909,492      stalled-cycles-backend    #   17.61% backend cycles idle      ( +-  0.12% )  (66.75%)
     4,968,230,950      instructions              #    1.03  insn per cycle         
                                                  #    0.69  stalled cycles per insn  ( +-  0.08% )  (83.56%)
       606,715,534      branches                  #  352.600 M/sec                    ( +-  0.13% )  (83.74%)
         1,115,264      branch-misses             #    0.18% of all branches          ( +-  0.25% )  (83.77%)

            0.6261 +- 0.0626 seconds time elapsed  ( +- 10.00% )


 Performance counter stats for './mandelbrot_omp -0.8 -0.7 0.05 0.15 1024 16' (10 runs):

          1,765.13 msec task-clock                #    3.385 CPUs utilized            ( +-  1.75% )
                59      context-switches          #    0.034 K/sec                    ( +-  3.56% )
                 0      cpu-migrations            #    0.000 K/sec                  
             8,818      page-faults               #    0.005 M/sec                    ( +-  0.00% )
     4,920,236,475      cycles                    #    2.787 GHz                      ( +-  0.28% )  (82.65%)
     3,503,249,730      stalled-cycles-frontend   #   71.20% frontend cycles idle     ( +-  0.23% )  (82.70%)
       922,168,013      stalled-cycles-backend    #   18.74% backend cycles idle      ( +-  0.42% )  (66.30%)
     5,030,570,400      instructions              #    1.02  insn per cycle         
                                                  #    0.70  stalled cycles per insn  ( +-  0.26% )  (83.46%)
       616,182,759      branches                  #  349.086 M/sec                    ( +-  0.27% )  (84.18%)
         1,117,764      branch-misses             #    0.18% of all branches          ( +-  0.21% )  (84.17%)

            0.5214 +- 0.0516 seconds time elapsed  ( +-  9.89% )


 Performance counter stats for './mandelbrot_omp -0.8 -0.7 0.05 0.15 1024 32' (10 runs):

          2,086.22 msec task-clock                #    4.661 CPUs utilized            ( +-  1.11% )
                98      context-switches          #    0.047 K/sec                    ( +-  3.45% )
                 6      cpu-migrations            #    0.003 K/sec                    ( +- 12.00% )
             8,852      page-faults               #    0.004 M/sec                    ( +-  0.00% )
     5,939,341,176      cycles                    #    2.847 GHz                      ( +-  0.19% )  (81.70%)
     4,418,909,325      stalled-cycles-frontend   #   74.40% frontend cycles idle     ( +-  0.17% )  (81.94%)
     1,470,271,121      stalled-cycles-backend    #   24.75% backend cycles idle      ( +-  0.42% )  (66.71%)
     5,094,093,915      instructions              #    0.86  insn per cycle         
                                                  #    0.87  stalled cycles per insn  ( +-  0.21% )  (83.88%)
       640,381,771      branches                  #  306.958 M/sec                    ( +-  0.17% )  (85.34%)
         1,141,873      branch-misses             #    0.18% of all branches          ( +-  0.17% )  (84.32%)

            0.4476 +- 0.0564 seconds time elapsed  ( +- 12.59% )


 Performance counter stats for './mandelbrot_omp -0.8 -0.7 0.05 0.15 2048 1' (10 runs):

          5,955.82 msec task-clock                #    0.947 CPUs utilized            ( +-  0.70% )
                80      context-switches          #    0.013 K/sec                    ( +-  4.01% )
                 0      cpu-migrations            #    0.000 K/sec                    ( +- 66.67% )
            33,399      page-faults               #    0.006 M/sec                    ( +-  0.00% )
    18,705,915,463      cycles                    #    3.141 GHz                      ( +-  0.02% )  (83.31%)
    13,214,580,046      stalled-cycles-frontend   #   70.64% frontend cycles idle     ( +-  0.04% )  (83.32%)
     3,163,881,510      stalled-cycles-backend    #   16.91% backend cycles idle      ( +-  0.18% )  (66.67%)
    19,793,755,706      instructions              #    1.06  insn per cycle         
                                                  #    0.67  stalled cycles per insn  ( +-  0.02% )  (83.34%)
     2,388,193,512      branches                  #  400.985 M/sec                    ( +-  0.02% )  (83.35%)
         4,377,157      branch-misses             #    0.18% of all branches          ( +-  0.03% )  (83.35%)

            6.2863 +- 0.0531 seconds time elapsed  ( +-  0.84% )


 Performance counter stats for './mandelbrot_omp -0.8 -0.7 0.05 0.15 2048 2' (10 runs):

          6,381.75 msec task-clock                #    1.551 CPUs utilized            ( +-  0.85% )
               178      context-switches          #    0.028 K/sec                    ( +-  6.83% )
                 1      cpu-migrations            #    0.000 K/sec                  
            65,273      page-faults               #    0.010 M/sec                    ( +-  0.89% )
    19,241,504,028      cycles                    #    3.015 GHz                      ( +-  0.04% )  (83.31%)
    13,642,486,586      stalled-cycles-frontend   #   70.90% frontend cycles idle     ( +-  0.06% )  (83.31%)
     3,472,372,826      stalled-cycles-backend    #   18.05% backend cycles idle      ( +-  0.20% )  (66.66%)
    19,948,826,774      instructions              #    1.04  insn per cycle         
                                                  #    0.68  stalled cycles per insn  ( +-  0.03% )  (83.35%)
     2,426,399,895      branches                  #  380.209 M/sec                    ( +-  0.03% )  (83.37%)
         4,592,008      branch-misses             #    0.19% of all branches          ( +-  0.15% )  (83.34%)

             4.114 +- 0.107 seconds time elapsed  ( +-  2.60% )


 Performance counter stats for './mandelbrot_omp -0.8 -0.7 0.05 0.15 2048 4' (10 runs):

          6,520.88 msec task-clock                #    2.550 CPUs utilized            ( +-  2.30% )
               139      context-switches          #    0.021 K/sec                    ( +- 12.17% )
                 1      cpu-migrations            #    0.000 K/sec                    ( +- 16.42% )
            65,888      page-faults               #    0.010 M/sec                    ( +-  0.83% )
    19,234,165,340      cycles                    #    2.950 GHz                      ( +-  0.20% )  (83.35%)
    13,637,982,841      stalled-cycles-frontend   #   70.90% frontend cycles idle     ( +-  0.23% )  (83.32%)
     3,467,021,593      stalled-cycles-backend    #   18.03% backend cycles idle      ( +-  0.64% )  (66.63%)
    19,944,351,008      instructions              #    1.04  insn per cycle         
                                                  #    0.68  stalled cycles per insn  ( +-  0.08% )  (83.32%)
     2,426,264,875      branches                  #  372.077 M/sec                    ( +-  0.13% )  (83.36%)
         4,569,900      branch-misses             #    0.19% of all branches          ( +-  0.60% )  (83.34%)

            2.5572 +- 0.0534 seconds time elapsed  ( +-  2.09% )


 Performance counter stats for './mandelbrot_omp -0.8 -0.7 0.05 0.15 2048 8' (10 runs):

          7,727.07 msec task-clock                #    3.847 CPUs utilized            ( +-  2.99% )
               160      context-switches          #    0.021 K/sec                    ( +-  8.23% )
                 2      cpu-migrations            #    0.000 K/sec                    ( +- 14.57% )
            59,644      page-faults               #    0.008 M/sec                    ( +-  7.37% )
    19,255,372,750      cycles                    #    2.492 GHz                      ( +-  0.28% )  (83.37%)
    13,654,019,814      stalled-cycles-frontend   #   70.91% frontend cycles idle     ( +-  0.32% )  (83.33%)
     3,457,555,239      stalled-cycles-backend    #   17.96% backend cycles idle      ( +-  1.01% )  (66.54%)
    19,967,561,832      instructions              #    1.04  insn per cycle         
                                                  #    0.68  stalled cycles per insn  ( +-  0.15% )  (83.30%)
     2,432,123,288      branches                  #  314.754 M/sec                    ( +-  0.22% )  (83.35%)
         4,580,730      branch-misses             #    0.19% of all branches          ( +-  0.83% )  (83.42%)

            2.0085 +- 0.0893 seconds time elapsed  ( +-  4.44% )


 Performance counter stats for './mandelbrot_omp -0.8 -0.7 0.05 0.15 2048 16' (10 runs):

          8,498.66 msec task-clock                #    5.942 CPUs utilized            ( +-  5.41% )
               164      context-switches          #    0.019 K/sec                    ( +-  8.31% )
                 3      cpu-migrations            #    0.000 K/sec                    ( +- 15.79% )
            34,145      page-faults               #    0.004 M/sec                    ( +-  2.16% )
    19,177,756,336      cycles                    #    2.257 GHz                      ( +-  0.12% )  (83.44%)
    13,609,632,344      stalled-cycles-frontend   #   70.97% frontend cycles idle     ( +-  0.14% )  (83.23%)
     3,404,545,964      stalled-cycles-backend    #   17.75% backend cycles idle      ( +-  0.33% )  (66.42%)
    19,888,155,610      instructions              #    1.04  insn per cycle         
                                                  #    0.68  stalled cycles per insn  ( +-  0.04% )  (83.27%)
     2,415,470,428      branches                  #  284.218 M/sec                    ( +-  0.08% )  (83.42%)
         4,420,880      branch-misses             #    0.18% of all branches          ( +-  0.22% )  (83.48%)

            1.4302 +- 0.0618 seconds time elapsed  ( +-  4.32% )


 Performance counter stats for './mandelbrot_omp -0.8 -0.7 0.05 0.15 2048 32' (10 runs):

         10,096.13 msec task-clock                #    8.356 CPUs utilized            ( +- 10.79% )
               173      context-switches          #    0.017 K/sec                    ( +-  2.92% )
                 7      cpu-migrations            #    0.001 K/sec                    ( +-  9.05% )
            33,440      page-faults               #    0.003 M/sec                    ( +-  0.00% )
    22,231,928,066      cycles                    #    2.202 GHz                      ( +-  0.10% )  (83.28%)
    16,625,556,942      stalled-cycles-frontend   #   74.78% frontend cycles idle     ( +-  0.15% )  (83.29%)
     5,087,133,278      stalled-cycles-backend    #   22.88% backend cycles idle      ( +-  0.47% )  (66.76%)
    19,978,816,384      instructions              #    0.90  insn per cycle         
                                                  #    0.83  stalled cycles per insn  ( +-  0.15% )  (83.35%)
     2,448,018,364      branches                  #  242.471 M/sec                    ( +-  0.11% )  (83.36%)
         4,449,290      branch-misses             #    0.18% of all branches          ( +-  0.21% )  (83.30%)

            1.2083 +- 0.0555 seconds time elapsed  ( +-  4.59% )


 Performance counter stats for './mandelbrot_omp -0.8 -0.7 0.05 0.15 4096 1' (10 runs):

         23,161.14 msec task-clock                #    0.965 CPUs utilized            ( +-  0.38% )
               326      context-switches          #    0.014 K/sec                    ( +-  7.17% )
                 0      cpu-migrations            #    0.000 K/sec                    ( +- 66.67% )
           145,004      page-faults               #    0.006 M/sec                    ( +-  9.08% )
    75,081,712,090      cycles                    #    3.242 GHz                      ( +-  0.21% )  (83.33%)
    53,039,875,665      stalled-cycles-frontend   #   70.64% frontend cycles idle     ( +-  0.22% )  (83.33%)
    12,786,437,769      stalled-cycles-backend    #   17.03% backend cycles idle      ( +-  0.69% )  (66.67%)
    79,329,305,401      instructions              #    1.06  insn per cycle         
                                                  #    0.67  stalled cycles per insn  ( +-  0.10% )  (83.33%)
     9,588,294,537      branches                  #  413.982 M/sec                    ( +-  0.16% )  (83.34%)
        17,548,126      branch-misses             #    0.18% of all branches          ( +-  0.58% )  (83.33%)

           24.0058 +- 0.0775 seconds time elapsed  ( +-  0.32% )


 Performance counter stats for './mandelbrot_omp -0.8 -0.7 0.05 0.15 4096 2' (10 runs):

         23,972.68 msec task-clock                #    1.591 CPUs utilized            ( +-  0.36% )
               383      context-switches          #    0.016 K/sec                    ( +-  8.36% )
                 1      cpu-migrations            #    0.000 K/sec                    ( +- 16.67% )
           362,768      page-faults               #    0.015 M/sec                    ( +-  1.66% )
    77,308,949,750      cycles                    #    3.225 GHz                      ( +-  0.03% )  (83.32%)
    54,844,316,920      stalled-cycles-frontend   #   70.94% frontend cycles idle     ( +-  0.03% )  (83.33%)
    14,086,488,550      stalled-cycles-backend    #   18.22% backend cycles idle      ( +-  0.07% )  (66.67%)
    79,945,367,254      instructions              #    1.03  insn per cycle         
                                                  #    0.69  stalled cycles per insn  ( +-  0.03% )  (83.33%)
     9,735,710,010      branches                  #  406.117 M/sec                    ( +-  0.04% )  (83.33%)
        18,316,165      branch-misses             #    0.19% of all branches          ( +-  0.06% )  (83.34%)

            15.065 +- 0.103 seconds time elapsed  ( +-  0.68% )


 Performance counter stats for './mandelbrot_omp -0.8 -0.7 0.05 0.15 4096 4' (10 runs):

         24,405.86 msec task-clock                #    2.655 CPUs utilized            ( +-  0.70% )
               386      context-switches          #    0.016 K/sec                    ( +-  4.81% )
                 3      cpu-migrations            #    0.000 K/sec                    ( +- 17.50% )
           349,003      page-faults               #    0.014 M/sec                    ( +-  0.39% )
    77,668,177,106      cycles                    #    3.182 GHz                      ( +-  0.05% )  (83.32%)
    55,159,950,892      stalled-cycles-frontend   #   71.02% frontend cycles idle     ( +-  0.05% )  (83.34%)
    14,393,249,192      stalled-cycles-backend    #   18.53% backend cycles idle      ( +-  0.18% )  (66.67%)
    79,973,115,591      instructions              #    1.03  insn per cycle         
                                                  #    0.69  stalled cycles per insn  ( +-  0.03% )  (83.34%)
     9,743,759,149      branches                  #  399.238 M/sec                    ( +-  0.04% )  (83.34%)
        18,512,971      branch-misses             #    0.19% of all branches          ( +-  0.18% )  (83.33%)

            9.1911 +- 0.0711 seconds time elapsed  ( +-  0.77% )


 Performance counter stats for './mandelbrot_omp -0.8 -0.7 0.05 0.15 4096 8' (10 runs):

         25,465.38 msec task-clock                #    4.135 CPUs utilized            ( +-  0.64% )
               382      context-switches          #    0.015 K/sec                    ( +-  4.98% )
                 4      cpu-migrations            #    0.000 K/sec                    ( +- 25.18% )
           263,433      page-faults               #    0.010 M/sec                    ( +-  0.00% )
    77,559,423,644      cycles                    #    3.046 GHz                      ( +-  0.17% )  (83.32%)
    55,088,000,536      stalled-cycles-frontend   #   71.03% frontend cycles idle     ( +-  0.19% )  (83.34%)
    14,318,947,878      stalled-cycles-backend    #   18.46% backend cycles idle      ( +-  0.57% )  (66.70%)
    79,907,246,164      instructions              #    1.03  insn per cycle         
                                                  #    0.69  stalled cycles per insn  ( +-  0.07% )  (83.34%)
     9,733,574,335      branches                  #  382.228 M/sec                    ( +-  0.12% )  (83.32%)
        18,648,318      branch-misses             #    0.19% of all branches          ( +-  0.52% )  (83.32%)

             6.158 +- 0.125 seconds time elapsed  ( +-  2.02% )


 Performance counter stats for './mandelbrot_omp -0.8 -0.7 0.05 0.15 4096 16' (10 runs):

         27,422.08 msec task-clock                #    6.011 CPUs utilized            ( +-  1.25% )
               404      context-switches          #    0.015 K/sec                    ( +-  5.91% )
                 6      cpu-migrations            #    0.000 K/sec                    ( +- 21.17% )
           263,160      page-faults               #    0.010 M/sec                    ( +-  0.02% )
    77,317,292,961      cycles                    #    2.820 GHz                      ( +-  0.22% )  (83.34%)
    54,975,772,333      stalled-cycles-frontend   #   71.10% frontend cycles idle     ( +-  0.28% )  (83.31%)
    14,127,684,484      stalled-cycles-backend    #   18.27% backend cycles idle      ( +-  0.93% )  (66.68%)
    79,694,203,150      instructions              #    1.03  insn per cycle         
                                                  #    0.69  stalled cycles per insn  ( +-  0.09% )  (83.34%)
     9,691,399,778      branches                  #  353.416 M/sec                    ( +-  0.13% )  (83.31%)
        18,227,272      branch-misses             #    0.19% of all branches          ( +-  0.62% )  (83.35%)

            4.5617 +- 0.0789 seconds time elapsed  ( +-  1.73% )


 Performance counter stats for './mandelbrot_omp -0.8 -0.7 0.05 0.15 4096 32' (10 runs):

         35,176.58 msec task-clock                #    9.743 CPUs utilized            ( +-  2.29% )
               523      context-switches          #    0.015 K/sec                    ( +-  5.77% )
                11      cpu-migrations            #    0.000 K/sec                    ( +- 15.48% )
           215,438      page-faults               #    0.006 M/sec                    ( +-  4.48% )
    88,027,615,556      cycles                    #    2.502 GHz                      ( +-  0.11% )  (83.31%)
    65,912,742,284      stalled-cycles-frontend   #   74.88% frontend cycles idle     ( +-  0.12% )  (83.34%)
    19,960,432,570      stalled-cycles-backend    #   22.68% backend cycles idle      ( +-  0.34% )  (66.80%)
    79,522,179,818      instructions              #    0.90  insn per cycle         
                                                  #    0.83  stalled cycles per insn  ( +-  0.03% )  (83.39%)
     9,673,258,547      branches                  #  274.991 M/sec                    ( +-  0.03% )  (83.29%)
        17,814,142      branch-misses             #    0.18% of all branches          ( +-  0.30% )  (83.26%)

            3.6103 +- 0.0820 seconds time elapsed  ( +-  2.27% )


 Performance counter stats for './mandelbrot_omp -0.8 -0.7 0.05 0.15 8192 1' (10 runs):

         91,256.00 msec task-clock                #    0.961 CPUs utilized            ( +-  0.07% )
             1,209      context-switches          #    0.013 K/sec                    ( +-  5.62% )
                 0      cpu-migrations            #    0.000 K/sec                  
           525,673      page-faults               #    0.006 M/sec                    ( +-  0.00% )
   299,415,983,403      cycles                    #    3.281 GHz                      ( +-  0.01% )  (83.33%)
   211,421,697,932      stalled-cycles-frontend   #   70.61% frontend cycles idle     ( +-  0.02% )  (83.33%)
    50,498,982,951      stalled-cycles-backend    #   16.87% backend cycles idle      ( +-  0.13% )  (66.67%)
   317,066,139,243      instructions              #    1.06  insn per cycle         
                                                  #    0.67  stalled cycles per insn  ( +-  0.01% )  (83.33%)
    38,301,162,413      branches                  #  419.711 M/sec                    ( +-  0.01% )  (83.33%)
        69,768,702      branch-misses             #    0.18% of all branches          ( +-  0.05% )  (83.33%)

            94.928 +- 0.470 seconds time elapsed  ( +-  0.50% )


 Performance counter stats for './mandelbrot_omp -0.8 -0.7 0.05 0.15 8192 2' (10 runs):

         94,667.97 msec task-clock                #    1.612 CPUs utilized            ( +-  0.09% )
             1,377      context-switches          #    0.015 K/sec                    ( +-  4.10% )
                 2      cpu-migrations            #    0.000 K/sec                    ( +- 17.67% )
         1,474,788      page-faults               #    0.016 M/sec                    ( +-  0.92% )
   309,467,283,243      cycles                    #    3.269 GHz                      ( +-  0.06% )  (83.33%)
   219,559,228,273      stalled-cycles-frontend   #   70.95% frontend cycles idle     ( +-  0.07% )  (83.33%)
    56,625,711,954      stalled-cycles-backend    #   18.30% backend cycles idle      ( +-  0.22% )  (66.67%)
   319,794,019,160      instructions              #    1.03  insn per cycle         
                                                  #    0.69  stalled cycles per insn  ( +-  0.02% )  (83.33%)
    38,961,714,235      branches                  #  411.562 M/sec                    ( +-  0.03% )  (83.34%)
        73,221,279      branch-misses             #    0.19% of all branches          ( +-  0.19% )  (83.34%)

            58.711 +- 0.434 seconds time elapsed  ( +-  0.74% )


 Performance counter stats for './mandelbrot_omp -0.8 -0.7 0.05 0.15 8192 4' (10 runs):

         95,963.47 msec task-clock                #    2.705 CPUs utilized            ( +-  0.18% )
             1,392      context-switches          #    0.015 K/sec                    ( +-  8.52% )
                 5      cpu-migrations            #    0.000 K/sec                    ( +- 21.06% )
         1,511,169      page-faults               #    0.016 M/sec                    ( +-  0.76% )
   311,779,918,566      cycles                    #    3.249 GHz                      ( +-  0.07% )  (83.33%)
   221,538,360,453      stalled-cycles-frontend   #   71.06% frontend cycles idle     ( +-  0.07% )  (83.33%)
    58,444,485,979      stalled-cycles-backend    #   18.75% backend cycles idle      ( +-  0.22% )  (66.67%)
   320,264,977,048      instructions              #    1.03  insn per cycle         
                                                  #    0.69  stalled cycles per insn  ( +-  0.03% )  (83.34%)
    39,055,980,833      branches                  #  406.988 M/sec                    ( +-  0.05% )  (83.33%)
        74,512,536      branch-misses             #    0.19% of all branches          ( +-  0.21% )  (83.33%)

            35.481 +- 0.435 seconds time elapsed  ( +-  1.23% )


 Performance counter stats for './mandelbrot_omp -0.8 -0.7 0.05 0.15 8192 8' (10 runs):

         98,491.56 msec task-clock                #    4.436 CPUs utilized            ( +-  0.28% )
             1,544      context-switches          #    0.016 K/sec                    ( +-  6.60% )
                 5      cpu-migrations            #    0.000 K/sec                    ( +- 19.50% )
         1,351,633      page-faults               #    0.014 M/sec                    ( +-  1.57% )
   311,309,365,875      cycles                    #    3.161 GHz                      ( +-  0.12% )  (83.33%)
   221,339,895,839      stalled-cycles-frontend   #   71.10% frontend cycles idle     ( +-  0.14% )  (83.34%)
    58,296,929,071      stalled-cycles-backend    #   18.73% backend cycles idle      ( +-  0.48% )  (66.67%)
   319,604,347,675      instructions              #    1.03  insn per cycle         
                                                  #    0.69  stalled cycles per insn  ( +-  0.03% )  (83.34%)
    38,922,997,198      branches                  #  395.191 M/sec                    ( +-  0.05% )  (83.33%)
        74,542,810      branch-misses             #    0.19% of all branches          ( +-  0.28% )  (83.33%)

            22.202 +- 0.418 seconds time elapsed  ( +-  1.88% )


 Performance counter stats for './mandelbrot_omp -0.8 -0.7 0.05 0.15 8192 16' (10 runs):

        103,238.42 msec task-clock                #    6.862 CPUs utilized            ( +-  0.37% )
             1,456      context-switches          #    0.014 K/sec                    ( +-  6.09% )
                13      cpu-migrations            #    0.000 K/sec                    ( +- 18.35% )
         1,131,464      page-faults               #    0.011 M/sec                    ( +-  3.47% )
   309,979,375,468      cycles                    #    3.003 GHz                      ( +-  0.36% )  (83.33%)
   220,411,011,101      stalled-cycles-frontend   #   71.11% frontend cycles idle     ( +-  0.43% )  (83.33%)
    57,279,923,827      stalled-cycles-backend    #   18.48% backend cycles idle      ( +-  1.43% )  (66.67%)
   318,854,335,819      instructions              #    1.03  insn per cycle         
                                                  #    0.69  stalled cycles per insn  ( +-  0.07% )  (83.33%)
    38,776,583,245      branches                  #  375.602 M/sec                    ( +-  0.13% )  (83.33%)
        73,895,878      branch-misses             #    0.19% of all branches          ( +-  0.91% )  (83.33%)

            15.045 +- 0.144 seconds time elapsed  ( +-  0.96% )


 Performance counter stats for './mandelbrot_omp -0.8 -0.7 0.05 0.15 8192 32' (10 runs):

        125,622.19 msec task-clock                #    9.421 CPUs utilized            ( +-  0.73% )
             2,162      context-switches          #    0.017 K/sec                    ( +-  5.83% )
                26      cpu-migrations            #    0.000 K/sec                    ( +-  8.91% )
           954,502      page-faults               #    0.008 M/sec                    ( +-  2.50% )
   355,557,058,394      cycles                    #    2.830 GHz                      ( +-  0.20% )  (83.33%)
   266,794,342,158      stalled-cycles-frontend   #   75.04% frontend cycles idle     ( +-  0.24% )  (83.35%)
    82,884,031,082      stalled-cycles-backend    #   23.31% backend cycles idle      ( +-  0.68% )  (66.66%)
   318,540,123,430      instructions              #    0.90  insn per cycle         
                                                  #    0.84  stalled cycles per insn  ( +-  0.03% )  (83.32%)
    38,726,945,543      branches                  #  308.281 M/sec                    ( +-  0.06% )  (83.33%)
        73,738,476      branch-misses             #    0.19% of all branches          ( +-  0.58% )  (83.33%)

            13.334 +- 0.458 seconds time elapsed  ( +-  3.43% )

