
 Performance counter stats for './mandelbrot_omp -0.188 -0.012 0.554 0.754 16 1' (10 runs):

              2.68 msec task-clock                #    0.024 CPUs utilized            ( +-  2.84% )
                 4      context-switches          #    0.001 M/sec                  
                 0      cpu-migrations            #    0.000 K/sec                  
                81      page-faults               #    0.030 M/sec                    ( +-  0.44% )
         3,338,472      cycles                    #    1.244 GHz                      ( +-  1.87% )  (52.01%)
         2,261,848      stalled-cycles-frontend   #   67.75% frontend cycles idle     ( +-  0.54% )  (98.19%)
         1,301,502      stalled-cycles-backend    #   38.98% backend cycles idle      ( +-  0.87% )
         2,534,705      instructions              #    0.76  insn per cycle         
                                                  #    0.89  stalled cycles per insn  ( +-  0.12% )
           404,463      branches                  #  150.739 M/sec                    ( +-  0.14% )
            14,663      branch-misses             #    3.63% of all branches          ( +- 16.50% )  (49.80%)

            0.1114 +- 0.0153 seconds time elapsed  ( +- 13.77% )


 Performance counter stats for './mandelbrot_omp -0.188 -0.012 0.554 0.754 16 2' (10 runs):

              6.91 msec task-clock                #    0.088 CPUs utilized            ( +-  3.39% )
                 5      context-switches          #    0.723 K/sec                  
                 0      cpu-migrations            #    0.000 K/sec                  
                82      page-faults               #    0.012 M/sec                    ( +-  0.27% )
         8,517,422      cycles                    #    1.232 GHz                      ( +-  0.79% )  (50.07%)
         5,930,614      stalled-cycles-frontend   #   69.63% frontend cycles idle     ( +-  0.62% )  (94.30%)
         3,981,975      stalled-cycles-backend    #   46.75% backend cycles idle      ( +-  0.57% )  (99.83%)
         4,797,638      instructions              #    0.56  insn per cycle         
                                                  #    1.24  stalled cycles per insn  ( +-  0.09% )
         1,042,958      branches                  #  150.888 M/sec                    ( +-  0.08% )
             7,638      branch-misses             #    0.73% of all branches          ( +- 21.39% )  (55.80%)

            0.0785 +- 0.0132 seconds time elapsed  ( +- 16.87% )


 Performance counter stats for './mandelbrot_omp -0.188 -0.012 0.554 0.754 16 4' (10 runs):

             15.30 msec task-clock                #    0.281 CPUs utilized            ( +-  2.55% )
                 7      context-switches          #    0.477 K/sec                    ( +-  2.09% )
                 0      cpu-migrations            #    0.000 K/sec                  
                87      page-faults               #    0.006 M/sec                    ( +-  0.36% )
        19,036,046      cycles                    #    1.244 GHz                      ( +-  2.94% )  (39.66%)
        13,228,233      stalled-cycles-frontend   #   69.49% frontend cycles idle     ( +-  0.76% )  (95.70%)
         9,346,940      stalled-cycles-backend    #   49.10% backend cycles idle      ( +-  0.78% )
         9,343,248      instructions              #    0.49  insn per cycle         
                                                  #    1.42  stalled cycles per insn  ( +-  0.54% )
         2,331,976      branches                  #  152.403 M/sec                    ( +-  0.62% )
             7,294      branch-misses             #    0.31% of all branches          ( +- 17.73% )  (64.65%)

           0.05453 +- 0.00111 seconds time elapsed  ( +-  2.04% )


 Performance counter stats for './mandelbrot_omp -0.188 -0.012 0.554 0.754 16 8' (10 runs):

             32.20 msec task-clock                #    0.138 CPUs utilized            ( +-  2.60% )
                12      context-switches          #    0.382 K/sec                    ( +-  3.65% )
                 0      cpu-migrations            #    0.000 K/sec                  
                96      page-faults               #    0.003 M/sec                    ( +-  0.37% )
        39,749,730      cycles                    #    1.234 GHz                      ( +-  2.13% )  (38.19%)
        28,443,204      stalled-cycles-frontend   #   71.56% frontend cycles idle     ( +-  0.63% )  (82.35%)
        20,456,317      stalled-cycles-backend    #   51.46% backend cycles idle      ( +-  0.42% )  (99.94%)
        18,819,007      instructions              #    0.47  insn per cycle         
                                                  #    1.51  stalled cycles per insn  ( +-  0.27% )
         5,014,272      branches                  #  155.699 M/sec                    ( +-  0.29% )
            15,743      branch-misses             #    0.31% of all branches          ( +- 11.23% )  (79.52%)

            0.2335 +- 0.0828 seconds time elapsed  ( +- 35.48% )


 Performance counter stats for './mandelbrot_omp -0.188 -0.012 0.554 0.754 16 16' (10 runs):

             71.77 msec task-clock                #    0.294 CPUs utilized            ( +-  2.34% )
                20      context-switches          #    0.284 K/sec                    ( +-  3.44% )
                 0      cpu-migrations            #    0.000 K/sec                  
               113      page-faults               #    0.002 M/sec                    ( +-  0.44% )
        88,858,160      cycles                    #    1.238 GHz                      ( +-  1.29% )  (35.67%)
        63,286,026      stalled-cycles-frontend   #   71.22% frontend cycles idle     ( +-  1.49% )  (77.52%)
        45,746,478      stalled-cycles-backend    #   51.48% backend cycles idle      ( +-  1.04% )  (99.94%)
        40,059,851      instructions              #    0.45  insn per cycle         
                                                  #    1.58  stalled cycles per insn  ( +-  0.53% )
        11,035,695      branches                  #  153.773 M/sec                    ( +-  0.55% )
            20,741      branch-misses             #    0.19% of all branches          ( +- 11.02% )  (86.87%)

            0.2441 +- 0.0865 seconds time elapsed  ( +- 35.44% )


 Performance counter stats for './mandelbrot_omp -0.188 -0.012 0.554 0.754 16 32' (10 runs):

            218.57 msec task-clock                #    3.260 CPUs utilized            ( +-  4.59% )
                39      context-switches          #    0.178 K/sec                    ( +-  3.80% )
                 6      cpu-migrations            #    0.028 K/sec                    ( +-  9.56% )
               146      page-faults               #    0.670 K/sec                    ( +-  0.33% )
       374,588,615      cycles                    #    1.714 GHz                      ( +-  7.09% )  (48.18%)
       248,508,739      stalled-cycles-frontend   #   66.34% frontend cycles idle     ( +-  7.77% )  (64.15%)
       200,963,343      stalled-cycles-backend    #   53.65% backend cycles idle      ( +-  6.97% )  (98.36%)
       126,684,479      instructions              #    0.34  insn per cycle         
                                                  #    1.96  stalled cycles per insn  ( +-  6.70% )
        35,896,447      branches                  #  164.231 M/sec                    ( +-  6.75% )
            24,309      branch-misses             #    0.07% of all branches          ( +-  4.39% )  (89.31%)

           0.06704 +- 0.00918 seconds time elapsed  ( +- 13.70% )


 Performance counter stats for './mandelbrot_omp -0.188 -0.012 0.554 0.754 32 1' (10 runs):

              6.00 msec task-clock                #    0.044 CPUs utilized            ( +-  0.47% )
                 4      context-switches          #    0.683 K/sec                    ( +-  2.44% )
                 0      cpu-migrations            #    0.000 K/sec                  
                87      page-faults               #    0.014 M/sec                    ( +-  0.42% )
         7,048,606      cycles                    #    1.174 GHz                      ( +-  0.58% )  (38.99%)
         5,021,374      stalled-cycles-frontend   #   71.24% frontend cycles idle     ( +-  0.57% )  (89.91%)
         1,951,002      stalled-cycles-backend    #   27.68% backend cycles idle      ( +-  1.00% )  (99.79%)
         6,604,346      instructions              #    0.94  insn per cycle         
                                                  #    0.76  stalled cycles per insn  ( +-  0.07% )
           892,905      branches                  #  148.719 M/sec                    ( +-  0.10% )
            12,484      branch-misses             #    1.40% of all branches          ( +-  8.68% )  (71.31%)

            0.1372 +- 0.0125 seconds time elapsed  ( +-  9.14% )


 Performance counter stats for './mandelbrot_omp -0.188 -0.012 0.554 0.754 32 2' (10 runs):

             10.59 msec task-clock                #    0.043 CPUs utilized            ( +-  0.70% )
                 5      context-switches          #    0.491 K/sec                    ( +-  2.56% )
                 0      cpu-migrations            #    0.009 K/sec                    ( +-100.00% )
                90      page-faults               #    0.008 M/sec                    ( +-  0.35% )
        12,707,190      cycles                    #    1.200 GHz                      ( +-  0.42% )  (47.86%)
         8,856,424      stalled-cycles-frontend   #   69.70% frontend cycles idle     ( +-  0.22% )  (87.30%)
         4,752,327      stalled-cycles-backend    #   37.40% backend cycles idle      ( +-  0.32% )
         8,983,903      instructions              #    0.71  insn per cycle         
                                                  #    0.99  stalled cycles per insn  ( +-  0.05% )
         1,565,709      branches                  #  147.843 M/sec                    ( +-  0.05% )
             8,752      branch-misses             #    0.56% of all branches          ( +- 14.42% )  (64.85%)

            0.2491 +- 0.0833 seconds time elapsed  ( +- 33.42% )


 Performance counter stats for './mandelbrot_omp -0.188 -0.012 0.554 0.754 32 4' (10 runs):

             19.47 msec task-clock                #    0.068 CPUs utilized            ( +-  0.19% )
                 8      context-switches          #    0.436 K/sec                    ( +-  3.16% )
                 0      cpu-migrations            #    0.000 K/sec                  
                94      page-faults               #    0.005 M/sec                    ( +-  0.40% )
        22,851,072      cycles                    #    1.173 GHz                      ( +-  0.27% )  (37.73%)
        16,163,843      stalled-cycles-frontend   #   70.74% frontend cycles idle     ( +-  0.19% )  (88.55%)
        10,082,738      stalled-cycles-backend    #   44.12% backend cycles idle      ( +-  0.19% )
        13,506,606      instructions              #    0.59  insn per cycle         
                                                  #    1.20  stalled cycles per insn  ( +-  0.07% )
         2,845,541      branches                  #  146.119 M/sec                    ( +-  0.09% )
             9,660      branch-misses             #    0.34% of all branches          ( +- 12.79% )  (73.73%)

            0.2863 +- 0.0756 seconds time elapsed  ( +- 26.40% )


 Performance counter stats for './mandelbrot_omp -0.188 -0.012 0.554 0.754 32 8' (10 runs):

             36.07 msec task-clock                #    0.528 CPUs utilized            ( +-  2.61% )
                11      context-switches          #    0.308 K/sec                    ( +-  0.90% )
                 0      cpu-migrations            #    0.000 K/sec                  
               103      page-faults               #    0.003 M/sec                    ( +-  0.42% )
        44,734,118      cycles                    #    1.240 GHz                      ( +-  0.85% )  (37.77%)
        31,634,453      stalled-cycles-frontend   #   70.72% frontend cycles idle     ( +-  0.84% )  (92.99%)
        21,384,942      stalled-cycles-backend    #   47.80% backend cycles idle      ( +-  0.72% )
        23,107,974      instructions              #    0.52  insn per cycle         
                                                  #    1.37  stalled cycles per insn  ( +-  0.56% )
         5,567,120      branches                  #  154.357 M/sec                    ( +-  0.66% )
             9,017      branch-misses             #    0.16% of all branches          ( +- 12.82% )  (69.24%)

            0.0683 +- 0.0117 seconds time elapsed  ( +- 17.12% )


 Performance counter stats for './mandelbrot_omp -0.188 -0.012 0.554 0.754 32 16' (10 runs):

             75.69 msec task-clock                #    0.650 CPUs utilized            ( +-  1.41% )
                20      context-switches          #    0.258 K/sec                    ( +-  1.15% )
                 0      cpu-migrations            #    0.000 K/sec                  
               120      page-faults               #    0.002 M/sec                    ( +-  0.45% )
        96,104,215      cycles                    #    1.270 GHz                      ( +-  1.37% )  (37.17%)
        66,169,348      stalled-cycles-frontend   #   68.85% frontend cycles idle     ( +-  0.78% )  (92.61%)
        46,777,806      stalled-cycles-backend    #   48.67% backend cycles idle      ( +-  0.92% )
        44,394,675      instructions              #    0.46  insn per cycle         
                                                  #    1.49  stalled cycles per insn  ( +-  0.49% )
        11,604,332      branches                  #  153.309 M/sec                    ( +-  0.54% )
            13,766      branch-misses             #    0.12% of all branches          ( +- 13.60% )  (70.22%)

            0.1164 +- 0.0176 seconds time elapsed  ( +- 15.14% )


 Performance counter stats for './mandelbrot_omp -0.188 -0.012 0.554 0.754 32 32' (10 runs):

            230.41 msec task-clock                #    2.860 CPUs utilized            ( +-  6.08% )
                42      context-switches          #    0.184 K/sec                    ( +-  6.67% )
                 6      cpu-migrations            #    0.024 K/sec                    ( +-  4.76% )
               154      page-faults               #    0.668 K/sec                    ( +-  0.22% )
       407,741,460      cycles                    #    1.770 GHz                      ( +-  8.11% )  (54.72%)
       275,507,536      stalled-cycles-frontend   #   67.57% frontend cycles idle     ( +-  7.95% )  (59.06%)
       204,621,875      stalled-cycles-backend    #   50.18% backend cycles idle      ( +-  6.02% )  (93.12%)
       139,477,723      instructions              #    0.34  insn per cycle         
                                                  #    1.98  stalled cycles per insn  ( +-  6.21% )
        38,661,309      branches                  #  167.795 M/sec                    ( +-  6.39% )
            28,606      branch-misses             #    0.07% of all branches          ( +-  4.77% )  (93.10%)

            0.0806 +- 0.0128 seconds time elapsed  ( +- 15.88% )


 Performance counter stats for './mandelbrot_omp -0.188 -0.012 0.554 0.754 64 1' (10 runs):

             15.54 msec task-clock                #    0.231 CPUs utilized            ( +-  2.40% )
                 4      context-switches          #    0.257 K/sec                  
                 0      cpu-migrations            #    0.000 K/sec                  
               118      page-faults               #    0.008 M/sec                    ( +-  0.15% )
        23,790,861      cycles                    #    1.531 GHz                      ( +-  1.04% )  (74.40%)
        16,137,016      stalled-cycles-frontend   #   67.83% frontend cycles idle     ( +-  1.57% )  (74.39%)
         4,084,785      stalled-cycles-backend    #   17.17% backend cycles idle      ( +-  1.87% )  (63.61%)
        21,206,957      instructions              #    0.89  insn per cycle         
                                                  #    0.76  stalled cycles per insn  ( +-  2.32% )  (89.20%)
         2,854,144      branches                  #  183.676 M/sec                    ( +-  0.22% )  (99.39%)
            12,854      branch-misses             #    0.45% of all branches          ( +-  5.41% )  (88.21%)

           0.06721 +- 0.00297 seconds time elapsed  ( +-  4.43% )


 Performance counter stats for './mandelbrot_omp -0.188 -0.012 0.554 0.754 64 2' (10 runs):

             20.78 msec task-clock                #    0.315 CPUs utilized            ( +-  4.13% )
                 5      context-switches          #    0.245 K/sec                    ( +-  1.96% )
                 0      cpu-migrations            #    0.000 K/sec                  
               120      page-faults               #    0.006 M/sec                    ( +-  0.26% )
        30,620,526      cycles                    #    1.474 GHz                      ( +-  1.92% )  (63.08%)
        20,122,368      stalled-cycles-frontend   #   65.72% frontend cycles idle     ( +-  2.47% )  (64.63%)
         6,579,219      stalled-cycles-backend    #   21.49% backend cycles idle      ( +-  5.09% )  (85.81%)
        25,790,748      instructions              #    0.84  insn per cycle         
                                                  #    0.78  stalled cycles per insn  ( +-  0.08% )  (99.77%)
         3,658,470      branches                  #  176.078 M/sec                    ( +-  0.05% )
            14,029      branch-misses             #    0.38% of all branches          ( +-  6.62% )  (86.48%)

           0.06598 +- 0.00430 seconds time elapsed  ( +-  6.52% )


 Performance counter stats for './mandelbrot_omp -0.188 -0.012 0.554 0.754 64 4' (10 runs):

             32.69 msec task-clock                #    0.137 CPUs utilized            ( +-  1.43% )
                 8      context-switches          #    0.242 K/sec                    ( +-  3.50% )
                 0      cpu-migrations            #    0.000 K/sec                  
               125      page-faults               #    0.004 M/sec                    ( +-  0.22% )
        40,941,044      cycles                    #    1.252 GHz                      ( +-  1.50% )  (53.75%)
        28,986,370      stalled-cycles-frontend   #   70.80% frontend cycles idle     ( +-  1.73% )  (64.53%)
        13,244,107      stalled-cycles-backend    #   32.35% backend cycles idle      ( +-  3.00% )  (94.89%)
        30,749,753      instructions              #    0.75  insn per cycle         
                                                  #    0.94  stalled cycles per insn  ( +-  0.79% )
         5,066,340      branches                  #  154.979 M/sec                    ( +-  1.37% )
            14,201      branch-misses             #    0.28% of all branches          ( +-  4.90% )  (86.83%)

            0.2380 +- 0.0732 seconds time elapsed  ( +- 30.74% )


 Performance counter stats for './mandelbrot_omp -0.188 -0.012 0.554 0.754 64 8' (10 runs):

             50.18 msec task-clock                #    0.745 CPUs utilized            ( +-  1.36% )
                12      context-switches          #    0.229 K/sec                    ( +-  1.94% )
                 0      cpu-migrations            #    0.000 K/sec                  
               133      page-faults               #    0.003 M/sec                    ( +-  0.40% )
        62,741,679      cycles                    #    1.250 GHz                      ( +-  1.80% )  (46.05%)
        44,317,282      stalled-cycles-frontend   #   70.63% frontend cycles idle     ( +-  1.37% )  (71.39%)
        24,893,519      stalled-cycles-backend    #   39.68% backend cycles idle      ( +-  1.39% )  (99.81%)
        40,275,197      instructions              #    0.64  insn per cycle         
                                                  #    1.10  stalled cycles per insn  ( +-  0.72% )
         7,765,321      branches                  #  154.747 M/sec                    ( +-  1.06% )
            17,945      branch-misses             #    0.23% of all branches          ( +-  7.89% )  (82.74%)

           0.06733 +- 0.00933 seconds time elapsed  ( +- 13.85% )


 Performance counter stats for './mandelbrot_omp -0.188 -0.012 0.554 0.754 64 16' (10 runs):

             86.80 msec task-clock                #    0.868 CPUs utilized            ( +-  3.20% )
                20      context-switches          #    0.229 K/sec                    ( +-  1.90% )
                 0      cpu-migrations            #    0.000 K/sec                  
               150      page-faults               #    0.002 M/sec                    ( +-  0.17% )
       113,138,199      cycles                    #    1.303 GHz                      ( +-  0.77% )  (45.57%)
        83,132,806      stalled-cycles-frontend   #   73.48% frontend cycles idle     ( +-  2.77% )  (63.03%)
        52,546,318      stalled-cycles-backend    #   46.44% backend cycles idle      ( +-  2.44% )  (99.64%)
        63,349,055      instructions              #    0.56  insn per cycle         
                                                  #    1.31  stalled cycles per insn  ( +-  1.47% )
        14,312,614      branches                  #  164.886 M/sec                    ( +-  1.86% )
            25,603      branch-misses             #    0.18% of all branches          ( +-  6.84% )  (91.77%)

            0.1000 +- 0.0149 seconds time elapsed  ( +- 14.85% )


 Performance counter stats for './mandelbrot_omp -0.188 -0.012 0.554 0.754 64 32' (10 runs):

            227.09 msec task-clock                #    2.043 CPUs utilized            ( +-  5.96% )
                43      context-switches          #    0.188 K/sec                    ( +-  6.27% )
                 7      cpu-migrations            #    0.030 K/sec                    ( +- 15.10% )
               184      page-faults               #    0.812 K/sec                    ( +-  0.12% )
       412,582,954      cycles                    #    1.817 GHz                      ( +-  7.31% )  (54.53%)
       286,249,612      stalled-cycles-frontend   #   69.38% frontend cycles idle     ( +-  6.67% )  (60.82%)
       206,912,794      stalled-cycles-backend    #   50.15% backend cycles idle      ( +-  7.09% )  (93.26%)
       152,567,815      instructions              #    0.37  insn per cycle         
                                                  #    1.88  stalled cycles per insn  ( +-  5.55% )  (99.98%)
        39,702,757      branches                  #  174.830 M/sec                    ( +-  6.10% )
            33,022      branch-misses             #    0.08% of all branches          ( +-  3.48% )  (91.39%)

            0.1111 +- 0.0224 seconds time elapsed  ( +- 20.17% )


 Performance counter stats for './mandelbrot_omp -0.188 -0.012 0.554 0.754 128 1' (10 runs):

             34.67 msec task-clock                #    0.137 CPUs utilized            ( +-  1.81% )
                 4      context-switches          #    0.121 K/sec                    ( +-  3.17% )
                 0      cpu-migrations            #    0.006 K/sec                    ( +-100.00% )
               237      page-faults               #    0.007 M/sec                    ( +-  0.24% )
        85,646,255      cycles                    #    2.470 GHz                      ( +-  0.48% )  (77.18%)
        61,433,920      stalled-cycles-frontend   #   71.73% frontend cycles idle     ( +-  0.93% )  (78.12%)
        14,800,798      stalled-cycles-backend    #   17.28% backend cycles idle      ( +-  1.27% )  (74.26%)
        85,707,365      instructions              #    1.00  insn per cycle         
                                                  #    0.72  stalled cycles per insn  ( +-  0.21% )  (88.19%)
        10,414,091      branches                  #  300.348 M/sec                    ( +-  0.28% )  (88.49%)
            25,112      branch-misses             #    0.24% of all branches          ( +-  2.15% )  (81.94%)

            0.2539 +- 0.0547 seconds time elapsed  ( +- 21.54% )


 Performance counter stats for './mandelbrot_omp -0.188 -0.012 0.554 0.754 128 2' (10 runs):

             44.35 msec task-clock                #    0.377 CPUs utilized            ( +-  1.57% )
                 6      context-switches          #    0.140 K/sec                    ( +-  2.15% )
                 0      cpu-migrations            #    0.000 K/sec                  
               239      page-faults               #    0.005 M/sec                    ( +-  0.16% )
       100,954,325      cycles                    #    2.277 GHz                      ( +-  0.90% )  (82.11%)
        71,168,934      stalled-cycles-frontend   #   70.50% frontend cycles idle     ( +-  0.71% )  (82.02%)
        20,883,032      stalled-cycles-backend    #   20.69% backend cycles idle      ( +-  2.06% )  (64.03%)
        82,675,491      instructions              #    0.82  insn per cycle         
                                                  #    0.86  stalled cycles per insn  ( +-  0.41% )  (82.02%)
        11,045,455      branches                  #  249.074 M/sec                    ( +-  0.53% )  (83.36%)
            23,526      branch-misses             #    0.21% of all branches          ( +-  2.53% )  (88.48%)

           0.11751 +- 0.00522 seconds time elapsed  ( +-  4.44% )


 Performance counter stats for './mandelbrot_omp -0.188 -0.012 0.554 0.754 128 4' (10 runs):

             61.25 msec task-clock                #    0.416 CPUs utilized            ( +-  2.30% )
                10      context-switches          #    0.160 K/sec                    ( +-  5.23% )
                 0      cpu-migrations            #    0.000 K/sec                  
               244      page-faults               #    0.004 M/sec                    ( +-  0.16% )
       119,520,936      cycles                    #    1.951 GHz                      ( +-  1.99% )  (79.49%)
        83,803,250      stalled-cycles-frontend   #   70.12% frontend cycles idle     ( +-  1.71% )  (73.99%)
        20,921,471      stalled-cycles-backend    #   17.50% backend cycles idle      ( +-  2.71% )  (54.85%)
        99,999,907      instructions              #    0.84  insn per cycle         
                                                  #    0.84  stalled cycles per insn  ( +-  2.58% )  (81.16%)
        13,773,826      branches                  #  224.892 M/sec                    ( +-  1.12% )  (95.66%)
            30,997      branch-misses             #    0.23% of all branches          ( +-  4.11% )  (96.01%)

            0.1473 +- 0.0149 seconds time elapsed  ( +- 10.10% )


 Performance counter stats for './mandelbrot_omp -0.188 -0.012 0.554 0.754 128 8' (10 runs):

             93.14 msec task-clock                #    0.587 CPUs utilized            ( +-  3.88% )
                13      context-switches          #    0.144 K/sec                    ( +-  7.56% )
                 0      cpu-migrations            #    0.000 K/sec                  
               253      page-faults               #    0.003 M/sec                    ( +-  0.08% )
       135,300,813      cycles                    #    1.453 GHz                      ( +-  1.78% )  (78.22%)
        94,837,572      stalled-cycles-frontend   #   70.09% frontend cycles idle     ( +-  2.08% )  (65.94%)
        26,274,861      stalled-cycles-backend    #   19.42% backend cycles idle      ( +-  5.62% )  (57.35%)
       114,912,828      instructions              #    0.85  insn per cycle         
                                                  #    0.83  stalled cycles per insn  ( +-  1.86% )  (87.88%)
        16,675,896      branches                  #  179.035 M/sec                    ( +-  1.45% )  (99.97%)
            34,292      branch-misses             #    0.21% of all branches          ( +-  2.42% )  (98.52%)

            0.1587 +- 0.0405 seconds time elapsed  ( +- 25.50% )


 Performance counter stats for './mandelbrot_omp -0.188 -0.012 0.554 0.754 128 16' (10 runs):

            134.54 msec task-clock                #    0.888 CPUs utilized            ( +-  2.03% )
                21      context-switches          #    0.156 K/sec                    ( +-  4.26% )
                 0      cpu-migrations            #    0.000 K/sec                  
               270      page-faults               #    0.002 M/sec                    ( +-  0.07% )
       196,062,341      cycles                    #    1.457 GHz                      ( +-  0.83% )  (63.15%)
       137,448,640      stalled-cycles-frontend   #   70.10% frontend cycles idle     ( +-  3.15% )  (58.07%)
        65,254,761      stalled-cycles-backend    #   33.28% backend cycles idle      ( +-  6.34% )  (84.50%)
       135,692,902      instructions              #    0.69  insn per cycle         
                                                  #    1.01  stalled cycles per insn  ( +-  1.16% )  (99.32%)
        24,130,580      branches                  #  179.353 M/sec                    ( +-  1.87% )
            37,465      branch-misses             #    0.16% of all branches          ( +-  4.53% )  (94.28%)

            0.1515 +- 0.0298 seconds time elapsed  ( +- 19.65% )


 Performance counter stats for './mandelbrot_omp -0.188 -0.012 0.554 0.754 128 32' (10 runs):

            266.91 msec task-clock                #    2.428 CPUs utilized            ( +-  4.29% )
                54      context-switches          #    0.203 K/sec                    ( +-  5.68% )
                 9      cpu-migrations            #    0.034 K/sec                    ( +-  9.83% )
               304      page-faults               #    0.001 M/sec                    ( +-  0.12% )
       565,593,023      cycles                    #    2.119 GHz                      ( +-  4.94% )  (65.18%)
       353,843,848      stalled-cycles-frontend   #   62.56% frontend cycles idle     ( +-  3.65% )  (56.06%)
       247,096,356      stalled-cycles-backend    #   43.69% backend cycles idle      ( +-  4.92% )  (83.52%)
       237,176,617      instructions              #    0.42  insn per cycle         
                                                  #    1.49  stalled cycles per insn  ( +-  2.54% )  (99.86%)
        53,064,150      branches                  #  198.806 M/sec                    ( +-  3.22% )
            49,524      branch-misses             #    0.09% of all branches          ( +-  2.43% )  (95.25%)

            0.1099 +- 0.0129 seconds time elapsed  ( +- 11.78% )


 Performance counter stats for './mandelbrot_omp -0.188 -0.012 0.554 0.754 256 1' (10 runs):

            123.16 msec task-clock                #    0.346 CPUs utilized            ( +-  9.98% )
                 4      context-switches          #    0.036 K/sec                    ( +-  3.71% )
                 0      cpu-migrations            #    0.000 K/sec                  
               719      page-faults               #    0.006 M/sec                    ( +-  0.04% )
       331,723,020      cycles                    #    2.693 GHz                      ( +-  0.10% )  (82.15%)
       234,921,366      stalled-cycles-frontend   #   70.82% frontend cycles idle     ( +-  0.31% )  (82.00%)
        55,487,638      stalled-cycles-backend    #   16.73% backend cycles idle      ( +-  0.58% )  (66.72%)
       347,622,750      instructions              #    1.05  insn per cycle         
                                                  #    0.68  stalled cycles per insn  ( +-  0.09% )  (84.60%)
        42,073,715      branches                  #  341.621 M/sec                    ( +-  0.04% )  (85.23%)
            77,782      branch-misses             #    0.18% of all branches          ( +-  0.71% )  (83.90%)

            0.3564 +- 0.0559 seconds time elapsed  ( +- 15.69% )


 Performance counter stats for './mandelbrot_omp -0.188 -0.012 0.554 0.754 256 2' (10 runs):

            145.44 msec task-clock                #    0.402 CPUs utilized            ( +- 11.75% )
                 7      context-switches          #    0.046 K/sec                    ( +-  3.19% )
                 0      cpu-migrations            #    0.000 K/sec                  
               720      page-faults               #    0.005 M/sec                    ( +-  0.04% )
       344,357,910      cycles                    #    2.368 GHz                      ( +-  0.39% )  (83.18%)
       246,257,181      stalled-cycles-frontend   #   71.51% frontend cycles idle     ( +-  0.26% )  (82.04%)
        61,084,347      stalled-cycles-backend    #   17.74% backend cycles idle      ( +-  0.83% )  (65.24%)
       349,752,840      instructions              #    1.02  insn per cycle         
                                                  #    0.70  stalled cycles per insn  ( +-  0.50% )  (83.73%)
        42,836,349      branches                  #  294.519 M/sec                    ( +-  0.39% )  (84.78%)
            81,756      branch-misses             #    0.19% of all branches          ( +-  1.45% )  (84.75%)

            0.3617 +- 0.0534 seconds time elapsed  ( +- 14.78% )


 Performance counter stats for './mandelbrot_omp -0.188 -0.012 0.554 0.754 256 4' (10 runs):

            138.41 msec task-clock                #    0.452 CPUs utilized            ( +-  1.50% )
                11      context-switches          #    0.081 K/sec                    ( +-  1.79% )
                 0      cpu-migrations            #    0.001 K/sec                    ( +-100.00% )
               725      page-faults               #    0.005 M/sec                    ( +-  0.08% )
       359,725,593      cycles                    #    2.599 GHz                      ( +-  0.18% )  (85.17%)
       259,210,504      stalled-cycles-frontend   #   72.06% frontend cycles idle     ( +-  0.58% )  (81.83%)
        69,180,497      stalled-cycles-backend    #   19.23% backend cycles idle      ( +-  1.50% )  (60.45%)
       368,462,364      instructions              #    1.02  insn per cycle         
                                                  #    0.70  stalled cycles per insn  ( +-  0.44% )  (81.99%)
        45,982,271      branches                  #  332.222 M/sec                    ( +-  0.61% )  (85.75%)
            83,015      branch-misses             #    0.18% of all branches          ( +-  1.28% )  (86.80%)

            0.3062 +- 0.0581 seconds time elapsed  ( +- 18.97% )


 Performance counter stats for './mandelbrot_omp -0.188 -0.012 0.554 0.754 256 8' (10 runs):

            175.53 msec task-clock                #    0.937 CPUs utilized            ( +-  1.39% )
                18      context-switches          #    0.100 K/sec                    ( +-  2.83% )
                 0      cpu-migrations            #    0.000 K/sec                  
               734      page-faults               #    0.004 M/sec                    ( +-  0.03% )
       391,317,519      cycles                    #    2.229 GHz                      ( +-  0.56% )  (85.78%)
       291,916,763      stalled-cycles-frontend   #   74.60% frontend cycles idle     ( +-  0.63% )  (86.51%)
       109,220,218      stalled-cycles-backend    #   27.91% backend cycles idle      ( +-  1.12% )  (63.43%)
       366,858,194      instructions              #    0.94  insn per cycle         
                                                  #    0.80  stalled cycles per insn  ( +-  0.56% )  (81.82%)
        50,319,855      branches                  #  286.680 M/sec                    ( +-  0.62% )  (81.89%)
            86,733      branch-misses             #    0.17% of all branches          ( +-  1.22% )  (82.38%)

            0.1874 +- 0.0258 seconds time elapsed  ( +- 13.78% )


 Performance counter stats for './mandelbrot_omp -0.188 -0.012 0.554 0.754 256 16' (10 runs):

            224.93 msec task-clock                #    0.819 CPUs utilized            ( +-  2.85% )
                30      context-switches          #    0.131 K/sec                    ( +-  2.22% )
                 0      cpu-migrations            #    0.001 K/sec                    ( +-100.00% )
               750      page-faults               #    0.003 M/sec                    ( +-  0.06% )
       497,238,387      cycles                    #    2.211 GHz                      ( +-  0.65% )  (94.94%)
       356,339,476      stalled-cycles-frontend   #   71.66% frontend cycles idle     ( +-  1.63% )  (82.20%)
       158,846,195      stalled-cycles-backend    #   31.95% backend cycles idle      ( +-  7.85% )  (46.72%)
       395,232,079      instructions              #    0.79  insn per cycle         
                                                  #    0.90  stalled cycles per insn  ( +-  2.88% )  (74.68%)
        58,574,753      branches                  #  260.408 M/sec                    ( +-  1.49% )  (82.52%)
            95,112      branch-misses             #    0.16% of all branches          ( +-  1.31% )  (93.62%)

            0.2746 +- 0.0638 seconds time elapsed  ( +- 23.24% )


 Performance counter stats for './mandelbrot_omp -0.188 -0.012 0.554 0.754 256 32' (10 runs):

            366.49 msec task-clock                #    1.997 CPUs utilized            ( +-  3.15% )
                57      context-switches          #    0.156 K/sec                    ( +-  6.83% )
                 8      cpu-migrations            #    0.021 K/sec                    ( +- 12.12% )
               785      page-faults               #    0.002 M/sec                    ( +-  0.03% )
       819,398,134      cycles                    #    2.236 GHz                      ( +-  0.94% )  (91.72%)
       593,005,865      stalled-cycles-frontend   #   72.37% frontend cycles idle     ( +-  1.72% )  (73.63%)
       305,315,507      stalled-cycles-backend    #   37.26% backend cycles idle      ( +-  6.43% )  (42.50%)
       549,942,110      instructions              #    0.67  insn per cycle         
                                                  #    1.08  stalled cycles per insn  ( +-  2.23% )  (74.79%)
        83,987,986      branches                  #  229.171 M/sec                    ( +-  1.03% )  (93.95%)
           105,409      branch-misses             #    0.13% of all branches          ( +-  1.39% )  (98.20%)

            0.1835 +- 0.0168 seconds time elapsed  ( +-  9.17% )


 Performance counter stats for './mandelbrot_omp -0.188 -0.012 0.554 0.754 512 1' (10 runs):

            494.67 msec task-clock                #    0.708 CPUs utilized            ( +-  8.45% )
                10      context-switches          #    0.021 K/sec                    ( +-  2.56% )
                 0      cpu-migrations            #    0.000 K/sec                  
             2,638      page-faults               #    0.005 M/sec                    ( +-  0.01% )
     1,320,576,175      cycles                    #    2.670 GHz                      ( +-  0.09% )  (83.01%)
       934,507,879      stalled-cycles-frontend   #   70.77% frontend cycles idle     ( +-  0.18% )  (83.18%)
       215,798,562      stalled-cycles-backend    #   16.34% backend cycles idle      ( +-  0.42% )  (66.82%)
     1,387,930,172      instructions              #    1.05  insn per cycle         
                                                  #    0.67  stalled cycles per insn  ( +-  0.15% )  (83.54%)
       168,123,175      branches                  #  339.870 M/sec                    ( +-  0.29% )  (83.67%)
           284,411      branch-misses             #    0.17% of all branches          ( +-  0.54% )  (83.32%)

            0.6982 +- 0.0793 seconds time elapsed  ( +- 11.36% )


 Performance counter stats for './mandelbrot_omp -0.188 -0.012 0.554 0.754 512 2' (10 runs):

            527.93 msec task-clock                #    1.066 CPUs utilized            ( +-  7.90% )
                17      context-switches          #    0.032 K/sec                    ( +-  8.64% )
                 1      cpu-migrations            #    0.001 K/sec                    ( +- 21.82% )
             2,641      page-faults               #    0.005 M/sec                    ( +-  0.01% )
     1,343,301,311      cycles                    #    2.544 GHz                      ( +-  0.17% )  (82.93%)
       954,149,640      stalled-cycles-frontend   #   71.03% frontend cycles idle     ( +-  0.18% )  (83.11%)
       227,694,061      stalled-cycles-backend    #   16.95% backend cycles idle      ( +-  0.71% )  (67.29%)
     1,394,051,103      instructions              #    1.04  insn per cycle         
                                                  #    0.68  stalled cycles per insn  ( +-  0.33% )  (83.58%)
       169,780,314      branches                  #  321.595 M/sec                    ( +-  0.22% )  (83.53%)
           287,966      branch-misses             #    0.17% of all branches          ( +-  0.37% )  (83.14%)

            0.4953 +- 0.0505 seconds time elapsed  ( +- 10.20% )


 Performance counter stats for './mandelbrot_omp -0.188 -0.012 0.554 0.754 512 4' (10 runs):

            451.01 msec task-clock                #    1.199 CPUs utilized            ( +-  0.54% )
                17      context-switches          #    0.038 K/sec                    ( +-  3.31% )
                 0      cpu-migrations            #    0.000 K/sec                  
             2,646      page-faults               #    0.006 M/sec                    ( +-  0.01% )
     1,361,270,796      cycles                    #    3.018 GHz                      ( +-  0.20% )  (82.56%)
       963,654,806      stalled-cycles-frontend   #   70.79% frontend cycles idle     ( +-  0.16% )  (83.74%)
       237,192,007      stalled-cycles-backend    #   17.42% backend cycles idle      ( +-  0.42% )  (68.73%)
     1,394,538,039      instructions              #    1.02  insn per cycle         
                                                  #    0.69  stalled cycles per insn  ( +-  0.13% )  (83.98%)
       172,219,661      branches                  #  381.851 M/sec                    ( +-  0.27% )  (82.75%)
           288,326      branch-misses             #    0.17% of all branches          ( +-  0.36% )  (82.21%)

            0.3761 +- 0.0482 seconds time elapsed  ( +- 12.82% )


 Performance counter stats for './mandelbrot_omp -0.188 -0.012 0.554 0.754 512 8' (10 runs):

            504.60 msec task-clock                #    1.548 CPUs utilized            ( +-  3.31% )
                26      context-switches          #    0.051 K/sec                    ( +-  1.81% )
                 0      cpu-migrations            #    0.001 K/sec                    ( +- 66.67% )
             2,654      page-faults               #    0.005 M/sec                    ( +-  0.01% )
     1,413,494,954      cycles                    #    2.801 GHz                      ( +-  0.20% )  (82.97%)
       991,642,089      stalled-cycles-frontend   #   70.16% frontend cycles idle     ( +-  0.39% )  (84.48%)
       260,058,162      stalled-cycles-backend    #   18.40% backend cycles idle      ( +-  0.44% )  (69.03%)
     1,414,691,741      instructions              #    1.00  insn per cycle         
                                                  #    0.70  stalled cycles per insn  ( +-  0.48% )  (83.36%)
       178,633,363      branches                  #  354.010 M/sec                    ( +-  0.36% )  (81.78%)
           296,048      branch-misses             #    0.17% of all branches          ( +-  0.54% )  (81.74%)

            0.3259 +- 0.0588 seconds time elapsed  ( +- 18.04% )


 Performance counter stats for './mandelbrot_omp -0.188 -0.012 0.554 0.754 512 16' (10 runs):

            611.72 msec task-clock                #    1.999 CPUs utilized            ( +-  5.98% )
                40      context-switches          #    0.066 K/sec                    ( +-  2.02% )
                 0      cpu-migrations            #    0.000 K/sec                    ( +- 71.15% )
             2,670      page-faults               #    0.004 M/sec                    ( +-  0.01% )
     1,523,560,452      cycles                    #    2.491 GHz                      ( +-  0.56% )  (83.77%)
     1,074,176,496      stalled-cycles-frontend   #   70.50% frontend cycles idle     ( +-  0.65% )  (85.74%)
       315,406,942      stalled-cycles-backend    #   20.70% backend cycles idle      ( +-  0.89% )  (69.00%)
     1,446,192,146      instructions              #    0.95  insn per cycle         
                                                  #    0.74  stalled cycles per insn  ( +-  0.66% )  (83.30%)
       188,138,482      branches                  #  307.555 M/sec                    ( +-  0.52% )  (80.24%)
           308,869      branch-misses             #    0.16% of all branches          ( +-  0.42% )  (81.26%)

            0.3060 +- 0.0632 seconds time elapsed  ( +- 20.65% )


 Performance counter stats for './mandelbrot_omp -0.188 -0.012 0.554 0.754 512 32' (10 runs):

            745.39 msec task-clock                #    3.920 CPUs utilized            ( +-  1.08% )
                82      context-switches          #    0.110 K/sec                    ( +-  2.27% )
                10      cpu-migrations            #    0.013 K/sec                    ( +- 13.17% )
             2,705      page-faults               #    0.004 M/sec                    ( +-  0.01% )
     1,995,929,190      cycles                    #    2.678 GHz                      ( +-  0.68% )  (82.52%)
     1,480,076,523      stalled-cycles-frontend   #   74.15% frontend cycles idle     ( +-  0.65% )  (83.10%)
       521,986,274      stalled-cycles-backend    #   26.15% backend cycles idle      ( +-  2.73% )  (69.47%)
     1,624,137,123      instructions              #    0.81  insn per cycle         
                                                  #    0.91  stalled cycles per insn  ( +-  0.68% )  (83.13%)
       220,908,813      branches                  #  296.368 M/sec                    ( +-  0.48% )  (82.60%)
           313,204      branch-misses             #    0.14% of all branches          ( +-  1.04% )  (82.33%)

            0.1901 +- 0.0136 seconds time elapsed  ( +-  7.18% )


 Performance counter stats for './mandelbrot_omp -0.188 -0.012 0.554 0.754 1024 1' (10 runs):

          1,846.08 msec task-clock                #    0.827 CPUs utilized            ( +-  2.63% )
                21      context-switches          #    0.012 K/sec                    ( +-  6.14% )
                 0      cpu-migrations            #    0.000 K/sec                    ( +- 66.67% )
             8,786      page-faults               #    0.005 M/sec                    ( +-  0.01% )
     5,278,333,546      cycles                    #    2.859 GHz                      ( +-  0.03% )  (83.28%)
     3,746,906,707      stalled-cycles-frontend   #   70.99% frontend cycles idle     ( +-  0.03% )  (83.30%)
       890,943,931      stalled-cycles-backend    #   16.88% backend cycles idle      ( +-  0.20% )  (66.63%)
     5,563,140,157      instructions              #    1.05  insn per cycle         
                                                  #    0.67  stalled cycles per insn  ( +-  0.05% )  (83.34%)
       669,023,966      branches                  #  362.402 M/sec                    ( +-  0.09% )  (83.41%)
         1,104,598      branch-misses             #    0.17% of all branches          ( +-  0.09% )  (83.37%)

            2.2333 +- 0.0947 seconds time elapsed  ( +-  4.24% )


 Performance counter stats for './mandelbrot_omp -0.188 -0.012 0.554 0.754 1024 2' (10 runs):

          2,207.62 msec task-clock                #    1.396 CPUs utilized            ( +-  3.59% )
                43      context-switches          #    0.019 K/sec                    ( +-  7.47% )
                 1      cpu-migrations            #    0.000 K/sec                    ( +-  9.09% )
            15,769      page-faults               #    0.007 M/sec                    ( +-  7.38% )
     5,430,595,865      cycles                    #    2.460 GHz                      ( +-  0.29% )  (83.28%)
     3,864,255,985      stalled-cycles-frontend   #   71.16% frontend cycles idle     ( +-  0.32% )  (83.25%)
       967,481,976      stalled-cycles-backend    #   17.82% backend cycles idle      ( +-  1.00% )  (66.62%)
     5,608,795,156      instructions              #    1.03  insn per cycle         
                                                  #    0.69  stalled cycles per insn  ( +-  0.12% )  (83.35%)
       679,146,101      branches                  #  307.637 M/sec                    ( +-  0.19% )  (83.44%)
         1,163,324      branch-misses             #    0.17% of all branches          ( +-  0.83% )  (83.40%)

             1.581 +- 0.110 seconds time elapsed  ( +-  6.98% )


 Performance counter stats for './mandelbrot_omp -0.188 -0.012 0.554 0.754 1024 4' (10 runs):

          2,130.80 msec task-clock                #    2.040 CPUs utilized            ( +-  5.22% )
                39      context-switches          #    0.018 K/sec                    ( +- 10.95% )
                 2      cpu-migrations            #    0.001 K/sec                    ( +- 16.55% )
             8,793      page-faults               #    0.004 M/sec                    ( +-  0.00% )
     5,371,715,516      cycles                    #    2.521 GHz                      ( +-  0.09% )  (83.17%)
     3,826,881,875      stalled-cycles-frontend   #   71.24% frontend cycles idle     ( +-  0.07% )  (83.22%)
       930,629,094      stalled-cycles-backend    #   17.32% backend cycles idle      ( +-  0.24% )  (66.90%)
     5,559,589,448      instructions              #    1.03  insn per cycle         
                                                  #    0.69  stalled cycles per insn  ( +-  0.06% )  (83.47%)
       672,436,766      branches                  #  315.580 M/sec                    ( +-  0.12% )  (83.51%)
         1,108,561      branch-misses             #    0.16% of all branches          ( +-  0.17% )  (83.21%)

            1.0445 +- 0.0454 seconds time elapsed  ( +-  4.34% )


 Performance counter stats for './mandelbrot_omp -0.188 -0.012 0.554 0.754 1024 8' (10 runs):

          1,962.34 msec task-clock                #    3.323 CPUs utilized            ( +-  7.31% )
                46      context-switches          #    0.023 K/sec                    ( +-  7.32% )
                 1      cpu-migrations            #    0.001 K/sec                    ( +- 28.59% )
             8,801      page-faults               #    0.004 M/sec                    ( +-  0.00% )
     5,405,050,838      cycles                    #    2.754 GHz                      ( +-  0.20% )  (82.94%)
     3,853,525,716      stalled-cycles-frontend   #   71.29% frontend cycles idle     ( +-  0.14% )  (82.90%)
       953,073,195      stalled-cycles-backend    #   17.63% backend cycles idle      ( +-  0.51% )  (66.73%)
     5,597,205,313      instructions              #    1.04  insn per cycle         
                                                  #    0.69  stalled cycles per insn  ( +-  0.13% )  (83.46%)
       674,867,762      branches                  #  343.910 M/sec                    ( +-  0.07% )  (83.82%)
         1,112,610      branch-misses             #    0.16% of all branches          ( +-  0.16% )  (83.60%)

            0.5906 +- 0.0526 seconds time elapsed  ( +-  8.91% )


 Performance counter stats for './mandelbrot_omp -0.188 -0.012 0.554 0.754 1024 16' (10 runs):

          2,232.15 msec task-clock                #    4.276 CPUs utilized            ( +- 10.21% )
                57      context-switches          #    0.026 K/sec                    ( +-  3.58% )
                 1      cpu-migrations            #    0.001 K/sec                    ( +- 36.85% )
             8,766      page-faults               #    0.004 M/sec                    ( +-  0.58% )
     5,598,971,452      cycles                    #    2.508 GHz                      ( +-  0.39% )  (82.79%)
     4,014,320,435      stalled-cycles-frontend   #   71.70% frontend cycles idle     ( +-  0.42% )  (83.00%)
     1,053,703,910      stalled-cycles-backend    #   18.82% backend cycles idle      ( +-  1.16% )  (66.96%)
     5,607,350,470      instructions              #    1.00  insn per cycle         
                                                  #    0.72  stalled cycles per insn  ( +-  0.14% )  (83.59%)
       685,394,563      branches                  #  307.055 M/sec                    ( +-  0.17% )  (84.00%)
         1,127,908      branch-misses             #    0.16% of all branches          ( +-  0.39% )  (83.25%)

            0.5220 +- 0.0526 seconds time elapsed  ( +- 10.07% )


 Performance counter stats for './mandelbrot_omp -0.188 -0.012 0.554 0.754 1024 32' (10 runs):

          2,315.88 msec task-clock                #    5.055 CPUs utilized            ( +-  0.33% )
               100      context-switches          #    0.043 K/sec                    ( +-  3.45% )
                 6      cpu-migrations            #    0.002 K/sec                    ( +- 14.10% )
             8,852      page-faults               #    0.004 M/sec                    ( +-  0.01% )
     6,693,362,811      cycles                    #    2.890 GHz                      ( +-  0.15% )  (81.97%)
     5,022,618,916      stalled-cycles-frontend   #   75.04% frontend cycles idle     ( +-  0.10% )  (82.65%)
     1,674,612,921      stalled-cycles-backend    #   25.02% backend cycles idle      ( +-  0.55% )  (67.07%)
     5,675,401,446      instructions              #    0.85  insn per cycle         
                                                  #    0.88  stalled cycles per insn  ( +-  0.12% )  (83.70%)
       710,958,965      branches                  #  306.993 M/sec                    ( +-  0.12% )  (84.48%)
         1,146,200      branch-misses             #    0.16% of all branches          ( +-  0.26% )  (83.83%)

            0.4581 +- 0.0480 seconds time elapsed  ( +- 10.49% )


 Performance counter stats for './mandelbrot_omp -0.188 -0.012 0.554 0.754 2048 1' (10 runs):

          6,699.17 msec task-clock                #    0.952 CPUs utilized            ( +-  0.64% )
                74      context-switches          #    0.011 K/sec                    ( +-  5.21% )
                 0      cpu-migrations            #    0.000 K/sec                    ( +-100.00% )
            33,406      page-faults               #    0.005 M/sec                    ( +-  0.01% )
    21,128,608,709      cycles                    #    3.154 GHz                      ( +-  0.03% )  (83.32%)
    14,985,085,332      stalled-cycles-frontend   #   70.92% frontend cycles idle     ( +-  0.04% )  (83.33%)
     3,545,908,923      stalled-cycles-backend    #   16.78% backend cycles idle      ( +-  0.22% )  (66.69%)
    22,241,758,395      instructions              #    1.05  insn per cycle         
                                                  #    0.67  stalled cycles per insn  ( +-  0.02% )  (83.35%)
     2,672,501,514      branches                  #  398.930 M/sec                    ( +-  0.03% )  (83.34%)
         4,367,043      branch-misses             #    0.16% of all branches          ( +-  0.04% )  (83.32%)

            7.0391 +- 0.0398 seconds time elapsed  ( +-  0.57% )


 Performance counter stats for './mandelbrot_omp -0.188 -0.012 0.554 0.754 2048 2' (10 runs):

          7,024.07 msec task-clock                #    1.617 CPUs utilized            ( +-  0.64% )
               178      context-switches          #    0.025 K/sec                    ( +-  9.62% )
                 1      cpu-migrations            #    0.000 K/sec                  
            76,863      page-faults               #    0.011 M/sec                    ( +-  4.32% )
    21,726,816,379      cycles                    #    3.093 GHz                      ( +-  0.09% )  (83.32%)
    15,471,772,533      stalled-cycles-frontend   #   71.21% frontend cycles idle     ( +-  0.10% )  (83.30%)
     3,912,353,281      stalled-cycles-backend    #   18.01% backend cycles idle      ( +-  0.35% )  (66.66%)
    22,421,433,089      instructions              #    1.03  insn per cycle         
                                                  #    0.69  stalled cycles per insn  ( +-  0.03% )  (83.33%)
     2,714,090,555      branches                  #  386.398 M/sec                    ( +-  0.06% )  (83.38%)
         4,594,196      branch-misses             #    0.17% of all branches          ( +-  0.20% )  (83.34%)

            4.3448 +- 0.0740 seconds time elapsed  ( +-  1.70% )


 Performance counter stats for './mandelbrot_omp -0.188 -0.012 0.554 0.754 2048 4' (10 runs):

          7,300.83 msec task-clock                #    2.607 CPUs utilized            ( +-  1.70% )
               146      context-switches          #    0.020 K/sec                    ( +- 12.84% )
                 3      cpu-migrations            #    0.000 K/sec                    ( +- 20.83% )
            65,477      page-faults               #    0.009 M/sec                    ( +-  0.95% )
    21,701,980,028      cycles                    #    2.973 GHz                      ( +-  0.14% )  (83.33%)
    15,465,514,398      stalled-cycles-frontend   #   71.26% frontend cycles idle     ( +-  0.17% )  (83.30%)
     3,890,736,744      stalled-cycles-backend    #   17.93% backend cycles idle      ( +-  0.55% )  (66.64%)
    22,413,012,499      instructions              #    1.03  insn per cycle         
                                                  #    0.69  stalled cycles per insn  ( +-  0.08% )  (83.35%)
     2,712,927,967      branches                  #  371.592 M/sec                    ( +-  0.10% )  (83.37%)
         4,594,442      branch-misses             #    0.17% of all branches          ( +-  0.42% )  (83.35%)

            2.8008 +- 0.0816 seconds time elapsed  ( +-  2.91% )


 Performance counter stats for './mandelbrot_omp -0.188 -0.012 0.554 0.754 2048 8' (10 runs):

          8,111.38 msec task-clock                #    4.160 CPUs utilized            ( +-  3.26% )
               148      context-switches          #    0.018 K/sec                    ( +- 10.71% )
                 2      cpu-migrations            #    0.000 K/sec                    ( +- 13.21% )
            56,721      page-faults               #    0.007 M/sec                    ( +-  8.98% )
    21,575,824,955      cycles                    #    2.660 GHz                      ( +-  0.32% )  (83.44%)
    15,368,967,996      stalled-cycles-frontend   #   71.23% frontend cycles idle     ( +-  0.36% )  (83.32%)
     3,804,075,523      stalled-cycles-backend    #   17.63% backend cycles idle      ( +-  1.13% )  (66.49%)
    22,390,843,310      instructions              #    1.04  insn per cycle         
                                                  #    0.69  stalled cycles per insn  ( +-  0.12% )  (83.27%)
     2,709,889,725      branches                  #  334.085 M/sec                    ( +-  0.23% )  (83.34%)
         4,523,074      branch-misses             #    0.17% of all branches          ( +-  0.97% )  (83.40%)

            1.9499 +- 0.0619 seconds time elapsed  ( +-  3.18% )


 Performance counter stats for './mandelbrot_omp -0.188 -0.012 0.554 0.754 2048 16' (10 runs):

          8,967.20 msec task-clock                #    5.828 CPUs utilized            ( +-  4.30% )
               141      context-switches          #    0.016 K/sec                    ( +-  9.15% )
                 4      cpu-migrations            #    0.000 K/sec                    ( +- 14.46% )
            33,406      page-faults               #    0.004 M/sec                    ( +-  0.00% )
    21,665,180,230      cycles                    #    2.416 GHz                      ( +-  0.30% )  (83.43%)
    15,464,877,753      stalled-cycles-frontend   #   71.38% frontend cycles idle     ( +-  0.41% )  (83.35%)
     3,827,619,615      stalled-cycles-backend    #   17.67% backend cycles idle      ( +-  0.97% )  (66.44%)
    22,348,822,227      instructions              #    1.03  insn per cycle         
                                                  #    0.69  stalled cycles per insn  ( +-  0.05% )  (83.25%)
     2,699,868,288      branches                  #  301.083 M/sec                    ( +-  0.08% )  (83.38%)
         4,408,822      branch-misses             #    0.16% of all branches          ( +-  0.09% )  (83.41%)

            1.5386 +- 0.0832 seconds time elapsed  ( +-  5.41% )


 Performance counter stats for './mandelbrot_omp -0.188 -0.012 0.554 0.754 2048 32' (10 runs):

         10,519.57 msec task-clock                #    8.673 CPUs utilized            ( +-  6.36% )
               173      context-switches          #    0.016 K/sec                    ( +-  3.60% )
                10      cpu-migrations            #    0.001 K/sec                    ( +- 13.82% )
            33,441      page-faults               #    0.003 M/sec                    ( +-  0.00% )
    25,255,043,306      cycles                    #    2.401 GHz                      ( +-  0.14% )  (83.28%)
    18,975,992,884      stalled-cycles-frontend   #   75.14% frontend cycles idle     ( +-  0.19% )  (83.19%)
     5,810,220,967      stalled-cycles-backend    #   23.01% backend cycles idle      ( +-  0.48% )  (66.67%)
    22,391,096,292      instructions              #    0.89  insn per cycle         
                                                  #    0.85  stalled cycles per insn  ( +-  0.11% )  (83.41%)
     2,729,057,177      branches                  #  259.427 M/sec                    ( +-  0.10% )  (83.45%)
         4,428,082      branch-misses             #    0.16% of all branches          ( +-  0.18% )  (83.40%)

            1.2130 +- 0.0840 seconds time elapsed  ( +-  6.92% )


 Performance counter stats for './mandelbrot_omp -0.188 -0.012 0.554 0.754 4096 1' (10 runs):

         25,845.76 msec task-clock                #    0.970 CPUs utilized            ( +-  0.15% )
               305      context-switches          #    0.012 K/sec                    ( +-  4.95% )
                 0      cpu-migrations            #    0.000 K/sec                  
           131,869      page-faults               #    0.005 M/sec                    ( +-  0.00% )
    84,576,268,369      cycles                    #    3.272 GHz                      ( +-  0.01% )  (83.33%)
    60,003,610,526      stalled-cycles-frontend   #   70.95% frontend cycles idle     ( +-  0.02% )  (83.33%)
    14,264,805,344      stalled-cycles-backend    #   16.87% backend cycles idle      ( +-  0.17% )  (66.68%)
    89,044,474,708      instructions              #    1.05  insn per cycle         
                                                  #    0.67  stalled cycles per insn  ( +-  0.01% )  (83.34%)
    10,704,868,574      branches                  #  414.183 M/sec                    ( +-  0.01% )  (83.34%)
        17,414,849      branch-misses             #    0.16% of all branches          ( +-  0.05% )  (83.33%)

           26.6475 +- 0.0669 seconds time elapsed  ( +-  0.25% )


 Performance counter stats for './mandelbrot_omp -0.188 -0.012 0.554 0.754 4096 2' (10 runs):

         27,037.35 msec task-clock                #    1.678 CPUs utilized            ( +-  0.37% )
               376      context-switches          #    0.014 K/sec                    ( +-  4.64% )
                 2      cpu-migrations            #    0.000 K/sec                    ( +- 24.02% )
           355,453      page-faults               #    0.013 M/sec                    ( +-  1.62% )
    87,008,699,558      cycles                    #    3.218 GHz                      ( +-  0.06% )  (83.33%)
    61,968,868,644      stalled-cycles-frontend   #   71.22% frontend cycles idle     ( +-  0.07% )  (83.33%)
    15,709,988,113      stalled-cycles-backend    #   18.06% backend cycles idle      ( +-  0.25% )  (66.67%)
    89,739,660,288      instructions              #    1.03  insn per cycle         
                                                  #    0.69  stalled cycles per insn  ( +-  0.03% )  (83.34%)
    10,869,381,954      branches                  #  402.014 M/sec                    ( +-  0.04% )  (83.33%)
        18,302,021      branch-misses             #    0.17% of all branches          ( +-  0.16% )  (83.33%)

            16.112 +- 0.137 seconds time elapsed  ( +-  0.85% )


 Performance counter stats for './mandelbrot_omp -0.188 -0.012 0.554 0.754 4096 4' (10 runs):

         27,473.41 msec task-clock                #    2.841 CPUs utilized            ( +-  0.54% )
               400      context-switches          #    0.015 K/sec                    ( +-  4.97% )
                 2      cpu-migrations            #    0.000 K/sec                    ( +- 14.57% )
           344,332      page-faults               #    0.013 M/sec                    ( +-  0.20% )
    87,487,250,084      cycles                    #    3.184 GHz                      ( +-  0.06% )  (83.33%)
    62,373,737,100      stalled-cycles-frontend   #   71.29% frontend cycles idle     ( +-  0.06% )  (83.34%)
    16,062,443,170      stalled-cycles-backend    #   18.36% backend cycles idle      ( +-  0.19% )  (66.68%)
    89,825,724,985      instructions              #    1.03  insn per cycle         
                                                  #    0.69  stalled cycles per insn  ( +-  0.03% )  (83.34%)
    10,887,381,816      branches                  #  396.288 M/sec                    ( +-  0.04% )  (83.33%)
        18,599,626      branch-misses             #    0.17% of all branches          ( +-  0.18% )  (83.32%)

            9.6693 +- 0.0637 seconds time elapsed  ( +-  0.66% )


 Performance counter stats for './mandelbrot_omp -0.188 -0.012 0.554 0.754 4096 8' (10 runs):

         28,434.13 msec task-clock                #    4.568 CPUs utilized            ( +-  0.61% )
               372      context-switches          #    0.013 K/sec                    ( +-  4.29% )
                 3      cpu-migrations            #    0.000 K/sec                    ( +- 21.61% )
           271,974      page-faults               #    0.010 M/sec                    ( +-  3.14% )
    87,122,229,343      cycles                    #    3.064 GHz                      ( +-  0.15% )  (83.34%)
    62,122,293,174      stalled-cycles-frontend   #   71.30% frontend cycles idle     ( +-  0.17% )  (83.36%)
    15,873,293,187      stalled-cycles-backend    #   18.22% backend cycles idle      ( +-  0.54% )  (66.67%)
    89,581,563,582      instructions              #    1.03  insn per cycle         
                                                  #    0.69  stalled cycles per insn  ( +-  0.05% )  (83.32%)
    10,840,872,584      branches                  #  381.263 M/sec                    ( +-  0.09% )  (83.32%)
        18,492,358      branch-misses             #    0.17% of all branches          ( +-  0.41% )  (83.32%)

            6.2243 +- 0.0945 seconds time elapsed  ( +-  1.52% )


 Performance counter stats for './mandelbrot_omp -0.188 -0.012 0.554 0.754 4096 16' (10 runs):

         30,255.64 msec task-clock                #    6.514 CPUs utilized            ( +-  0.91% )
               429      context-switches          #    0.014 K/sec                    ( +-  5.12% )
                 7      cpu-migrations            #    0.000 K/sec                    ( +- 14.50% )
           262,363      page-faults               #    0.009 M/sec                    ( +-  0.20% )
    87,246,832,034      cycles                    #    2.884 GHz                      ( +-  0.19% )  (83.33%)
    62,232,752,766      stalled-cycles-frontend   #   71.33% frontend cycles idle     ( +-  0.20% )  (83.34%)
    15,831,103,024      stalled-cycles-backend    #   18.15% backend cycles idle      ( +-  0.59% )  (66.71%)
    89,637,895,973      instructions              #    1.03  insn per cycle         
                                                  #    0.69  stalled cycles per insn  ( +-  0.10% )  (83.34%)
    10,854,159,431      branches                  #  358.748 M/sec                    ( +-  0.15% )  (83.30%)
        18,449,778      branch-misses             #    0.17% of all branches          ( +-  0.74% )  (83.32%)

            4.6449 +- 0.0834 seconds time elapsed  ( +-  1.80% )


 Performance counter stats for './mandelbrot_omp -0.188 -0.012 0.554 0.754 4096 32' (10 runs):

         38,241.82 msec task-clock                #   10.082 CPUs utilized            ( +-  1.02% )
               539      context-switches          #    0.014 K/sec                    ( +-  6.32% )
                17      cpu-migrations            #    0.000 K/sec                    ( +- 10.82% )
           233,127      page-faults               #    0.006 M/sec                    ( +-  4.06% )
   100,267,688,751      cycles                    #    2.622 GHz                      ( +-  0.11% )  (83.33%)
    75,441,678,278      stalled-cycles-frontend   #   75.24% frontend cycles idle     ( +-  0.11% )  (83.38%)
    22,942,645,815      stalled-cycles-backend    #   22.88% backend cycles idle      ( +-  0.28% )  (66.69%)
    89,431,249,976      instructions              #    0.89  insn per cycle         
                                                  #    0.84  stalled cycles per insn  ( +-  0.06% )  (83.32%)
    10,827,642,069      branches                  #  283.136 M/sec                    ( +-  0.09% )  (83.30%)
        17,941,408      branch-misses             #    0.17% of all branches          ( +-  0.45% )  (83.30%)

             3.793 +- 0.107 seconds time elapsed  ( +-  2.81% )


 Performance counter stats for './mandelbrot_omp -0.188 -0.012 0.554 0.754 8192 1' (10 runs):

        102,968.10 msec task-clock                #    0.974 CPUs utilized            ( +-  0.04% )
             1,260      context-switches          #    0.012 K/sec                    ( +-  2.81% )
                 0      cpu-migrations            #    0.000 K/sec                  
           525,687      page-faults               #    0.005 M/sec                    ( +-  0.00% )
   338,261,223,411      cycles                    #    3.285 GHz                      ( +-  0.01% )  (83.33%)
   239,931,733,880      stalled-cycles-frontend   #   70.93% frontend cycles idle     ( +-  0.02% )  (83.33%)
    56,995,291,132      stalled-cycles-backend    #   16.85% backend cycles idle      ( +-  0.17% )  (66.67%)
   356,344,131,862      instructions              #    1.05  insn per cycle         
                                                  #    0.67  stalled cycles per insn  ( +-  0.00% )  (83.34%)
    42,849,664,591      branches                  #  416.145 M/sec                    ( +-  0.01% )  (83.33%)
        69,617,838      branch-misses             #    0.16% of all branches          ( +-  0.06% )  (83.33%)

           105.714 +- 0.380 seconds time elapsed  ( +-  0.36% )


 Performance counter stats for './mandelbrot_omp -0.188 -0.012 0.554 0.754 8192 2' (10 runs):

        106,398.81 msec task-clock                #    1.733 CPUs utilized            ( +-  0.11% )
             1,660      context-switches          #    0.016 K/sec                    ( +-  7.98% )
                 3      cpu-migrations            #    0.000 K/sec                    ( +- 14.87% )
         1,499,820      page-faults               #    0.014 M/sec                    ( +-  1.06% )
   347,997,042,875      cycles                    #    3.271 GHz                      ( +-  0.08% )  (83.33%)
   247,770,966,202      stalled-cycles-frontend   #   71.20% frontend cycles idle     ( +-  0.09% )  (83.33%)
    62,834,228,362      stalled-cycles-backend    #   18.06% backend cycles idle      ( +-  0.29% )  (66.66%)
   359,040,194,700      instructions              #    1.03  insn per cycle         
                                                  #    0.69  stalled cycles per insn  ( +-  0.02% )  (83.33%)
    43,499,842,044      branches                  #  408.838 M/sec                    ( +-  0.04% )  (83.34%)
        72,935,596      branch-misses             #    0.17% of all branches          ( +-  0.30% )  (83.33%)

            61.384 +- 0.187 seconds time elapsed  ( +-  0.30% )


 Performance counter stats for './mandelbrot_omp -0.188 -0.012 0.554 0.754 8192 4' (10 runs):

        107,461.58 msec task-clock                #    3.022 CPUs utilized            ( +-  0.13% )
             1,272      context-switches          #    0.012 K/sec                    ( +-  2.23% )
                 3      cpu-migrations            #    0.000 K/sec                    ( +- 17.39% )
         1,412,211      page-faults               #    0.013 M/sec                    ( +-  1.01% )
   349,783,409,840      cycles                    #    3.255 GHz                      ( +-  0.04% )  (83.33%)
   249,448,340,491      stalled-cycles-frontend   #   71.32% frontend cycles idle     ( +-  0.05% )  (83.33%)
    64,335,789,164      stalled-cycles-backend    #   18.39% backend cycles idle      ( +-  0.17% )  (66.67%)
   359,108,597,454      instructions              #    1.03  insn per cycle         
                                                  #    0.69  stalled cycles per insn  ( +-  0.01% )  (83.33%)
    43,508,353,104      branches                  #  404.874 M/sec                    ( +-  0.02% )  (83.34%)
        74,119,486      branch-misses             #    0.17% of all branches          ( +-  0.12% )  (83.33%)

            35.565 +- 0.193 seconds time elapsed  ( +-  0.54% )


 Performance counter stats for './mandelbrot_omp -0.188 -0.012 0.554 0.754 8192 8' (10 runs):

        110,929.37 msec task-clock                #    4.810 CPUs utilized            ( +-  0.26% )
             1,404      context-switches          #    0.013 K/sec                    ( +-  5.96% )
                 3      cpu-migrations            #    0.000 K/sec                    ( +- 24.49% )
         1,322,923      page-faults               #    0.012 M/sec                    ( +-  1.92% )
   350,735,635,561      cycles                    #    3.162 GHz                      ( +-  0.13% )  (83.33%)
   250,364,178,284      stalled-cycles-frontend   #   71.38% frontend cycles idle     ( +-  0.15% )  (83.33%)
    65,207,802,424      stalled-cycles-backend    #   18.59% backend cycles idle      ( +-  0.51% )  (66.67%)
   358,930,150,496      instructions              #    1.02  insn per cycle         
                                                  #    0.70  stalled cycles per insn  ( +-  0.03% )  (83.33%)
    43,471,085,993      branches                  #  391.881 M/sec                    ( +-  0.05% )  (83.33%)
        74,894,566      branch-misses             #    0.17% of all branches          ( +-  0.30% )  (83.33%)

            23.061 +- 0.269 seconds time elapsed  ( +-  1.17% )


 Performance counter stats for './mandelbrot_omp -0.188 -0.012 0.554 0.754 8192 16' (10 runs):

        117,326.27 msec task-clock                #    7.328 CPUs utilized            ( +-  0.41% )
             1,752      context-switches          #    0.015 K/sec                    ( +-  8.00% )
                12      cpu-migrations            #    0.000 K/sec                    ( +- 18.97% )
         1,123,944      page-faults               #    0.010 M/sec                    ( +-  2.94% )
   349,094,052,398      cycles                    #    2.975 GHz                      ( +-  0.22% )  (83.33%)
   249,201,616,335      stalled-cycles-frontend   #   71.39% frontend cycles idle     ( +-  0.25% )  (83.33%)
    63,709,412,734      stalled-cycles-backend    #   18.25% backend cycles idle      ( +-  0.83% )  (66.68%)
   358,141,138,277      instructions              #    1.03  insn per cycle         
                                                  #    0.70  stalled cycles per insn  ( +-  0.07% )  (83.34%)
    43,318,008,530      branches                  #  369.210 M/sec                    ( +-  0.12% )  (83.33%)
        73,695,913      branch-misses             #    0.17% of all branches          ( +-  0.68% )  (83.32%)

            16.010 +- 0.384 seconds time elapsed  ( +-  2.40% )


 Performance counter stats for './mandelbrot_omp -0.188 -0.012 0.554 0.754 8192 32' (10 runs):

        139,601.60 msec task-clock                #   11.070 CPUs utilized            ( +-  0.61% )
             1,984      context-switches          #    0.014 K/sec                    ( +-  4.48% )
                26      cpu-migrations            #    0.000 K/sec                    ( +-  9.06% )
           954,023      page-faults               #    0.007 M/sec                    ( +-  2.06% )
   403,209,130,959      cycles                    #    2.888 GHz                      ( +-  0.06% )  (83.33%)
   303,902,688,323      stalled-cycles-frontend   #   75.37% frontend cycles idle     ( +-  0.08% )  (83.33%)
    94,217,345,462      stalled-cycles-backend    #   23.37% backend cycles idle      ( +-  0.19% )  (66.68%)
   357,739,218,030      instructions              #    0.89  insn per cycle         
                                                  #    0.85  stalled cycles per insn  ( +-  0.01% )  (83.34%)
    43,275,996,365      branches                  #  309.996 M/sec                    ( +-  0.02% )  (83.33%)
        73,724,650      branch-misses             #    0.17% of all branches          ( +-  0.21% )  (83.33%)

           12.6108 +- 0.0782 seconds time elapsed  ( +-  0.62% )

