
 Performance counter stats for './mandelbrot_pth -0.8 -0.7 0.05 0.15 16 1' (10 runs):

              0.81 msec task-clock                #    0.602 CPUs utilized            ( +-  6.37% )
                 1      context-switches          #    0.001 M/sec                  
                 0      cpu-migrations            #    0.000 K/sec                  
                67      page-faults               #    0.082 M/sec                    ( +-  0.70% )
         1,320,466      cycles                    #    1.629 GHz                      ( +-  1.13% )  (96.77%)
           864,058      stalled-cycles-frontend   #   65.44% frontend cycles idle     ( +-  1.32% )
           689,769      stalled-cycles-backend    #   52.24% backend cycles idle      ( +-  1.55% )
           840,856      instructions              #    0.64  insn per cycle         
                                                  #    1.03  stalled cycles per insn  ( +-  0.62% )
           177,508      branches                  #  218.949 M/sec                    ( +-  0.55% )
     <not counted>      branch-misses                                                 ( +- 66.72% )  (3.23%)

         0.0013468 +- 0.0000801 seconds time elapsed  ( +-  5.95% )

Some events weren't counted. Try disabling the NMI watchdog:
	echo 0 > /proc/sys/kernel/nmi_watchdog
	perf stat ...
	echo 1 > /proc/sys/kernel/nmi_watchdog

 Performance counter stats for './mandelbrot_pth -0.8 -0.7 0.05 0.15 16 2' (10 runs):

              0.79 msec task-clock                #    0.641 CPUs utilized            ( +-  3.51% )
                 1      context-switches          #    0.002 M/sec                    ( +- 11.11% )
                 0      cpu-migrations            #    0.000 K/sec                  
                69      page-faults               #    0.087 M/sec                    ( +-  0.65% )
         1,498,705      cycles                    #    1.895 GHz                      ( +-  2.17% )  (90.51%)
           994,643      stalled-cycles-frontend   #   66.37% frontend cycles idle     ( +-  2.09% )
           797,374      stalled-cycles-backend    #   53.20% backend cycles idle      ( +-  2.49% )
           911,129      instructions              #    0.61  insn per cycle         
                                                  #    1.09  stalled cycles per insn  ( +-  0.51% )
           191,996      branches                  #  242.808 M/sec                    ( +-  0.49% )
     <not counted>      branch-misses                                                 ( +-100.00% )  (9.49%)

         0.0012344 +- 0.0000331 seconds time elapsed  ( +-  2.68% )

Some events weren't counted. Try disabling the NMI watchdog:
	echo 0 > /proc/sys/kernel/nmi_watchdog
	perf stat ...
	echo 1 > /proc/sys/kernel/nmi_watchdog

 Performance counter stats for './mandelbrot_pth -0.8 -0.7 0.05 0.15 16 4' (10 runs):

              1.15 msec task-clock                #    0.707 CPUs utilized            ( +-  4.93% )
                 2      context-switches          #    0.001 M/sec                    ( +- 33.33% )
                 0      cpu-migrations            #    0.000 K/sec                  
                72      page-faults               #    0.063 M/sec                    ( +-  0.66% )
         1,608,001      cycles                    #    1.392 GHz                      ( +-  5.30% )  (72.45%)
         1,149,192      stalled-cycles-frontend   #   71.47% frontend cycles idle     ( +-  1.87% )
           906,380      stalled-cycles-backend    #   56.37% backend cycles idle      ( +-  2.23% )
         1,033,118      instructions              #    0.64  insn per cycle         
                                                  #    1.11  stalled cycles per insn  ( +-  0.46% )
           217,938      branches                  #  188.698 M/sec                    ( +-  0.40% )
     <not counted>      branch-misses                                                 ( +- 51.34% )  (27.55%)

         0.0016341 +- 0.0000691 seconds time elapsed  ( +-  4.23% )

Some events weren't counted. Try disabling the NMI watchdog:
	echo 0 > /proc/sys/kernel/nmi_watchdog
	perf stat ...
	echo 1 > /proc/sys/kernel/nmi_watchdog

 Performance counter stats for './mandelbrot_pth -0.8 -0.7 0.05 0.15 16 8' (10 runs):

              0.97 msec task-clock                #    0.876 CPUs utilized            ( +-  3.86% )
                 4      context-switches          #    0.004 M/sec                    ( +- 16.64% )
                 0      cpu-migrations            #    0.000 K/sec                  
                80      page-faults               #    0.082 M/sec                    ( +-  0.43% )
         2,643,873      cycles                    #    2.722 GHz                      ( +-  3.08% )  (66.52%)
         1,813,763      stalled-cycles-frontend   #   68.60% frontend cycles idle     ( +-  3.05% )
         1,457,104      stalled-cycles-backend    #   55.11% backend cycles idle      ( +-  3.58% )
         1,338,216      instructions              #    0.51  insn per cycle         
                                                  #    1.36  stalled cycles per insn  ( +-  0.56% )
           282,568      branches                  #  290.918 M/sec                    ( +-  0.57% )
             5,153      branch-misses             #    1.82% of all branches          ( +- 35.38% )  (33.48%)

         0.0011089 +- 0.0000340 seconds time elapsed  ( +-  3.06% )


 Performance counter stats for './mandelbrot_pth -0.8 -0.7 0.05 0.15 16 16' (10 runs):

              1.88 msec task-clock                #    0.913 CPUs utilized            ( +-  4.95% )
                 4      context-switches          #    0.002 M/sec                    ( +- 22.95% )
                 0      cpu-migrations            #    0.000 K/sec                  
                98      page-faults               #    0.052 M/sec                    ( +-  0.39% )
         3,383,814      cycles                    #    1.803 GHz                      ( +-  2.10% )  (88.88%)
         2,301,144      stalled-cycles-frontend   #   68.00% frontend cycles idle     ( +-  1.59% )
         1,771,510      stalled-cycles-backend    #   52.35% backend cycles idle      ( +-  1.89% )
         1,878,589      instructions              #    0.56  insn per cycle         
                                                  #    1.22  stalled cycles per insn  ( +-  0.37% )
           396,484      branches                  #  211.316 M/sec                    ( +-  0.37% )
     <not counted>      branch-misses                                                 ( +- 68.12% )  (11.12%)

          0.002055 +- 0.000109 seconds time elapsed  ( +-  5.29% )

Some events weren't counted. Try disabling the NMI watchdog:
	echo 0 > /proc/sys/kernel/nmi_watchdog
	perf stat ...
	echo 1 > /proc/sys/kernel/nmi_watchdog

 Performance counter stats for './mandelbrot_pth -0.8 -0.7 0.05 0.15 16 32' (10 runs):

              3.36 msec task-clock                #    1.043 CPUs utilized            ( +-  3.71% )
                 4      context-switches          #    0.001 M/sec                    ( +- 13.48% )
                 0      cpu-migrations            #    0.000 K/sec                  
               131      page-faults               #    0.039 M/sec                    ( +-  0.46% )
         5,460,104      cycles                    #    1.626 GHz                      ( +-  4.95% )  (53.41%)
         3,757,844      stalled-cycles-frontend   #   68.82% frontend cycles idle     ( +-  1.68% )
         2,854,944      stalled-cycles-backend    #   52.29% backend cycles idle      ( +-  2.17% )
         3,004,523      instructions              #    0.55  insn per cycle         
                                                  #    1.25  stalled cycles per insn  ( +-  0.39% )
           633,059      branches                  #  188.483 M/sec                    ( +-  0.36% )
             9,864      branch-misses             #    1.56% of all branches          ( +- 23.16% )  (46.59%)

          0.003220 +- 0.000104 seconds time elapsed  ( +-  3.23% )


 Performance counter stats for './mandelbrot_pth -0.8 -0.7 0.05 0.15 32 1' (10 runs):

              0.79 msec task-clock                #    0.600 CPUs utilized            ( +-  4.61% )
                 1      context-switches          #    0.001 M/sec                  
                 0      cpu-migrations            #    0.000 K/sec                  
                66      page-faults               #    0.084 M/sec                    ( +-  0.68% )
         1,280,881      cycles                    #    1.617 GHz                      ( +-  2.09% )  (90.28%)
           857,899      stalled-cycles-frontend   #   66.98% frontend cycles idle     ( +-  1.46% )
           685,828      stalled-cycles-backend    #   53.54% backend cycles idle      ( +-  1.72% )
           825,919      instructions              #    0.64  insn per cycle         
                                                  #    1.04  stalled cycles per insn  ( +-  0.45% )
           175,031      branches                  #  220.914 M/sec                    ( +-  0.39% )
     <not counted>      branch-misses                                                 ( +- 72.17% )  (9.72%)

         0.0013212 +- 0.0000543 seconds time elapsed  ( +-  4.11% )

Some events weren't counted. Try disabling the NMI watchdog:
	echo 0 > /proc/sys/kernel/nmi_watchdog
	perf stat ...
	echo 1 > /proc/sys/kernel/nmi_watchdog

 Performance counter stats for './mandelbrot_pth -0.8 -0.7 0.05 0.15 32 2' (10 runs):

              0.72 msec task-clock                #    0.645 CPUs utilized            ( +-  1.66% )
                 1      context-switches          #    0.002 M/sec                    ( +- 11.11% )
                 0      cpu-migrations            #    0.000 K/sec                  
                68      page-faults               #    0.095 M/sec                    ( +-  0.71% )
         1,441,667      cycles                    #    2.013 GHz                      ( +-  1.32% )
           956,327      stalled-cycles-frontend   #   66.33% frontend cycles idle     ( +-  1.85% )
           761,184      stalled-cycles-backend    #   52.80% backend cycles idle      ( +-  2.22% )
           901,371      instructions              #    0.63  insn per cycle         
                                                  #    1.06  stalled cycles per insn  ( +-  0.63% )
           190,360      branches                  #  265.851 M/sec                    ( +-  0.56% )
     <not counted>      branch-misses                                                 (0.00%)

         0.0011108 +- 0.0000154 seconds time elapsed  ( +-  1.39% )

Some events weren't counted. Try disabling the NMI watchdog:
	echo 0 > /proc/sys/kernel/nmi_watchdog
	perf stat ...
	echo 1 > /proc/sys/kernel/nmi_watchdog

 Performance counter stats for './mandelbrot_pth -0.8 -0.7 0.05 0.15 32 4' (10 runs):

              0.93 msec task-clock                #    0.711 CPUs utilized            ( +-  1.98% )
                 1      context-switches          #    0.001 M/sec                  
                 0      cpu-migrations            #    0.000 K/sec                  
                73      page-faults               #    0.078 M/sec                    ( +-  0.43% )
         1,718,720      cycles                    #    1.847 GHz                      ( +-  1.40% )  (79.79%)
         1,146,047      stalled-cycles-frontend   #   66.68% frontend cycles idle     ( +-  1.47% )
           904,005      stalled-cycles-backend    #   52.60% backend cycles idle      ( +-  1.77% )
         1,038,426      instructions              #    0.60  insn per cycle         
                                                  #    1.10  stalled cycles per insn  ( +-  0.47% )
           219,025      branches                  #  235.358 M/sec                    ( +-  0.45% )
     <not counted>      branch-misses                                                 ( +- 51.84% )  (20.21%)

         0.0013097 +- 0.0000210 seconds time elapsed  ( +-  1.60% )

Some events weren't counted. Try disabling the NMI watchdog:
	echo 0 > /proc/sys/kernel/nmi_watchdog
	perf stat ...
	echo 1 > /proc/sys/kernel/nmi_watchdog

 Performance counter stats for './mandelbrot_pth -0.8 -0.7 0.05 0.15 32 8' (10 runs):

              1.27 msec task-clock                #    0.808 CPUs utilized            ( +-  9.95% )
                 4      context-switches          #    0.003 M/sec                    ( +- 10.23% )
                 0      cpu-migrations            #    0.000 K/sec                  
                80      page-faults               #    0.063 M/sec                    ( +-  0.54% )
         2,522,578      cycles                    #    1.991 GHz                      ( +-  8.58% )  (93.12%)
         1,776,620      stalled-cycles-frontend   #   70.43% frontend cycles idle     ( +- 10.54% )
         1,400,068      stalled-cycles-backend    #   55.50% backend cycles idle      ( +- 11.12% )
         1,376,102      instructions              #    0.55  insn per cycle         
                                                  #    1.29  stalled cycles per insn  ( +-  3.15% )
           289,021      branches                  #  228.113 M/sec                    ( +-  2.79% )
     <not counted>      branch-misses                                                 ( +-100.00% )  (6.88%)

          0.001567 +- 0.000167 seconds time elapsed  ( +- 10.63% )

Some events weren't counted. Try disabling the NMI watchdog:
	echo 0 > /proc/sys/kernel/nmi_watchdog
	perf stat ...
	echo 1 > /proc/sys/kernel/nmi_watchdog

 Performance counter stats for './mandelbrot_pth -0.8 -0.7 0.05 0.15 32 16' (10 runs):

              2.00 msec task-clock                #    0.918 CPUs utilized            ( +-  5.39% )
                 4      context-switches          #    0.002 M/sec                    ( +- 19.34% )
                 0      cpu-migrations            #    0.000 K/sec                  
                98      page-faults               #    0.049 M/sec                    ( +-  0.37% )
         3,425,982      cycles                    #    1.716 GHz                      ( +-  2.29% )  (69.22%)
         2,318,518      stalled-cycles-frontend   #   67.67% frontend cycles idle     ( +-  3.20% )
         1,789,085      stalled-cycles-backend    #   52.22% backend cycles idle      ( +-  3.91% )
         1,887,411      instructions              #    0.55  insn per cycle         
                                                  #    1.23  stalled cycles per insn  ( +-  0.27% )
           398,029      branches                  #  199.361 M/sec                    ( +-  0.30% )
             5,799      branch-misses             #    1.46% of all branches          ( +- 34.98% )  (30.78%)

          0.002175 +- 0.000113 seconds time elapsed  ( +-  5.19% )


 Performance counter stats for './mandelbrot_pth -0.8 -0.7 0.05 0.15 32 32' (10 runs):

              3.10 msec task-clock                #    1.033 CPUs utilized            ( +-  2.99% )
                 4      context-switches          #    0.001 M/sec                    ( +- 15.91% )
                 0      cpu-migrations            #    0.000 K/sec                  
               131      page-faults               #    0.042 M/sec                    ( +-  0.28% )
         5,423,250      cycles                    #    1.747 GHz                      ( +-  0.76% )  (80.11%)
         3,783,208      stalled-cycles-frontend   #   69.76% frontend cycles idle     ( +-  1.30% )
         2,879,437      stalled-cycles-backend    #   53.09% backend cycles idle      ( +-  1.60% )
         2,994,102      instructions              #    0.55  insn per cycle         
                                                  #    1.26  stalled cycles per insn  ( +-  0.17% )
           631,614      branches                  #  203.501 M/sec                    ( +-  0.18% )
             6,976      branch-misses             #    1.10% of all branches          ( +- 41.42% )  (19.89%)

         0.0030052 +- 0.0000793 seconds time elapsed  ( +-  2.64% )


 Performance counter stats for './mandelbrot_pth -0.8 -0.7 0.05 0.15 64 1' (10 runs):

              0.78 msec task-clock                #    0.601 CPUs utilized            ( +-  5.77% )
                 1      context-switches          #    0.002 M/sec                    ( +- 11.11% )
                 0      cpu-migrations            #    0.000 K/sec                  
                67      page-faults               #    0.087 M/sec                    ( +-  0.62% )
         1,341,366      cycles                    #    1.727 GHz                      ( +-  1.94% )  (87.28%)
           879,400      stalled-cycles-frontend   #   65.56% frontend cycles idle     ( +-  1.95% )
           703,043      stalled-cycles-backend    #   52.41% backend cycles idle      ( +-  2.28% )
           849,708      instructions              #    0.63  insn per cycle         
                                                  #    1.03  stalled cycles per insn  ( +-  0.63% )
           179,428      branches                  #  230.994 M/sec                    ( +-  0.55% )
     <not counted>      branch-misses                                                 ( +- 53.77% )  (12.72%)

         0.0012915 +- 0.0000703 seconds time elapsed  ( +-  5.44% )

Some events weren't counted. Try disabling the NMI watchdog:
	echo 0 > /proc/sys/kernel/nmi_watchdog
	perf stat ...
	echo 1 > /proc/sys/kernel/nmi_watchdog

 Performance counter stats for './mandelbrot_pth -0.8 -0.7 0.05 0.15 64 2' (10 runs):

              0.81 msec task-clock                #    0.658 CPUs utilized            ( +-  3.94% )
                 1      context-switches          #    0.001 M/sec                    ( +- 11.11% )
                 0      cpu-migrations            #    0.000 K/sec                  
                69      page-faults               #    0.085 M/sec                    ( +-  0.75% )
         1,419,257      cycles                    #    1.753 GHz                      ( +-  3.74% )  (85.15%)
           966,249      stalled-cycles-frontend   #   68.08% frontend cycles idle     ( +-  1.64% )
           768,775      stalled-cycles-backend    #   54.17% backend cycles idle      ( +-  1.94% )
           907,126      instructions              #    0.64  insn per cycle         
                                                  #    1.07  stalled cycles per insn  ( +-  0.79% )
           191,583      branches                  #  236.603 M/sec                    ( +-  0.70% )
     <not counted>      branch-misses                                                 ( +- 52.10% )  (14.85%)

         0.0012309 +- 0.0000390 seconds time elapsed  ( +-  3.17% )

Some events weren't counted. Try disabling the NMI watchdog:
	echo 0 > /proc/sys/kernel/nmi_watchdog
	perf stat ...
	echo 1 > /proc/sys/kernel/nmi_watchdog

 Performance counter stats for './mandelbrot_pth -0.8 -0.7 0.05 0.15 64 4' (10 runs):

              0.93 msec task-clock                #    0.728 CPUs utilized            ( +-  3.38% )
                 2      context-switches          #    0.002 M/sec                    ( +- 21.25% )
                 0      cpu-migrations            #    0.000 K/sec                  
                72      page-faults               #    0.077 M/sec                    ( +-  0.46% )
         1,737,687      cycles                    #    1.870 GHz                      ( +-  1.40% )  (92.33%)
         1,176,142      stalled-cycles-frontend   #   67.68% frontend cycles idle     ( +-  1.74% )
           933,124      stalled-cycles-backend    #   53.70% backend cycles idle      ( +-  2.03% )
         1,030,167      instructions              #    0.59  insn per cycle         
                                                  #    1.14  stalled cycles per insn  ( +-  0.68% )
           217,376      branches                  #  233.947 M/sec                    ( +-  0.60% )
     <not counted>      branch-misses                                                 ( +- 67.78% )  (7.67%)

         0.0012761 +- 0.0000321 seconds time elapsed  ( +-  2.51% )

Some events weren't counted. Try disabling the NMI watchdog:
	echo 0 > /proc/sys/kernel/nmi_watchdog
	perf stat ...
	echo 1 > /proc/sys/kernel/nmi_watchdog

 Performance counter stats for './mandelbrot_pth -0.8 -0.7 0.05 0.15 64 8' (10 runs):

              1.61 msec task-clock                #    0.799 CPUs utilized            ( +-  4.39% )
                 4      context-switches          #    0.002 M/sec                    ( +- 12.77% )
                 0      cpu-migrations            #    0.000 K/sec                  
                80      page-faults               #    0.050 M/sec                    ( +-  0.56% )
         2,294,540      cycles                    #    1.423 GHz                      ( +-  2.07% )  (69.42%)
         1,552,461      stalled-cycles-frontend   #   67.66% frontend cycles idle     ( +-  1.78% )
         1,207,562      stalled-cycles-backend    #   52.63% backend cycles idle      ( +-  2.19% )
         1,335,338      instructions              #    0.58  insn per cycle         
                                                  #    1.16  stalled cycles per insn  ( +-  0.50% )
           281,652      branches                  #  174.686 M/sec                    ( +-  0.44% )
             6,007      branch-misses             #    2.13% of all branches          ( +- 30.12% )  (30.58%)

         0.0020175 +- 0.0000751 seconds time elapsed  ( +-  3.72% )


 Performance counter stats for './mandelbrot_pth -0.8 -0.7 0.05 0.15 64 16' (10 runs):

              2.78 msec task-clock                #    0.916 CPUs utilized            ( +-  3.25% )
                 5      context-switches          #    0.002 M/sec                    ( +- 23.81% )
                 0      cpu-migrations            #    0.000 K/sec                  
                98      page-faults               #    0.035 M/sec                    ( +-  0.52% )
         3,269,583      cycles                    #    1.176 GHz                      ( +-  4.07% )  (77.41%)
         2,270,838      stalled-cycles-frontend   #   69.45% frontend cycles idle     ( +-  2.31% )
         1,737,766      stalled-cycles-backend    #   53.15% backend cycles idle      ( +-  2.78% )
         1,893,896      instructions              #    0.58  insn per cycle         
                                                  #    1.20  stalled cycles per insn  ( +-  0.51% )
           399,556      branches                  #  143.772 M/sec                    ( +-  0.51% )
     <not counted>      branch-misses                                                 ( +- 42.12% )  (22.59%)

         0.0030347 +- 0.0000872 seconds time elapsed  ( +-  2.87% )

Some events weren't counted. Try disabling the NMI watchdog:
	echo 0 > /proc/sys/kernel/nmi_watchdog
	perf stat ...
	echo 1 > /proc/sys/kernel/nmi_watchdog

 Performance counter stats for './mandelbrot_pth -0.8 -0.7 0.05 0.15 64 32' (10 runs):

              3.10 msec task-clock                #    1.045 CPUs utilized            ( +-  6.04% )
                 5      context-switches          #    0.002 M/sec                    ( +- 25.47% )
                 0      cpu-migrations            #    0.000 K/sec                  
               130      page-faults               #    0.042 M/sec                    ( +-  0.34% )
         5,762,937      cycles                    #    1.861 GHz                      ( +-  5.36% )  (41.07%)
         4,032,615      stalled-cycles-frontend   #   69.98% frontend cycles idle     ( +-  5.49% )
         3,094,019      stalled-cycles-backend    #   53.69% backend cycles idle      ( +-  6.02% )
         3,043,920      instructions              #    0.53  insn per cycle         
                                                  #    1.32  stalled cycles per insn  ( +-  1.73% )
           641,064      branches                  #  207.009 M/sec                    ( +-  1.57% )
            10,370      branch-misses             #    1.62% of all branches          ( +- 18.82% )  (58.93%)

          0.002963 +- 0.000158 seconds time elapsed  ( +-  5.32% )


 Performance counter stats for './mandelbrot_pth -0.8 -0.7 0.05 0.15 128 1' (10 runs):

              0.92 msec task-clock                #    0.590 CPUs utilized            ( +-  3.49% )
                 1      context-switches          #    0.001 M/sec                  
                 0      cpu-migrations            #    0.000 K/sec                  
                66      page-faults               #    0.072 M/sec                    ( +-  0.54% )
         1,315,695      cycles                    #    1.425 GHz                      ( +-  0.42% )  (93.91%)
           863,552      stalled-cycles-frontend   #   65.63% frontend cycles idle     ( +-  0.60% )
           690,852      stalled-cycles-backend    #   52.51% backend cycles idle      ( +-  0.71% )
           833,825      instructions              #    0.63  insn per cycle         
                                                  #    1.04  stalled cycles per insn  ( +-  0.56% )
           176,319      branches                  #  190.949 M/sec                    ( +-  0.47% )
     <not counted>      branch-misses                                                 ( +-100.00% )  (6.09%)

         0.0015640 +- 0.0000550 seconds time elapsed  ( +-  3.52% )

Some events weren't counted. Try disabling the NMI watchdog:
	echo 0 > /proc/sys/kernel/nmi_watchdog
	perf stat ...
	echo 1 > /proc/sys/kernel/nmi_watchdog

 Performance counter stats for './mandelbrot_pth -0.8 -0.7 0.05 0.15 128 2' (10 runs):

              0.97 msec task-clock                #    0.648 CPUs utilized            ( +-  3.15% )
                 1      context-switches          #    0.001 M/sec                    ( +-  9.09% )
                 0      cpu-migrations            #    0.000 K/sec                  
                69      page-faults               #    0.071 M/sec                    ( +-  0.78% )
         1,470,807      cycles                    #    1.511 GHz                      ( +-  0.94% )  (95.45%)
           975,786      stalled-cycles-frontend   #   66.34% frontend cycles idle     ( +-  1.33% )
           776,986      stalled-cycles-backend    #   52.83% backend cycles idle      ( +-  1.54% )
           907,038      instructions              #    0.62  insn per cycle         
                                                  #    1.08  stalled cycles per insn  ( +-  0.77% )
           191,248      branches                  #  196.480 M/sec                    ( +-  0.65% )
     <not counted>      branch-misses                                                 ( +-100.00% )  (4.55%)

         0.0015019 +- 0.0000464 seconds time elapsed  ( +-  3.09% )

Some events weren't counted. Try disabling the NMI watchdog:
	echo 0 > /proc/sys/kernel/nmi_watchdog
	perf stat ...
	echo 1 > /proc/sys/kernel/nmi_watchdog

 Performance counter stats for './mandelbrot_pth -0.8 -0.7 0.05 0.15 128 4' (10 runs):

              1.23 msec task-clock                #    0.707 CPUs utilized            ( +-  3.17% )
                 2      context-switches          #    0.002 M/sec                    ( +- 28.60% )
                 0      cpu-migrations            #    0.000 K/sec                  
                72      page-faults               #    0.059 M/sec                    ( +-  0.55% )
         1,707,880      cycles                    #    1.384 GHz                      ( +-  2.23% )  (89.19%)
         1,166,632      stalled-cycles-frontend   #   68.31% frontend cycles idle     ( +-  1.77% )
           922,680      stalled-cycles-backend    #   54.02% backend cycles idle      ( +-  2.08% )
         1,035,189      instructions              #    0.61  insn per cycle         
                                                  #    1.13  stalled cycles per insn  ( +-  0.67% )
           218,579      branches                  #  177.101 M/sec                    ( +-  0.61% )
     <not counted>      branch-misses                                                 ( +- 54.92% )  (10.81%)

         0.0017461 +- 0.0000484 seconds time elapsed  ( +-  2.77% )

Some events weren't counted. Try disabling the NMI watchdog:
	echo 0 > /proc/sys/kernel/nmi_watchdog
	perf stat ...
	echo 1 > /proc/sys/kernel/nmi_watchdog

 Performance counter stats for './mandelbrot_pth -0.8 -0.7 0.05 0.15 128 8' (10 runs):

              1.53 msec task-clock                #    0.815 CPUs utilized            ( +-  5.59% )
                 4      context-switches          #    0.002 M/sec                    ( +- 11.11% )
                 0      cpu-migrations            #    0.000 K/sec                  
                81      page-faults               #    0.053 M/sec                    ( +-  0.59% )
         2,323,585      cycles                    #    1.521 GHz                      ( +-  1.12% )  (89.15%)
         1,570,385      stalled-cycles-frontend   #   67.58% frontend cycles idle     ( +-  1.35% )
         1,224,986      stalled-cycles-backend    #   52.72% backend cycles idle      ( +-  1.64% )
         1,329,416      instructions              #    0.57  insn per cycle         
                                                  #    1.18  stalled cycles per insn  ( +-  0.34% )
           280,764      branches                  #  183.798 M/sec                    ( +-  0.29% )
             2,735      branch-misses             #    0.97% of all branches          ( +- 51.34% )  (10.85%)

         0.0018737 +- 0.0000960 seconds time elapsed  ( +-  5.12% )


 Performance counter stats for './mandelbrot_pth -0.8 -0.7 0.05 0.15 128 16' (10 runs):

              1.86 msec task-clock                #    0.915 CPUs utilized            ( +-  1.82% )
                 3      context-switches          #    0.002 M/sec                    ( +- 10.15% )
                 0      cpu-migrations            #    0.000 K/sec                  
                98      page-faults               #    0.053 M/sec                    ( +-  0.72% )
         3,309,472      cycles                    #    1.783 GHz                      ( +-  0.89% )  (84.73%)
         2,282,213      stalled-cycles-frontend   #   68.96% frontend cycles idle     ( +-  1.17% )
         1,752,650      stalled-cycles-backend    #   52.96% backend cycles idle      ( +-  1.48% )
         1,885,946      instructions              #    0.57  insn per cycle         
                                                  #    1.21  stalled cycles per insn  ( +-  0.35% )
           397,728      branches                  #  214.293 M/sec                    ( +-  0.33% )
     <not counted>      branch-misses                                                 ( +- 50.95% )  (15.27%)

         0.0020280 +- 0.0000414 seconds time elapsed  ( +-  2.04% )

Some events weren't counted. Try disabling the NMI watchdog:
	echo 0 > /proc/sys/kernel/nmi_watchdog
	perf stat ...
	echo 1 > /proc/sys/kernel/nmi_watchdog

 Performance counter stats for './mandelbrot_pth -0.8 -0.7 0.05 0.15 128 32' (10 runs):

              3.28 msec task-clock                #    1.039 CPUs utilized            ( +-  3.92% )
                 5      context-switches          #    0.001 M/sec                    ( +- 16.90% )
                 0      cpu-migrations            #    0.000 K/sec                  
               130      page-faults               #    0.040 M/sec                    ( +-  0.28% )
         5,879,935      cycles                    #    1.794 GHz                      ( +-  4.03% )  (77.24%)
         4,158,801      stalled-cycles-frontend   #   70.73% frontend cycles idle     ( +-  4.68% )
         3,187,513      stalled-cycles-backend    #   54.21% backend cycles idle      ( +-  4.94% )
         3,092,800      instructions              #    0.53  insn per cycle         
                                                  #    1.34  stalled cycles per insn  ( +-  1.95% )
           650,192      branches                  #  198.359 M/sec                    ( +-  1.74% )
            10,214      branch-misses             #    1.57% of all branches          ( +- 30.42% )  (22.76%)

          0.003155 +- 0.000122 seconds time elapsed  ( +-  3.87% )


 Performance counter stats for './mandelbrot_pth -0.8 -0.7 0.05 0.15 256 1' (10 runs):

              0.88 msec task-clock                #    0.600 CPUs utilized            ( +-  2.52% )
                 1      context-switches          #    0.001 M/sec                  
                 0      cpu-migrations            #    0.000 K/sec                  
                66      page-faults               #    0.076 M/sec                    ( +-  0.68% )
         1,332,316      cycles                    #    1.517 GHz                      ( +-  1.12% )  (92.45%)
           872,933      stalled-cycles-frontend   #   65.52% frontend cycles idle     ( +-  1.76% )
           698,246      stalled-cycles-backend    #   52.41% backend cycles idle      ( +-  2.20% )
           837,044      instructions              #    0.63  insn per cycle         
                                                  #    1.04  stalled cycles per insn  ( +-  0.33% )
           176,831      branches                  #  201.366 M/sec                    ( +-  0.38% )
             1,988      branch-misses             #    1.12% of all branches          ( +- 53.49% )  (7.55%)

         0.0014635 +- 0.0000339 seconds time elapsed  ( +-  2.32% )


 Performance counter stats for './mandelbrot_pth -0.8 -0.7 0.05 0.15 256 2' (10 runs):

              1.03 msec task-clock                #    0.647 CPUs utilized            ( +-  3.40% )
                 1      context-switches          #    0.001 M/sec                    ( +-  9.09% )
                 0      cpu-migrations            #    0.000 K/sec                  
                68      page-faults               #    0.066 M/sec                    ( +-  0.38% )
         1,435,019      cycles                    #    1.392 GHz                      ( +-  1.68% )  (84.79%)
           961,595      stalled-cycles-frontend   #   67.01% frontend cycles idle     ( +-  1.54% )
           766,012      stalled-cycles-backend    #   53.38% backend cycles idle      ( +-  1.81% )
           895,997      instructions              #    0.62  insn per cycle         
                                                  #    1.07  stalled cycles per insn  ( +-  0.48% )
           189,415      branches                  #  183.761 M/sec                    ( +-  0.41% )
     <not counted>      branch-misses                                                 ( +- 66.70% )  (15.21%)

         0.0015925 +- 0.0000429 seconds time elapsed  ( +-  2.69% )

Some events weren't counted. Try disabling the NMI watchdog:
	echo 0 > /proc/sys/kernel/nmi_watchdog
	perf stat ...
	echo 1 > /proc/sys/kernel/nmi_watchdog

 Performance counter stats for './mandelbrot_pth -0.8 -0.7 0.05 0.15 256 4' (10 runs):

              0.66 msec task-clock                #    0.757 CPUs utilized            ( +-  1.78% )
                 1      context-switches          #    0.002 M/sec                    ( +- 16.67% )
                 0      cpu-migrations            #    0.000 K/sec                  
                73      page-faults               #    0.110 M/sec                    ( +-  0.75% )
         1,839,262      cycles                    #    2.777 GHz                      ( +-  1.71% )  (94.79%)
         1,255,178      stalled-cycles-frontend   #   68.24% frontend cycles idle     ( +-  2.03% )
         1,008,733      stalled-cycles-backend    #   54.84% backend cycles idle      ( +-  2.40% )
         1,039,314      instructions              #    0.57  insn per cycle         
                                                  #    1.21  stalled cycles per insn  ( +-  0.47% )
           219,331      branches                  #  331.209 M/sec                    ( +-  0.43% )
     <not counted>      branch-misses                                                 ( +- 70.43% )  (5.21%)

         0.0008749 +- 0.0000124 seconds time elapsed  ( +-  1.42% )

Some events weren't counted. Try disabling the NMI watchdog:
	echo 0 > /proc/sys/kernel/nmi_watchdog
	perf stat ...
	echo 1 > /proc/sys/kernel/nmi_watchdog

 Performance counter stats for './mandelbrot_pth -0.8 -0.7 0.05 0.15 256 8' (10 runs):

              1.49 msec task-clock                #    0.827 CPUs utilized            ( +-  8.57% )
                 5      context-switches          #    0.003 M/sec                    ( +- 16.59% )
                 0      cpu-migrations            #    0.000 K/sec                  
                80      page-faults               #    0.054 M/sec                    ( +-  0.67% )
         2,506,079      cycles                    #    1.677 GHz                      ( +-  8.80% )  (99.37%)
         1,749,806      stalled-cycles-frontend   #   69.82% frontend cycles idle     ( +- 10.87% )
         1,372,690      stalled-cycles-backend    #   54.77% backend cycles idle      ( +- 11.53% )
         1,379,560      instructions              #    0.55  insn per cycle         
                                                  #    1.27  stalled cycles per insn  ( +-  3.20% )
           289,846      branches                  #  194.008 M/sec                    ( +-  2.86% )
     <not counted>      branch-misses                                                 ( +-100.00% )  (0.63%)

          0.001806 +- 0.000117 seconds time elapsed  ( +-  6.49% )

Some events weren't counted. Try disabling the NMI watchdog:
	echo 0 > /proc/sys/kernel/nmi_watchdog
	perf stat ...
	echo 1 > /proc/sys/kernel/nmi_watchdog

 Performance counter stats for './mandelbrot_pth -0.8 -0.7 0.05 0.15 256 16' (10 runs):

              1.78 msec task-clock                #    0.917 CPUs utilized            ( +-  1.89% )
                 4      context-switches          #    0.002 M/sec                    ( +- 17.46% )
                 0      cpu-migrations            #    0.000 K/sec                  
                98      page-faults               #    0.055 M/sec                    ( +-  0.53% )
         3,313,384      cycles                    #    1.857 GHz                      ( +-  0.97% )  (96.35%)
         2,289,872      stalled-cycles-frontend   #   69.11% frontend cycles idle     ( +-  1.26% )
         1,761,091      stalled-cycles-backend    #   53.15% backend cycles idle      ( +-  1.57% )
         1,888,433      instructions              #    0.57  insn per cycle         
                                                  #    1.21  stalled cycles per insn  ( +-  0.36% )
           398,000      branches                  #  223.051 M/sec                    ( +-  0.33% )
     <not counted>      branch-misses                                                 ( +-100.00% )  (3.65%)

         0.0019457 +- 0.0000280 seconds time elapsed  ( +-  1.44% )

Some events weren't counted. Try disabling the NMI watchdog:
	echo 0 > /proc/sys/kernel/nmi_watchdog
	perf stat ...
	echo 1 > /proc/sys/kernel/nmi_watchdog

 Performance counter stats for './mandelbrot_pth -0.8 -0.7 0.05 0.15 256 32' (10 runs):

              4.06 msec task-clock                #    1.038 CPUs utilized            ( +-  1.94% )
                 4      context-switches          #    0.001 M/sec                    ( +- 16.84% )
                 0      cpu-migrations            #    0.000 K/sec                  
               132      page-faults               #    0.032 M/sec                    ( +-  0.27% )
         5,396,695      cycles                    #    1.330 GHz                      ( +-  1.96% )  (64.90%)
         3,696,219      stalled-cycles-frontend   #   68.49% frontend cycles idle     ( +-  0.91% )
         2,794,980      stalled-cycles-backend    #   51.79% backend cycles idle      ( +-  1.09% )
         3,000,571      instructions              #    0.56  insn per cycle         
                                                  #    1.23  stalled cycles per insn  ( +-  0.32% )
           632,473      branches                  #  155.822 M/sec                    ( +-  0.29% )
            13,378      branch-misses             #    2.12% of all branches          ( +- 19.47% )  (35.10%)

         0.0039093 +- 0.0000689 seconds time elapsed  ( +-  1.76% )


 Performance counter stats for './mandelbrot_pth -0.8 -0.7 0.05 0.15 512 1' (10 runs):

              1.02 msec task-clock                #    0.607 CPUs utilized            ( +-  4.37% )
                 1      context-switches          #    0.984 K/sec                  
                 0      cpu-migrations            #    0.000 K/sec                  
                67      page-faults               #    0.066 M/sec                    ( +-  0.56% )
         1,329,087      cycles                    #    1.308 GHz                      ( +-  1.59% )  (78.37%)
           865,994      stalled-cycles-frontend   #   65.16% frontend cycles idle     ( +-  1.63% )
           691,680      stalled-cycles-backend    #   52.04% backend cycles idle      ( +-  1.97% )
           838,565      instructions              #    0.63  insn per cycle         
                                                  #    1.03  stalled cycles per insn  ( +-  0.43% )
           177,545      branches                  #  174.699 M/sec                    ( +-  0.39% )
     <not counted>      branch-misses                                                 ( +- 42.61% )  (21.63%)

         0.0016745 +- 0.0000708 seconds time elapsed  ( +-  4.23% )

Some events weren't counted. Try disabling the NMI watchdog:
	echo 0 > /proc/sys/kernel/nmi_watchdog
	perf stat ...
	echo 1 > /proc/sys/kernel/nmi_watchdog

 Performance counter stats for './mandelbrot_pth -0.8 -0.7 0.05 0.15 512 2' (10 runs):

              0.79 msec task-clock                #    0.649 CPUs utilized            ( +-  2.58% )
                 1      context-switches          #    0.002 M/sec                    ( +- 11.75% )
                 0      cpu-migrations            #    0.000 K/sec                  
                69      page-faults               #    0.087 M/sec                    ( +-  0.44% )
         1,485,961      cycles                    #    1.880 GHz                      ( +-  1.30% )  (94.76%)
           991,039      stalled-cycles-frontend   #   66.69% frontend cycles idle     ( +-  1.41% )
           792,577      stalled-cycles-backend    #   53.34% backend cycles idle      ( +-  1.66% )
           905,254      instructions              #    0.61  insn per cycle         
                                                  #    1.09  stalled cycles per insn  ( +-  0.39% )
           191,400      branches                  #  242.091 M/sec                    ( +-  0.33% )
     <not counted>      branch-misses                                                 ( +-100.00% )  (5.24%)

         0.0012184 +- 0.0000270 seconds time elapsed  ( +-  2.22% )

Some events weren't counted. Try disabling the NMI watchdog:
	echo 0 > /proc/sys/kernel/nmi_watchdog
	perf stat ...
	echo 1 > /proc/sys/kernel/nmi_watchdog

 Performance counter stats for './mandelbrot_pth -0.8 -0.7 0.05 0.15 512 4' (10 runs):

              1.00 msec task-clock                #    0.726 CPUs utilized            ( +-  2.21% )
                 2      context-switches          #    0.002 M/sec                    ( +- 29.02% )
                 0      cpu-migrations            #    0.000 K/sec                  
                73      page-faults               #    0.073 M/sec                    ( +-  0.56% )
         1,738,680      cycles                    #    1.738 GHz                      ( +-  1.98% )  (93.37%)
         1,156,600      stalled-cycles-frontend   #   66.52% frontend cycles idle     ( +-  2.45% )
           912,327      stalled-cycles-backend    #   52.47% backend cycles idle      ( +-  2.85% )
         1,050,473      instructions              #    0.60  insn per cycle         
                                                  #    1.10  stalled cycles per insn  ( +-  0.59% )
           221,535      branches                  #  221.462 M/sec                    ( +-  0.57% )
     <not counted>      branch-misses                                                 ( +- 66.68% )  (6.63%)

         0.0013774 +- 0.0000249 seconds time elapsed  ( +-  1.81% )

Some events weren't counted. Try disabling the NMI watchdog:
	echo 0 > /proc/sys/kernel/nmi_watchdog
	perf stat ...
	echo 1 > /proc/sys/kernel/nmi_watchdog

 Performance counter stats for './mandelbrot_pth -0.8 -0.7 0.05 0.15 512 8' (10 runs):

              0.99 msec task-clock                #    0.858 CPUs utilized            ( +-  3.86% )
                 4      context-switches          #    0.004 M/sec                    ( +- 18.90% )
                 0      cpu-migrations            #    0.000 K/sec                  
                80      page-faults               #    0.081 M/sec                    ( +-  0.53% )
         2,461,897      cycles                    #    2.486 GHz                      ( +-  7.88% )  (60.00%)
         1,785,826      stalled-cycles-frontend   #   72.54% frontend cycles idle     ( +-  2.92% )
         1,432,656      stalled-cycles-backend    #   58.19% backend cycles idle      ( +-  3.50% )
         1,336,779      instructions              #    0.54  insn per cycle         
                                                  #    1.34  stalled cycles per insn  ( +-  0.58% )
           282,468      branches                  #  285.217 M/sec                    ( +-  0.58% )
             5,805      branch-misses             #    2.05% of all branches          ( +- 33.45% )  (40.00%)

         0.0011541 +- 0.0000307 seconds time elapsed  ( +-  2.66% )


 Performance counter stats for './mandelbrot_pth -0.8 -0.7 0.05 0.15 512 16' (10 runs):

              1.99 msec task-clock                #    0.912 CPUs utilized            ( +-  5.17% )
                 4      context-switches          #    0.002 M/sec                    ( +- 16.55% )
                 0      cpu-migrations            #    0.000 K/sec                  
                98      page-faults               #    0.049 M/sec                    ( +-  0.45% )
         3,325,463      cycles                    #    1.670 GHz                      ( +-  1.56% )  (87.41%)
         2,285,993      stalled-cycles-frontend   #   68.74% frontend cycles idle     ( +-  1.65% )
         1,755,847      stalled-cycles-backend    #   52.80% backend cycles idle      ( +-  2.00% )
         1,890,447      instructions              #    0.57  insn per cycle         
                                                  #    1.21  stalled cycles per insn  ( +-  0.37% )
           398,837      branches                  #  200.333 M/sec                    ( +-  0.38% )
     <not counted>      branch-misses                                                 ( +- 48.47% )  (12.59%)

          0.002184 +- 0.000100 seconds time elapsed  ( +-  4.60% )

Some events weren't counted. Try disabling the NMI watchdog:
	echo 0 > /proc/sys/kernel/nmi_watchdog
	perf stat ...
	echo 1 > /proc/sys/kernel/nmi_watchdog

 Performance counter stats for './mandelbrot_pth -0.8 -0.7 0.05 0.15 512 32' (10 runs):

              2.21 msec task-clock                #    1.055 CPUs utilized            ( +-  4.81% )
                 7      context-switches          #    0.003 M/sec                    ( +- 13.47% )
                 0      cpu-migrations            #    0.000 K/sec                  
               130      page-faults               #    0.059 M/sec                    ( +-  0.28% )
         6,320,960      cycles                    #    2.858 GHz                      ( +-  6.96% )  (64.41%)
         4,449,212      stalled-cycles-frontend   #   70.39% frontend cycles idle     ( +-  6.45% )
         3,497,019      stalled-cycles-backend    #   55.32% backend cycles idle      ( +-  7.24% )
         3,055,604      instructions              #    0.48  insn per cycle         
                                                  #    1.46  stalled cycles per insn  ( +-  1.58% )
           643,734      branches                  #  291.038 M/sec                    ( +-  1.44% )
             8,632      branch-misses             #    1.34% of all branches          ( +- 28.61% )  (35.59%)

         0.0020969 +- 0.0000839 seconds time elapsed  ( +-  4.00% )


 Performance counter stats for './mandelbrot_pth -0.8 -0.7 0.05 0.15 1024 1' (10 runs):

              0.94 msec task-clock                #    0.603 CPUs utilized            ( +-  3.60% )
                 1      context-switches          #    0.001 M/sec                  
                 0      cpu-migrations            #    0.000 K/sec                  
                66      page-faults               #    0.071 M/sec                    ( +-  0.68% )
         1,334,504      cycles                    #    1.425 GHz                      ( +-  0.82% )  (95.10%)
           876,119      stalled-cycles-frontend   #   65.65% frontend cycles idle     ( +-  0.62% )
           701,070      stalled-cycles-backend    #   52.53% backend cycles idle      ( +-  0.81% )
           828,822      instructions              #    0.62  insn per cycle         
                                                  #    1.06  stalled cycles per insn  ( +-  0.54% )
           175,637      branches                  #  187.588 M/sec                    ( +-  0.50% )
             1,496      branch-misses             #    0.85% of all branches          ( +- 71.84% )  (4.90%)

         0.0015516 +- 0.0000553 seconds time elapsed  ( +-  3.56% )


 Performance counter stats for './mandelbrot_pth -0.8 -0.7 0.05 0.15 1024 2' (10 runs):

              0.89 msec task-clock                #    0.658 CPUs utilized            ( +-  7.21% )
                 1      context-switches          #    0.001 M/sec                    ( +- 11.75% )
                 0      cpu-migrations            #    0.000 K/sec                  
                69      page-faults               #    0.078 M/sec                    ( +-  0.59% )
         1,505,946      cycles                    #    1.692 GHz                      ( +-  1.59% )  (90.31%)
           999,921      stalled-cycles-frontend   #   66.40% frontend cycles idle     ( +-  1.76% )
           798,891      stalled-cycles-backend    #   53.05% backend cycles idle      ( +-  2.09% )
           922,675      instructions              #    0.61  insn per cycle         
                                                  #    1.08  stalled cycles per insn  ( +-  0.57% )
           194,255      branches                  #  218.260 M/sec                    ( +-  0.50% )
             1,745      branch-misses             #    0.90% of all branches          ( +- 67.97% )  (9.69%)

         0.0013525 +- 0.0000956 seconds time elapsed  ( +-  7.07% )


 Performance counter stats for './mandelbrot_pth -0.8 -0.7 0.05 0.15 1024 4' (10 runs):

              1.24 msec task-clock                #    0.711 CPUs utilized            ( +-  1.57% )
                 2      context-switches          #    0.001 M/sec                    ( +- 29.63% )
                 0      cpu-migrations            #    0.000 K/sec                  
                72      page-faults               #    0.058 M/sec                    ( +-  0.60% )
         1,722,859      cycles                    #    1.393 GHz                      ( +-  2.02% )  (85.76%)
         1,164,556      stalled-cycles-frontend   #   67.59% frontend cycles idle     ( +-  1.86% )
           920,202      stalled-cycles-backend    #   53.41% backend cycles idle      ( +-  2.12% )
         1,036,135      instructions              #    0.60  insn per cycle         
                                                  #    1.12  stalled cycles per insn  ( +-  0.69% )
           218,467      branches                  #  176.632 M/sec                    ( +-  0.66% )
             2,390      branch-misses             #    1.09% of all branches          ( +- 55.15% )  (14.24%)

         0.0017407 +- 0.0000249 seconds time elapsed  ( +-  1.43% )


 Performance counter stats for './mandelbrot_pth -0.8 -0.7 0.05 0.15 1024 8' (10 runs):

              1.47 msec task-clock                #    0.799 CPUs utilized            ( +-  4.66% )
                 4      context-switches          #    0.002 M/sec                    ( +- 12.95% )
                 0      cpu-migrations            #    0.000 K/sec                  
                80      page-faults               #    0.055 M/sec                    ( +-  0.59% )
         2,267,726      cycles                    #    1.543 GHz                      ( +-  1.70% )  (83.28%)
         1,551,643      stalled-cycles-frontend   #   68.42% frontend cycles idle     ( +-  1.83% )
         1,206,614      stalled-cycles-backend    #   53.21% backend cycles idle      ( +-  2.23% )
         1,333,298      instructions              #    0.59  insn per cycle         
                                                  #    1.16  stalled cycles per insn  ( +-  0.44% )
           281,377      branches                  #  191.403 M/sec                    ( +-  0.40% )
             3,024      branch-misses             #    1.07% of all branches          ( +- 44.25% )  (16.72%)

         0.0018405 +- 0.0000841 seconds time elapsed  ( +-  4.57% )


 Performance counter stats for './mandelbrot_pth -0.8 -0.7 0.05 0.15 1024 16' (10 runs):

              2.07 msec task-clock                #    0.937 CPUs utilized            ( +-  5.98% )
                 4      context-switches          #    0.002 M/sec                    ( +- 17.34% )
                 0      cpu-migrations            #    0.000 K/sec                  
                98      page-faults               #    0.048 M/sec                    ( +-  0.31% )
         3,864,026      cycles                    #    1.869 GHz                      ( +-  6.90% )  (66.52%)
         2,624,584      stalled-cycles-frontend   #   67.92% frontend cycles idle     ( +-  8.36% )
         2,026,929      stalled-cycles-backend    #   52.46% backend cycles idle      ( +-  8.89% )
         1,983,693      instructions              #    0.51  insn per cycle         
                                                  #    1.32  stalled cycles per insn  ( +-  3.09% )
           416,464      branches                  #  201.490 M/sec                    ( +-  2.76% )
     <not counted>      branch-misses                                                 ( +- 35.90% )  (33.48%)

          0.002206 +- 0.000116 seconds time elapsed  ( +-  5.25% )

Some events weren't counted. Try disabling the NMI watchdog:
	echo 0 > /proc/sys/kernel/nmi_watchdog
	perf stat ...
	echo 1 > /proc/sys/kernel/nmi_watchdog

 Performance counter stats for './mandelbrot_pth -0.8 -0.7 0.05 0.15 1024 32' (10 runs):

              3.98 msec task-clock                #    1.042 CPUs utilized            ( +-  5.11% )
                 4      context-switches          #    0.929 K/sec                    ( +- 25.50% )
                 0      cpu-migrations            #    0.000 K/sec                  
               130      page-faults               #    0.033 M/sec                    ( +-  0.23% )
         5,746,856      cycles                    #    1.444 GHz                      ( +-  3.68% )  (56.61%)
         3,837,589      stalled-cycles-frontend   #   66.78% frontend cycles idle     ( +-  3.01% )
         2,914,747      stalled-cycles-backend    #   50.72% backend cycles idle      ( +-  3.42% )
         3,015,343      instructions              #    0.52  insn per cycle         
                                                  #    1.27  stalled cycles per insn  ( +-  0.83% )
           635,491      branches                  #  159.629 M/sec                    ( +-  0.73% )
            11,117      branch-misses             #    1.75% of all branches          ( +- 17.33% )  (43.39%)

          0.003820 +- 0.000161 seconds time elapsed  ( +-  4.21% )


 Performance counter stats for './mandelbrot_pth -0.8 -0.7 0.05 0.15 2048 1' (10 runs):

              0.86 msec task-clock                #    0.605 CPUs utilized            ( +-  7.41% )
                 1      context-switches          #    0.001 M/sec                  
                 0      cpu-migrations            #    0.000 K/sec                  
                67      page-faults               #    0.077 M/sec                    ( +-  0.64% )
         1,327,715      cycles                    #    1.541 GHz                      ( +-  1.06% )  (94.20%)
           869,121      stalled-cycles-frontend   #   65.46% frontend cycles idle     ( +-  1.12% )
           694,498      stalled-cycles-backend    #   52.31% backend cycles idle      ( +-  1.32% )
           838,382      instructions              #    0.63  insn per cycle         
                                                  #    1.04  stalled cycles per insn  ( +-  0.75% )
           177,260      branches                  #  205.770 M/sec                    ( +-  0.66% )
     <not counted>      branch-misses                                                 ( +- 90.15% )  (5.80%)

         0.0014243 +- 0.0000989 seconds time elapsed  ( +-  6.95% )

Some events weren't counted. Try disabling the NMI watchdog:
	echo 0 > /proc/sys/kernel/nmi_watchdog
	perf stat ...
	echo 1 > /proc/sys/kernel/nmi_watchdog

 Performance counter stats for './mandelbrot_pth -0.8 -0.7 0.05 0.15 2048 2' (10 runs):

              1.06 msec task-clock                #    0.644 CPUs utilized            ( +-  3.10% )
                 1      context-switches          #    0.001 M/sec                    ( +- 11.11% )
                 0      cpu-migrations            #    0.000 K/sec                  
                69      page-faults               #    0.065 M/sec                    ( +-  0.58% )
         1,451,427      cycles                    #    1.367 GHz                      ( +-  1.14% )  (92.32%)
           964,949      stalled-cycles-frontend   #   66.48% frontend cycles idle     ( +-  1.45% )
           768,474      stalled-cycles-backend    #   52.95% backend cycles idle      ( +-  1.67% )
           901,052      instructions              #    0.62  insn per cycle         
                                                  #    1.07  stalled cycles per insn  ( +-  0.65% )
           190,348      branches                  #  179.245 M/sec                    ( +-  0.57% )
     <not counted>      branch-misses                                                 ( +- 68.07% )  (7.68%)

         0.0016491 +- 0.0000465 seconds time elapsed  ( +-  2.82% )

Some events weren't counted. Try disabling the NMI watchdog:
	echo 0 > /proc/sys/kernel/nmi_watchdog
	perf stat ...
	echo 1 > /proc/sys/kernel/nmi_watchdog

 Performance counter stats for './mandelbrot_pth -0.8 -0.7 0.05 0.15 2048 4' (10 runs):

              0.88 msec task-clock                #    0.714 CPUs utilized            ( +-  1.99% )
                 2      context-switches          #    0.002 M/sec                    ( +- 33.33% )
                 0      cpu-migrations            #    0.000 K/sec                  
                72      page-faults               #    0.082 M/sec                    ( +-  0.64% )
         1,739,482      cycles                    #    1.979 GHz                      ( +-  1.29% )  (98.04%)
         1,179,391      stalled-cycles-frontend   #   67.80% frontend cycles idle     ( +-  1.71% )
           935,618      stalled-cycles-backend    #   53.79% backend cycles idle      ( +-  2.03% )
         1,029,591      instructions              #    0.59  insn per cycle         
                                                  #    1.15  stalled cycles per insn  ( +-  0.43% )
           217,394      branches                  #  247.274 M/sec                    ( +-  0.42% )
             1,801      branch-misses             #    0.83% of all branches          ( +- 56.67% )  (1.96%)

         0.0012305 +- 0.0000188 seconds time elapsed  ( +-  1.53% )


 Performance counter stats for './mandelbrot_pth -0.8 -0.7 0.05 0.15 2048 8' (10 runs):

              1.56 msec task-clock                #    0.799 CPUs utilized            ( +-  4.95% )
                 4      context-switches          #    0.003 M/sec                    ( +- 13.44% )
                 0      cpu-migrations            #    0.000 K/sec                  
                81      page-faults               #    0.052 M/sec                    ( +-  0.57% )
         2,274,690      cycles                    #    1.456 GHz                      ( +-  1.64% )  (88.84%)
         1,533,493      stalled-cycles-frontend   #   67.42% frontend cycles idle     ( +-  1.44% )
         1,190,501      stalled-cycles-backend    #   52.34% backend cycles idle      ( +-  1.72% )
         1,326,248      instructions              #    0.58  insn per cycle         
                                                  #    1.16  stalled cycles per insn  ( +-  0.50% )
           280,391      branches                  #  179.436 M/sec                    ( +-  0.50% )
     <not counted>      branch-misses                                                 ( +- 69.35% )  (11.16%)

         0.0019556 +- 0.0000849 seconds time elapsed  ( +-  4.34% )

Some events weren't counted. Try disabling the NMI watchdog:
	echo 0 > /proc/sys/kernel/nmi_watchdog
	perf stat ...
	echo 1 > /proc/sys/kernel/nmi_watchdog

 Performance counter stats for './mandelbrot_pth -0.8 -0.7 0.05 0.15 2048 16' (10 runs):

              2.16 msec task-clock                #    0.929 CPUs utilized            ( +-  6.32% )
                 4      context-switches          #    0.002 M/sec                    ( +- 25.50% )
                 0      cpu-migrations            #    0.000 K/sec                  
                98      page-faults               #    0.045 M/sec                    ( +-  0.38% )
         3,272,492      cycles                    #    1.515 GHz                      ( +-  4.11% )  (76.75%)
         2,299,426      stalled-cycles-frontend   #   70.27% frontend cycles idle     ( +-  2.34% )
         1,769,013      stalled-cycles-backend    #   54.06% backend cycles idle      ( +-  2.87% )
         1,887,848      instructions              #    0.58  insn per cycle         
                                                  #    1.22  stalled cycles per insn  ( +-  0.41% )
           398,264      branches                  #  184.383 M/sec                    ( +-  0.41% )
             6,772      branch-misses             #    1.70% of all branches          ( +- 33.71% )  (23.25%)

          0.002326 +- 0.000118 seconds time elapsed  ( +-  5.09% )


 Performance counter stats for './mandelbrot_pth -0.8 -0.7 0.05 0.15 2048 32' (10 runs):

              3.37 msec task-clock                #    1.035 CPUs utilized            ( +-  5.48% )
                 4      context-switches          #    0.001 M/sec                    ( +- 19.93% )
                 0      cpu-migrations            #    0.030 K/sec                    ( +-100.00% )
               130      page-faults               #    0.039 M/sec                    ( +-  0.35% )
         5,458,185      cycles                    #    1.619 GHz                      ( +-  1.12% )  (81.77%)
         3,773,008      stalled-cycles-frontend   #   69.13% frontend cycles idle     ( +-  1.70% )
         2,873,292      stalled-cycles-backend    #   52.64% backend cycles idle      ( +-  2.14% )
         2,999,502      instructions              #    0.55  insn per cycle         
                                                  #    1.26  stalled cycles per insn  ( +-  0.24% )
           632,499      branches                  #  187.585 M/sec                    ( +-  0.23% )
             7,238      branch-misses             #    1.14% of all branches          ( +- 28.83% )  (18.23%)

          0.003259 +- 0.000156 seconds time elapsed  ( +-  4.79% )


 Performance counter stats for './mandelbrot_pth -0.8 -0.7 0.05 0.15 4096 1' (10 runs):

              0.81 msec task-clock                #    0.599 CPUs utilized            ( +-  3.73% )
                 1      context-switches          #    0.001 M/sec                  
                 0      cpu-migrations            #    0.000 K/sec                  
                67      page-faults               #    0.082 M/sec                    ( +-  0.84% )
         1,319,452      cycles                    #    1.621 GHz                      ( +-  1.51% )  (93.71%)
           863,691      stalled-cycles-frontend   #   65.46% frontend cycles idle     ( +-  1.73% )
           689,560      stalled-cycles-backend    #   52.26% backend cycles idle      ( +-  2.03% )
           841,147      instructions              #    0.64  insn per cycle         
                                                  #    1.03  stalled cycles per insn  ( +-  0.78% )
           177,733      branches                  #  218.325 M/sec                    ( +-  0.69% )
     <not counted>      branch-misses                                                 ( +-100.00% )  (6.29%)

         0.0013591 +- 0.0000542 seconds time elapsed  ( +-  3.99% )

Some events weren't counted. Try disabling the NMI watchdog:
	echo 0 > /proc/sys/kernel/nmi_watchdog
	perf stat ...
	echo 1 > /proc/sys/kernel/nmi_watchdog

 Performance counter stats for './mandelbrot_pth -0.8 -0.7 0.05 0.15 4096 2' (10 runs):

              0.77 msec task-clock                #    0.648 CPUs utilized            ( +-  1.76% )
                 1      context-switches          #    0.002 M/sec                    ( +- 11.11% )
                 0      cpu-migrations            #    0.000 K/sec                  
                69      page-faults               #    0.089 M/sec                    ( +-  0.58% )
         1,481,619      cycles                    #    1.922 GHz                      ( +-  1.21% )  (92.60%)
           982,524      stalled-cycles-frontend   #   66.31% frontend cycles idle     ( +-  1.39% )
           783,808      stalled-cycles-backend    #   52.90% backend cycles idle      ( +-  1.57% )
           905,350      instructions              #    0.61  insn per cycle         
                                                  #    1.09  stalled cycles per insn  ( +-  0.54% )
           191,198      branches                  #  248.047 M/sec                    ( +-  0.51% )
     <not counted>      branch-misses                                                 ( +- 80.59% )  (7.40%)

         0.0011892 +- 0.0000211 seconds time elapsed  ( +-  1.78% )

Some events weren't counted. Try disabling the NMI watchdog:
	echo 0 > /proc/sys/kernel/nmi_watchdog
	perf stat ...
	echo 1 > /proc/sys/kernel/nmi_watchdog

 Performance counter stats for './mandelbrot_pth -0.8 -0.7 0.05 0.15 4096 4' (10 runs):

              1.14 msec task-clock                #    0.718 CPUs utilized            ( +-  4.22% )
                 2      context-switches          #    0.002 M/sec                    ( +- 25.93% )
                 0      cpu-migrations            #    0.000 K/sec                  
                72      page-faults               #    0.063 M/sec                    ( +-  0.56% )
         1,772,541      cycles                    #    1.550 GHz                      ( +-  2.65% )  (86.32%)
         1,161,430      stalled-cycles-frontend   #   65.52% frontend cycles idle     ( +-  1.67% )
           916,189      stalled-cycles-backend    #   51.69% backend cycles idle      ( +-  1.93% )
         1,041,221      instructions              #    0.59  insn per cycle         
                                                  #    1.12  stalled cycles per insn  ( +-  0.69% )
           219,496      branches                  #  191.888 M/sec                    ( +-  0.67% )
     <not counted>      branch-misses                                                 ( +- 67.52% )  (13.68%)

         0.0015938 +- 0.0000566 seconds time elapsed  ( +-  3.55% )

Some events weren't counted. Try disabling the NMI watchdog:
	echo 0 > /proc/sys/kernel/nmi_watchdog
	perf stat ...
	echo 1 > /proc/sys/kernel/nmi_watchdog

 Performance counter stats for './mandelbrot_pth -0.8 -0.7 0.05 0.15 4096 8' (10 runs):

              0.94 msec task-clock                #    0.854 CPUs utilized            ( +-  1.71% )
                 5      context-switches          #    0.006 M/sec                    ( +- 11.40% )
                 0      cpu-migrations            #    0.000 K/sec                  
                80      page-faults               #    0.085 M/sec                    ( +-  0.46% )
         2,387,594      cycles                    #    2.540 GHz                      ( +-  9.64% )  (71.64%)
         1,809,006      stalled-cycles-frontend   #   75.77% frontend cycles idle     ( +-  1.06% )
         1,451,084      stalled-cycles-backend    #   60.78% backend cycles idle      ( +-  1.25% )
         1,337,668      instructions              #    0.56  insn per cycle         
                                                  #    1.35  stalled cycles per insn  ( +-  0.76% )
           283,280      branches                  #  301.333 M/sec                    ( +-  0.75% )
             3,734      branch-misses             #    1.32% of all branches          ( +- 51.20% )  (28.36%)

         0.0011009 +- 0.0000117 seconds time elapsed  ( +-  1.06% )


 Performance counter stats for './mandelbrot_pth -0.8 -0.7 0.05 0.15 4096 16' (10 runs):

              2.00 msec task-clock                #    0.924 CPUs utilized            ( +-  5.78% )
                 4      context-switches          #    0.002 M/sec                    ( +- 17.89% )
                 0      cpu-migrations            #    0.000 K/sec                  
                98      page-faults               #    0.049 M/sec                    ( +-  0.56% )
         3,626,495      cycles                    #    1.810 GHz                      ( +-  6.08% )  (82.11%)
         2,524,411      stalled-cycles-frontend   #   69.61% frontend cycles idle     ( +-  7.59% )
         1,960,700      stalled-cycles-backend    #   54.07% backend cycles idle      ( +-  8.12% )
         1,927,006      instructions              #    0.53  insn per cycle         
                                                  #    1.31  stalled cycles per insn  ( +-  2.59% )
           405,824      branches                  #  202.592 M/sec                    ( +-  2.31% )
             5,992      branch-misses             #    1.48% of all branches          ( +- 45.86% )  (17.89%)

          0.002169 +- 0.000113 seconds time elapsed  ( +-  5.20% )


 Performance counter stats for './mandelbrot_pth -0.8 -0.7 0.05 0.15 4096 32' (10 runs):

              3.25 msec task-clock                #    1.033 CPUs utilized            ( +-  4.05% )
                 3      context-switches          #    0.893 K/sec                    ( +-  8.05% )
                 0      cpu-migrations            #    0.000 K/sec                  
               131      page-faults               #    0.040 M/sec                    ( +-  0.31% )
         5,380,442      cycles                    #    1.657 GHz                      ( +-  1.38% )  (85.91%)
         3,724,581      stalled-cycles-frontend   #   69.22% frontend cycles idle     ( +-  1.45% )
         2,829,229      stalled-cycles-backend    #   52.58% backend cycles idle      ( +-  1.92% )
         2,996,935      instructions              #    0.56  insn per cycle         
                                                  #    1.24  stalled cycles per insn  ( +-  0.39% )
           630,945      branches                  #  194.267 M/sec                    ( +-  0.35% )
     <not counted>      branch-misses                                                 ( +- 45.38% )  (14.09%)

          0.003145 +- 0.000118 seconds time elapsed  ( +-  3.76% )

Some events weren't counted. Try disabling the NMI watchdog:
	echo 0 > /proc/sys/kernel/nmi_watchdog
	perf stat ...
	echo 1 > /proc/sys/kernel/nmi_watchdog

 Performance counter stats for './mandelbrot_pth -0.8 -0.7 0.05 0.15 8192 1' (10 runs):

              0.68 msec task-clock                #    0.603 CPUs utilized            ( +-  2.22% )
                 1      context-switches          #    0.002 M/sec                    ( +-  9.09% )
                 0      cpu-migrations            #    0.000 K/sec                  
                67      page-faults               #    0.099 M/sec                    ( +-  0.81% )
         1,359,808      cycles                    #    2.002 GHz                      ( +-  1.51% )  (79.26%)
           886,693      stalled-cycles-frontend   #   65.21% frontend cycles idle     ( +-  1.55% )
           709,976      stalled-cycles-backend    #   52.21% backend cycles idle      ( +-  1.87% )
           843,343      instructions              #    0.62  insn per cycle         
                                                  #    1.05  stalled cycles per insn  ( +-  0.62% )
           178,200      branches                  #  262.380 M/sec                    ( +-  0.54% )
     <not counted>      branch-misses                                                 ( +- 42.36% )  (20.74%)

         0.0011271 +- 0.0000232 seconds time elapsed  ( +-  2.06% )

Some events weren't counted. Try disabling the NMI watchdog:
	echo 0 > /proc/sys/kernel/nmi_watchdog
	perf stat ...
	echo 1 > /proc/sys/kernel/nmi_watchdog

 Performance counter stats for './mandelbrot_pth -0.8 -0.7 0.05 0.15 8192 2' (10 runs):

              0.77 msec task-clock                #    0.637 CPUs utilized            ( +-  5.38% )
                 1      context-switches          #    0.001 M/sec                    ( +-  9.09% )
                 0      cpu-migrations            #    0.000 K/sec                  
                68      page-faults               #    0.088 M/sec                    ( +-  0.51% )
         1,426,723      cycles                    #    1.844 GHz                      ( +-  2.70% )  (88.09%)
           977,786      stalled-cycles-frontend   #   68.53% frontend cycles idle     ( +-  1.71% )
           781,668      stalled-cycles-backend    #   54.79% backend cycles idle      ( +-  2.03% )
           900,366      instructions              #    0.63  insn per cycle         
                                                  #    1.09  stalled cycles per insn  ( +-  0.58% )
           189,909      branches                  #  245.479 M/sec                    ( +-  0.53% )
     <not counted>      branch-misses                                                 ( +- 67.16% )  (11.91%)

         0.0012137 +- 0.0000674 seconds time elapsed  ( +-  5.55% )

Some events weren't counted. Try disabling the NMI watchdog:
	echo 0 > /proc/sys/kernel/nmi_watchdog
	perf stat ...
	echo 1 > /proc/sys/kernel/nmi_watchdog

 Performance counter stats for './mandelbrot_pth -0.8 -0.7 0.05 0.15 8192 4' (10 runs):

              0.85 msec task-clock                #    0.707 CPUs utilized            ( +-  1.60% )
                 1      context-switches          #    0.001 M/sec                  
                 0      cpu-migrations            #    0.000 K/sec                  
                73      page-faults               #    0.085 M/sec                    ( +-  0.61% )
         1,709,646      cycles                    #    2.006 GHz                      ( +-  1.35% )  (91.21%)
         1,146,376      stalled-cycles-frontend   #   67.05% frontend cycles idle     ( +-  1.53% )
           904,622      stalled-cycles-backend    #   52.91% backend cycles idle      ( +-  1.82% )
         1,031,142      instructions              #    0.60  insn per cycle         
                                                  #    1.11  stalled cycles per insn  ( +-  0.42% )
           217,793      branches                  #  255.488 M/sec                    ( +-  0.34% )
     <not counted>      branch-misses                                                 ( +- 67.77% )  (8.79%)

         0.0012057 +- 0.0000177 seconds time elapsed  ( +-  1.47% )

Some events weren't counted. Try disabling the NMI watchdog:
	echo 0 > /proc/sys/kernel/nmi_watchdog
	perf stat ...
	echo 1 > /proc/sys/kernel/nmi_watchdog

 Performance counter stats for './mandelbrot_pth -0.8 -0.7 0.05 0.15 8192 8' (10 runs):

              1.23 msec task-clock                #    0.805 CPUs utilized            ( +-  1.98% )
                 3      context-switches          #    0.002 M/sec                  
                 0      cpu-migrations            #    0.000 K/sec                  
                80      page-faults               #    0.065 M/sec                    ( +-  0.70% )
         2,326,216      cycles                    #    1.892 GHz                      ( +-  1.87% )  (87.61%)
         1,560,460      stalled-cycles-frontend   #   67.08% frontend cycles idle     ( +-  1.20% )
         1,217,877      stalled-cycles-backend    #   52.35% backend cycles idle      ( +-  1.50% )
         1,323,684      instructions              #    0.57  insn per cycle         
                                                  #    1.18  stalled cycles per insn  ( +-  0.46% )
           279,624      branches                  #  227.446 M/sec                    ( +-  0.41% )
     <not counted>      branch-misses                                                 ( +- 67.34% )  (12.39%)

         0.0015270 +- 0.0000269 seconds time elapsed  ( +-  1.76% )

Some events weren't counted. Try disabling the NMI watchdog:
	echo 0 > /proc/sys/kernel/nmi_watchdog
	perf stat ...
	echo 1 > /proc/sys/kernel/nmi_watchdog

 Performance counter stats for './mandelbrot_pth -0.8 -0.7 0.05 0.15 8192 16' (10 runs):

              1.85 msec task-clock                #    0.919 CPUs utilized            ( +-  2.02% )
                 3      context-switches          #    0.002 M/sec                    ( +-  4.76% )
                 0      cpu-migrations            #    0.000 K/sec                  
                98      page-faults               #    0.053 M/sec                    ( +-  0.39% )
         3,392,796      cycles                    #    1.835 GHz                      ( +-  1.98% )  (68.90%)
         2,329,693      stalled-cycles-frontend   #   68.67% frontend cycles idle     ( +-  2.01% )
         1,801,799      stalled-cycles-backend    #   53.11% backend cycles idle      ( +-  2.52% )
         1,884,981      instructions              #    0.56  insn per cycle         
                                                  #    1.24  stalled cycles per insn  ( +-  0.27% )
           397,670      branches                  #  215.109 M/sec                    ( +-  0.24% )
             5,197      branch-misses             #    1.31% of all branches          ( +- 34.71% )  (31.10%)

         0.0020127 +- 0.0000337 seconds time elapsed  ( +-  1.67% )


 Performance counter stats for './mandelbrot_pth -0.8 -0.7 0.05 0.15 8192 32' (10 runs):

              2.99 msec task-clock                #    1.028 CPUs utilized            ( +-  1.77% )
                 3      context-switches          #    0.001 M/sec                    ( +- 19.25% )
                 0      cpu-migrations            #    0.000 K/sec                  
               131      page-faults               #    0.044 M/sec                    ( +-  0.32% )
         5,383,165      cycles                    #    1.800 GHz                      ( +-  1.39% )  (72.29%)
         3,744,617      stalled-cycles-frontend   #   69.56% frontend cycles idle     ( +-  1.42% )
         2,844,950      stalled-cycles-backend    #   52.85% backend cycles idle      ( +-  1.77% )
         2,986,271      instructions              #    0.55  insn per cycle         
                                                  #    1.25  stalled cycles per insn  ( +-  0.25% )
           629,724      branches                  #  210.621 M/sec                    ( +-  0.22% )
     <not counted>      branch-misses                                                 ( +- 51.00% )  (27.71%)

         0.0029097 +- 0.0000422 seconds time elapsed  ( +-  1.45% )

Some events weren't counted. Try disabling the NMI watchdog:
	echo 0 > /proc/sys/kernel/nmi_watchdog
	perf stat ...
	echo 1 > /proc/sys/kernel/nmi_watchdog
