
 Performance counter stats for './mandelbrot_seq -2.5 1.5 -2.0 2.0 16 1' (10 runs):

              0.50 msec task-clock                #    0.400 CPUs utilized            ( +-  5.60% )
                 0      context-switches          #    0.000 K/sec                  
                 0      cpu-migrations            #    0.000 K/sec                  
                52      page-faults               #    0.103 M/sec                    ( +-  1.14% )
           808,229      cycles                    #    1.607 GHz                      ( +-  1.73% )
           534,805      stalled-cycles-frontend   #   66.17% frontend cycles idle     ( +-  2.17% )
           418,734      stalled-cycles-backend    #   51.81% backend cycles idle      ( +-  2.57% )
           546,868      instructions              #    0.68  insn per cycle         
                                                  #    0.98  stalled cycles per insn  ( +-  0.73% )
           112,698      branches                  #  224.011 M/sec                    ( +-  0.70% )
     <not counted>      branch-misses                                                 (0.00%)

          0.001257 +- 0.000272 seconds time elapsed  ( +- 21.63% )

Some events weren't counted. Try disabling the NMI watchdog:
	echo 0 > /proc/sys/kernel/nmi_watchdog
	perf stat ...
	echo 1 > /proc/sys/kernel/nmi_watchdog

 Performance counter stats for './mandelbrot_seq -2.5 1.5 -2.0 2.0 32 1' (10 runs):

              0.53 msec task-clock                #    0.496 CPUs utilized            ( +-  4.45% )
                 0      context-switches          #    0.000 K/sec                  
                 0      cpu-migrations            #    0.000 K/sec                  
                52      page-faults               #    0.098 M/sec                    ( +-  0.67% )
           812,884      cycles                    #    1.542 GHz                      ( +-  1.07% )  (93.58%)
           535,955      stalled-cycles-frontend   #   65.93% frontend cycles idle     ( +-  1.49% )
           419,169      stalled-cycles-backend    #   51.57% backend cycles idle      ( +-  1.85% )
           547,560      instructions              #    0.67  insn per cycle         
                                                  #    0.98  stalled cycles per insn  ( +-  0.67% )
           112,754      branches                  #  213.884 M/sec                    ( +-  0.55% )
               679      branch-misses             #    0.60% of all branches          ( +- 67.20% )  (6.42%)

         0.0010630 +- 0.0000466 seconds time elapsed  ( +-  4.38% )


 Performance counter stats for './mandelbrot_seq -2.5 1.5 -2.0 2.0 64 1' (10 runs):

              0.48 msec task-clock                #    0.488 CPUs utilized            ( +-  1.34% )
                 0      context-switches          #    0.000 K/sec                  
                 0      cpu-migrations            #    0.000 K/sec                  
                52      page-faults               #    0.109 M/sec                    ( +-  0.74% )
           818,160      cycles                    #    1.701 GHz                      ( +-  1.75% )  (91.58%)
           538,103      stalled-cycles-frontend   #   65.77% frontend cycles idle     ( +-  1.88% )
           419,996      stalled-cycles-backend    #   51.33% backend cycles idle      ( +-  2.30% )
           550,724      instructions              #    0.67  insn per cycle         
                                                  #    0.98  stalled cycles per insn  ( +-  0.71% )
           113,391      branches                  #  235.764 M/sec                    ( +-  0.63% )
     <not counted>      branch-misses                                                 ( +- 66.81% )  (8.42%)

         0.0009846 +- 0.0000169 seconds time elapsed  ( +-  1.72% )

Some events weren't counted. Try disabling the NMI watchdog:
	echo 0 > /proc/sys/kernel/nmi_watchdog
	perf stat ...
	echo 1 > /proc/sys/kernel/nmi_watchdog

 Performance counter stats for './mandelbrot_seq -2.5 1.5 -2.0 2.0 128 1' (10 runs):

              0.43 msec task-clock                #    0.499 CPUs utilized            ( +-  7.27% )
                 0      context-switches          #    0.000 K/sec                  
                 0      cpu-migrations            #    0.000 K/sec                  
                53      page-faults               #    0.122 M/sec                    ( +-  1.12% )
           788,393      cycles                    #    1.821 GHz                      ( +-  1.20% )  (90.61%)
           524,187      stalled-cycles-frontend   #   66.49% frontend cycles idle     ( +-  1.25% )
           406,850      stalled-cycles-backend    #   51.61% backend cycles idle      ( +-  1.40% )
           552,268      instructions              #    0.70  insn per cycle         
                                                  #    0.95  stalled cycles per insn  ( +-  0.81% )
           113,760      branches                  #  262.809 M/sec                    ( +-  0.72% )
               680      branch-misses             #    0.60% of all branches          ( +- 67.10% )  (9.39%)

         0.0008673 +- 0.0000539 seconds time elapsed  ( +-  6.22% )


 Performance counter stats for './mandelbrot_seq -2.5 1.5 -2.0 2.0 256 1' (10 runs):

              0.51 msec task-clock                #    0.487 CPUs utilized            ( +-  4.94% )
                 0      context-switches          #    0.000 K/sec                  
                 0      cpu-migrations            #    0.000 K/sec                  
                52      page-faults               #    0.103 M/sec                    ( +-  0.98% )
           793,559      cycles                    #    1.563 GHz                      ( +-  1.09% )  (95.89%)
           518,618      stalled-cycles-frontend   #   65.35% frontend cycles idle     ( +-  1.26% )
           403,215      stalled-cycles-backend    #   50.81% backend cycles idle      ( +-  1.53% )
           548,132      instructions              #    0.69  insn per cycle         
                                                  #    0.95  stalled cycles per insn  ( +-  0.65% )
           113,020      branches                  #  222.552 M/sec                    ( +-  0.60% )
     <not counted>      branch-misses                                                 ( +-100.00% )  (4.11%)

         0.0010430 +- 0.0000439 seconds time elapsed  ( +-  4.21% )

Some events weren't counted. Try disabling the NMI watchdog:
	echo 0 > /proc/sys/kernel/nmi_watchdog
	perf stat ...
	echo 1 > /proc/sys/kernel/nmi_watchdog

 Performance counter stats for './mandelbrot_seq -2.5 1.5 -2.0 2.0 512 1' (10 runs):

              0.62 msec task-clock                #    0.486 CPUs utilized            ( +-  1.78% )
                 0      context-switches          #    0.000 K/sec                  
                 0      cpu-migrations            #    0.000 K/sec                  
                52      page-faults               #    0.084 M/sec                    ( +-  0.91% )
           792,308      cycles                    #    1.269 GHz                      ( +-  1.08% )  (92.09%)
           522,881      stalled-cycles-frontend   #   65.99% frontend cycles idle     ( +-  1.48% )
           407,208      stalled-cycles-backend    #   51.40% backend cycles idle      ( +-  1.72% )
           551,055      instructions              #    0.70  insn per cycle         
                                                  #    0.95  stalled cycles per insn  ( +-  0.74% )
           113,364      branches                  #  181.539 M/sec                    ( +-  0.71% )
     <not counted>      branch-misses                                                 ( +-100.00% )  (7.91%)

         0.0012838 +- 0.0000197 seconds time elapsed  ( +-  1.53% )

Some events weren't counted. Try disabling the NMI watchdog:
	echo 0 > /proc/sys/kernel/nmi_watchdog
	perf stat ...
	echo 1 > /proc/sys/kernel/nmi_watchdog

 Performance counter stats for './mandelbrot_seq -2.5 1.5 -2.0 2.0 1024 1' (10 runs):

              0.43 msec task-clock                #    0.486 CPUs utilized            ( +-  2.37% )
                 0      context-switches          #    0.000 K/sec                  
                 0      cpu-migrations            #    0.000 K/sec                  
                53      page-faults               #    0.123 M/sec                    ( +-  0.90% )
           805,734      cycles                    #    1.886 GHz                      ( +-  1.63% )  (93.13%)
           532,935      stalled-cycles-frontend   #   66.14% frontend cycles idle     ( +-  2.23% )
           417,528      stalled-cycles-backend    #   51.82% backend cycles idle      ( +-  2.81% )
           550,221      instructions              #    0.68  insn per cycle         
                                                  #    0.97  stalled cycles per insn  ( +-  0.46% )
           113,220      branches                  #  264.960 M/sec                    ( +-  0.43% )
               428      branch-misses             #    0.38% of all branches          ( +-100.00% )  (6.87%)

         0.0008800 +- 0.0000164 seconds time elapsed  ( +-  1.87% )


 Performance counter stats for './mandelbrot_seq -2.5 1.5 -2.0 2.0 2048 1' (10 runs):

              0.44 msec task-clock                #    0.488 CPUs utilized            ( +-  6.54% )
                 0      context-switches          #    0.000 K/sec                  
                 0      cpu-migrations            #    0.000 K/sec                  
                52      page-faults               #    0.117 M/sec                    ( +-  0.67% )
           812,694      cycles                    #    1.838 GHz                      ( +-  2.01% )  (97.02%)
           531,844      stalled-cycles-frontend   #   65.44% frontend cycles idle     ( +-  1.89% )
           416,063      stalled-cycles-backend    #   51.20% backend cycles idle      ( +-  2.08% )
           547,172      instructions              #    0.67  insn per cycle         
                                                  #    0.97  stalled cycles per insn  ( +-  0.64% )
           112,684      branches                  #  254.895 M/sec                    ( +-  0.58% )
     <not counted>      branch-misses                                                 ( +-100.00% )  (2.98%)

         0.0009066 +- 0.0000543 seconds time elapsed  ( +-  5.98% )

Some events weren't counted. Try disabling the NMI watchdog:
	echo 0 > /proc/sys/kernel/nmi_watchdog
	perf stat ...
	echo 1 > /proc/sys/kernel/nmi_watchdog

 Performance counter stats for './mandelbrot_seq -2.5 1.5 -2.0 2.0 4096 1' (10 runs):

              0.27 msec task-clock                #    0.486 CPUs utilized            ( +-  1.11% )
                 0      context-switches          #    0.000 K/sec                  
                 0      cpu-migrations            #    0.000 K/sec                  
                54      page-faults               #    0.198 M/sec                    ( +-  0.80% )
           807,125      cycles                    #    2.992 GHz                      ( +-  1.63% )
           529,227      stalled-cycles-frontend   #   65.57% frontend cycles idle     ( +-  2.35% )
           412,902      stalled-cycles-backend    #   51.16% backend cycles idle      ( +-  2.97% )
           558,158      instructions              #    0.69  insn per cycle         
                                                  #    0.95  stalled cycles per insn  ( +-  0.33% )
           114,949      branches                  #  426.114 M/sec                    ( +-  0.29% )
     <not counted>      branch-misses                                                 (0.00%)

         0.0005556 +- 0.0000113 seconds time elapsed  ( +-  2.03% )

Some events weren't counted. Try disabling the NMI watchdog:
	echo 0 > /proc/sys/kernel/nmi_watchdog
	perf stat ...
	echo 1 > /proc/sys/kernel/nmi_watchdog

 Performance counter stats for './mandelbrot_seq -2.5 1.5 -2.0 2.0 8192 1' (10 runs):

              0.49 msec task-clock                #    0.483 CPUs utilized            ( +-  5.18% )
                 0      context-switches          #    0.000 K/sec                  
                 0      cpu-migrations            #    0.000 K/sec                  
                52      page-faults               #    0.106 M/sec                    ( +-  0.78% )
           789,695      cycles                    #    1.610 GHz                      ( +-  1.19% )
           517,421      stalled-cycles-frontend   #   65.52% frontend cycles idle     ( +-  1.55% )
           402,808      stalled-cycles-backend    #   51.01% backend cycles idle      ( +-  1.90% )
           547,525      instructions              #    0.69  insn per cycle         
                                                  #    0.95  stalled cycles per insn  ( +-  0.54% )
           112,706      branches                  #  229.801 M/sec                    ( +-  0.52% )
     <not counted>      branch-misses                                                 (0.00%)

         0.0010148 +- 0.0000532 seconds time elapsed  ( +-  5.24% )

Some events weren't counted. Try disabling the NMI watchdog:
	echo 0 > /proc/sys/kernel/nmi_watchdog
	perf stat ...
	echo 1 > /proc/sys/kernel/nmi_watchdog
