
 Performance counter stats for './mandelbrot_pth -2.5 1.5 -2.0 2.0 16 1' (10 runs):

              0.61 msec task-clock                #    0.514 CPUs utilized            ( +-  6.86% )
                 1      context-switches          #    0.002 M/sec                  
                 0      cpu-migrations            #    0.000 K/sec                  
                68      page-faults               #    0.113 M/sec                    ( +-  0.77% )
         1,558,738      cycles                    #    2.576 GHz                      ( +-  1.16% )  (99.08%)
         1,026,333      stalled-cycles-frontend   #   65.84% frontend cycles idle     ( +-  1.62% )
           750,064      stalled-cycles-backend    #   48.12% backend cycles idle      ( +-  2.08% )
         1,103,235      instructions              #    0.71  insn per cycle         
                                                  #    0.93  stalled cycles per insn  ( +-  0.53% )
           202,308      branches                  #  334.342 M/sec                    ( +-  0.57% )
     <not counted>      branch-misses                                                 ( +-100.00% )  (0.92%)

          0.001177 +- 0.000311 seconds time elapsed  ( +- 26.46% )

Some events weren't counted. Try disabling the NMI watchdog:
	echo 0 > /proc/sys/kernel/nmi_watchdog
	perf stat ...
	echo 1 > /proc/sys/kernel/nmi_watchdog

 Performance counter stats for './mandelbrot_pth -2.5 1.5 -2.0 2.0 16 2' (10 runs):

              1.22 msec task-clock                #    0.712 CPUs utilized            ( +-  3.88% )
                 2      context-switches          #    0.002 M/sec                  
                 0      cpu-migrations            #    0.000 K/sec                  
                69      page-faults               #    0.057 M/sec                    ( +-  0.40% )
         1,659,854      cycles                    #    1.362 GHz                      ( +-  1.03% )  (91.96%)
         1,089,903      stalled-cycles-frontend   #   65.66% frontend cycles idle     ( +-  1.34% )
           794,409      stalled-cycles-backend    #   47.86% backend cycles idle      ( +-  1.70% )
         1,173,222      instructions              #    0.71  insn per cycle         
                                                  #    0.93  stalled cycles per insn  ( +-  0.29% )
           216,369      branches                  #  177.528 M/sec                    ( +-  0.26% )
     <not counted>      branch-misses                                                 ( +- 66.69% )  (8.04%)

         0.0017112 +- 0.0000620 seconds time elapsed  ( +-  3.62% )

Some events weren't counted. Try disabling the NMI watchdog:
	echo 0 > /proc/sys/kernel/nmi_watchdog
	perf stat ...
	echo 1 > /proc/sys/kernel/nmi_watchdog

 Performance counter stats for './mandelbrot_pth -2.5 1.5 -2.0 2.0 16 4' (10 runs):

              1.54 msec task-clock                #    0.802 CPUs utilized            ( +-  4.08% )
                 2      context-switches          #    0.001 M/sec                    ( +- 28.45% )
                 0      cpu-migrations            #    0.000 K/sec                  
                74      page-faults               #    0.048 M/sec                    ( +-  0.62% )
         1,952,674      cycles                    #    1.270 GHz                      ( +-  2.19% )  (90.94%)
         1,300,356      stalled-cycles-frontend   #   66.59% frontend cycles idle     ( +-  2.67% )
           955,443      stalled-cycles-backend    #   48.93% backend cycles idle      ( +-  3.23% )
         1,320,252      instructions              #    0.68  insn per cycle         
                                                  #    0.98  stalled cycles per insn  ( +-  0.70% )
           247,400      branches                  #  160.934 M/sec                    ( +-  0.74% )
     <not counted>      branch-misses                                                 ( +- 51.74% )  (9.06%)

         0.0019161 +- 0.0000717 seconds time elapsed  ( +-  3.74% )

Some events weren't counted. Try disabling the NMI watchdog:
	echo 0 > /proc/sys/kernel/nmi_watchdog
	perf stat ...
	echo 1 > /proc/sys/kernel/nmi_watchdog

 Performance counter stats for './mandelbrot_pth -2.5 1.5 -2.0 2.0 16 8' (10 runs):

              1.67 msec task-clock                #    0.877 CPUs utilized            ( +-  5.01% )
                 6      context-switches          #    0.003 M/sec                    ( +- 18.48% )
                 0      cpu-migrations            #    0.000 K/sec                  
                83      page-faults               #    0.050 M/sec                    ( +-  0.42% )
         2,526,182      cycles                    #    1.512 GHz                      ( +-  1.81% )  (88.41%)
         1,731,392      stalled-cycles-frontend   #   68.54% frontend cycles idle     ( +-  1.75% )
         1,282,410      stalled-cycles-backend    #   50.76% backend cycles idle      ( +-  2.07% )
         1,626,336      instructions              #    0.64  insn per cycle         
                                                  #    1.06  stalled cycles per insn  ( +-  0.61% )
           311,689      branches                  #  186.505 M/sec                    ( +-  0.66% )
     <not counted>      branch-misses                                                 ( +- 50.65% )  (11.59%)

         0.0019057 +- 0.0000983 seconds time elapsed  ( +-  5.16% )

Some events weren't counted. Try disabling the NMI watchdog:
	echo 0 > /proc/sys/kernel/nmi_watchdog
	perf stat ...
	echo 1 > /proc/sys/kernel/nmi_watchdog

 Performance counter stats for './mandelbrot_pth -2.5 1.5 -2.0 2.0 16 16' (10 runs):

              2.08 msec task-clock                #    0.993 CPUs utilized            ( +-  6.84% )
                 6      context-switches          #    0.003 M/sec                    ( +- 15.88% )
                 0      cpu-migrations            #    0.000 K/sec                  
                98      page-faults               #    0.047 M/sec                    ( +-  0.51% )
         3,910,735      cycles                    #    1.883 GHz                      ( +-  6.58% )  (68.77%)
         2,712,163      stalled-cycles-frontend   #   69.35% frontend cycles idle     ( +-  8.07% )
         2,041,280      stalled-cycles-backend    #   52.20% backend cycles idle      ( +-  9.19% )
         2,221,037      instructions              #    0.57  insn per cycle         
                                                  #    1.22  stalled cycles per insn  ( +-  1.93% )
           436,025      branches                  #  209.957 M/sec                    ( +-  1.83% )
             7,528      branch-misses             #    1.73% of all branches          ( +- 28.45% )  (31.23%)

          0.002092 +- 0.000128 seconds time elapsed  ( +-  6.13% )


 Performance counter stats for './mandelbrot_pth -2.5 1.5 -2.0 2.0 16 32' (10 runs):

              2.11 msec task-clock                #    1.059 CPUs utilized            ( +-  0.92% )
                 8      context-switches          #    0.004 M/sec                    ( +-  9.28% )
                 0      cpu-migrations            #    0.000 K/sec                  
               131      page-faults               #    0.062 M/sec                    ( +-  0.28% )
         5,844,157      cycles                    #    2.764 GHz                      ( +-  1.55% )  (82.79%)
         4,144,268      stalled-cycles-frontend   #   70.91% frontend cycles idle     ( +-  1.16% )
         3,229,723      stalled-cycles-backend    #   55.26% backend cycles idle      ( +-  1.45% )
         3,097,983      instructions              #    0.53  insn per cycle         
                                                  #    1.34  stalled cycles per insn  ( +-  0.22% )
           650,134      branches                  #  307.504 M/sec                    ( +-  0.22% )
     <not counted>      branch-misses                                                 ( +- 52.06% )  (17.21%)

         0.0019972 +- 0.0000196 seconds time elapsed  ( +-  0.98% )

Some events weren't counted. Try disabling the NMI watchdog:
	echo 0 > /proc/sys/kernel/nmi_watchdog
	perf stat ...
	echo 1 > /proc/sys/kernel/nmi_watchdog

 Performance counter stats for './mandelbrot_pth -2.5 1.5 -2.0 2.0 32 1' (10 runs):

              1.17 msec task-clock                #    0.733 CPUs utilized            ( +-  5.17% )
                 1      context-switches          #    0.855 K/sec                  
                 0      cpu-migrations            #    0.000 K/sec                  
                76      page-faults               #    0.065 M/sec                    ( +-  0.57% )
         2,215,341      cycles                    #    1.895 GHz                      ( +-  2.84% )  (75.75%)
         1,396,273      stalled-cycles-frontend   #   63.03% frontend cycles idle     ( +-  1.24% )
           849,816      stalled-cycles-backend    #   38.36% backend cycles idle      ( +-  1.87% )
         1,881,804      instructions              #    0.85  insn per cycle         
                                                  #    0.74  stalled cycles per insn  ( +-  0.35% )
           280,347      branches                  #  239.793 M/sec                    ( +-  0.41% )
     <not counted>      branch-misses                                                 ( +- 43.51% )  (24.25%)

         0.0015956 +- 0.0000836 seconds time elapsed  ( +-  5.24% )

Some events weren't counted. Try disabling the NMI watchdog:
	echo 0 > /proc/sys/kernel/nmi_watchdog
	perf stat ...
	echo 1 > /proc/sys/kernel/nmi_watchdog

 Performance counter stats for './mandelbrot_pth -2.5 1.5 -2.0 2.0 32 2' (10 runs):

              1.03 msec task-clock                #    0.860 CPUs utilized            ( +-  2.53% )
                 2      context-switches          #    0.002 M/sec                  
                 0      cpu-migrations            #    0.000 K/sec                  
                79      page-faults               #    0.076 M/sec                    ( +-  0.61% )
         2,425,959      cycles                    #    2.347 GHz                      ( +-  1.23% )
         1,613,151      stalled-cycles-frontend   #   66.50% frontend cycles idle     ( +-  1.79% )
         1,034,879      stalled-cycles-backend    #   42.66% backend cycles idle      ( +-  2.69% )
         1,966,033      instructions              #    0.81  insn per cycle         
                                                  #    0.82  stalled cycles per insn  ( +-  0.26% )
           297,590      branches                  #  287.961 M/sec                    ( +-  0.28% )
     <not counted>      branch-misses                                                 (0.00%)

         0.0012017 +- 0.0000314 seconds time elapsed  ( +-  2.62% )

Some events weren't counted. Try disabling the NMI watchdog:
	echo 0 > /proc/sys/kernel/nmi_watchdog
	perf stat ...
	echo 1 > /proc/sys/kernel/nmi_watchdog

 Performance counter stats for './mandelbrot_pth -2.5 1.5 -2.0 2.0 32 4' (10 runs):

              2.03 msec task-clock                #    0.930 CPUs utilized            ( +-  2.83% )
                 4      context-switches          #    0.002 M/sec                    ( +- 10.82% )
                 0      cpu-migrations            #    0.000 K/sec                  
                82      page-faults               #    0.040 M/sec                    ( +-  0.55% )
         2,645,793      cycles                    #    1.303 GHz                      ( +-  1.27% )  (90.17%)
         1,745,061      stalled-cycles-frontend   #   65.96% frontend cycles idle     ( +-  1.76% )
         1,119,632      stalled-cycles-backend    #   42.32% backend cycles idle      ( +-  2.54% )
         2,102,740      instructions              #    0.79  insn per cycle         
                                                  #    0.83  stalled cycles per insn  ( +-  0.35% )
           326,654      branches                  #  160.828 M/sec                    ( +-  0.45% )
             4,115      branch-misses             #    1.26% of all branches          ( +- 33.13% )  (9.83%)

         0.0021849 +- 0.0000486 seconds time elapsed  ( +-  2.23% )


 Performance counter stats for './mandelbrot_pth -2.5 1.5 -2.0 2.0 32 8' (10 runs):

              1.97 msec task-clock                #    1.079 CPUs utilized            ( +-  4.75% )
                 4      context-switches          #    0.002 M/sec                    ( +- 17.69% )
                 0      cpu-migrations            #    0.000 K/sec                  
                90      page-faults               #    0.046 M/sec                    ( +-  0.62% )
         3,321,896      cycles                    #    1.684 GHz                      ( +-  1.47% )  (88.60%)
         2,217,345      stalled-cycles-frontend   #   66.75% frontend cycles idle     ( +-  1.64% )
         1,491,470      stalled-cycles-backend    #   44.90% backend cycles idle      ( +-  2.19% )
         2,394,426      instructions              #    0.72  insn per cycle         
                                                  #    0.93  stalled cycles per insn  ( +-  0.25% )
           387,883      branches                  #  196.629 M/sec                    ( +-  0.34% )
     <not counted>      branch-misses                                                 ( +- 67.33% )  (11.40%)

         0.0018285 +- 0.0000906 seconds time elapsed  ( +-  4.95% )

Some events weren't counted. Try disabling the NMI watchdog:
	echo 0 > /proc/sys/kernel/nmi_watchdog
	perf stat ...
	echo 1 > /proc/sys/kernel/nmi_watchdog

 Performance counter stats for './mandelbrot_pth -2.5 1.5 -2.0 2.0 32 16' (10 runs):

              2.47 msec task-clock                #    1.127 CPUs utilized            ( +-  1.46% )
                 7      context-switches          #    0.003 M/sec                    ( +- 12.21% )
                 0      cpu-migrations            #    0.000 K/sec                  
               108      page-faults               #    0.044 M/sec                    ( +-  0.42% )
         4,464,921      cycles                    #    1.806 GHz                      ( +-  2.10% )  (83.23%)
         2,988,504      stalled-cycles-frontend   #   66.93% frontend cycles idle     ( +-  1.63% )
         2,066,228      stalled-cycles-backend    #   46.28% backend cycles idle      ( +-  2.10% )
         2,961,643      instructions              #    0.66  insn per cycle         
                                                  #    1.01  stalled cycles per insn  ( +-  0.44% )
           507,597      branches                  #  205.351 M/sec                    ( +-  0.53% )
             2,878      branch-misses             #    0.57% of all branches          ( +- 52.28% )  (16.77%)

         0.0021932 +- 0.0000310 seconds time elapsed  ( +-  1.41% )


 Performance counter stats for './mandelbrot_pth -2.5 1.5 -2.0 2.0 32 32' (10 runs):

              4.54 msec task-clock                #    1.173 CPUs utilized            ( +-  4.41% )
                12      context-switches          #    0.003 M/sec                    ( +- 15.28% )
                 0      cpu-migrations            #    0.000 K/sec                  
               139      page-faults               #    0.031 M/sec                    ( +-  0.30% )
         6,798,820      cycles                    #    1.496 GHz                      ( +-  2.95% )  (50.78%)
         4,425,103      stalled-cycles-frontend   #   65.09% frontend cycles idle     ( +-  1.33% )
         3,126,684      stalled-cycles-backend    #   45.99% backend cycles idle      ( +-  1.72% )
         4,093,326      instructions              #    0.60  insn per cycle         
                                                  #    1.08  stalled cycles per insn  ( +-  0.24% )
           746,228      branches                  #  164.219 M/sec                    ( +-  0.31% )
            12,053      branch-misses             #    1.62% of all branches          ( +- 18.41% )  (49.22%)

          0.003873 +- 0.000156 seconds time elapsed  ( +-  4.03% )


 Performance counter stats for './mandelbrot_pth -2.5 1.5 -2.0 2.0 64 1' (10 runs):

              2.49 msec task-clock                #    0.838 CPUs utilized            ( +-  3.50% )
                 1      context-switches          #    0.402 K/sec                  
                 0      cpu-migrations            #    0.000 K/sec                  
               105      page-faults               #    0.042 M/sec                    ( +-  0.41% )
         4,410,509      cycles                    #    1.775 GHz                      ( +-  1.43% )  (48.79%)
         2,860,480      stalled-cycles-frontend   #   64.86% frontend cycles idle     ( +-  0.73% )
         1,246,170      stalled-cycles-backend    #   28.25% backend cycles idle      ( +-  1.41% )
         4,933,824      instructions              #    1.12  insn per cycle         
                                                  #    0.58  stalled cycles per insn  ( +-  0.13% )
           585,455      branches                  #  235.588 M/sec                    ( +-  0.20% )
     <not counted>      branch-misses                                                 ( +- 25.81% )  (51.21%)

          0.002965 +- 0.000113 seconds time elapsed  ( +-  3.81% )

Some events weren't counted. Try disabling the NMI watchdog:
	echo 0 > /proc/sys/kernel/nmi_watchdog
	perf stat ...
	echo 1 > /proc/sys/kernel/nmi_watchdog

 Performance counter stats for './mandelbrot_pth -2.5 1.5 -2.0 2.0 64 2' (10 runs):

              2.33 msec task-clock                #    1.103 CPUs utilized            ( +-  1.47% )
                 2      context-switches          #    0.858 K/sec                  
                 0      cpu-migrations            #    0.000 K/sec                  
               109      page-faults               #    0.047 M/sec                    ( +-  0.44% )
         4,692,000      cycles                    #    2.013 GHz                      ( +-  0.69% )  (77.17%)
         2,976,445      stalled-cycles-frontend   #   63.44% frontend cycles idle     ( +-  0.62% )
         1,338,872      stalled-cycles-backend    #   28.54% backend cycles idle      ( +-  1.33% )
         5,016,877      instructions              #    1.07  insn per cycle         
                                                  #    0.59  stalled cycles per insn  ( +-  0.12% )
           602,550      branches                  #  258.569 M/sec                    ( +-  0.19% )
             2,485      branch-misses             #    0.41% of all branches          ( +- 48.49% )  (22.83%)

         0.0021134 +- 0.0000299 seconds time elapsed  ( +-  1.41% )


 Performance counter stats for './mandelbrot_pth -2.5 1.5 -2.0 2.0 64 4' (10 runs):

              2.88 msec task-clock                #    1.141 CPUs utilized            ( +-  1.82% )
                 2      context-switches          #    0.694 K/sec                  
                 0      cpu-migrations            #    0.000 K/sec                  
               112      page-faults               #    0.039 M/sec                    ( +-  0.33% )
         4,852,933      cycles                    #    1.683 GHz                      ( +-  4.66% )  (71.98%)
         3,224,795      stalled-cycles-frontend   #   66.45% frontend cycles idle     ( +-  0.69% )
         1,545,671      stalled-cycles-backend    #   31.85% backend cycles idle      ( +-  1.31% )
         5,142,114      instructions              #    1.06  insn per cycle         
                                                  #    0.63  stalled cycles per insn  ( +-  0.13% )
           628,872      branches                  #  218.078 M/sec                    ( +-  0.22% )
             3,499      branch-misses             #    0.56% of all branches          ( +- 40.54% )  (28.02%)

         0.0025278 +- 0.0000593 seconds time elapsed  ( +-  2.35% )


 Performance counter stats for './mandelbrot_pth -2.5 1.5 -2.0 2.0 64 8' (10 runs):

              3.13 msec task-clock                #    1.358 CPUs utilized            ( +-  1.65% )
                 6      context-switches          #    0.002 M/sec                    ( +- 12.19% )
                 0      cpu-migrations            #    0.000 K/sec                  
               120      page-faults               #    0.038 M/sec                    ( +-  0.45% )
         5,861,970      cycles                    #    1.872 GHz                      ( +-  2.32% )  (81.83%)
         3,685,232      stalled-cycles-frontend   #   62.87% frontend cycles idle     ( +-  0.82% )
         1,896,452      stalled-cycles-backend    #   32.35% backend cycles idle      ( +-  1.48% )
         5,453,581      instructions              #    0.93  insn per cycle         
                                                  #    0.68  stalled cycles per insn  ( +-  0.13% )
           694,863      branches                  #  221.874 M/sec                    ( +-  0.22% )
     <not counted>      branch-misses                                                 ( +- 62.18% )  (18.17%)

         0.0023062 +- 0.0000743 seconds time elapsed  ( +-  3.22% )

Some events weren't counted. Try disabling the NMI watchdog:
	echo 0 > /proc/sys/kernel/nmi_watchdog
	perf stat ...
	echo 1 > /proc/sys/kernel/nmi_watchdog

 Performance counter stats for './mandelbrot_pth -2.5 1.5 -2.0 2.0 64 16' (10 runs):

              3.95 msec task-clock                #    1.642 CPUs utilized            ( +-  2.03% )
                12      context-switches          #    0.003 M/sec                    ( +-  9.48% )
                 0      cpu-migrations            #    0.000 K/sec                  
               138      page-faults               #    0.035 M/sec                    ( +-  0.58% )
         7,298,730      cycles                    #    1.847 GHz                      ( +-  2.41% )  (61.12%)
         4,665,954      stalled-cycles-frontend   #   63.93% frontend cycles idle     ( +-  1.55% )
         2,662,666      stalled-cycles-backend    #   36.48% backend cycles idle      ( +-  2.47% )
         6,059,701      instructions              #    0.83  insn per cycle         
                                                  #    0.77  stalled cycles per insn  ( +-  0.21% )
           823,287      branches                  #  208.302 M/sec                    ( +-  0.34% )
             8,539      branch-misses             #    1.04% of all branches          ( +- 31.94% )  (38.88%)

         0.0024064 +- 0.0000369 seconds time elapsed  ( +-  1.53% )


 Performance counter stats for './mandelbrot_pth -2.5 1.5 -2.0 2.0 64 32' (10 runs):

              4.06 msec task-clock                #    1.638 CPUs utilized            ( +-  3.25% )
                14      context-switches          #    0.003 M/sec                    ( +-  9.64% )
                 0      cpu-migrations            #    0.000 K/sec                  
               170      page-faults               #    0.042 M/sec                    ( +-  0.34% )
         9,442,520      cycles                    #    2.328 GHz                      ( +- 10.89% )  (73.57%)
         7,030,304      stalled-cycles-frontend   #   74.45% frontend cycles idle     ( +-  4.55% )
         4,567,210      stalled-cycles-backend    #   48.37% backend cycles idle      ( +-  5.99% )
         7,285,187      instructions              #    0.77  insn per cycle         
                                                  #    0.97  stalled cycles per insn  ( +-  0.89% )
         1,079,813      branches                  #  266.166 M/sec                    ( +-  1.14% )
            15,222      branch-misses             #    1.41% of all branches          ( +- 27.59% )  (26.43%)

          0.002477 +- 0.000112 seconds time elapsed  ( +-  4.52% )


 Performance counter stats for './mandelbrot_pth -2.5 1.5 -2.0 2.0 128 1' (10 runs):

              7.83 msec task-clock                #    0.938 CPUs utilized            ( +-  4.15% )
                 1      context-switches          #    0.128 K/sec                  
                 0      cpu-migrations            #    0.000 K/sec                  
               226      page-faults               #    0.029 M/sec                    ( +-  0.25% )
        13,253,791      cycles                    #    1.693 GHz                      ( +-  1.96% )  (50.66%)
         8,510,702      stalled-cycles-frontend   #   64.21% frontend cycles idle     ( +-  1.28% )  (76.59%)
         2,723,345      stalled-cycles-backend    #   20.55% backend cycles idle      ( +-  1.27% )
        17,004,602      instructions              #    1.28  insn per cycle         
                                                  #    0.50  stalled cycles per insn  ( +-  0.04% )
         1,793,610      branches                  #  229.055 M/sec                    ( +-  0.06% )
             7,437      branch-misses             #    0.41% of all branches          ( +- 11.67% )  (72.75%)

          0.008348 +- 0.000347 seconds time elapsed  ( +-  4.15% )


 Performance counter stats for './mandelbrot_pth -2.5 1.5 -2.0 2.0 128 2' (10 runs):

              7.79 msec task-clock                #    1.414 CPUs utilized            ( +-  2.82% )
                 2      context-switches          #    0.270 K/sec                    ( +-  4.76% )
                 0      cpu-migrations            #    0.000 K/sec                  
               229      page-faults               #    0.029 M/sec                    ( +-  0.27% )
        13,213,848      cycles                    #    1.697 GHz                      ( +-  3.68% )  (32.49%)
         8,592,781      stalled-cycles-frontend   #   65.03% frontend cycles idle     ( +-  0.39% )  (97.55%)
         2,788,630      stalled-cycles-backend    #   21.10% backend cycles idle      ( +-  1.23% )
        17,101,175      instructions              #    1.29  insn per cycle         
                                                  #    0.50  stalled cycles per insn  ( +-  0.04% )
         1,813,470      branches                  #  232.844 M/sec                    ( +-  0.07% )
             8,713      branch-misses             #    0.48% of all branches          ( +- 11.63% )  (69.96%)

          0.005509 +- 0.000139 seconds time elapsed  ( +-  2.52% )


 Performance counter stats for './mandelbrot_pth -2.5 1.5 -2.0 2.0 128 4' (10 runs):

              8.46 msec task-clock                #    1.498 CPUs utilized            ( +-  3.49% )
                 3      context-switches          #    0.366 K/sec                    ( +-  5.79% )
                 0      cpu-migrations            #    0.000 K/sec                  
               232      page-faults               #    0.027 M/sec                    ( +-  0.20% )
        15,227,116      cycles                    #    1.800 GHz                      ( +-  2.27% )  (36.57%)
         9,051,903      stalled-cycles-frontend   #   59.45% frontend cycles idle     ( +-  0.53% )  (99.31%)
         3,189,137      stalled-cycles-backend    #   20.94% backend cycles idle      ( +-  1.38% )
        17,258,118      instructions              #    1.13  insn per cycle         
                                                  #    0.52  stalled cycles per insn  ( +-  0.03% )
         1,846,238      branches                  #  218.218 M/sec                    ( +-  0.06% )
             8,828      branch-misses             #    0.48% of all branches          ( +-  8.52% )  (64.12%)

          0.005649 +- 0.000214 seconds time elapsed  ( +-  3.80% )


 Performance counter stats for './mandelbrot_pth -2.5 1.5 -2.0 2.0 128 8' (10 runs):

              5.53 msec task-clock                #    1.695 CPUs utilized            ( +-  3.54% )
                 3      context-switches          #    0.561 K/sec                    ( +-  7.53% )
                 0      cpu-migrations            #    0.000 K/sec                  
               239      page-faults               #    0.043 M/sec                    ( +-  0.15% )
        15,613,212      cycles                    #    2.825 GHz                      ( +-  3.04% )  (81.15%)
         9,615,319      stalled-cycles-frontend   #   61.58% frontend cycles idle     ( +-  0.59% )
         3,670,285      stalled-cycles-backend    #   23.51% backend cycles idle      ( +-  1.48% )
        17,480,830      instructions              #    1.12  insn per cycle         
                                                  #    0.55  stalled cycles per insn  ( +-  0.03% )
         1,893,457      branches                  #  342.636 M/sec                    ( +-  0.05% )
     <not counted>      branch-misses                                                 ( +- 57.68% )  (18.85%)

          0.003260 +- 0.000170 seconds time elapsed  ( +-  5.23% )

Some events weren't counted. Try disabling the NMI watchdog:
	echo 0 > /proc/sys/kernel/nmi_watchdog
	perf stat ...
	echo 1 > /proc/sys/kernel/nmi_watchdog

 Performance counter stats for './mandelbrot_pth -2.5 1.5 -2.0 2.0 128 16' (10 runs):

             12.08 msec task-clock                #    2.272 CPUs utilized            ( +-  2.17% )
                11      context-switches          #    0.902 K/sec                    ( +-  6.03% )
                 0      cpu-migrations            #    0.000 K/sec                  
               258      page-faults               #    0.021 M/sec                    ( +-  0.19% )
        16,740,024      cycles                    #    1.385 GHz                      ( +-  2.21% )  (26.42%)
        10,628,904      stalled-cycles-frontend   #   63.49% frontend cycles idle     ( +-  2.23% )  (99.32%)
         4,422,942      stalled-cycles-backend    #   26.42% backend cycles idle      ( +-  4.57% )
        18,169,446      instructions              #    1.09  insn per cycle         
                                                  #    0.58  stalled cycles per insn  ( +-  0.28% )
         2,038,690      branches                  #  168.698 M/sec                    ( +-  0.48% )
            15,355      branch-misses             #    0.75% of all branches          ( +-  6.53% )  (74.26%)

          0.005319 +- 0.000149 seconds time elapsed  ( +-  2.80% )


 Performance counter stats for './mandelbrot_pth -2.5 1.5 -2.0 2.0 128 32' (10 runs):

             11.00 msec task-clock                #    2.371 CPUs utilized            ( +-  5.00% )
                21      context-switches          #    0.002 M/sec                    ( +-  7.51% )
                 0      cpu-migrations            #    0.000 K/sec                  
               290      page-faults               #    0.026 M/sec                    ( +-  0.20% )
        19,918,519      cycles                    #    1.810 GHz                      ( +-  3.74% )  (46.06%)
        12,305,964      stalled-cycles-frontend   #   61.78% frontend cycles idle     ( +-  0.64% )
         5,720,773      stalled-cycles-backend    #   28.72% backend cycles idle      ( +-  1.33% )
        19,300,796      instructions              #    0.97  insn per cycle         
                                                  #    0.64  stalled cycles per insn  ( +-  0.06% )
         2,278,916      branches                  #  207.091 M/sec                    ( +-  0.11% )
            23,246      branch-misses             #    1.02% of all branches          ( +- 10.54% )  (53.94%)

          0.004641 +- 0.000269 seconds time elapsed  ( +-  5.80% )


 Performance counter stats for './mandelbrot_pth -2.5 1.5 -2.0 2.0 256 1' (10 runs):

             18.12 msec task-clock                #    0.981 CPUs utilized            ( +-  3.42% )
                 1      context-switches          #    0.061 K/sec                    ( +-  9.09% )
                 0      cpu-migrations            #    0.000 K/sec                  
               708      page-faults               #    0.039 M/sec                    ( +-  0.09% )
        50,032,095      cycles                    #    2.761 GHz                      ( +-  0.97% )  (77.01%)
        30,638,054      stalled-cycles-frontend   #   61.24% frontend cycles idle     ( +-  1.06% )  (77.95%)
        10,087,558      stalled-cycles-backend    #   20.16% backend cycles idle      ( +-  2.03% )  (59.35%)
        67,371,724      instructions              #    1.35  insn per cycle         
                                                  #    0.45  stalled cycles per insn  ( +-  0.97% )  (81.40%)
         6,768,590      branches                  #  373.544 M/sec                    ( +-  0.89% )  (93.87%)
            21,146      branch-misses             #    0.31% of all branches          ( +-  2.29% )  (91.83%)

          0.018477 +- 0.000619 seconds time elapsed  ( +-  3.35% )


 Performance counter stats for './mandelbrot_pth -2.5 1.5 -2.0 2.0 256 2' (10 runs):

             24.10 msec task-clock                #    1.539 CPUs utilized            ( +-  5.09% )
                 2      context-switches          #    0.091 K/sec                    ( +-  6.06% )
                 0      cpu-migrations            #    0.000 K/sec                  
               709      page-faults               #    0.029 M/sec                    ( +-  0.06% )
        49,319,837      cycles                    #    2.047 GHz                      ( +-  1.22% )  (74.58%)
        29,184,441      stalled-cycles-frontend   #   59.17% frontend cycles idle     ( +-  2.27% )  (68.70%)
        10,073,066      stalled-cycles-backend    #   20.42% backend cycles idle      ( +-  4.65% )  (67.29%)
        67,056,775      instructions              #    1.36  insn per cycle         
                                                  #    0.44  stalled cycles per insn  ( +-  1.21% )  (89.03%)
         6,692,200      branches                  #  277.695 M/sec                    ( +-  0.19% )  (98.19%)
            23,307      branch-misses             #    0.35% of all branches          ( +-  2.06% )  (91.24%)

          0.015663 +- 0.000866 seconds time elapsed  ( +-  5.53% )


 Performance counter stats for './mandelbrot_pth -2.5 1.5 -2.0 2.0 256 4' (10 runs):

             31.57 msec task-clock                #    1.606 CPUs utilized            ( +-  5.77% )
                 3      context-switches          #    0.098 K/sec                    ( +-  3.23% )
                 0      cpu-migrations            #    0.000 K/sec                  
               713      page-faults               #    0.023 M/sec                    ( +-  0.06% )
        48,605,643      cycles                    #    1.540 GHz                      ( +-  2.37% )  (80.40%)
        31,675,041      stalled-cycles-frontend   #   65.17% frontend cycles idle     ( +-  1.38% )  (73.99%)
        10,643,314      stalled-cycles-backend    #   21.90% backend cycles idle      ( +-  1.98% )  (59.50%)
        68,870,389      instructions              #    1.42  insn per cycle         
                                                  #    0.46  stalled cycles per insn  ( +-  0.71% )  (81.83%)
         6,945,706      branches                  #  220.001 M/sec                    ( +-  1.29% )  (91.05%)
            25,115      branch-misses             #    0.36% of all branches          ( +-  1.82% )  (95.05%)

           0.01966 +- 0.00121 seconds time elapsed  ( +-  6.16% )


 Performance counter stats for './mandelbrot_pth -2.5 1.5 -2.0 2.0 256 8' (10 runs):

             29.50 msec task-clock                #    1.886 CPUs utilized            ( +-  6.58% )
                 5      context-switches          #    0.173 K/sec                    ( +-  4.58% )
                 0      cpu-migrations            #    0.000 K/sec                  
               721      page-faults               #    0.024 M/sec                    ( +-  0.06% )
        51,312,887      cycles                    #    1.740 GHz                      ( +-  2.61% )  (70.22%)
        31,008,349      stalled-cycles-frontend   #   60.43% frontend cycles idle     ( +-  2.20% )  (66.75%)
        10,703,881      stalled-cycles-backend    #   20.86% backend cycles idle      ( +-  2.25% )  (70.59%)
        67,498,998      instructions              #    1.32  insn per cycle         
                                                  #    0.46  stalled cycles per insn  ( +-  0.85% )  (91.37%)
         6,777,584      branches                  #  229.783 M/sec                    ( +-  0.22% )  (99.01%)
            28,330      branch-misses             #    0.42% of all branches          ( +-  2.04% )  (93.42%)

           0.01564 +- 0.00114 seconds time elapsed  ( +-  7.27% )


 Performance counter stats for './mandelbrot_pth -2.5 1.5 -2.0 2.0 256 16' (10 runs):

             26.27 msec task-clock                #    2.622 CPUs utilized            ( +-  2.34% )
                 7      context-switches          #    0.259 K/sec                    ( +-  8.99% )
                 0      cpu-migrations            #    0.000 K/sec                  
               738      page-faults               #    0.028 M/sec                    ( +-  0.09% )
        53,922,294      cycles                    #    2.053 GHz                      ( +-  2.88% )  (43.80%)
        34,013,345      stalled-cycles-frontend   #   63.08% frontend cycles idle     ( +-  3.64% )  (65.23%)
        12,083,020      stalled-cycles-backend    #   22.41% backend cycles idle      ( +-  2.72% )  (97.55%)
        67,721,187      instructions              #    1.26  insn per cycle         
                                                  #    0.50  stalled cycles per insn  ( +-  0.75% )
         7,106,489      branches                  #  270.521 M/sec                    ( +-  1.36% )
            35,972      branch-misses             #    0.51% of all branches          ( +-  5.78% )  (93.42%)

          0.010018 +- 0.000369 seconds time elapsed  ( +-  3.68% )


 Performance counter stats for './mandelbrot_pth -2.5 1.5 -2.0 2.0 256 32' (10 runs):

             31.17 msec task-clock                #    3.438 CPUs utilized            ( +-  1.63% )
                21      context-switches          #    0.670 K/sec                    ( +-  6.97% )
                 0      cpu-migrations            #    0.000 K/sec                  
               771      page-faults               #    0.025 M/sec                    ( +-  0.07% )
        57,118,914      cycles                    #    1.832 GHz                      ( +-  1.79% )  (50.02%)
        33,205,355      stalled-cycles-frontend   #   58.13% frontend cycles idle     ( +-  4.83% )  (55.01%)
        13,111,974      stalled-cycles-backend    #   22.96% backend cycles idle      ( +-  0.82% )  (99.87%)
        67,895,317      instructions              #    1.19  insn per cycle         
                                                  #    0.49  stalled cycles per insn  ( +-  0.02% )
         7,166,529      branches                  #  229.907 M/sec                    ( +-  0.05% )
            38,028      branch-misses             #    0.53% of all branches          ( +-  1.14% )  (95.10%)

          0.009068 +- 0.000173 seconds time elapsed  ( +-  1.91% )


 Performance counter stats for './mandelbrot_pth -2.5 1.5 -2.0 2.0 512 1' (10 runs):

             73.78 msec task-clock                #    0.994 CPUs utilized            ( +-  4.51% )
                 1      context-switches          #    0.015 K/sec                    ( +-  9.09% )
                 0      cpu-migrations            #    0.000 K/sec                  
             2,628      page-faults               #    0.036 M/sec                    ( +-  0.02% )
       198,533,994      cycles                    #    2.691 GHz                      ( +-  0.72% )  (82.66%)
       123,339,096      stalled-cycles-frontend   #   62.12% frontend cycles idle     ( +-  0.62% )  (82.99%)
        32,364,787      stalled-cycles-backend    #   16.30% backend cycles idle      ( +-  2.50% )  (65.71%)
       256,126,428      instructions              #    1.29  insn per cycle         
                                                  #    0.48  stalled cycles per insn  ( +-  0.97% )  (82.77%)
        27,606,178      branches                  #  374.174 M/sec                    ( +-  0.78% )  (84.28%)
            66,845      branch-misses             #    0.24% of all branches          ( +-  2.59% )  (84.36%)

           0.07424 +- 0.00333 seconds time elapsed  ( +-  4.49% )


 Performance counter stats for './mandelbrot_pth -2.5 1.5 -2.0 2.0 512 2' (10 runs):

             75.67 msec task-clock                #    1.628 CPUs utilized            ( +-  2.72% )
                 2      context-switches          #    0.029 K/sec                    ( +-  6.06% )
                 0      cpu-migrations            #    0.000 K/sec                  
             2,629      page-faults               #    0.035 M/sec                    ( +-  0.02% )
       197,508,813      cycles                    #    2.610 GHz                      ( +-  1.23% )  (83.37%)
       121,866,127      stalled-cycles-frontend   #   61.70% frontend cycles idle     ( +-  0.94% )  (84.15%)
        31,179,032      stalled-cycles-backend    #   15.79% backend cycles idle      ( +-  1.60% )  (64.05%)
       254,638,952      instructions              #    1.29  insn per cycle         
                                                  #    0.48  stalled cycles per insn  ( +-  1.45% )  (81.05%)
        27,312,005      branches                  #  360.935 M/sec                    ( +-  1.38% )  (84.57%)
            67,404      branch-misses             #    0.25% of all branches          ( +-  0.96% )  (83.86%)

           0.04649 +- 0.00141 seconds time elapsed  ( +-  3.04% )


 Performance counter stats for './mandelbrot_pth -2.5 1.5 -2.0 2.0 512 4' (10 runs):

             79.73 msec task-clock                #    1.659 CPUs utilized            ( +-  2.06% )
                 4      context-switches          #    0.046 K/sec                    ( +- 11.43% )
                 0      cpu-migrations            #    0.000 K/sec                  
             2,634      page-faults               #    0.033 M/sec                    ( +-  0.02% )
       204,356,858      cycles                    #    2.563 GHz                      ( +-  1.11% )  (84.94%)
       122,077,786      stalled-cycles-frontend   #   59.74% frontend cycles idle     ( +-  0.65% )  (84.97%)
        31,889,861      stalled-cycles-backend    #   15.60% backend cycles idle      ( +-  2.84% )  (61.67%)
       250,613,554      instructions              #    1.23  insn per cycle         
                                                  #    0.49  stalled cycles per insn  ( +-  1.40% )  (78.64%)
        27,975,527      branches                  #  350.869 M/sec                    ( +-  1.15% )  (83.53%)
            69,894      branch-misses             #    0.25% of all branches          ( +-  0.82% )  (84.90%)

           0.04807 +- 0.00106 seconds time elapsed  ( +-  2.21% )


 Performance counter stats for './mandelbrot_pth -2.5 1.5 -2.0 2.0 512 8' (10 runs):

             83.79 msec task-clock                #    2.020 CPUs utilized            ( +-  2.66% )
                 6      context-switches          #    0.072 K/sec                    ( +-  4.30% )
                 0      cpu-migrations            #    0.000 K/sec                  
             2,642      page-faults               #    0.032 M/sec                    ( +-  0.02% )
       203,196,995      cycles                    #    2.425 GHz                      ( +-  0.94% )  (85.12%)
       124,603,807      stalled-cycles-frontend   #   61.32% frontend cycles idle     ( +-  1.17% )  (86.46%)
        32,722,332      stalled-cycles-backend    #   16.10% backend cycles idle      ( +-  2.16% )  (62.80%)
       253,563,954      instructions              #    1.25  insn per cycle         
                                                  #    0.49  stalled cycles per insn  ( +-  1.56% )  (77.28%)
        28,714,995      branches                  #  342.686 M/sec                    ( +-  0.78% )  (81.74%)
            74,653      branch-misses             #    0.26% of all branches          ( +-  0.83% )  (83.89%)

          0.041487 +- 0.000684 seconds time elapsed  ( +-  1.65% )


 Performance counter stats for './mandelbrot_pth -2.5 1.5 -2.0 2.0 512 16' (10 runs):

             83.45 msec task-clock                #    2.705 CPUs utilized            ( +-  6.38% )
                 8      context-switches          #    0.092 K/sec                    ( +-  6.72% )
                 0      cpu-migrations            #    0.000 K/sec                  
             2,659      page-faults               #    0.032 M/sec                    ( +-  0.02% )
       205,398,879      cycles                    #    2.461 GHz                      ( +-  0.47% )  (89.38%)
       130,086,310      stalled-cycles-frontend   #   63.33% frontend cycles idle     ( +-  0.88% )  (92.32%)
        37,171,618      stalled-cycles-backend    #   18.10% backend cycles idle      ( +-  3.09% )  (57.26%)
       265,108,532      instructions              #    1.29  insn per cycle         
                                                  #    0.49  stalled cycles per insn  ( +-  1.91% )  (69.56%)
        29,407,695      branches                  #  352.397 M/sec                    ( +-  0.79% )  (76.94%)
            81,288      branch-misses             #    0.28% of all branches          ( +-  1.02% )  (84.10%)

           0.03085 +- 0.00192 seconds time elapsed  ( +-  6.24% )


 Performance counter stats for './mandelbrot_pth -2.5 1.5 -2.0 2.0 512 32' (10 runs):

             88.54 msec task-clock                #    3.524 CPUs utilized            ( +-  4.35% )
                12      context-switches          #    0.133 K/sec                    ( +- 11.07% )
                 0      cpu-migrations            #    0.000 K/sec                  
             2,691      page-faults               #    0.030 M/sec                    ( +-  0.02% )
       213,640,332      cycles                    #    2.413 GHz                      ( +-  0.57% )  (93.03%)
       139,830,427      stalled-cycles-frontend   #   65.45% frontend cycles idle     ( +-  0.29% )  (94.99%)
        40,178,498      stalled-cycles-backend    #   18.81% backend cycles idle      ( +-  3.80% )  (47.52%)
       276,070,669      instructions              #    1.29  insn per cycle         
                                                  #    0.51  stalled cycles per insn  ( +-  2.26% )  (63.69%)
        30,261,548      branches                  #  341.795 M/sec                    ( +-  3.46% )  (74.91%)
            89,403      branch-misses             #    0.30% of all branches          ( +-  1.21% )  (89.56%)

           0.02512 +- 0.00126 seconds time elapsed  ( +-  5.02% )


 Performance counter stats for './mandelbrot_pth -2.5 1.5 -2.0 2.0 1024 1' (10 runs):

            294.39 msec task-clock                #    0.998 CPUs utilized            ( +-  9.42% )
                 2      context-switches          #    0.007 K/sec                    ( +- 12.91% )
                 0      cpu-migrations            #    0.000 K/sec                  
            10,306      page-faults               #    0.035 M/sec                    ( +-  0.00% )
       802,829,405      cycles                    #    2.727 GHz                      ( +-  0.26% )  (82.69%)
       505,740,910      stalled-cycles-frontend   #   62.99% frontend cycles idle     ( +-  0.37% )  (83.04%)
       147,439,026      stalled-cycles-backend    #   18.36% backend cycles idle      ( +-  1.14% )  (67.34%)
     1,035,820,061      instructions              #    1.29  insn per cycle         
                                                  #    0.49  stalled cycles per insn  ( +-  0.18% )  (83.77%)
       103,520,866      branches                  #  351.641 M/sec                    ( +-  0.23% )  (83.60%)
           232,219      branch-misses             #    0.22% of all branches          ( +-  1.88% )  (83.33%)

            0.2951 +- 0.0277 seconds time elapsed  ( +-  9.39% )


 Performance counter stats for './mandelbrot_pth -2.5 1.5 -2.0 2.0 1024 2' (10 runs):

            320.65 msec task-clock                #    1.714 CPUs utilized            ( +- 10.69% )
                 3      context-switches          #    0.009 K/sec                    ( +-  9.94% )
                 0      cpu-migrations            #    0.000 K/sec                  
             8,776      page-faults               #    0.027 M/sec                    ( +-  0.01% )
       797,022,739      cycles                    #    2.486 GHz                      ( +-  0.22% )  (82.63%)
       501,503,825      stalled-cycles-frontend   #   62.92% frontend cycles idle     ( +-  0.26% )  (83.12%)
       141,576,466      stalled-cycles-backend    #   17.76% backend cycles idle      ( +-  0.53% )  (68.17%)
     1,025,050,609      instructions              #    1.29  insn per cycle         
                                                  #    0.49  stalled cycles per insn  ( +-  0.10% )  (84.28%)
       103,230,745      branches                  #  321.945 M/sec                    ( +-  0.45% )  (83.46%)
           222,856      branch-misses             #    0.22% of all branches          ( +-  1.09% )  (82.62%)

            0.1870 +- 0.0174 seconds time elapsed  ( +-  9.32% )


 Performance counter stats for './mandelbrot_pth -2.5 1.5 -2.0 2.0 1024 4' (10 runs):

            290.14 msec task-clock                #    1.784 CPUs utilized            ( +-  7.01% )
                 4      context-switches          #    0.014 K/sec                    ( +- 12.30% )
                 0      cpu-migrations            #    0.000 K/sec                  
             8,780      page-faults               #    0.030 M/sec                    ( +-  0.01% )
       804,466,251      cycles                    #    2.773 GHz                      ( +-  0.40% )  (81.41%)
       510,642,239      stalled-cycles-frontend   #   63.48% frontend cycles idle     ( +-  0.25% )  (82.27%)
       143,423,464      stalled-cycles-backend    #   17.83% backend cycles idle      ( +-  1.07% )  (69.12%)
     1,021,630,587      instructions              #    1.27  insn per cycle         
                                                  #    0.50  stalled cycles per insn  ( +-  0.38% )  (84.97%)
       101,562,356      branches                  #  350.042 M/sec                    ( +-  0.39% )  (84.55%)
           226,404      branch-misses             #    0.22% of all branches          ( +-  1.25% )  (82.65%)

            0.1626 +- 0.0105 seconds time elapsed  ( +-  6.48% )


 Performance counter stats for './mandelbrot_pth -2.5 1.5 -2.0 2.0 1024 8' (10 runs):

            286.53 msec task-clock                #    2.128 CPUs utilized            ( +-  2.03% )
                 7      context-switches          #    0.025 K/sec                    ( +-  9.49% )
                 0      cpu-migrations            #    0.000 K/sec                  
             8,788      page-faults               #    0.031 M/sec                    ( +-  0.01% )
       805,668,425      cycles                    #    2.812 GHz                      ( +-  0.64% )  (79.01%)
       507,638,598      stalled-cycles-frontend   #   63.01% frontend cycles idle     ( +-  0.54% )  (83.51%)
       147,613,548      stalled-cycles-backend    #   18.32% backend cycles idle      ( +-  1.32% )  (69.50%)
     1,027,430,088      instructions              #    1.28  insn per cycle         
                                                  #    0.49  stalled cycles per insn  ( +-  0.47% )  (85.11%)
       101,092,288      branches                  #  352.820 M/sec                    ( +-  0.52% )  (85.74%)
           224,996      branch-misses             #    0.22% of all branches          ( +-  1.35% )  (82.23%)

           0.13464 +- 0.00274 seconds time elapsed  ( +-  2.04% )


 Performance counter stats for './mandelbrot_pth -2.5 1.5 -2.0 2.0 1024 16' (10 runs):

            305.78 msec task-clock                #    2.869 CPUs utilized            ( +-  3.29% )
                 8      context-switches          #    0.025 K/sec                    ( +- 10.56% )
                 0      cpu-migrations            #    0.000 K/sec                  
             8,805      page-faults               #    0.029 M/sec                    ( +-  0.00% )
       818,865,042      cycles                    #    2.678 GHz                      ( +-  0.90% )  (79.74%)
       515,693,756      stalled-cycles-frontend   #   62.98% frontend cycles idle     ( +-  0.82% )  (83.55%)
       146,931,432      stalled-cycles-backend    #   17.94% backend cycles idle      ( +-  1.44% )  (69.91%)
     1,024,238,048      instructions              #    1.25  insn per cycle         
                                                  #    0.50  stalled cycles per insn  ( +-  0.74% )  (84.15%)
       101,968,888      branches                  #  333.469 M/sec                    ( +-  1.18% )  (84.47%)
           230,362      branch-misses             #    0.23% of all branches          ( +-  1.80% )  (82.32%)

           0.10657 +- 0.00441 seconds time elapsed  ( +-  4.14% )


 Performance counter stats for './mandelbrot_pth -2.5 1.5 -2.0 2.0 1024 32' (10 runs):

            318.99 msec task-clock                #    3.881 CPUs utilized            ( +-  3.74% )
                17      context-switches          #    0.054 K/sec                    ( +-  6.79% )
                 2      cpu-migrations            #    0.005 K/sec                    ( +- 14.91% )
             8,839      page-faults               #    0.028 M/sec                    ( +-  0.01% )
       867,259,115      cycles                    #    2.719 GHz                      ( +-  0.84% )  (81.59%)
       567,814,070      stalled-cycles-frontend   #   65.47% frontend cycles idle     ( +-  0.92% )  (84.20%)
       179,113,258      stalled-cycles-backend    #   20.65% backend cycles idle      ( +-  1.58% )  (75.62%)
     1,014,005,312      instructions              #    1.17  insn per cycle         
                                                  #    0.56  stalled cycles per insn  ( +-  0.53% )  (88.71%)
       105,908,776      branches                  #  332.017 M/sec                    ( +-  2.20% )  (80.46%)
           233,640      branch-misses             #    0.22% of all branches          ( +-  2.20% )  (78.14%)

           0.08219 +- 0.00442 seconds time elapsed  ( +-  5.38% )


 Performance counter stats for './mandelbrot_pth -2.5 1.5 -2.0 2.0 2048 1' (10 runs):

          1,154.93 msec task-clock                #    0.999 CPUs utilized            ( +-  4.87% )
                 3      context-switches          #    0.003 K/sec                    ( +- 11.76% )
                 0      cpu-migrations            #    0.000 K/sec                    ( +-100.00% )
            41,787      page-faults               #    0.036 M/sec                    ( +-  5.96% )
     3,206,929,462      cycles                    #    2.777 GHz                      ( +-  0.45% )  (83.26%)
     2,019,763,218      stalled-cycles-frontend   #   62.98% frontend cycles idle     ( +-  0.59% )  (83.18%)
       595,650,077      stalled-cycles-backend    #   18.57% backend cycles idle      ( +-  1.26% )  (66.55%)
     4,135,641,302      instructions              #    1.29  insn per cycle         
                                                  #    0.49  stalled cycles per insn  ( +-  0.13% )  (83.32%)
       416,314,546      branches                  #  360.467 M/sec                    ( +-  0.32% )  (83.53%)
           848,075      branch-misses             #    0.20% of all branches          ( +-  1.89% )  (83.48%)

            1.1555 +- 0.0562 seconds time elapsed  ( +-  4.87% )


 Performance counter stats for './mandelbrot_pth -2.5 1.5 -2.0 2.0 2048 2' (10 runs):

          1,321.93 msec task-clock                #    1.732 CPUs utilized            ( +-  5.17% )
                 4      context-switches          #    0.003 K/sec                    ( +- 18.36% )
                 0      cpu-migrations            #    0.000 K/sec                    ( +- 66.67% )
            34,028      page-faults               #    0.026 M/sec                    ( +-  0.23% )
     3,160,263,433      cycles                    #    2.391 GHz                      ( +-  0.16% )  (83.34%)
     1,979,238,518      stalled-cycles-frontend   #   62.63% frontend cycles idle     ( +-  0.19% )  (83.28%)
       566,273,717      stalled-cycles-backend    #   17.92% backend cycles idle      ( +-  0.64% )  (66.46%)
     4,116,006,326      instructions              #    1.30  insn per cycle         
                                                  #    0.48  stalled cycles per insn  ( +-  0.07% )  (83.26%)
       412,133,508      branches                  #  311.766 M/sec                    ( +-  0.11% )  (83.46%)
           818,914      branch-misses             #    0.20% of all branches          ( +-  1.00% )  (83.46%)

            0.7631 +- 0.0329 seconds time elapsed  ( +-  4.31% )


 Performance counter stats for './mandelbrot_pth -2.5 1.5 -2.0 2.0 2048 4' (10 runs):

          1,259.65 msec task-clock                #    1.785 CPUs utilized            ( +-  6.17% )
                 6      context-switches          #    0.004 K/sec                    ( +- 12.78% )
                 0      cpu-migrations            #    0.000 K/sec                    ( +- 66.67% )
            33,367      page-faults               #    0.026 M/sec                    ( +-  0.00% )
     3,156,850,269      cycles                    #    2.506 GHz                      ( +-  0.19% )  (83.17%)
     1,981,029,565      stalled-cycles-frontend   #   62.75% frontend cycles idle     ( +-  0.33% )  (83.12%)
       568,409,232      stalled-cycles-backend    #   18.01% backend cycles idle      ( +-  1.22% )  (66.66%)
     4,117,258,330      instructions              #    1.30  insn per cycle         
                                                  #    0.48  stalled cycles per insn  ( +-  0.13% )  (83.49%)
       411,312,378      branches                  #  326.528 M/sec                    ( +-  0.10% )  (83.63%)
           805,497      branch-misses             #    0.20% of all branches          ( +-  0.52% )  (83.42%)

            0.7057 +- 0.0384 seconds time elapsed  ( +-  5.45% )


 Performance counter stats for './mandelbrot_pth -2.5 1.5 -2.0 2.0 2048 8' (10 runs):

          1,281.86 msec task-clock                #    2.026 CPUs utilized            ( +-  5.75% )
                11      context-switches          #    0.009 K/sec                    ( +- 19.69% )
                 0      cpu-migrations            #    0.000 K/sec                    ( +- 76.38% )
            33,377      page-faults               #    0.026 M/sec                    ( +-  0.00% )
     3,153,969,576      cycles                    #    2.460 GHz                      ( +-  0.37% )  (83.60%)
     1,987,145,894      stalled-cycles-frontend   #   63.00% frontend cycles idle     ( +-  0.38% )  (82.83%)
       573,188,802      stalled-cycles-backend    #   18.17% backend cycles idle      ( +-  1.13% )  (66.07%)
     4,128,568,874      instructions              #    1.31  insn per cycle         
                                                  #    0.48  stalled cycles per insn  ( +-  0.14% )  (83.25%)
       411,444,312      branches                  #  320.974 M/sec                    ( +-  0.29% )  (83.70%)
           831,129      branch-misses             #    0.20% of all branches          ( +-  2.22% )  (83.80%)

            0.6328 +- 0.0430 seconds time elapsed  ( +-  6.79% )


 Performance counter stats for './mandelbrot_pth -2.5 1.5 -2.0 2.0 2048 16' (10 runs):

          1,464.21 msec task-clock                #    2.877 CPUs utilized            ( +-  5.45% )
                12      context-switches          #    0.008 K/sec                    ( +-  8.43% )
                 0      cpu-migrations            #    0.000 K/sec                  
            33,393      page-faults               #    0.023 M/sec                    ( +-  0.00% )
     3,191,276,632      cycles                    #    2.180 GHz                      ( +-  0.28% )  (83.37%)
     2,009,685,812      stalled-cycles-frontend   #   62.97% frontend cycles idle     ( +-  0.28% )  (82.98%)
       586,821,070      stalled-cycles-backend    #   18.39% backend cycles idle      ( +-  0.96% )  (66.22%)
     4,125,081,609      instructions              #    1.29  insn per cycle         
                                                  #    0.49  stalled cycles per insn  ( +-  0.25% )  (83.08%)
       413,527,009      branches                  #  282.423 M/sec                    ( +-  0.33% )  (83.66%)
           836,993      branch-misses             #    0.20% of all branches          ( +-  0.63% )  (83.77%)

            0.5089 +- 0.0282 seconds time elapsed  ( +-  5.55% )


 Performance counter stats for './mandelbrot_pth -2.5 1.5 -2.0 2.0 2048 32' (10 runs):

          1,243.32 msec task-clock                #    3.852 CPUs utilized            ( +-  2.10% )
                36      context-switches          #    0.029 K/sec                    ( +- 32.82% )
                 3      cpu-migrations            #    0.002 K/sec                    ( +- 16.42% )
            37,514      page-faults               #    0.030 M/sec                    ( +-  0.00% )
     3,472,646,813      cycles                    #    2.793 GHz                      ( +-  0.58% )  (84.63%)
     2,303,030,814      stalled-cycles-frontend   #   66.32% frontend cycles idle     ( +-  0.73% )  (84.37%)
       724,976,639      stalled-cycles-backend    #   20.88% backend cycles idle      ( +-  1.48% )  (65.10%)
     4,159,609,745      instructions              #    1.20  insn per cycle         
                                                  #    0.55  stalled cycles per insn  ( +-  0.46% )  (81.62%)
       419,847,103      branches                  #  337.683 M/sec                    ( +-  0.73% )  (82.03%)
           844,485      branch-misses             #    0.20% of all branches          ( +-  0.53% )  (83.87%)

            0.3228 +- 0.0132 seconds time elapsed  ( +-  4.09% )


 Performance counter stats for './mandelbrot_pth -2.5 1.5 -2.0 2.0 4096 1' (10 runs):

          4,451.46 msec task-clock                #    1.000 CPUs utilized            ( +-  1.36% )
                10      context-switches          #    0.002 K/sec                    ( +- 33.28% )
                 0      cpu-migrations            #    0.000 K/sec                    ( +-100.00% )
           237,925      page-faults               #    0.053 M/sec                    ( +-  0.58% )
    13,090,826,315      cycles                    #    2.941 GHz                      ( +-  0.48% )  (83.31%)
     8,222,690,114      stalled-cycles-frontend   #   62.81% frontend cycles idle     ( +-  0.61% )  (83.32%)
     2,495,599,885      stalled-cycles-backend    #   19.06% backend cycles idle      ( +-  1.73% )  (66.67%)
    16,730,801,630      instructions              #    1.28  insn per cycle         
                                                  #    0.49  stalled cycles per insn  ( +-  0.16% )  (83.34%)
     1,701,132,005      branches                  #  382.151 M/sec                    ( +-  0.27% )  (83.37%)
         3,193,865      branch-misses             #    0.19% of all branches          ( +-  2.38% )  (83.33%)

            4.4523 +- 0.0605 seconds time elapsed  ( +-  1.36% )


 Performance counter stats for './mandelbrot_pth -2.5 1.5 -2.0 2.0 4096 2' (10 runs):

          4,641.17 msec task-clock                #    1.632 CPUs utilized            ( +-  1.85% )
                13      context-switches          #    0.003 K/sec                    ( +- 13.15% )
                 0      cpu-migrations            #    0.000 K/sec                    ( +- 53.75% )
           149,135      page-faults               #    0.032 M/sec                    ( +-  1.35% )
    12,634,307,314      cycles                    #    2.722 GHz                      ( +-  0.22% )  (83.34%)
     7,905,433,027      stalled-cycles-frontend   #   62.57% frontend cycles idle     ( +-  0.29% )  (83.30%)
     2,244,286,365      stalled-cycles-backend    #   17.76% backend cycles idle      ( +-  0.93% )  (66.66%)
    16,488,266,716      instructions              #    1.31  insn per cycle         
                                                  #    0.48  stalled cycles per insn  ( +-  0.05% )  (83.33%)
     1,653,564,544      branches                  #  356.282 M/sec                    ( +-  0.11% )  (83.36%)
         2,921,283      branch-misses             #    0.18% of all branches          ( +-  0.43% )  (83.33%)

            2.8432 +- 0.0619 seconds time elapsed  ( +-  2.18% )


 Performance counter stats for './mandelbrot_pth -2.5 1.5 -2.0 2.0 4096 4' (10 runs):

          4,565.29 msec task-clock                #    1.765 CPUs utilized            ( +-  1.90% )
                 9      context-switches          #    0.002 K/sec                    ( +-  7.70% )
                 0      cpu-migrations            #    0.000 K/sec                    ( +- 71.15% )
           141,710      page-faults               #    0.031 M/sec                    ( +-  1.01% )
    12,601,903,282      cycles                    #    2.760 GHz                      ( +-  0.16% )  (83.30%)
     7,887,434,284      stalled-cycles-frontend   #   62.59% frontend cycles idle     ( +-  0.22% )  (83.33%)
     2,229,819,237      stalled-cycles-backend    #   17.69% backend cycles idle      ( +-  0.66% )  (66.65%)
    16,468,801,028      instructions              #    1.31  insn per cycle         
                                                  #    0.48  stalled cycles per insn  ( +-  0.05% )  (83.34%)
     1,648,819,808      branches                  #  361.164 M/sec                    ( +-  0.09% )  (83.36%)
         2,891,871      branch-misses             #    0.18% of all branches          ( +-  0.68% )  (83.35%)

            2.5860 +- 0.0630 seconds time elapsed  ( +-  2.44% )


 Performance counter stats for './mandelbrot_pth -2.5 1.5 -2.0 2.0 4096 8' (10 runs):

          4,677.75 msec task-clock                #    2.010 CPUs utilized            ( +-  3.05% )
                16      context-switches          #    0.003 K/sec                    ( +- 12.88% )
                 0      cpu-migrations            #    0.000 K/sec                    ( +- 66.67% )
           138,128      page-faults               #    0.030 M/sec                    ( +-  0.25% )
    12,629,917,000      cycles                    #    2.700 GHz                      ( +-  0.15% )  (83.38%)
     7,894,694,116      stalled-cycles-frontend   #   62.51% frontend cycles idle     ( +-  0.21% )  (83.41%)
     2,244,315,502      stalled-cycles-backend    #   17.77% backend cycles idle      ( +-  0.57% )  (66.55%)
    16,482,329,044      instructions              #    1.31  insn per cycle         
                                                  #    0.48  stalled cycles per insn  ( +-  0.06% )  (83.24%)
     1,652,577,516      branches                  #  353.285 M/sec                    ( +-  0.09% )  (83.33%)
         2,967,021      branch-misses             #    0.18% of all branches          ( +-  1.21% )  (83.33%)

            2.3277 +- 0.0827 seconds time elapsed  ( +-  3.55% )


 Performance counter stats for './mandelbrot_pth -2.5 1.5 -2.0 2.0 4096 16' (10 runs):

          5,167.80 msec task-clock                #    2.705 CPUs utilized            ( +-  3.21% )
                23      context-switches          #    0.004 K/sec                    ( +-  5.30% )
                 0      cpu-migrations            #    0.000 K/sec                    ( +- 40.82% )
           147,030      page-faults               #    0.028 M/sec                    ( +-  0.71% )
    12,803,153,289      cycles                    #    2.477 GHz                      ( +-  0.13% )  (83.33%)
     8,073,466,516      stalled-cycles-frontend   #   63.06% frontend cycles idle     ( +-  0.17% )  (83.20%)
     2,325,818,178      stalled-cycles-backend    #   18.17% backend cycles idle      ( +-  0.58% )  (66.71%)
    16,523,756,334      instructions              #    1.29  insn per cycle         
                                                  #    0.49  stalled cycles per insn  ( +-  0.07% )  (83.37%)
     1,654,903,905      branches                  #  320.234 M/sec                    ( +-  0.10% )  (83.37%)
         3,014,815      branch-misses             #    0.18% of all branches          ( +-  0.54% )  (83.39%)

            1.9105 +- 0.0587 seconds time elapsed  ( +-  3.07% )


 Performance counter stats for './mandelbrot_pth -2.5 1.5 -2.0 2.0 4096 32' (10 runs):

          5,237.50 msec task-clock                #    3.452 CPUs utilized            ( +-  1.91% )
                45      context-switches          #    0.009 K/sec                    ( +- 11.04% )
                 2      cpu-migrations            #    0.000 K/sec                    ( +- 11.11% )
           145,217      page-faults               #    0.028 M/sec                    ( +-  0.08% )
    13,592,836,354      cycles                    #    2.595 GHz                      ( +-  0.15% )  (83.28%)
     8,909,935,212      stalled-cycles-frontend   #   65.55% frontend cycles idle     ( +-  0.29% )  (83.10%)
     2,675,598,314      stalled-cycles-backend    #   19.68% backend cycles idle      ( +-  0.55% )  (66.49%)
    16,485,449,076      instructions              #    1.21  insn per cycle         
                                                  #    0.54  stalled cycles per insn  ( +-  0.13% )  (83.37%)
     1,650,896,974      branches                  #  315.207 M/sec                    ( +-  0.15% )  (83.62%)
         3,036,671      branch-misses             #    0.18% of all branches          ( +-  0.64% )  (83.51%)

            1.5170 +- 0.0334 seconds time elapsed  ( +-  2.20% )


 Performance counter stats for './mandelbrot_pth -2.5 1.5 -2.0 2.0 8192 1' (10 runs):

         16,349.19 msec task-clock                #    1.000 CPUs utilized            ( +-  0.50% )
                25      context-switches          #    0.002 K/sec                    ( +- 29.28% )
                 1      cpu-migrations            #    0.000 K/sec                    ( +- 50.92% )
           966,969      page-faults               #    0.059 M/sec                    ( +-  1.36% )
    52,253,559,348      cycles                    #    3.196 GHz                      ( +-  0.26% )  (83.33%)
    32,805,720,924      stalled-cycles-frontend   #   62.78% frontend cycles idle     ( +-  0.33% )  (83.33%)
     9,918,976,350      stalled-cycles-backend    #   18.98% backend cycles idle      ( +-  0.86% )  (66.67%)
    66,959,368,210      instructions              #    1.28  insn per cycle         
                                                  #    0.49  stalled cycles per insn  ( +-  0.13% )  (83.34%)
     6,810,784,772      branches                  #  416.583 M/sec                    ( +-  0.23% )  (83.34%)
        11,601,681      branch-misses             #    0.17% of all branches          ( +-  0.97% )  (83.33%)

           16.3517 +- 0.0827 seconds time elapsed  ( +-  0.51% )


 Performance counter stats for './mandelbrot_pth -2.5 1.5 -2.0 2.0 8192 2' (10 runs):

         16,652.01 msec task-clock                #    1.663 CPUs utilized            ( +-  0.79% )
                50      context-switches          #    0.003 K/sec                    ( +- 13.13% )
                 5      cpu-migrations            #    0.000 K/sec                    ( +- 20.83% )
           865,900      page-faults               #    0.052 M/sec                    ( +-  8.04% )
    51,943,201,743      cycles                    #    3.119 GHz                      ( +-  0.67% )  (83.32%)
    32,675,048,025      stalled-cycles-frontend   #   62.91% frontend cycles idle     ( +-  0.81% )  (83.33%)
     9,847,058,527      stalled-cycles-backend    #   18.96% backend cycles idle      ( +-  2.15% )  (66.68%)
    66,576,690,214      instructions              #    1.28  insn per cycle         
                                                  #    0.49  stalled cycles per insn  ( +-  0.22% )  (83.34%)
     6,740,744,715      branches                  #  404.801 M/sec                    ( +-  0.43% )  (83.34%)
        11,331,204      branch-misses             #    0.17% of all branches          ( +-  1.16% )  (83.33%)

           10.0154 +- 0.0962 seconds time elapsed  ( +-  0.96% )


 Performance counter stats for './mandelbrot_pth -2.5 1.5 -2.0 2.0 8192 4' (10 runs):

         16,807.19 msec task-clock                #    1.827 CPUs utilized            ( +-  0.49% )
                34      context-switches          #    0.002 K/sec                    ( +- 13.55% )
                 2      cpu-migrations            #    0.000 K/sec                    ( +- 55.19% )
           630,367      page-faults               #    0.038 M/sec                    ( +-  6.02% )
    50,996,315,956      cycles                    #    3.034 GHz                      ( +-  0.41% )  (83.33%)
    32,029,185,203      stalled-cycles-frontend   #   62.81% frontend cycles idle     ( +-  0.49% )  (83.32%)
     9,336,536,801      stalled-cycles-backend    #   18.31% backend cycles idle      ( +-  1.41% )  (66.66%)
    66,099,330,161      instructions              #    1.30  insn per cycle         
                                                  #    0.48  stalled cycles per insn  ( +-  0.14% )  (83.34%)
     6,643,831,440      branches                  #  395.297 M/sec                    ( +-  0.28% )  (83.35%)
        10,987,855      branch-misses             #    0.17% of all branches          ( +-  1.00% )  (83.33%)

            9.1980 +- 0.0538 seconds time elapsed  ( +-  0.58% )


 Performance counter stats for './mandelbrot_pth -2.5 1.5 -2.0 2.0 8192 8' (10 runs):

         16,898.89 msec task-clock                #    2.127 CPUs utilized            ( +-  0.70% )
                34      context-switches          #    0.002 K/sec                    ( +-  7.07% )
                 1      cpu-migrations            #    0.000 K/sec                    ( +- 34.69% )
           546,756      page-faults               #    0.032 M/sec                    ( +-  0.70% )
    50,663,215,446      cycles                    #    2.998 GHz                      ( +-  0.08% )  (83.34%)
    31,812,441,587      stalled-cycles-frontend   #   62.79% frontend cycles idle     ( +-  0.11% )  (83.34%)
     9,156,816,773      stalled-cycles-backend    #   18.07% backend cycles idle      ( +-  0.37% )  (66.66%)
    65,876,157,334      instructions              #    1.30  insn per cycle         
                                                  #    0.48  stalled cycles per insn  ( +-  0.03% )  (83.32%)
     6,600,968,361      branches                  #  390.616 M/sec                    ( +-  0.06% )  (83.33%)
        10,775,768      branch-misses             #    0.16% of all branches          ( +-  0.50% )  (83.32%)

            7.9467 +- 0.0701 seconds time elapsed  ( +-  0.88% )


 Performance counter stats for './mandelbrot_pth -2.5 1.5 -2.0 2.0 8192 16' (10 runs):

         17,588.25 msec task-clock                #    2.927 CPUs utilized            ( +-  1.07% )
                39      context-switches          #    0.002 K/sec                    ( +-  6.30% )
                 3      cpu-migrations            #    0.000 K/sec                    ( +- 28.63% )
           549,530      page-faults               #    0.031 M/sec                    ( +-  0.92% )
    51,115,235,323      cycles                    #    2.906 GHz                      ( +-  0.12% )  (83.35%)
    32,297,845,059      stalled-cycles-frontend   #   63.19% frontend cycles idle     ( +-  0.17% )  (83.32%)
     9,353,900,985      stalled-cycles-backend    #   18.30% backend cycles idle      ( +-  0.35% )  (66.68%)
    65,926,651,776      instructions              #    1.29  insn per cycle         
                                                  #    0.49  stalled cycles per insn  ( +-  0.03% )  (83.35%)
     6,606,026,520      branches                  #  375.593 M/sec                    ( +-  0.06% )  (83.34%)
        11,015,800      branch-misses             #    0.17% of all branches          ( +-  0.91% )  (83.31%)

            6.0084 +- 0.0435 seconds time elapsed  ( +-  0.72% )


 Performance counter stats for './mandelbrot_pth -2.5 1.5 -2.0 2.0 8192 32' (10 runs):

         19,860.71 msec task-clock                #    4.179 CPUs utilized            ( +-  1.12% )
               315      context-switches          #    0.016 K/sec                    ( +- 32.04% )
                 6      cpu-migrations            #    0.000 K/sec                    ( +- 24.73% )
           556,403      page-faults               #    0.028 M/sec                    ( +-  0.39% )
    54,273,149,099      cycles                    #    2.733 GHz                      ( +-  0.09% )  (83.36%)
    35,630,071,330      stalled-cycles-frontend   #   65.65% frontend cycles idle     ( +-  0.14% )  (83.39%)
    10,747,585,312      stalled-cycles-backend    #   19.80% backend cycles idle      ( +-  0.28% )  (66.64%)
    65,924,785,387      instructions              #    1.21  insn per cycle         
                                                  #    0.54  stalled cycles per insn  ( +-  0.04% )  (83.32%)
     6,601,857,502      branches                  #  332.408 M/sec                    ( +-  0.05% )  (83.30%)
        11,140,229      branch-misses             #    0.17% of all branches          ( +-  0.31% )  (83.31%)

            4.7530 +- 0.0419 seconds time elapsed  ( +-  0.88% )

